INFO - [♥] Lovely 0.8.0
INFO - [♥] Game directory is at "C:\\Program Files (x86)\\Steam\\steamapps\\common\\Balatro"
INFO - [♥] Writing logs to "C:\\Users\\evan\\AppData\\Roaming\\Balatro\\Mods\\lovely\\log"
INFO - [♥] Using mod directory at "C:\\Users\\evan\\AppData\\Roaming\\Balatro\\Mods"
INFO - [♥] Found .lovelyignore in 'Cryptid', skipping it.
INFO - [♥] Found .lovelyignore in 'MoreFluff', skipping it.
INFO - [♥] Found .lovelyignore in 'Rofflatro', skipping it.
INFO - [♥] Found .lovelyignore in 'Saturn', skipping it.
INFO - [♥] Found .lovelyignore in 'Talisman', skipping it.
INFO - [♥] Found .lovelyignore in 'Yorick', skipping it.
WARN - [♥] Unknown key `patches.1.?.match_indent` found in patch file at "C:\\Users\\evan\\AppData\\Roaming\\Balatro\\Mods\\Cartomancer\\lovely\\blinds-info.toml", ignoring it
WARN - [♥] Unknown key `patches.2.?.match_indent` found in patch file at "C:\\Users\\evan\\AppData\\Roaming\\Balatro\\Mods\\Cartomancer\\lovely\\stackable-deck-steamodded.toml", ignoring it
WARN - [♥] Unknown key `patches.4.?.match_indent` found in patch file at "C:\\Users\\evan\\AppData\\Roaming\\Balatro\\Mods\\Cartomancer\\lovely\\stackable-deck-steamodded.toml", ignoring it
WARN - [♥] Unknown key `patches.6.?.match_indent` found in patch file at "C:\\Users\\evan\\AppData\\Roaming\\Balatro\\Mods\\Cartomancer\\lovely\\stackable-deck-steamodded.toml", ignoring it
WARN - [♥] Unknown key `patches.1.?.match_indent` found in patch file at "C:\\Users\\evan\\AppData\\Roaming\\Balatro\\Mods\\HandyBalatro\\lovely\\controls_misc.toml", ignoring it
WARN - [♥] Unknown key `patches.1.?.overwrite` found in patch file at "C:\\Users\\evan\\AppData\\Roaming\\Balatro\\Mods\\HandyBalatro\\lovely\\controls_misc.toml", ignoring it
WARN - [♥] Unknown key `patches.0.?.overwrite` found in patch file at "C:\\Users\\evan\\AppData\\Roaming\\Balatro\\Mods\\HandyBalatro\\lovely\\controls_show_deck_preview.toml", ignoring it
INFO - [♥] Cleaning up dumps directory at "C:\\Users\\evan\\AppData\\Roaming\\Balatro\\Mods\\lovely\\dump"
INFO - [♥] Initialization complete in 833ms
INFO - [♥] Applied 1 patch to 'conf.lua'
WARN - [♥] Pattern 'assert(load(nfs.read(Saturn.PATH .. \"/core/logic/hide_played.lua\")))()' on target 'main.lua' for pattern patch from Cartomancer\lovely\saturn-compat.toml resulted in no matches
WARN - [♥] Pattern 'modded and {' on target 'main.lua' for pattern patch from Cartomancer\lovely\stackable-deck-steamodded-0.9.8.toml resulted in no matches
INFO - [♥] Applied 20 patches to 'main.lua'
INFO - [♥] Applied 19 patches to 'engine/controller.lua'
INFO - [♥] Applied 19 patches to 'back.lua'
INFO - [♥] Applied 7 patches to 'tag.lua'
INFO - [♥] Applied 2 patches to 'engine/event.lua'
INFO - [♥] Applied 3 patches to 'engine/node.lua'
INFO - [♥] Applied 3 patches to 'engine/moveable.lua'
INFO - [♥] Applied 4 patches to 'engine/sprite.lua'
INFO - [♥] Applied 2 patches to 'engine/animatedsprite.lua'
WARN - [♥] Pattern 'assembled_string = assembled_string..(type(subpart) == \'string\' and subpart or args.vars[tonumber(subpart[1])])' on target 'functions/misc_functions.lua' for pattern patch from BetmmaMods\lovely\lovely.toml resulted in no matches
WARN - [♥] Pattern 'local four_fingers = next(find_joker(\'Four Fingers\'))' on target 'functions/misc_functions.lua' for pattern patch from Bakery\lovely.toml resulted in no matches
INFO - [♥] Applied 81 patches to 'functions/misc_functions.lua'
WARN - [♥] Pattern 'for k, v in pairs(self.MOVEABLES) do' on target 'game.lua' for pattern patch from Aikoyori'sShenanigans\lovely\cardarea.toml resulted in 2 matches, wanted 1
WARN - [♥] Ignoring excess matches
WARN - [♥] Pattern 'for k, v in pairs(self.GAME.pseudorandom) do if v == 0 then self.GAME.pseudorandom[k] = pseudohash(k..self.GAME.pseudorandom.seed) end end' on target 'game.lua' for pattern patch from Multiplayer\lovely\TheOrder.toml resulted in no matches
WARN - [♥] Pattern 'if not saveTable then\n    if args.seed then self.GAME.seeded = true end\n    self.GAME.pseudorandom.seed = args.seed or (not (G.SETTINGS.tutorial_complete or G.SETTINGS.tutorial_progress.completed_parts[\'big_blind\']) and \"TUTORIAL\") or generate_starting_seed()\nend\n\nfor k, v in pairs(self.GAME.pseudorandom) do if v == 0 then self.GAME.pseudorandom[k] = pseudohash(k..self.GAME.pseudorandom.seed) end end\nself.GAME.pseudorandom.hashed_seed = pseudohash(self.GAME.pseudorandom.seed)\n' on target 'game.lua' for pattern patch from CardSleeves\lovely\expected_to_match.toml resulted in no matches
WARN - [♥] Pattern '        if to_big(G.GAME.chips) >= to_big(G.GAME.blind.chips) or G.GAME.current_round.hands_left < 1 then\n            G.STATE = G.STATES.NEW_ROUND\n\n        else\n            G.STATE = G.STATES.DRAW_TO_HAND\n        end' on target 'game.lua' for pattern patch from Aikoyori'sShenanigans\lovely\talisman-fixes.toml resulted in no matches
WARN - [♥] Pattern '        if to_big(G.GAME.chips) >= to_big(G.GAME.blind.chips) or G.GAME.current_round.hands_left < 1 then\n            G.STATE = G.STATES.NEW_ROUND\n\n        else\n            G.STATE = G.STATES.DRAW_TO_HAND\n        end' on target 'game.lua' for pattern patch from Aikoyori'sShenanigans\lovely\talisman-fixes.toml resulted in no matches
INFO - [♥] Applied 110 patches to 'game.lua'
INFO - [♥] Applied 3 patches to 'globals.lua'
WARN - [♥] Pattern 'self.config.chosen = true' on target 'engine/ui.lua' for pattern patch from Cartomancer\lovely\vanilla-ui.toml resulted in no matches
INFO - [♥] Applied 6 patches to 'engine/ui.lua'
WARN - [♥] Pattern 'local challenge = G.CHALLENGES[args._id] or Entropy.GetDailyChallenge()' on target 'functions/UI_definitions.lua' for pattern patch from Aikoyori'sShenanigans\lovely\challenges.toml resulted in no matches
WARN - [♥] Pattern '              timer_type = \'TOTAL\',\n              timer = 5,\n              scale = 2.4*(args.backdrop_scale or 1), \n              lifespan = 5,\n              speed = 0,,' on target 'functions/UI_definitions.lua' for pattern patch from Aikoyori'sShenanigans\lovely\ui.toml resulted in no matches
WARN - [♥] Pattern ' _reward and {n=G.UIT.R, config={align = \"cm\"}, nodes={\n    {n=G.UIT.T, config={text = localize(\'ph_blind_reward\'), scale = 0.35, colour = disabled and G.C.UI.TEXT_INACTIVE or G.C.WHITE, shadow = not disabled}},\n    {n=G.UIT.T, config={text = string.rep(localize(\"$\"), blind_choice.config.dollars)..\'+\', scale = 0.35, colour = disabled and G.C.UI.TEXT_INACTIVE or G.C.MONEY, shadow = not disabled}}\n}} or nil,\n' on target 'functions/UI_definitions.lua' for pattern patch from All-In-Jest\lovely\lovely.toml resulted in no matches
INFO - [♥] Applied 199 patches to 'functions/UI_definitions.lua'
WARN - [♥] Pattern 'if effects[ii].card then' on target 'functions/state_events.lua' for pattern patch from HandyBalatro\lovely\controls_animation_skip.toml resulted in no matches
WARN - [♥] Pattern '                        if G.GAME.blind_on_deck == \'Small\' then\n                            G.GAME.round_resets.blind_states.Small = \'Defeated\'' on target 'functions/state_events.lua' for pattern patch from Aikoyori'sShenanigans\lovely\blinds.toml resulted in no matches
WARN - [♥] Pattern 'elseif config.name == \'interest\' then\n    table.insert(left_text, {n=G.UIT.T, config={text = num_dollars, scale = 0.8*scale, colour = G.C.MONEY, shadow = true, juice = true}})\n    table.insert(left_text,{n=G.UIT.O, config={object = DynaText({string = {\" \"..localize{type = \'variable\', key = \'interest\', vars = {G.GAME.interest_amount, 5, G.GAME.interest_amount*G.GAME.interest_cap/5}}}, colours = {G.C.UI.TEXT_LIGHT}, shadow = true, pop_in = 0, scale = 0.4*scale, silent = true})}})\nend\n' on target 'functions/state_events.lua' for pattern patch from Kino\lovely\current.toml resulted in no matches
WARN - [♥] Regex '([^)p])/(5)' on target 'functions/state_events.lua' for regex patch from Bakery\lovely.toml resulted in 3 matches, wanted 7
WARN - [♥] Regex '>= (to_big)?\\(5\\)' on target 'functions/state_events.lua' for regex patch from Bakery\lovely.toml resulted in no matches
WARN - [♥] Pattern 'dollars = dollars + G.GAME.interest_amount*math.min(math.floor(G.GAME.dollars/5), G.GAME.interest_cap/5)' on target 'functions/state_events.lua' for pattern patch from All-In-Jest\lovely\lovely.toml resulted in no matches
WARN - [♥] Pattern 'dollars = dollars + G.GAME.interest_amount*math.min(math.floor(G.GAME.dollars/5), G.GAME.interest_cap/5)\n    end' on target 'functions/state_events.lua' for pattern patch from Multiplayer\lovely\game.toml resulted in no matches
INFO - [♥] Applied 95 patches to 'functions/state_events.lua'
WARN - [♥] Pattern 'func = (function() if eval_func(card) then if not first or first then card:juice_up(0.1, 0.1) end;juice_card_until(card, eval_func, nil, 0.8) end return true end)' on target 'functions/common_events.lua' for pattern patch from HandyBalatro\lovely\controls_animation_skip.toml resulted in no matches
WARN - [♥] Pattern 'func = (function() if eval_func(card) then if not first or first then card:juice_up(0.1, 0.1) end;juice_card_until(card, eval_func, nil, 0.8) end return true end)' on target 'functions/common_events.lua' for pattern patch from HandyBalatro\lovely\controls_animation_skip.toml resulted in no matches
WARN - [♥] Pattern '            G.E_MANAGER:add_event(Event({ --Add bonus chips from this card\n                    trigger = \'before\',\n                    delay = delay,\n                    func = function()\n                    if extrafunc then extrafunc() end\n                    attention_text({\n                        text = text,\n                        scale = config.scale or 1, \n                        hold = delay - 0.2,\n                        backdrop_colour = colour,\n                        align = card_aligned,\n                        major = card,\n                        offset = {x = 0, y = y_off}\n                    })\n                    play_sound(sound, 0.8+percent*0.2, volume)\n                    if not extra or not extra.no_juice then\n                        card:juice_up(0.6, 0.1)\n                        G.ROOM.jiggle = G.ROOM.jiggle + 0.7\n                    end\n                    return true\n                    end\n            }))' on target 'functions/common_events.lua' for pattern patch from Aikoyori'sShenanigans\lovely\cardalignment.toml resulted in no matches
WARN - [♥] Pattern 'if not v.config.softlock then\n    softlocked = softlocked' on target 'functions/common_events.lua' for pattern patch from Aikoyori'sShenanigans\lovely\planets.toml resulted in no matches
WARN - [♥] Pattern 'if chip > 0 then' on target 'functions/common_events.lua' for pattern patch from BetmmaMods\lovely\lovely.toml resulted in no matches
WARN - [♥] Pattern 'if mult > 0 then' on target 'functions/common_events.lua' for pattern patch from BetmmaMods\lovely\lovely.toml resulted in no matches
WARN - [♥] Pattern 'if p_dollars > 0 then' on target 'functions/common_events.lua' for pattern patch from BetmmaMods\lovely\lovely.toml resulted in no matches
WARN - [♥] Pattern 'elseif _c.effect == \'Lucky Card\' then loc_vars = {G.GAME.probabilities.normal, cfg.mult, 5, cfg.p_dollars, 15}' on target 'functions/common_events.lua' for pattern patch from Kino\lovely\current.toml resulted in no matches
WARN - [♥] Pattern '    if amt > 0 or amt < 0 then' on target 'functions/common_events.lua' for pattern patch from Aikoyori'sShenanigans\lovely\talisman-fixes.toml resulted in no matches
WARN - [♥] Pattern '''
WARN - [♥]         attention_text({
WARN - [♥]           text = text..tostring(math.abs(mod)),''' on target 'functions/common_events.lua' for pattern patch from Multiplayer\lovely\decks.toml resulted in 3 matches, wanted 1
WARN - [♥] Ignoring excess matches
INFO - [♥] Applied 203 patches to 'functions/common_events.lua'
WARN - [♥] Pattern '    if #G.hand.highlighted <= 0 or G.GAME.blind.block_play or #G.hand.highlighted > 5 then ' on target 'functions/button_callbacks.lua' for pattern patch from Aikoyori'sShenanigans\lovely\selectionlimit.toml resulted in no matches
WARN - [♥] Pattern 'if #G.hand.highlighted <= 0 or G.GAME.blind.block_play or #G.hand.highlighted > 5 then' on target 'functions/button_callbacks.lua' for pattern patch from CardSleeves\lovely\expected_to_fail.toml resulted in no matches
INFO - [♥] Applied 83 patches to 'functions/button_callbacks.lua'
WARN - [♥] Pattern 'if self.ability.x_mult <= 1 then return 0 end' on target 'card.lua' for pattern patch from BetmmaMods\lovely\lovely.toml resulted in no matches
WARN - [♥] Pattern 'if pseudorandom(\'lucky_money\') < G.GAME.probabilities.normal/15 then' on target 'card.lua' for pattern patch from Kino\lovely\current.toml resulted in no matches
WARN - [♥] Pattern 'if pseudorandom(\'lucky_mult\') < G.GAME.probabilities.normal/5 then' on target 'card.lua' for pattern patch from Kino\lovely\current.toml resulted in no matches
WARN - [♥] Regex 'self.params.viewed_back and G.GAME.viewed_back or G.GAME.selected_back' on target 'card.lua' for regex patch from CardSleeves\lovely\expected_to_fail.toml resulted in no matches
WARN - [♥] Pattern 'if self.ability.effect == \"Lucky Card\" then\n        if SMODS.pseudorandom_probability(self, \'lucky_mult\', 1, 5) then\n            self.lucky_trigger = true\n            ret = ret + self.ability.mult\n        end\n    else\n' on target 'card.lua' for pattern patch from All-In-Jest\lovely\lovely.toml resulted in no matches
INFO - [♥] Applied 264 patches to 'card.lua'
WARN - [♥] Pattern 'local card_count = self ~= G.shop_vouchers and {n=G.UIT.R, config={align = self == G.jokers and \'cl\' or self == G.hand and \'cm\' or \'cr\', padding = 0.03, no_fill = true}, nodes={\n    {n=G.UIT.B, config={w = 0.1,h=0.1}},\n    {n=G.UIT.T, config={ref_table = self.config, ref_value = \'card_count\', scale = 0.3, colour = G.C.WHITE}},\n    {n=G.UIT.T, config={text = \'/\', scale = 0.3, colour = G.C.WHITE}},\n    {n=G.UIT.T, config={ref_table = self.config, ref_value = \'card_limit\', scale = 0.3, colour = G.C.WHITE}},\n    {n=G.UIT.B, config={w = 0.1,h=0.1}}\n}} or nil\n' on target 'cardarea.lua' for pattern patch from Kino\lovely\current.toml resulted in no matches
WARN - [♥] Regex 'ref_value = \'card_limit\',' on target 'cardarea.lua' for regex patch from Bakery\lovely.toml resulted in no matches
INFO - [♥] Applied 29 patches to 'cardarea.lua'
INFO - [♥] Applied 42 patches to 'blind.lua'
INFO - [♥] Applied 1 patch to 'engine/particles.lua'
INFO - [♥] Applied 4 patches to 'engine/text.lua'
WARN - [♥] Pattern '    if specific_vars and specific_vars.bonus_h_dollars then\n        localize{type = \'other\', key = \'card_extra_h_dollars\', nodes = desc_nodes, vars = {SMODS.signed_dollars(specific_vars.bonus_h_dollars)}}\n    end' on target '=[SMODS _ "src/utils.lua"]' for pattern patch from Aikoyori'sShenanigans\lovely\scoring.toml resulted in no matches
INFO - [♥] Applied 11 patches to '=[SMODS _ "src/utils.lua"]'
WARN - [♥] Pattern 'card_limit = #SUITS[suit_map[j]],' on target '=[SMODS _ "src/overrides.lua"]' for pattern patch from Cartomancer\lovely\stackable-deck-steamodded.toml resulted in no matches
WARN - [♥] Pattern 'card_limit = #SUITS[visible_suit[j]],' on target '=[SMODS _ "src/overrides.lua"]' for pattern patch from Cartomancer\lovely\stackable-deck-steamodded.toml resulted in no matches
WARN - [♥] Regex '\t\t\tfor i = 1\\, \\#SUITS\\[suit_map\\[j\\]\\] do\n\t\t\t\tif SUITS\\[suit_map\\[j\\]\\]\\[i\\] then\n\t\t\t\t\tlocal greyed\\, _scale = nil\\, 0\\.7\n\t\t\t\t\tif unplayed_only and not \\(\\(SUITS\\[suit_map\\[j\\]\\]\\[i\\]\\.area and SUITS\\[suit_map\\[j\\]\\]\\[i\\]\\.area == G\\.deck\\) or SUITS\\[suit_map\\[j\\]\\]\\[i\\]\\.ability\\.wheel_flipped\\) then\n\t\t\t\t\t\tgreyed = true\n\t\t\t\t\tend\n\t\t\t\t\tlocal copy = copy_card\\(SUITS\\[suit_map\\[j\\]\\]\\[i\\]\\, nil\\, _scale[^\\)\\n]*\\)\n\t\t\t\t\tcopy\\.greyed = greyed\n\t\t\t\t\tcopy\\.T\\.x = view_deck\\.T\\.x \\+ view_deck\\.T\\.w \\/ 2\n\t\t\t\t\tcopy\\.T\\.y = view_deck\\.T\\.y\n\n\t\t\t\t\tcopy:hard_set_T\\(\\)\n\t\t\t\t\tview_deck:emplace\\(copy\\)\n\t\t\t\tend\n\t\t\tend' on target '=[SMODS _ "src/overrides.lua"]' for regex patch from Cartomancer\lovely\stackable-deck-steamodded.toml resulted in no matches
INFO - [♥] Applied 11 patches to '=[SMODS _ "src/overrides.lua"]'
INFO - [♥] Applied 8 patches to '=[SMODS _ "src/game_object.lua"]'
INFO - [G] Failed to connect to the debug server 
INFO - [G] 2025-09-14 19:30:41 :: DEBUG :: DebugConsole :: Steamodded Debug Socket started ! 
INFO - [G] 2025-09-14 19:30:41 :: INFO  :: SMODS :: Steamodded v1.0.0~BETA-0711a 
INFO - [G] Order not set for config dictionary: speed_multiplier_default_value 
INFO - [G] Order not set for config dictionary: animation_skip_default_value 
INFO - [♥] Applied 9 patches to 'engine/sound_manager.lua'
INFO - [♥] Applied 1 patch to 'engine/save_manager.lua'
INFO - [G] line not found
INFO - [G] file not found: main.lua: No such file or directory
INFO - [G] file not found: main.lua: No such file or directory
INFO - [G] file not found: main.lua: No such file or directory
INFO - [G] 2025-09-14 19:30:42 :: ERROR :: StackTrace :: Oops! The game crashed
main.lua:1536: bad argument #1 to 'load' (function expected, got nil)
Stack Traceback
===============
(1) Lua local 'handler' at file 'main.lua:612'
	Local variables:
	 msg = string: "main.lua:1536: bad argument #1 to 'load' (function expected, got nil)"
	 (*temporary) = Lua function '?' (defined at line 31 of chunk [SMODS _ "src/logging.lua"])
	 (*temporary) = string: "Oops! The game crashed\
"
(2) LÖVE function at file 'boot.lua:352' (best guess)
	Local variables:
	 errhand = Lua function '?' (defined at line 598 of chunk main.lua)
	 handler = Lua function '?' (defined at line 598 of chunk main.lua)
(3) global C function 'load'
(4) Lua global 'initSpeedrunTimer' at file 'main.lua:1536'
	Local variables:
	 lovely = table: 0x117c7dd8  {repo:https://github.com/ethangreen-dev/lovely-injector, version:0.8.0, mod_dir:C:/Users/evan/AppData/Roaming/Balatro/Mods}
	 nativefs = table: 0x11cb08a8  {unmount:function: 0x11cb0990, newFile:function: 0x11cb0950, write:function: 0x11cb0e18, mount:function: 0x11cb0db8, getWorkingDirectory:function: 0x11cb0e80 (more...)}
	 (*temporary) = C function: assert
(5) Lua field '_start_up' at file 'game.lua:229'
	Local variables:
	 self = table: 0x119d0848  {F_GUIDE:false, F_CRASH_REPORTS:false, F_QUIT_BUTTON:true, F_ENGLISH_ONLY:false, F_DISCORD:true, STAGE:1, F_MOBILE_UI:false, F_NO_SAVING:false (more...)}
	 settings = string: "return {[\"version\"]=\"1.0.1o-FULL\",[\"reduced_motion\"]=false,[\"paused\"]=false,[\"QUEUED_CHANGE\"]={},[\"COMP\"]={[\"prev_name\"]=\"\",[\"name\"]=\"\",[\"score\"]=1.390497724764e+35,},[\"colourblind_option\"]=true,[\"play_button_pos\"]=2,[\"CUSTOM_DECK\"]={[\"Collabs\"]={[\"Spades\"]=\"default_Spades\",[\"bunc_Halberds\"]=\"default_bunc_Halberds\",[\"Clubs\"]=\"default_Clubs\",[\"Hearts\"]=\"default_Hearts\",[\"Diamonds\"]=\"default_Diamonds\",[\"bunc_Fleurons\"]=\"default_bunc_Fleurons\",},},[\"colour_palettes\"]={[\"Spades\"]=\"lc\",[\"bunc_Halberds\"]=\"lc\",[\"Clubs\"]=\"lc\",[\"Hearts\"]=\"lc\",[\"Diamonds\"]=\"lc\",[\"bunc_Fleurons\"]=\"lc\",},[\"language\"]=\"en-us\",[\"crashreports\"]=false,[\"run_stake_stickers\"]=false,[\"DV\"]={[\"PRE\"]=true,[\"show_min_max\"]=false,[\"preview_dollars\"]=true,[\"hide_face_down\"]=true,[\"preview_score\"]=true,},[\"profile\"]=2,[\"screenshake\"]=50.427204265985,[\"WINDOW\"]={[\"vsync\"]=1,[\"display_names\"]={[1]=\"1\",[2]=\"2\",[3]=\"3\",},[\"screenmode\"]=\"Windowed\",[\"DISPLAYS\"]={[1]={[\"screen_resolutions\"]={[\"strings\"]={[1]=\"-\",},[\"values\"]={[1]={[\"w\"]=1280,[\"h\"]=720,},},},[\"screen_res\"]={[\"w\"]=2560,[\"h\"]=1440,},[\"DPI_scale\"]=1,[\"MONITOR_DIMS\"]={[\"height\"]=1440,[\"width\"]=2560,},},[2]={[\"screen_resolutions\"]={[\"strings\"]={[1]=\"-\",},[\"values\"]={[1]={[\"w\"]=1280,[\"h\"]=720,},},},[\"DPI_scale\"]=1,[\"MONITOR_DIMS\"]={[\"height\"]=1080,[\"width\"]=1920,},},[3]={[\"screen_resolutions\"]={[\"strings\"]={[1]=\"-\",},[\"values\"]={[1]={[\"w\"]=1280,[\"h\"]=720,},},},[\"DPI_scale\"]=1,[\"MONITOR_DIMS\"]={[\"height\"]=1600,[\"width\"]=1200,},},},[\"selected_display\"]=1,},[\"GAMESPEED\"]=16,[\"cryptid_notifs\"]={[\"jimball\"]=true,},[\"SOUND\"]={[\"bunc_stylophone_volume\"]=100,[\"game_sounds_volume\"]=100,[\"volume\"]=100,[\"bunc_trigger_finger_volume\"]=100,[\"music_volume\"]=0,[\"bunc_mousetrap_volume\"]=100,},[\"music_control\"]={[\"current_track\"]=\"\",[\"desired_track\"]=\"\",[\"lerp\"]=1,},[\"ACHIEVEMENTS_EARNED\"]={[\"card_discarder\"]=true,[\"ach_cry_technically_positive\"]=true,[\"heads_up\"]=true,[\"retrograde\"]=true,[\"_10k\"]=true,[\"royale\"]=true,[\"tiny_hands\"]=true,[\"_100000k\"]=true,[\"cartomancy\"]=true,[\"ach_cry_now_the_fun_begins\"]=true,[\"ach_cry_what_have_you_done\"]=true,[\"mid_stakes\"]=true,[\"ach_cry_break_infinity\"]=true,[\"low_stakes\"]=true,[\"astronomy\"]=true,[\"ante_upper\"]=true,[\"_1000k\"]=true,[\"shattered\"]=true,[\"ach_cry_exodia\"]=true,[\"ach_cry_jokes_on_you\"]=true,[\"legendary\"]=true,[\"speedrunner\"]=true,[\"ach_mf_negative_philosophical\"]=true,[\"ach_mf_ten_colour_rounds\"]=true,[\"clairvoyance\"]=true,[\"ante_up\"]=true,[\"card_player\"]=true,},[\"tutorial_complete\"]=true,[\"current_setup\"]=\"Continue\",[\"ambient_control\"]={[\"ambientFire1\"]={[\"per\"]=1.1,[\"vol\"]=3.1941175785316e-05,},[\"ambientOrgan1\"]={[\"per\"]=0.7,[\"vol\"]=1.0913582298125e-06,},[\"ambientFire2\"]={[\"per\"]=1.05,[\"vol\"]=0.00013504863164921,},[\"ambientFire3\"]={[\"per\"]=1,[\"vol\"]=2.0762986794735e-05,},},[\"FASTFORWARD\"]=0,[\"DEMO\"]={[\"win_CTA_shown\"]=true,[\"quit_CTA_shown\"]=true,[\"timed_CTA_shown\"]=true,[\"total_uptime\"]=1897.5704889223,},[\"GRAPHICS\"]={[\"texture_scaling\"]=1,[\"crt\"]=70,[\"shadows\"]=\"Off\",[\"bloom\"]=1,},}"
	 settings_ver = nil
	 new_colour_proto = table: 0x119f5e80  {Spades:table: 0x119f2d10, Hearts:table: 0x119f2bc0, Diamonds:table: 0x119f2c78, Clubs:table: 0x119f2da8}
	 sound_files = table: 0x11da8210  {1:ambientFire1.ogg, 2:ambientFire2.ogg, 3:ambientFire3.ogg, 4:ambientOrgan1.ogg, 5:button.ogg, 6:cancel.ogg, 7:card1.ogg, 8:card3.ogg, 9:cardFan2.ogg (more...)}
	 shader_files = table: 0x11c8da38  {1:CRT.fs, 2:background.fs, 3:booster.fs, 4:debuff.fs, 5:dissolve.fs, 6:flame.fs, 7:flash.fs, 8:foil.fs, 9:gold_seal.fs, 10:holo.fs, 11:hologram.fs (more...)}
(6) Lua upvalue 'game_start_up_ref' at file 'globals.lua:632'
	Local variables:
	 self = table: 0x119d0848  {F_GUIDE:false, F_CRASH_REPORTS:false, F_QUIT_BUTTON:true, F_ENGLISH_ONLY:false, F_DISCORD:true, STAGE:1, F_MOBILE_UI:false, F_NO_SAVING:false (more...)}
(7) Lua method 'start_up' at file 'main.lua:1455'
	Local variables:
	 self = table: 0x119d0848  {F_GUIDE:false, F_CRASH_REPORTS:false, F_QUIT_BUTTON:true, F_ENGLISH_ONLY:false, F_DISCORD:true, STAGE:1, F_MOBILE_UI:false, F_NO_SAVING:false (more...)}
(8) Lua field 'load' at file 'main.lua:954'
(9) Lua function '?' at file 'main.lua:899' (best guess)
(10) global C function 'xpcall'
(11) LÖVE function at file 'boot.lua:368' (best guess)
	Local variables:
	 result = boolean: true
	 main = nil
(12) global C function 'xpcall'
(13) LÖVE function at file 'boot.lua:377' (best guess)
	Local variables:
	 func = Lua function '(LÖVE Function)' (defined at line 355 of chunk [love "boot.lua"])
	 inerror = boolean: true
	 deferErrhand = Lua function '(LÖVE Function)' (defined at line 348 of chunk [love "boot.lua"])
	 earlyinit = Lua function '(LÖVE Function)' (defined at line 355 of chunk [love "boot.lua"])
 
INFO - [G] file not found: main.lua: No such file or directory
INFO - [G] 2025-09-14 19:30:42 :: INFO  :: StackTrace :: Additional Context:
Balatro Version: 1.0.1o-FULL
Modded Version: 1.0.0~BETA-0711a-STEAMODDED
LÖVE Version: 11.5.0
Lovely Version: 0.8.0
Platform: Windows 
