INFO - [♥] Lovely 0.8.0
INFO - [♥] Game directory is at "C:\\Program Files (x86)\\Steam\\steamapps\\common\\Balatro"
INFO - [♥] Writing logs to "C:\\Users\\evan\\AppData\\Roaming\\Balatro\\Mods\\lovely\\log"
INFO - [♥] Using mod directory at "C:\\Users\\evan\\AppData\\Roaming\\Balatro\\Mods"
WARN - [♥] Unknown key `patches.1.?.match_indent` found in patch file at "C:\\Users\\evan\\AppData\\Roaming\\Balatro\\Mods\\Cartomancer\\lovely\\blinds-info.toml", ignoring it
WARN - [♥] Unknown key `patches.2.?.match_indent` found in patch file at "C:\\Users\\evan\\AppData\\Roaming\\Balatro\\Mods\\Cartomancer\\lovely\\stackable-deck-steamodded.toml", ignoring it
WARN - [♥] Unknown key `patches.4.?.match_indent` found in patch file at "C:\\Users\\evan\\AppData\\Roaming\\Balatro\\Mods\\Cartomancer\\lovely\\stackable-deck-steamodded.toml", ignoring it
WARN - [♥] Unknown key `patches.6.?.match_indent` found in patch file at "C:\\Users\\evan\\AppData\\Roaming\\Balatro\\Mods\\Cartomancer\\lovely\\stackable-deck-steamodded.toml", ignoring it
WARN - [♥] Unknown key `patches.20.?.match_indent` found in patch file at "C:\\Users\\evan\\AppData\\Roaming\\Balatro\\Mods\\Cryptid\\lovely\\code.toml", ignoring it
WARN - [♥] Unknown key `patches.1.?.match_indent` found in patch file at "C:\\Users\\evan\\AppData\\Roaming\\Balatro\\Mods\\HandyBalatro\\lovely\\controls_misc.toml", ignoring it
WARN - [♥] Unknown key `patches.1.?.overwrite` found in patch file at "C:\\Users\\evan\\AppData\\Roaming\\Balatro\\Mods\\HandyBalatro\\lovely\\controls_misc.toml", ignoring it
WARN - [♥] Unknown key `patches.0.?.overwrite` found in patch file at "C:\\Users\\evan\\AppData\\Roaming\\Balatro\\Mods\\HandyBalatro\\lovely\\controls_show_deck_preview.toml", ignoring it
WARN - [♥] Unknown key `patches.10.?.match_indent` found in patch file at "C:\\Users\\evan\\AppData\\Roaming\\Balatro\\Mods\\Saturn\\lovely\\rem_anim.toml", ignoring it
WARN - [♥] Unknown key `patches.10.?.overwrite` found in patch file at "C:\\Users\\evan\\AppData\\Roaming\\Balatro\\Mods\\Saturn\\lovely\\rem_anim.toml", ignoring it
WARN - [♥] Unknown key `patches.35.?.match_indent` found in patch file at "C:\\Users\\evan\\AppData\\Roaming\\Balatro\\Mods\\Talisman\\lovely.toml", ignoring it
WARN - [♥] Unknown key `patches.35.?.overwrite` found in patch file at "C:\\Users\\evan\\AppData\\Roaming\\Balatro\\Mods\\Talisman\\lovely.toml", ignoring it
WARN - [♥] Unknown key `patches.52.?.match_indent` found in patch file at "C:\\Users\\evan\\AppData\\Roaming\\Balatro\\Mods\\Talisman\\lovely.toml", ignoring it
WARN - [♥] Unknown key `patches.55.?.match_indent` found in patch file at "C:\\Users\\evan\\AppData\\Roaming\\Balatro\\Mods\\Talisman\\lovely.toml", ignoring it
INFO - [♥] Cleaning up dumps directory at "C:\\Users\\evan\\AppData\\Roaming\\Balatro\\Mods\\lovely\\dump"
INFO - [♥] Initialization complete in 93ms
WARN - [♥] Pattern 'G.ARGS.score_intensity.organ = G.video_organ or G.ARGS.score_intensity.required_score > 0 and math.max(math.min(0.4, 0.1*math.log(G.ARGS.score_intensity.earned_score/(G.ARGS.score_intensity.required_score+1), 5)),0.) or 0' on target 'main.lua' for pattern patch from Talisman\lovely.toml resulted in no matches
WARN - [♥] Pattern 'if type(G.GAME.current_round.current_hand.chips) ~= \'number\' or type(G.GAME.current_round.current_hand.mult) ~= \'number\' then' on target 'main.lua' for pattern patch from Talisman\lovely.toml resulted in no matches
WARN - [♥] Pattern 'modded and {' on target 'main.lua' for pattern patch from Cartomancer\lovely\stackable-deck-steamodded-0.9.8.toml resulted in no matches
INFO - [♥] Applied 20 patches to 'main.lua'
INFO - [♥] Applied 2 patches to 'engine/string_packer.lua'
WARN - [♥] Pattern 'local debugplus = require(\"debugplus.core\")\ndebugplus.handleKeys(self, key, dt)\n' on target 'engine/controller.lua' for pattern patch from Yorick\lovely\fixes.toml resulted in no matches
INFO - [♥] Applied 12 patches to 'engine/controller.lua'
INFO - [♥] Applied 15 patches to 'back.lua'
INFO - [♥] Applied 18 patches to 'tag.lua'
INFO - [♥] Applied 1 patch to 'engine/event.lua'
INFO - [♥] Applied 1 patch to 'engine/node.lua'
INFO - [♥] Applied 3 patches to 'engine/moveable.lua'
INFO - [♥] Applied 3 patches to 'engine/sprite.lua'
INFO - [♥] Applied 2 patches to 'engine/animatedsprite.lua'
WARN - [♥] Pattern 'assembled_string = assembled_string..(type(subpart) == \'string\' and subpart or args.vars[tonumber(subpart[1])] or \'ERROR\')' on target 'functions/misc_functions.lua' for pattern patch from Talisman\lovely.toml resulted in no matches
INFO - [♥] Applied 86 patches to 'functions/misc_functions.lua'
WARN - [♥] Regex 'card\\:start_materialize\\(\\)\\n\\s+G\\.shop_vouchers\\:emplace\\(card\\)\\n\\s+end' on target 'game.lua' for regex patch from Cryptid\lovely\Voucher.toml resulted in no matches
INFO - [♥] Applied 101 patches to 'game.lua'
INFO - [♥] Applied 1 patch to 'globals.lua'
WARN - [♥] Pattern 'self.config.chosen = true' on target 'engine/ui.lua' for pattern patch from Cartomancer\lovely\vanilla-ui.toml resulted in no matches
INFO - [♥] Applied 9 patches to 'engine/ui.lua'
WARN - [♥] Pattern '{n=G.UIT.T, config={text = G.GAME.hands[handname].chips, scale = 0.45, colour = G.C.UI.TEXT_LIGHT}},' on target 'functions/UI_definitions.lua' for pattern patch from Talisman\lovely.toml resulted in no matches
WARN - [♥] Pattern '{n=G.UIT.T, config={text = G.GAME.hands[handname].mult, scale = 0.45, colour = G.C.UI.TEXT_LIGHT}}' on target 'functions/UI_definitions.lua' for pattern patch from Talisman\lovely.toml resulted in no matches
INFO - [♥] Applied 154 patches to 'functions/UI_definitions.lua'
WARN - [♥] Pattern 'ease_to = G.GAME.chips + math.floor(hand_chips * mult) * (e and e.antiscore and -1 or 1),' on target 'functions/state_events.lua' for pattern patch from Cryptid\lovely\blind.toml resulted in no matches
WARN - [♥] Pattern 'if reps[j] ~= 1 then' on target 'functions/state_events.lua' for pattern patch from Cryptid\lovely\misc.toml resulted in no matches
WARN - [♥] Pattern 'if effects[ii].card then' on target 'functions/state_events.lua' for pattern patch from HandyBalatro\lovely\controls_animation_skip.toml resulted in no matches
WARN - [♥] Pattern 'if effects[ii].card then' on target 'functions/state_events.lua' for pattern patch from Saturn\lovely\rem_anim.toml resulted in no matches
WARN - [♥] Pattern 'if effects[ii].card then' on target 'functions/state_events.lua' for pattern patch from Talisman\lovely.toml resulted in no matches
WARN - [♥] Pattern 'if effects.jokers.Xmult_mod then mult = mod_mult(mult*effects.jokers.Xmult_mod);extras.mult = true  end' on target 'functions/state_events.lua' for pattern patch from Talisman\lovely.toml resulted in no matches
WARN - [♥] Pattern 'if effect.Xmult_mod then mult = mod_mult(mult*effect.Xmult_mod);extras.mult = true  end' on target 'functions/state_events.lua' for pattern patch from Talisman\lovely.toml resulted in no matches
WARN - [♥] Pattern 'if effects[ii].message then' on target 'functions/state_events.lua' for pattern patch from Talisman\lovely.toml resulted in no matches
WARN - [♥] Pattern '--calculate the card edition effects' on target 'functions/state_events.lua' for pattern patch from Talisman\lovely.toml resulted in no matches
WARN - [♥] Pattern 'if effects[ii].edition.p_dollars_mod then' on target 'functions/state_events.lua' for pattern patch from Talisman\lovely.toml resulted in no matches
WARN - [♥] Pattern 'if edition_effects.jokers.x_mult_mod then' on target 'functions/state_events.lua' for pattern patch from Talisman\lovely.toml resulted in no matches
WARN - [♥] Pattern '\tfunc = (function() G.GAME.current_round.current_hand.handname = \'\';return true end)\n}))\ndelay(0.3)\n' on target 'functions/state_events.lua' for pattern patch from Talisman\lovely.toml resulted in no matches
WARN - [♥] Pattern 'if SMODS.has_enhancement(scoring_hand[i], \'m_glass\') and scoring_hand[i]:can_calculate() and pseudorandom(\'glass\') < G.GAME.probabilities.normal/(scoring_hand[i].ability.name == \'Glass Card\' and scoring_hand[i].ability.extra or G.P_CENTERS.m_glass.config.extra) then' on target 'functions/state_events.lua' for pattern patch from Cryptid\lovely\Probability.toml resulted in no matches
WARN - [♥] Regex '(?<indent>[\\t ]*)if destroyed then \\n' on target 'functions/state_events.lua' for regex patch from Cryptid\lovely\seal.toml resulted in no matches
INFO - [♥] Applied 103 patches to 'functions/state_events.lua'
WARN - [♥] Pattern 'func = (function() if eval_func(card) then if not first or first then card:juice_up(0.1, 0.1) end;juice_card_until(card, eval_func, nil, 0.8) end return true end)' on target 'functions/common_events.lua' for pattern patch from HandyBalatro\lovely\controls_animation_skip.toml resulted in no matches
WARN - [♥] Pattern 'func = (function() if eval_func(card) then if not first or first then card:juice_up(0.1, 0.1) end;juice_card_until(card, eval_func, nil, 0.8) end return true end)' on target 'functions/common_events.lua' for pattern patch from HandyBalatro\lovely\controls_animation_skip.toml resulted in no matches
WARN - [♥] Pattern 'func = (function() if eval_func(card) then if not first or first then card:juice_up(0.1, 0.1) end;juice_card_until(card, eval_func, nil, 0.8) end return true end)' on target 'functions/common_events.lua' for pattern patch from Saturn\lovely\rem_anim.toml resulted in no matches
WARN - [♥] Pattern 'func = (function() card:juice_up(0.7);return true end)' on target 'functions/common_events.lua' for pattern patch from Saturn\lovely\rem_anim.toml resulted in no matches
WARN - [♥] Pattern 'if card then card:juice_up(0.8, 0.5) end' on target 'functions/common_events.lua' for pattern patch from Saturn\lovely\rem_anim.toml resulted in no matches
WARN - [♥] Pattern 'card:juice_up(0.6, 0.1)' on target 'functions/common_events.lua' for pattern patch from Saturn\lovely\rem_anim.toml resulted in no matches
WARN - [♥] Pattern 'func = (function() if eval_func(card) then if not first or first then card:juice_up(0.1, 0.1) end;juice_card_until(card, eval_func, nil, 0.8) end return true end)' on target 'functions/common_events.lua' for pattern patch from Saturn\lovely\rem_anim.toml resulted in no matches
WARN - [♥] Pattern 'func = (function() if eval_func(card) then if not first or first then card:juice_up(0.1, 0.1) end;juice_card_until(card, eval_func, nil, 0.8) end return true end)' on target 'functions/common_events.lua' for pattern patch from Saturn\lovely\rem_anim.toml resulted in no matches
WARN - [♥] Pattern 'if num_dollars > 60 then' on target 'functions/common_events.lua' for pattern patch from Talisman\lovely.toml resulted in no matches
WARN - [♥] Pattern 'func = (function() card:juice_up(0.7);return true end)' on target 'functions/common_events.lua' for pattern patch from Talisman\lovely.toml resulted in no matches
WARN - [♥] Pattern 'if card then card:juice_up(0.8, 0.5) end' on target 'functions/common_events.lua' for pattern patch from Talisman\lovely.toml resulted in no matches
WARN - [♥] Pattern 'card:juice_up(0.6, 0.1)' on target 'functions/common_events.lua' for pattern patch from Talisman\lovely.toml resulted in no matches
WARN - [♥] Pattern 'func = (function() if eval_func(card) then if not first or first then card:juice_up(0.1, 0.1) end;juice_card_until(card, eval_func, nil, 0.8) end return true end)' on target 'functions/common_events.lua' for pattern patch from Talisman\lovely.toml resulted in no matches
WARN - [♥] Pattern 'func = (function() if eval_func(card) then if not first or first then card:juice_up(0.1, 0.1) end;juice_card_until(card, eval_func, nil, 0.8) end return true end)' on target 'functions/common_events.lua' for pattern patch from Talisman\lovely.toml resulted in no matches
WARN - [♥] Pattern 'if amt > 0 or amt < 0 then' on target 'functions/common_events.lua' for pattern patch from Talisman\lovely.toml resulted in no matches
WARN - [♥] Pattern 'if amt > 0 or amt < 0 then' on target 'functions/common_events.lua' for pattern patch from Talisman\lovely.toml resulted in no matches
INFO - [♥] Applied 203 patches to 'functions/common_events.lua'
WARN - [♥] Pattern 'if ((G.GAME.dollars-G.GAME.bankrupt_at) - 10 >= 0) and' on target 'functions/button_callbacks.lua' for pattern patch from Talisman\lovely.toml resulted in no matches
WARN - [♥] Pattern 'if #G.hand.highlighted <= 0 or G.GAME.blind.block_play or #G.hand.highlighted > 5 then' on target 'functions/button_callbacks.lua' for pattern patch from CardSleeves\lovely\expected_to_fail.toml resulted in no matches
INFO - [♥] Applied 88 patches to 'functions/button_callbacks.lua'
WARN - [♥] Pattern 'if G.GAME.blind then G.E_MANAGER:add_event(Event({ func = function() G.GAME.blind:set_blind(nil, true, nil); return true end })) end' on target 'card.lua' for pattern patch from Saturn\lovely\rem_anim.toml resulted in no matches
WARN - [♥] Pattern 'G.E_MANAGER:add_event(Event({func = (function() G.GAME.dollar_buffer = 0; return true end)}))' on target 'card.lua' for pattern patch from Saturn\lovely\rem_anim.toml resulted in no matches
WARN - [♥] Pattern 'Xmult_mod = G.P_CENTERS.v_observatory.config.extra' on target 'card.lua' for pattern patch from Saturn\lovely\stack.toml resulted in no matches
WARN - [♥] Pattern 'message = localize{type = \'variable\', key = \'a_xmult\', vars = {G.P_CENTERS.v_observatory.config.extra}},' on target 'card.lua' for pattern patch from Saturn\lovely\stack.toml resulted in no matches
WARN - [♥] Pattern 'local card = copy_card(pseudorandom_element(G.consumeables.cards, pseudoseed(\'perkeo\')), nil)' on target 'card.lua' for pattern patch from Saturn\lovely\stack.toml resulted in no matches
WARN - [♥] Pattern 'if self.edition and not silent then' on target 'card.lua' for pattern patch from Talisman\lovely.toml resulted in no matches
WARN - [♥] Pattern 'G.E_MANAGER:add_event(Event({func = (function() G.GAME.dollar_buffer = 0; return true end)}))' on target 'card.lua' for pattern patch from Talisman\lovely.toml resulted in no matches
WARN - [♥] Pattern 'if G.GAME.blind then G.E_MANAGER:add_event(Event({ func = function() G.GAME.blind:set_blind(nil, true, nil); return true end })) end' on target 'card.lua' for pattern patch from Talisman\lovely.toml resulted in no matches
WARN - [♥] Pattern 'x_mult = center.config.Xmult or 1,' on target 'card.lua' for pattern patch from Talisman\lovely.toml resulted in no matches
WARN - [♥] Regex 'self.params.viewed_back and G.GAME.viewed_back or G.GAME.selected_back' on target 'card.lua' for regex patch from CardSleeves\lovely\expected_to_fail.toml resulted in no matches
INFO - [♥] Applied 287 patches to 'card.lua'
INFO - [♥] Applied 31 patches to 'cardarea.lua'
INFO - [♥] Applied 45 patches to 'blind.lua'
INFO - [♥] Applied 2 patches to 'card_character.lua'
WARN - [♥] Pattern 'if self.strings[k].W > self.config.W then' on target 'engine/text.lua' for pattern patch from Talisman\lovely.toml resulted in no matches
WARN - [♥] Pattern 'local letter = self.strings[self.focused_string].letters[k]' on target 'engine/text.lua' for pattern patch from Talisman\lovely.toml resulted in no matches
INFO - [♥] Applied 6 patches to 'engine/text.lua'
WARN - [♥] Pattern 'if eff.retrigger_flag then SMODS.calculate_effect(eff, eff.card); j = j+1; _, eff = next(reps[j]) end' on target '=[SMODS _ "src/utils.lua"]' for pattern patch from Cryptid\lovely\misc.toml resulted in no matches
INFO - [♥] Applied 14 patches to '=[SMODS _ "src/utils.lua"]'
WARN - [♥] Pattern 'card_limit = #SUITS[suit_map[j]],' on target '=[SMODS _ "src/overrides.lua"]' for pattern patch from Cartomancer\lovely\stackable-deck-steamodded.toml resulted in no matches
WARN - [♥] Pattern 'card_limit = #SUITS[visible_suit[j]],' on target '=[SMODS _ "src/overrides.lua"]' for pattern patch from Cartomancer\lovely\stackable-deck-steamodded.toml resulted in no matches
WARN - [♥] Regex '\t\t\tfor i = 1\\, \\#SUITS\\[suit_map\\[j\\]\\] do\n\t\t\t\tif SUITS\\[suit_map\\[j\\]\\]\\[i\\] then\n\t\t\t\t\tlocal greyed\\, _scale = nil\\, 0\\.7\n\t\t\t\t\tif unplayed_only and not \\(\\(SUITS\\[suit_map\\[j\\]\\]\\[i\\]\\.area and SUITS\\[suit_map\\[j\\]\\]\\[i\\]\\.area == G\\.deck\\) or SUITS\\[suit_map\\[j\\]\\]\\[i\\]\\.ability\\.wheel_flipped\\) then\n\t\t\t\t\t\tgreyed = true\n\t\t\t\t\tend\n\t\t\t\t\tlocal copy = copy_card\\(SUITS\\[suit_map\\[j\\]\\]\\[i\\]\\, nil\\, _scale[^\\)\\n]*\\)\n\t\t\t\t\tcopy\\.greyed = greyed\n\t\t\t\t\tcopy\\.T\\.x = view_deck\\.T\\.x \\+ view_deck\\.T\\.w \\/ 2\n\t\t\t\t\tcopy\\.T\\.y = view_deck\\.T\\.y\n\n\t\t\t\t\tcopy:hard_set_T\\(\\)\n\t\t\t\t\tview_deck:emplace\\(copy\\)\n\t\t\t\tend\n\t\t\tend' on target '=[SMODS _ "src/overrides.lua"]' for regex patch from Cartomancer\lovely\stackable-deck-steamodded.toml resulted in no matches
INFO - [♥] Applied 14 patches to '=[SMODS _ "src/overrides.lua"]'
WARN - [♥] Pattern 'x_mult = card.ability.extra' on target '=[SMODS _ "src/game_object.lua"]' for pattern patch from Saturn\lovely\stack.toml resulted in no matches
INFO - [♥] Applied 2 patches to '=[SMODS _ "src/game_object.lua"]'
INFO - [G] Failed to connect to the debug server
INFO - [G] 2025-08-22 07:20:58 :: DEBUG :: DebugConsole :: Steamodded Debug Socket started !
INFO - [G] 2025-08-22 07:20:58 :: INFO  :: SMODS :: Steamodded v1.0.0~BETA-0711a
INFO - [G] Order not set for config dictionary: misc_quick_restart
INFO - [G] Order not set for config dictionary: speed_multiplier_default_value
INFO - [G] Order not set for config dictionary: misc_save_run
INFO - [G] Order not set for config dictionary: animation_skip_default_value
INFO - [♥] Applied 9 patches to 'engine/sound_manager.lua'
INFO - [♥] Applied 3 patches to 'engine/save_manager.lua'
INFO - [♥] Applied 2 patches to 'engine/string_packer.lua'
INFO - [♥] Applied 4 patches to '=[SMODS _ "src/card_draw.lua"]'
INFO - [G] 2025-08-22 07:20:59 :: INFO  :: Loader :: Valid JSON file found
INFO - [G] 2025-08-22 07:20:59 :: TRACE :: Loader :: Processing Mod file (Legacy header): mod.lua
INFO - [G] 2025-08-22 07:20:59 :: TRACE :: Loader :: Saving Mod Info: cartomancer
INFO - [G] 2025-08-22 07:20:59 :: INFO  :: Loader :: Valid JSON file found
INFO - [G] 2025-08-22 07:20:59 :: INFO  :: Loader :: Valid JSON file found
INFO - [G] 2025-08-22 07:20:59 :: TRACE :: Loader :: Processing Mod file (Legacy header): steamodded.lua
INFO - [G] 2025-08-22 07:20:59 :: WARN  :: Loader :: Duplicate Mod ID: Handy
INFO - [G] 2025-08-22 07:20:59 :: INFO  :: Loader :: Valid JSON file found
INFO - [G] 2025-08-22 07:20:59 :: TRACE :: Loader :: Processing Mod file (Legacy header): MoreSpeeds.lua
INFO - [G] 2025-08-22 07:20:59 :: TRACE :: Loader :: Saving Mod Info: MoreSpeed
INFO - [G] 2025-08-22 07:20:59 :: ERROR :: Loader :: Found invalid metadata JSON file at C:\Users\evan\AppData\Roaming\Balatro\Mods/Steamopollys-MoreSpeed-0.8.2/manifest.json, ignoring: [SMODS _ "src/loader.lua"]:226: id
INFO - [G] 2025-08-22 07:20:59 :: TRACE :: Loader :: Processing Mod file (Legacy header): steamodded_metadata.lua
INFO - [G] 2025-08-22 07:20:59 :: TRACE :: Loader :: Saving Mod Info: Talisman
INFO - [G] 2025-08-22 07:20:59 :: INFO  :: Loader :: Valid JSON file found
INFO - [G] 2025-08-22 07:20:59 :: INFO  :: CardSleeves :: CardSleeves v1.8.0 loaded~!
INFO - [G] 2025-08-22 07:20:59 :: WARN  :: Atlas :: Detected duplicate register call on object yorick_modicon
INFO - [G] [CRYPTID] Loading library file ascended.lua
INFO - [G] [CRYPTID] Loading library file calculate.lua
INFO - [G] [CRYPTID] Loading library file content.lua
INFO - [G] [CRYPTID] Loading library file cross-mod.lua
INFO - [G] table: 0x3d3b2fc0
INFO - [G] table: 0x3d3b30a0
INFO - [G] [CRYPTID] Loading library file d20.lua
INFO - [G] [CRYPTID] Loading library file event.lua
INFO - [G] [CRYPTID] Loading library file forcetrigger.lua
INFO - [G] [CRYPTID] Loading library file gameset.lua
INFO - [G] [CRYPTID] Loading library file https.lua
INFO - [G] 2025-08-22 07:20:59 :: DEBUG :: SMODS.https :: Using https module backend
INFO - [G] [CRYPTID] Loading library file misc.lua
INFO - [G] [CRYPTID] Loading library file misprintize.lua
INFO - [G] [CRYPTID] Loading library file modifiers.lua
INFO - [G] 2025-08-22 07:20:59 :: WARN  :: Sticker :: Detected duplicate register call on object perishable
INFO - [G] 2025-08-22 07:20:59 :: WARN  :: Sticker :: Detected duplicate register call on object pinned
INFO - [G] 2025-08-22 07:20:59 :: WARN  :: Sticker :: Detected duplicate register call on object eternal
INFO - [G] 2025-08-22 07:20:59 :: WARN  :: Sticker :: Detected duplicate register call on object rental
INFO - [G] [CRYPTID] Loading library file notifications.lua
INFO - [G] [CRYPTID] Loading library file overrides.lua
INFO - [G] [CRYPTID] Loading library file pointerlib.lua
INFO - [G] [CRYPTID] Loading library file ui.lua
INFO - [G] [CRYPTID] Loading file achievement.lua
INFO - [G] [CRYPTID] Loading file blind.lua
INFO - [G] [CRYPTID] Loading file challenge.lua
INFO - [G] [CRYPTID] Loading file code.lua
INFO - [G] [CRYPTID] Loading file deck.lua
INFO - [G] [CRYPTID] Loading file enhanced.lua
INFO - [G] [CRYPTID] Loading file epic.lua
INFO - [G] [CRYPTID] Loading file exotic.lua
INFO - [G] [CRYPTID] Loading file joker_display.lua
INFO - [G] [CRYPTID] Loading file m.lua
INFO - [G] [CRYPTID] Loading file misc.lua
INFO - [G] [CRYPTID] Loading file misc_joker.lua
INFO - [G] [CRYPTID] Loading file planet.lua
INFO - [G] [CRYPTID] Loading file pointer.lua
INFO - [G] [CRYPTID] Loading file sleeve.lua
INFO - [G] [CRYPTID] Loading file spectral.lua
INFO - [G] [CRYPTID] Loading file spooky.lua
INFO - [G] [CRYPTID] Loading file stake.lua
INFO - [G] [CRYPTID] Loading file tag.lua
INFO - [G] [CRYPTID] Loading file test.lua
INFO - [G] [CRYPTID] Loading file voucher.lua
INFO - [G] 2025-08-22 07:20:59 :: WARN  :: Atlas :: Object cry_effarcire has the same key as an existing object, not registering.
INFO - [G] 2025-08-22 07:20:59 :: WARN  :: Atlas :: If you want to modify an existing object, use take_ownership()
INFO - [G] 2025-08-22 07:20:59 :: INFO  :: TIMER :: [0000] Injected Fonts in 0.001 ms
INFO - [G] 2025-08-22 07:20:59 :: INFO  :: TIMER :: [0000] Injected Language in 0.001 ms
INFO - [G] 2025-08-22 07:20:59 :: INFO  :: TIMER :: [0000] Injected [INTERNAL] in 4.256 ms
INFO - [G] 2025-08-22 07:20:59 :: INFO  :: TIMER :: [0037] Injected Atlas in 318.736 ms
INFO - [G] 2025-08-22 07:20:59 :: INFO  :: TIMER :: [0032] Injected Sound in 15.831 ms
INFO - [G] 2025-08-22 07:20:59 :: INFO  :: TIMER :: [0032] Injected Stake in 0.667 ms
INFO - [G] 2025-08-22 07:20:59 :: INFO  :: TIMER :: [0008] Injected Rarity in 0.029 ms
INFO - [G] 2025-08-22 07:20:59 :: INFO  :: TIMER :: [0010] Injected ObjectType in 0.133 ms
INFO - [G] 2025-08-22 07:20:59 :: INFO  :: TIMER :: [0459] Injected Center in 2.252 ms
INFO - [G] 2025-08-22 07:20:59 :: INFO  :: TIMER :: [0009] Injected Undiscovered Sprite in 0.017 ms
INFO - [G] 2025-08-22 07:20:59 :: INFO  :: TIMER :: [0034] Injected Blind in 0.253 ms
INFO - [G] 2025-08-22 07:20:59 :: INFO  :: TIMER :: [0006] Injected Seal in 0.740 ms
INFO - [G] 2025-08-22 07:20:59 :: INFO  :: TIMER :: [0004] Injected Suit in 0.065 ms
INFO - [G] 2025-08-22 07:20:59 :: INFO  :: TIMER :: [0013] Injected Rank in 0.085 ms
INFO - [G] 2025-08-22 07:20:59 :: INFO  :: TIMER :: [0028] Injected DeckSkin in 0.181 ms
INFO - [G] 2025-08-22 07:20:59 :: INFO  :: TIMER :: [0020] Injected PokerHand in 0.188 ms
INFO - [G] 2025-08-22 07:20:59 :: INFO  :: TIMER :: [0031] Injected Challenge in 0.059 ms
INFO - [G] 2025-08-22 07:20:59 :: INFO  :: TIMER :: [0031] Injected Tag in 0.260 ms
INFO - [G] 2025-08-22 07:20:59 :: INFO  :: TIMER :: [0011] Injected Sticker in 0.857 ms
INFO - [G] 2025-08-22 07:21:00 :: INFO  :: TIMER :: [0011] Injected Shader in 114.573 ms
INFO - [G] 2025-08-22 07:21:00 :: INFO  :: TIMER :: [0002] Injected Keybind in 0.011 ms
INFO - [G] 2025-08-22 07:21:00 :: INFO  :: TIMER :: [0022] Injected Achievement in 0.070 ms
INFO - [G] 2025-08-22 07:21:00 :: INFO  :: TIMER :: [0002] Injected nil in 0.017 ms
INFO - [G] 2025-08-22 07:21:00 :: INFO  :: TIMER :: [0024] Injected Draw Step in 0.079 ms
INFO - [G] 2025-08-22 07:21:00 :: INFO  :: TIMER :: [0000] Injected [INTERNAL] in 8.823 ms
INFO - [G] 2025-08-22 07:21:00 :: INFO  :: TIMER :: [0010] Injected Other in 0.026 ms
INFO - [♥] Applied 0 patches to '=[SMODS _ "smods-https-thread.lua"]'
INFO - [G] 2025-08-22 07:21:05 :: DEBUG :: SMODS.https(1) :: Using https module backend
INFO - [G] ERROR LOADING GAME: Card area 'shop_vouchers' not instantiated before load
INFO - [G] ERROR LOADING GAME: Card area 'shop_jokers' not instantiated before load
INFO - [G] ERROR LOADING GAME: Card area 'shop_booster' not instantiated before load
INFO - [♥] Applied 0 patches to '=[SMODS _ "smods-https-thread.lua"]'
INFO - [G] 2025-08-22 07:22:05 :: DEBUG :: SMODS.https(2) :: Using https module backend
INFO - [♥] Applied 0 patches to '=[SMODS _ "smods-https-thread.lua"]'
INFO - [G] 2025-08-22 07:23:05 :: DEBUG :: SMODS.https(3) :: Using https module backend
INFO - [♥] Applied 0 patches to '=[SMODS _ "smods-https-thread.lua"]'
INFO - [G] 2025-08-22 07:24:06 :: DEBUG :: SMODS.https(4) :: Using https module backend
INFO - [♥] Applied 0 patches to '=[SMODS _ "smods-https-thread.lua"]'
INFO - [G] 2025-08-22 07:25:06 :: DEBUG :: SMODS.https(5) :: Using https module backend
INFO - [♥] Applied 0 patches to '=[SMODS _ "smods-https-thread.lua"]'
INFO - [G] 2025-08-22 07:26:06 :: DEBUG :: SMODS.https(6) :: Using https module backend
INFO - [♥] Applied 0 patches to '=[SMODS _ "smods-https-thread.lua"]'
INFO - [G] 2025-08-22 07:27:07 :: DEBUG :: SMODS.https(7) :: Using https module backend
INFO - [♥] Applied 0 patches to '=[SMODS _ "smods-https-thread.lua"]'
INFO - [G] 2025-08-22 07:28:07 :: DEBUG :: SMODS.https(8) :: Using https module backend
INFO - [♥] Applied 0 patches to '=[SMODS _ "smods-https-thread.lua"]'
INFO - [G] 2025-08-22 07:29:07 :: DEBUG :: SMODS.https(9) :: Using https module backend
INFO - [♥] Applied 0 patches to '=[SMODS _ "smods-https-thread.lua"]'
INFO - [G] 2025-08-22 07:30:07 :: DEBUG :: SMODS.https(10) :: Using https module backend
INFO - [G] LONG DT @ 596: 0.053216162139245
INFO - [G] LONG DT @ 596: 0.054771969711392
INFO - [G] LONG DT @ 596: 0.052060095769113
INFO - [G] LONG DT @ 596: 0.050142116615295
INFO - [G] LONG DT @ 618: 0.051521331449256
INFO - [G] LONG DT @ 618: 0.051291925159414
INFO - [G] LONG DT @ 618: 0.050433413852984
INFO - [G] LONG DT @ 618: 0.050668291082398
INFO - [♥] Applied 0 patches to '=[SMODS _ "smods-https-thread.lua"]'
INFO - [G] 2025-08-22 07:31:08 :: DEBUG :: SMODS.https(11) :: Using https module backend
INFO - [G] LONG DT @ 618: 0.051774808619109
INFO - [G] LONG DT @ 619: 0.052486006895283
INFO - [G] LONG DT @ 619: 0.051503345516213
INFO - [G] LONG DT @ 619: 0.051169096412971
INFO - [G] LONG DT @ 619: 0.050195737130395
INFO - [G] LONG DT @ 619: 0.051773175010751
INFO - [G] LONG DT @ 619: 0.051983540008598
INFO - [G] LONG DT @ 619: 0.050051772006877
INFO - [G] LONG DT @ 619: 0.051060277640964
INFO - [G] LONG DT @ 661: 0.050729318758009
INFO - [G] LONG DT @ 661: 0.050503797788224
INFO - [♥] Applied 0 patches to '=[SMODS _ "smods-https-thread.lua"]'
INFO - [G] 2025-08-22 07:32:08 :: DEBUG :: SMODS.https(12) :: Using https module backend
INFO - [G] LONG DT @ 692: 0.050692088274171
INFO - [G] LONG DT @ 724: 0.050850142526898
INFO - [G] LONG DT @ 724: 0.050742482066702
INFO - [♥] Applied 0 patches to '=[SMODS _ "smods-https-thread.lua"]'
INFO - [G] 2025-08-22 07:33:08 :: DEBUG :: SMODS.https(13) :: Using https module backend
INFO - [G] LONG DT @ 760: 0.051039429739035
INFO - [♥] Applied 0 patches to '=[SMODS _ "smods-https-thread.lua"]'
INFO - [G] 2025-08-22 07:34:09 :: DEBUG :: SMODS.https(14) :: Using https module backend
INFO - [♥] Applied 0 patches to '=[SMODS _ "smods-https-thread.lua"]'
INFO - [G] 2025-08-22 07:35:09 :: DEBUG :: SMODS.https(15) :: Using https module backend
INFO - [G] LONG DT @ 882: 0.050036360178099
INFO - [♥] Applied 0 patches to '=[SMODS _ "smods-https-thread.lua"]'
INFO - [G] 2025-08-22 07:36:09 :: DEBUG :: SMODS.https(16) :: Using https module backend
INFO - [♥] Applied 0 patches to '=[SMODS _ "smods-https-thread.lua"]'
INFO - [G] 2025-08-22 07:37:09 :: DEBUG :: SMODS.https(17) :: Using https module backend
INFO - [G] LONG DT @ 1030: 0.050500361581424
INFO - [G] LONG DT @ 1030: 0.05006812551487
INFO - [G] LONG DT @ 1030: 0.051245900411903
INFO - [G] LONG DT @ 1030: 0.050079228891902
INFO - [G] LONG DT @ 1031: 0.051313358650443
INFO - [♥] Applied 0 patches to '=[SMODS _ "smods-https-thread.lua"]'
INFO - [G] 2025-08-22 07:38:10 :: DEBUG :: SMODS.https(18) :: Using https module backend
INFO - [G] LONG DT @ 1054: 0.050205306710435
INFO - [G] LONG DT @ 1054: 0.050541085368375
INFO - [G] LONG DT @ 1054: 0.050205206264002
INFO - [G] LONG DT @ 1054: 0.050129985011181
INFO - [G] LONG DT @ 1054: 0.051280907544598
INFO - [G] LONG DT @ 1079: 0.050327527965201
INFO - [G] LONG DT @ 1079: 0.050757289096003
INFO - [♥] Applied 0 patches to '=[SMODS _ "smods-https-thread.lua"]'
INFO - [G] 2025-08-22 07:39:10 :: DEBUG :: SMODS.https(19) :: Using https module backend
INFO - [G] LONG DT @ 1108: 0.050046189298375
INFO - [G] LONG DT @ 1109: 0.050933341941317
INFO - [G] LONG DT @ 1109: 0.050610633553038
INFO - [G] LONG DT @ 1121: 0.05065265123571
INFO - [G] LONG DT @ 1121: 0.05060643576595
INFO - [G] LONG DT @ 1145: 0.051256818846414
INFO - [G] LONG DT @ 1146: 0.050655443851233
INFO - [G] LONG DT @ 1146: 0.051220295080992
INFO - [♥] Applied 0 patches to '=[SMODS _ "smods-https-thread.lua"]'
INFO - [G] 2025-08-22 07:40:10 :: DEBUG :: SMODS.https(20) :: Using https module backend
INFO - [G] LONG DT @ 1166: 0.050123956352153
INFO - [G] LONG DT @ 1167: 0.052773770683647
INFO - [G] LONG DT @ 1167: 0.053017896546911
INFO - [G] LONG DT @ 1167: 0.051330877237517
INFO - [G] LONG DT @ 1167: 0.05266848685217
INFO - [G] LONG DT @ 1167: 0.05084734948174
INFO - [G] LONG DT @ 1167: 0.051994784302175
INFO - [G] LONG DT @ 1167: 0.050104627441767
INFO - [G] LONG DT @ 1179: 0.050737827811544
INFO - [G] LONG DT @ 1179: 0.051308236646823
INFO - [G] LONG DT @ 1180: 0.051281967548908
INFO - [G] LONG DT @ 1180: 0.051568616270797
INFO - [G] LONG DT @ 1192: 0.054579518328723
INFO - [G] LONG DT @ 1192: 0.060920974662964
INFO - [G] LONG DT @ 1192: 0.064857599730386
INFO - [G] LONG DT @ 1192: 0.063183379784287
INFO - [G] LONG DT @ 1192: 0.061041303827422
INFO - [G] LONG DT @ 1192: 0.059342883061969
INFO - [G] LONG DT @ 1192: 0.057471426449555
INFO - [G] LONG DT @ 1192: 0.055771761159647
INFO - [G] LONG DT @ 1192: 0.057585368927732
INFO - [G] LONG DT @ 1192: 0.061854735142151
INFO - [G] LONG DT @ 1192: 0.059768528113718
INFO - [G] LONG DT @ 1192: 0.057933042490978
INFO - [G] LONG DT @ 1192: 0.056965473992811
INFO - [G] LONG DT @ 1192: 0.05545781919422
INFO - [G] LONG DT @ 1192: 0.05463447535541
INFO - [G] LONG DT @ 1193: 0.054948840284325
INFO - [G] LONG DT @ 1193: 0.059003912227434
INFO - [G] LONG DT @ 1193: 0.060547249781958
INFO - [G] LONG DT @ 1193: 0.058628459825555
INFO - [G] LONG DT @ 1193: 0.055470847860476
INFO - [♥] Applied 0 patches to '=[SMODS _ "smods-https-thread.lua"]'
INFO - [G] 2025-08-22 07:41:11 :: DEBUG :: SMODS.https(21) :: Using https module backend
INFO - [G] LONG DT @ 1229: 0.050448902122436
INFO - [G] LONG DT @ 1229: 0.050732858948337
INFO - [G] LONG DT @ 1241: 0.050936102381688
INFO - [G] LONG DT @ 1241: 0.050504898286343
INFO - [G] LONG DT @ 1241: 0.051253198629077
INFO - [G] LONG DT @ 1257: 0.050478374020112
INFO - [G] LONG DT @ 1257: 0.050456211199285
INFO - [G] LONG DT @ 1257: 0.051036068959464
INFO - [G] LONG DT @ 1276: 0.052606678151323
INFO - [G] LONG DT @ 1276: 0.050883802521084
INFO - [G] LONG DT @ 1276: 0.050036323380907
INFO - [G] LONG DT @ 1276: 0.051872858704722
INFO - [G] LONG DT @ 1276: 0.050028946963775
INFO - [♥] Applied 0 patches to '=[SMODS _ "smods-https-thread.lua"]'
INFO - [G] 2025-08-22 07:42:11 :: DEBUG :: SMODS.https(22) :: Using https module backend
INFO - [G] LONG DT @ 1290: 0.051023694656209
INFO - [G] LONG DT @ 1290: 0.051713335725003
INFO - [G] LONG DT @ 1290: 0.050114568579993
INFO - [G] LONG DT @ 1290: 0.051201040179444
INFO - [G] LONG DT @ 1290: 0.051928252143553
INFO - [G] LONG DT @ 1313: 0.050092804028562
INFO - [G] LONG DT @ 1313: 0.051219883222845
INFO - [G] LONG DT @ 1313: 0.050844653010204
INFO - [G] LONG DT @ 1313: 0.051569502408178
INFO - [G] LONG DT @ 1313: 0.050065781926543
INFO - [♥] Applied 0 patches to '=[SMODS _ "smods-https-thread.lua"]'
INFO - [G] 2025-08-22 07:43:11 :: DEBUG :: SMODS.https(23) :: Using https module backend
INFO - [G] LONG DT @ 1383: 0.051591917558714
INFO - [G] LONG DT @ 1383: 0.052044854046975
INFO - [G] LONG DT @ 1383: 0.050335323237544
INFO - [G] LONG DT @ 1384: 0.051805387096388
INFO - [G] LONG DT @ 1384: 0.052032329677088
INFO - [G] LONG DT @ 1384: 0.050608763741671
INFO - [G] LONG DT @ 1384: 0.052682085157502
INFO - [G] LONG DT @ 1398: 0.050785740481245
INFO - [G] LONG DT @ 1398: 0.050596141239624
INFO - [G] LONG DT @ 1398: 0.051652352991687
INFO - [G] LONG DT @ 1399: 0.05056880834455
INFO - [G] LONG DT @ 1399: 0.052279066675634
INFO - [G] LONG DT @ 1399: 0.050801433340493
INFO - [G] LONG DT @ 1399: 0.050166388061618
INFO - [G] LONG DT @ 1399: 0.0528599504493
INFO - [G] LONG DT @ 1399: 0.050910060359442
INFO - [♥] Applied 0 patches to '=[SMODS _ "smods-https-thread.lua"]'
INFO - [G] 2025-08-22 07:44:12 :: DEBUG :: SMODS.https(24) :: Using https module backend
INFO - [G] LONG DT @ 1413: 0.051538252642319
INFO - [G] LONG DT @ 1413: 0.050082402113857
INFO - [G] LONG DT @ 1413: 0.05301711741098
INFO - [G] LONG DT @ 1413: 0.051182573928809
INFO - [G] LONG DT @ 1414: 0.05222759724862
INFO - [G] LONG DT @ 1414: 0.052338777798902
INFO - [G] LONG DT @ 1414: 0.050965382239139
INFO - [G] LONG DT @ 1414: 0.051621453852866
INFO - [G] LONG DT @ 1414: 0.052905623082318
INFO - [G] LONG DT @ 1414: 0.05118669846583
INFO - [G] LONG DT @ 1434: 0.050261088327737
INFO - [G] LONG DT @ 1434: 0.050894010662176
INFO - [G] LONG DT @ 1435: 0.051771941337449
INFO - [G] LONG DT @ 1435: 0.052903953069972
INFO - [G] LONG DT @ 1435: 0.051067782455993
INFO - [G] LONG DT @ 1435: 0.051506247804132
INFO - [G] LONG DT @ 1435: 0.053408798243303
INFO - [G] LONG DT @ 1435: 0.051430818594639
INFO - [G] LONG DT @ 1435: 0.05093712288406
INFO - [G] LONG DT @ 1436: 0.052708298307274
INFO - [G] LONG DT @ 1436: 0.050984178645792
INFO - [G] LONG DT @ 1436: 0.050440520424509
INFO - [G] LONG DT @ 1436: 0.052268636339619
INFO - [G] LONG DT @ 1436: 0.050584389071696
INFO - [G] LONG DT @ 1456: 0.050889614142812
INFO - [G] LONG DT @ 1458: 0.051040484733903
INFO - [G] LONG DT @ 1459: 0.060591952723209
INFO - [G] LONG DT @ 1459: 0.052062422178604
INFO - [♥] Applied 0 patches to '=[SMODS _ "smods-https-thread.lua"]'
INFO - [G] 2025-08-22 07:45:12 :: DEBUG :: SMODS.https(25) :: Using https module backend
INFO - [G] LONG DT @ 1478: 0.061539495388976
INFO - [G] LONG DT @ 1478: 0.052470216311182
INFO - [G] LONG DT @ 1481: 0.085614843136241
INFO - [G] LONG DT @ 1481: 0.085936174509027
INFO - [G] LONG DT @ 1481: 0.1
INFO - [G] LONG DT @ 1481: 0.096154019999522
INFO - [G] LONG DT @ 1481: 0.1
INFO - [G] LONG DT @ 1482: 0.1
INFO - [G] LONG DT @ 1482: 0.1
INFO - [G] LONG DT @ 1482: 0.08583684000012
INFO - [G] LONG DT @ 1482: 0.074807332000404
INFO - [G] LONG DT @ 1482: 0.066337265599828
INFO - [G] LONG DT @ 1482: 0.059225952480392
INFO - [G] LONG DT @ 1482: 0.053464701983685
INFO - [G] LONG DT @ 1482: 0.053985961587489
INFO - [♥] Applied 0 patches to '=[SMODS _ "smods-https-thread.lua"]'
INFO - [G] 2025-08-22 12:55:27 :: DEBUG :: SMODS.https(26) :: Using https module backend
INFO - [G] LONG DT @ 1483: 0.1
INFO - [G] LONG DT @ 1483: 0.088032300000195
INFO - [G] LONG DT @ 1483: 0.1
INFO - [G] LONG DT @ 1483: 0.1
INFO - [G] LONG DT @ 1483: 0.087597499999974
INFO - [G] LONG DT @ 1483: 0.076754440000572
INFO - [G] LONG DT @ 1483: 0.06621837200005
INFO - [G] LONG DT @ 1483: 0.058338237600002
INFO - [G] LONG DT @ 1484: 0.053034430080269
INFO - [G] LONG DT @ 1484: 0.080536176320606
INFO - [G] LONG DT @ 1484: 0.073046781056564
INFO - [G] LONG DT @ 1484: 0.065769844845126
INFO - [G] LONG DT @ 1484: 0.060831335876166
INFO - [G] LONG DT @ 1484: 0.0555702487014
INFO - [G] LONG DT @ 1484: 0.050922218960909
INFO - [♥] Applied 0 patches to '=[SMODS _ "smods-https-thread.lua"]'
INFO - [G] 2025-08-22 12:56:27 :: DEBUG :: SMODS.https(27) :: Using https module backend
INFO - [♥] Applied 0 patches to '=[SMODS _ "smods-https-thread.lua"]'
INFO - [G] 2025-08-22 12:57:27 :: DEBUG :: SMODS.https(28) :: Using https module backend
INFO - [G] LONG DT @ 1603: 0.1
INFO - [G] LONG DT @ 1603: 0.096899120000016
INFO - [G] LONG DT @ 1603: 0.094788596000057
INFO - [G] LONG DT @ 1603: 0.083304056800716
INFO - [G] LONG DT @ 1603: 0.074921325439427
INFO - [G] LONG DT @ 1603: 0.067748800351575
INFO - [G] LONG DT @ 1603: 0.072241680282191
INFO - [G] LONG DT @ 1603: 0.082577724225372
INFO - [G] LONG DT @ 1603: 0.079280819380857
INFO - [♥] Applied 0 patches to '=[SMODS _ "smods-https-thread.lua"]'
INFO - [G] 2025-08-22 18:58:39 :: DEBUG :: SMODS.https(29) :: Using https module backend
INFO - [G] LONG DT @ 1604: 0.074793095504618
INFO - [G] LONG DT @ 1604: 0.066967996403901
INFO - [G] LONG DT @ 1604: 0.06101839712279
INFO - [G] LONG DT @ 1604: 0.057334457697842
INFO - [G] LONG DT @ 1604: 0.054101226157952
INFO - [G] LONG DT @ 1604: 0.054112560927465
INFO - [G] LONG DT @ 1604: 0.052978828741824
INFO - [G] LONG DT @ 1604: 0.052501102993547
INFO - [G] LONG DT @ 1604: 0.050387322393705
INFO - [G] LONG DT @ 1604: 0.054962117914967
INFO - [G] LONG DT @ 1604: 0.061904934332925
INFO - [G] LONG DT @ 1604: 0.066910387466313
INFO - [G] LONG DT @ 1604: 0.064310189972609
INFO - [G] LONG DT @ 1604: 0.058328731977502
INFO - [G] LONG DT @ 1604: 0.054175545582761
INFO - [G] LONG DT @ 1604: 0.061918456466341
INFO - [G] LONG DT @ 1604: 0.06447052517228
INFO - [G] LONG DT @ 1605: 0.082303620138371
INFO - [G] LONG DT @ 1605: 0.073010496111381
INFO - [G] LONG DT @ 1605: 0.065934016888902
INFO - [G] LONG DT @ 1605: 0.066540273511292
INFO - [G] LONG DT @ 1605: 0.070139158808933
INFO - [G] LONG DT @ 1605: 0.067382767046255
INFO - [G] LONG DT @ 1605: 0.063278113636682
INFO - [G] LONG DT @ 1605: 0.1
INFO - [G] LONG DT @ 1605: 0.0977062200004
INFO - [G] LONG DT @ 1605: 0.085236976000655
INFO - [G] LONG DT @ 1605: 0.077010920800373
INFO - [G] LONG DT @ 1605: 0.073017496640203
INFO - [G] LONG DT @ 1605: 0.069487737312009
INFO - [G] LONG DT @ 1606: 0.06432850985031
INFO - [G] LONG DT @ 1606: 0.060819487880449
INFO - [G] LONG DT @ 1606: 0.061063070304179
INFO - [G] LONG DT @ 1606: 0.057320676242778
INFO - [G] LONG DT @ 1606: 0.056676380994699
INFO - [G] LONG DT @ 1606: 0.051564684795401
INFO - [G] LONG DT @ 1610: 0.052518851884436
INFO - [G] LONG DT @ 1610: 0.052020521507353
INFO - [G] LONG DT @ 1610: 0.050562897205459
INFO - [G] LONG DT @ 1610: 0.051138917763779
INFO - [G] LONG DT @ 1611: 0.065606939344417
INFO - [G] LONG DT @ 1611: 0.095947231476007
INFO - [G] LONG DT @ 1611: 0.1
INFO - [G] LONG DT @ 1611: 0.09064272000076
INFO - [G] LONG DT @ 1611: 0.085712975999981
INFO - [G] LONG DT @ 1611: 0.075912060800521
INFO - [G] LONG DT @ 1611: 0.069114768639419
INFO - [G] LONG DT @ 1611: 0.069901154912142
INFO - [G] LONG DT @ 1611: 0.063992163929558
INFO - [G] LONG DT @ 1611: 0.064047691143858
INFO - [G] LONG DT @ 1611: 0.065285652914374
INFO - [G] LONG DT @ 1611: 0.069331142332741
INFO - [G] LONG DT @ 1611: 0.066903313866236
INFO - [G] LONG DT @ 1612: 0.062551791091881
INFO - [G] LONG DT @ 1612: 0.060623352874055
INFO - [G] LONG DT @ 1612: 0.058216322299116
INFO - [G] LONG DT @ 1612: 0.053990297838924
INFO - [G] LONG DT @ 1614: 0.099579402967157
INFO - [G] LONG DT @ 1615: 0.088247522373699
INFO - [G] LONG DT @ 1615: 0.1
INFO - [G] LONG DT @ 1615: 0.089653859998798
INFO - [G] LONG DT @ 1615: 0.080490287999914
INFO - [G] LONG DT @ 1615: 0.074570310400263
INFO - [G] LONG DT @ 1615: 0.076010448319688
INFO - [G] LONG DT @ 1615: 0.069039818656139
INFO - [G] LONG DT @ 1615: 0.068871914924218
INFO - [G] LONG DT @ 1615: 0.076103031939694
INFO - [G] LONG DT @ 1615: 0.073096705551653
INFO - [G] LONG DT @ 1615: 0.065358144440806
INFO - [G] LONG DT @ 1615: 0.059637255553774
INFO - [G] LONG DT @ 1615: 0.053059944442083
INFO - [G] LONG DT @ 1630: 0.052501604527854
INFO - [♥] Applied 0 patches to '=[SMODS _ "smods-https-thread.lua"]'
INFO - [G] 2025-08-22 18:59:39 :: DEBUG :: SMODS.https(30) :: Using https module backend
INFO - [G] LONG DT @ 1672: 0.052836411819639
INFO - [G] LONG DT @ 1672: 0.051127709455362
INFO - [G] LONG DT @ 1672: 0.052608096605743
INFO - [G] LONG DT @ 1672: 0.055567757284136
INFO - [G] LONG DT @ 1672: 0.053612365827825
INFO - [G] LONG DT @ 1672: 0.051883412662045
INFO - [G] LONG DT @ 1672: 0.050581630129177
INFO - [G] LONG DT @ 1672: 0.051652722421191
INFO - [G] LONG DT @ 1672: 0.055490937936983
INFO - [G] LONG DT @ 1673: 0.057270230349902
INFO - [G] LONG DT @ 1673: 0.055485844279703
INFO - [G] LONG DT @ 1673: 0.053376335424038
INFO - [G] LONG DT @ 1710: 0.052068263198476
INFO - [G] LONG DT @ 1710: 0.05573917055941
INFO - [G] LONG DT @ 1710: 0.054392256447071
INFO - [G] LONG DT @ 1710: 0.052674545157445
INFO - [G] LONG DT @ 1710: 0.051333176126662
INFO - [G] LONG DT @ 1710: 0.052692869360803
INFO - [G] LONG DT @ 1710: 0.054492615488623
INFO - [G] LONG DT @ 1710: 0.052574372391732
INFO - [G] LONG DT @ 1710: 0.05168305791284
INFO - [G] LONG DT @ 1710: 0.050326486330732
INFO - [♥] Applied 0 patches to '=[SMODS _ "smods-https-thread.lua"]'
INFO - [G] 2025-08-22 19:00:39 :: DEBUG :: SMODS.https(31) :: Using https module backend
INFO - [G] LONG DT @ 1741: 0.08125063012277
INFO - [G] LONG DT @ 1741: 0.068475664098596
INFO - [G] LONG DT @ 1741: 0.057809631279153
INFO - [♥] Applied 0 patches to '=[SMODS _ "smods-https-thread.lua"]'
INFO - [G] 2025-08-22 19:01:40 :: DEBUG :: SMODS.https(32) :: Using https module backend
INFO - [♥] Applied 0 patches to '=[SMODS _ "smods-https-thread.lua"]'
INFO - [G] 2025-08-22 19:02:40 :: DEBUG :: SMODS.https(33) :: Using https module backend
INFO - [♥] Applied 0 patches to '=[SMODS _ "smods-https-thread.lua"]'
INFO - [G] 2025-08-22 19:03:40 :: DEBUG :: SMODS.https(34) :: Using https module backend
INFO - [♥] Applied 0 patches to '=[SMODS _ "smods-https-thread.lua"]'
INFO - [G] 2025-08-22 19:04:40 :: DEBUG :: SMODS.https(35) :: Using https module backend
INFO - [G] LONG DT @ 2011: 0.051686594316424
INFO - [G] LONG DT @ 2011: 0.05472873545299
INFO - [G] LONG DT @ 2011: 0.0531025083634
INFO - [G] LONG DT @ 2011: 0.052490306690474
INFO - [G] LONG DT @ 2011: 0.051099205351569
INFO - [G] LONG DT @ 2011: 0.050278664281478
INFO - [G] LONG DT @ 2012: 0.050324460112097
INFO - [G] LONG DT @ 2012: 0.052373748089885
INFO - [G] LONG DT @ 2012: 0.055044238472357
INFO - [G] LONG DT @ 2012: 0.056440370777587
INFO - [G] LONG DT @ 2012: 0.054134356621904
INFO - [G] LONG DT @ 2012: 0.052990765297696
INFO - [G] LONG DT @ 2012: 0.052497072238159
INFO - [G] LONG DT @ 2012: 0.051237537790477
INFO - [G] LONG DT @ 2012: 0.050138350232185
INFO - [G] LONG DT @ 2012: 0.051297092148041
INFO - [G] LONG DT @ 2012: 0.053844693719197
INFO - [G] LONG DT @ 2012: 0.057903454975381
INFO - [G] LONG DT @ 2012: 0.055394223979846
INFO - [G] LONG DT @ 2012: 0.053398219184214
INFO - [G] LONG DT @ 2012: 0.051912775347282
INFO - [G] LONG DT @ 2012: 0.050445940277466
INFO - [G] LONG DT @ 2013: 0.052742848718691
INFO - [G] LONG DT @ 2013: 0.05604219897376
INFO - [G] LONG DT @ 2013: 0.053929079179787
INFO - [G] LONG DT @ 2013: 0.052311703344042
INFO - [G] LONG DT @ 2013: 0.051008182674954
INFO - [♥] Applied 0 patches to '=[SMODS _ "smods-https-thread.lua"]'
INFO - [G] 2025-08-22 19:05:41 :: DEBUG :: SMODS.https(36) :: Using https module backend
INFO - [G] LONG DT @ 2064: 0.050191364717378
INFO - [G] LONG DT @ 2064: 0.052806042195702
INFO - [G] LONG DT @ 2064: 0.054902693756597
INFO - [G] LONG DT @ 2064: 0.053404775005477
INFO - [G] LONG DT @ 2064: 0.052186820005069
INFO - [G] LONG DT @ 2064: 0.051036976002961
INFO - [G] LONG DT @ 2064: 0.050205140802268
INFO - [G] LONG DT @ 2064: 0.050122496090701
INFO - [G] LONG DT @ 2065: 0.053005296872931
INFO - [G] LONG DT @ 2065: 0.058561517498679
INFO - [G] LONG DT @ 2065: 0.05705235399801
INFO - [G] LONG DT @ 2065: 0.054913043199343
INFO - [G] LONG DT @ 2065: 0.053403854559469
INFO - [G] LONG DT @ 2065: 0.052106023646916
INFO - [G] LONG DT @ 2065: 0.051007718918085
INFO - [G] LONG DT @ 2065: 0.050117075133868
INFO - [♥] Applied 0 patches to '=[SMODS _ "smods-https-thread.lua"]'
INFO - [G] 2025-08-22 19:06:41 :: DEBUG :: SMODS.https(37) :: Using https module backend
INFO - [G] LONG DT @ 2137: 0.053297697528879
INFO - [G] LONG DT @ 2137: 0.052173498023106
INFO - [G] LONG DT @ 2137: 0.050890818418813
INFO - [G] LONG DT @ 2138: 0.050081569467228
INFO - [G] LONG DT @ 2138: 0.053417735574832
INFO - [G] LONG DT @ 2138: 0.05552248845924
INFO - [G] LONG DT @ 2138: 0.054030050768046
INFO - [G] LONG DT @ 2138: 0.052609200614675
INFO - [G] LONG DT @ 2138: 0.051472880491809
INFO - [G] LONG DT @ 2138: 0.050470504393065
INFO - [G] LONG DT @ 2138: 0.050565099849258
INFO - [G] LONG DT @ 2138: 0.052914599879233
INFO - [G] LONG DT @ 2138: 0.055581919903002
INFO - [G] LONG DT @ 2138: 0.057302315922763
INFO - [G] LONG DT @ 2138: 0.055206752738429
INFO - [G] LONG DT @ 2139: 0.053323982190092
INFO - [♥] Applied 0 patches to '=[SMODS _ "smods-https-thread.lua"]'
INFO - [G] 2025-08-22 19:07:41 :: DEBUG :: SMODS.https(38) :: Using https module backend
INFO - [G] LONG DT @ 2178: 0.05261563128136
INFO - [G] LONG DT @ 2179: 0.051341585025242
INFO - [G] LONG DT @ 2179: 0.050186468020332
INFO - [G] LONG DT @ 2179: 0.050165434416968
INFO - [G] LONG DT @ 2179: 0.050059263181198
INFO - [G] LONG DT @ 2179: 0.053528010545143
INFO - [G] LONG DT @ 2179: 0.057751128437012
INFO - [G] LONG DT @ 2179: 0.055420842749067
INFO - [G] LONG DT @ 2179: 0.053638734199736
INFO - [G] LONG DT @ 2179: 0.052178907359336
INFO - [G] LONG DT @ 2179: 0.050816585887687
INFO - [G] LONG DT @ 2179: 0.051484054220089
INFO - [G] LONG DT @ 2179: 0.054364803375238
INFO - [G] LONG DT @ 2179: 0.056005822700412
INFO - [G] LONG DT @ 2180: 0.053950818159693
INFO - [G] LONG DT @ 2180: 0.052235994527736
INFO - [♥] Applied 0 patches to '=[SMODS _ "smods-https-thread.lua"]'
INFO - [G] 2025-08-22 19:08:42 :: DEBUG :: SMODS.https(39) :: Using https module backend
INFO - [♥] Applied 0 patches to '=[SMODS _ "smods-https-thread.lua"]'
INFO - [G] 2025-08-22 19:09:42 :: DEBUG :: SMODS.https(40) :: Using https module backend
INFO - [♥] Applied 0 patches to '=[SMODS _ "smods-https-thread.lua"]'
INFO - [G] 2025-08-22 19:10:42 :: DEBUG :: SMODS.https(41) :: Using https module backend
INFO - [G] LONG DT @ 2339: 0.087198789166585
INFO - [G] LONG DT @ 2339: 0.073856391333282
INFO - [G] LONG DT @ 2339: 0.0626541530659
INFO - [G] LONG DT @ 2339: 0.054052782453374
INFO - [G] LONG DT @ 2352: 0.056106899493861
INFO - [G] LONG DT @ 2353: 0.059594102659341
INFO - [G] LONG DT @ 2353: 0.051634382128266
INFO - [G] LONG DT @ 2357: 0.088461691316064
INFO - [G] LONG DT @ 2357: 0.074601633052767
INFO - [G] LONG DT @ 2357: 0.063476106441955
INFO - [G] LONG DT @ 2357: 0.054911105153497
INFO - [G] LONG DT @ 2365: 0.051374615319356
INFO - [G] LONG DT @ 2365: 0.050414832255156
INFO - [♥] Applied 0 patches to '=[SMODS _ "smods-https-thread.lua"]'
INFO - [G] 2025-08-22 19:11:43 :: DEBUG :: SMODS.https(42) :: Using https module backend
INFO - [G] LONG DT @ 2403: 0.050392151592782
INFO - [♥] Applied 0 patches to '=[SMODS _ "smods-https-thread.lua"]'
INFO - [G] 2025-08-22 19:12:43 :: DEBUG :: SMODS.https(43) :: Using https module backend
