INFO - [♥] Lovely 0.8.0
INFO - [♥] Game directory is at "C:\\Program Files (x86)\\Steam\\steamapps\\common\\Balatro"
INFO - [♥] Writing logs to "C:\\Users\\evan\\AppData\\Roaming\\Balatro\\Mods\\lovely\\log"
INFO - [♥] Using mod directory at "C:\\Users\\evan\\AppData\\Roaming\\Balatro\\Mods"
INFO - [♥] Found .lovelyignore in 'CodexArcanum', skipping it.
INFO - [♥] Found .lovelyignore in 'Cryptid', skipping it.
INFO - [♥] Found .lovelyignore in 'Cryptid-MoreMarioJokers', skipping it.
INFO - [♥] Found .lovelyignore in 'Cryptposting', skipping it.
WARN - [♥] Unknown key `patches.1.?.match_indent` found in patch file at "C:\\Users\\evan\\AppData\\Roaming\\Balatro\\Mods\\Cartomancer\\lovely\\blinds-info.toml", ignoring it
WARN - [♥] Unknown key `patches.2.?.match_indent` found in patch file at "C:\\Users\\evan\\AppData\\Roaming\\Balatro\\Mods\\Cartomancer\\lovely\\stackable-deck-steamodded.toml", ignoring it
WARN - [♥] Unknown key `patches.4.?.match_indent` found in patch file at "C:\\Users\\evan\\AppData\\Roaming\\Balatro\\Mods\\Cartomancer\\lovely\\stackable-deck-steamodded.toml", ignoring it
WARN - [♥] Unknown key `patches.6.?.match_indent` found in patch file at "C:\\Users\\evan\\AppData\\Roaming\\Balatro\\Mods\\Cartomancer\\lovely\\stackable-deck-steamodded.toml", ignoring it
WARN - [♥] Unknown key `patches.1.?.match_indent` found in patch file at "C:\\Users\\evan\\AppData\\Roaming\\Balatro\\Mods\\HandyBalatro\\lovely\\controls_misc.toml", ignoring it
WARN - [♥] Unknown key `patches.1.?.overwrite` found in patch file at "C:\\Users\\evan\\AppData\\Roaming\\Balatro\\Mods\\HandyBalatro\\lovely\\controls_misc.toml", ignoring it
WARN - [♥] Unknown key `patches.0.?.overwrite` found in patch file at "C:\\Users\\evan\\AppData\\Roaming\\Balatro\\Mods\\HandyBalatro\\lovely\\controls_show_deck_preview.toml", ignoring it
WARN - [♥] Unknown key `patches.0.?.match_indent` found in patch file at "C:\\Users\\evan\\AppData\\Roaming\\Balatro\\Mods\\Steamodded\\lovely\\scoring_calculation.toml", ignoring it
INFO - [♥] Cleaning up dumps directory at "C:\\Users\\evan\\AppData\\Roaming\\Balatro\\Mods\\lovely\\dump"
INFO - [♥] Initialization complete in 128ms
INFO - [♥] Applied 1 patch to 'conf.lua'
WARN - [♥] Pattern 'G.ARGS.score_intensity.organ = G.video_organ or G.ARGS.score_intensity.required_score > 0 and math.max(math.min(0.4, 0.1*math.log(G.ARGS.score_intensity.earned_score/(G.ARGS.score_intensity.required_score+1), 5)),0.) or 0' on target 'main.lua' for pattern patch from Talisman\lovely.toml resulted in no matches
WARN - [♥] Pattern 'if type(G.GAME.current_round.current_hand.chips) ~= \'number\' or type(G.GAME.current_round.current_hand.mult) ~= \'number\' then' on target 'main.lua' for pattern patch from Talisman\lovely.toml resulted in no matches
WARN - [♥] Pattern 'assert(load(nfs.read(Saturn.PATH .. \"/core/logic/hide_played.lua\")))()' on target 'main.lua' for pattern patch from Cartomancer\lovely\saturn-compat.toml resulted in no matches
WARN - [♥] Pattern 'modded and {' on target 'main.lua' for pattern patch from Cartomancer\lovely\stackable-deck-steamodded-0.9.8.toml resulted in no matches
INFO - [♥] Applied 22 patches to 'main.lua'
INFO - [♥] Applied 2 patches to 'engine/string_packer.lua'
INFO - [♥] Applied 20 patches to 'engine/controller.lua'
INFO - [♥] Applied 19 patches to 'back.lua'
WARN - [♥] Pattern 'local tag_sprite = Sprite(0,0,_size*1,_size*1,tagatlas, (self.hide_ability) and G.tag_undiscovered.pos or self.pos)' on target 'tag.lua' for pattern patch from Cardsauce\lovely\core.toml resulted in no matches
INFO - [♥] Applied 16 patches to 'tag.lua'
INFO - [♥] Applied 2 patches to 'engine/event.lua'
INFO - [♥] Applied 7 patches to 'engine/node.lua'
INFO - [♥] Applied 3 patches to 'engine/moveable.lua'
INFO - [♥] Applied 5 patches to 'engine/sprite.lua'
INFO - [♥] Applied 2 patches to 'engine/animatedsprite.lua'
WARN - [♥] Pattern 'assembled_string = assembled_string..(type(subpart) == \'string\' and subpart or args.vars[tonumber(subpart[1])])' on target 'functions/misc_functions.lua' for pattern patch from BetmmaMods\lovely\lovely.toml resulted in no matches
WARN - [♥] Pattern 'assembled_string = assembled_string..(type(subpart) == \'string\' and subpart or args.vars[tonumber(subpart[1])] or \'ERROR\')' on target 'functions/misc_functions.lua' for pattern patch from Talisman\lovely.toml resulted in no matches
WARN - [♥] Pattern 'G.ARGS.score_intensity.earned_score = G.GAME.current_round.current_hand.chips*G.GAME.current_round.current_hand.mult\n' on target 'functions/misc_functions.lua' for pattern patch from Talisman\lovely.toml resulted in no matches
WARN - [♥] Pattern 'local four_fingers = next(find_joker(\'Four Fingers\'))' on target 'functions/misc_functions.lua' for pattern patch from Bakery\lovely.toml resulted in no matches
INFO - [♥] Applied 98 patches to 'functions/misc_functions.lua'
WARN - [♥] Pattern 'for k, v in pairs(self.MOVEABLES) do' on target 'game.lua' for pattern patch from Aikoyori'sShenanigans\lovely\cardarea.toml resulted in 2 matches, wanted 1
WARN - [♥] Ignoring excess matches
WARN - [♥] Pattern '                if _ch.restrictions.banned_other then\n                    for k, v in ipairs(_ch.restrictions.banned_other) do\n                        G.GAME.banned_keys[v.id] = true\n                    end\n                end\n            end' on target 'game.lua' for pattern patch from Aikoyori'sShenanigans\lovely\challenges.toml resulted in no matches
WARN - [♥] Pattern 'G.blind_select.alignment.offset.x = 0' on target 'game.lua' for pattern patch from CondensedUI\lovely\Condensed_UI.toml resulted in no matches
WARN - [♥] Pattern 'local replace_card = Card(self.title_top.T.x, self.title_top.T.y, 1.2*G.CARD_W*SC_scale, 1.2*G.CARD_H*SC_scale, G.P_CARDS.S_A, G.P_CENTERS.c_base)\n' on target 'game.lua' for pattern patch from Kino\lovely\current.toml resulted in no matches
WARN - [♥] Pattern 'if G.GAME.current_round.voucher and G.P_CENTERS[G.GAME.current_round.voucher] then' on target 'game.lua' for pattern patch from ChallengerDeep\lovely\shop_fun.toml resulted in no matches
WARN - [♥] Pattern '        if to_big(G.GAME.chips) >= to_big(G.GAME.blind.chips) or G.GAME.current_round.hands_left < 1 then\n            G.STATE = G.STATES.NEW_ROUND\n\n        else\n            G.STATE = G.STATES.DRAW_TO_HAND\n        end' on target 'game.lua' for pattern patch from Aikoyori'sShenanigans\lovely\talisman-fixes.toml resulted in no matches
WARN - [♥] Pattern '        if to_big(G.GAME.chips) >= to_big(G.GAME.blind.chips) or G.GAME.current_round.hands_left < 1 then\n            G.STATE = G.STATES.NEW_ROUND\n\n        else\n            G.STATE = G.STATES.DRAW_TO_HAND\n        end' on target 'game.lua' for pattern patch from Aikoyori'sShenanigans\lovely\talisman-fixes.toml resulted in no matches
WARN - [♥] Pattern '        if G.GAME.chips - G.GAME.blind.chips >= 0 or G.GAME.current_round.hands_left < 1 then\n            G.STATE = G.STATES.NEW_ROUND\n\n        else\n            G.STATE = G.STATES.DRAW_TO_HAND\n        end' on target 'game.lua' for pattern patch from Aikoyori'sShenanigans\lovely\talisman-fixes.toml resulted in no matches
WARN - [♥] Pattern '        if G.GAME.chips - G.GAME.blind.chips >= 0 or G.GAME.current_round.hands_left < 1 then\n            G.STATE = G.STATES.NEW_ROUND\n\n        else\n            G.STATE = G.STATES.DRAW_TO_HAND\n        end' on target 'game.lua' for pattern patch from Aikoyori'sShenanigans\lovely\talisman-fixes.toml resulted in no matches
WARN - [♥] Pattern 'local replace_card = Card(self.title_top.T.x, self.title_top.T.y, 1.2*G.CARD_W*SC_scale, 1.2*G.CARD_H*SC_scale, G.P_CARDS.S_A, G.P_CENTERS.c_base)' on target 'game.lua' for pattern patch from Cardsauce\lovely\core.toml resulted in no matches
INFO - [♥] Applied 153 patches to 'game.lua'
INFO - [♥] Applied 6 patches to 'globals.lua'
WARN - [♥] Pattern 'self.config.chosen = true' on target 'engine/ui.lua' for pattern patch from Cartomancer\lovely\vanilla-ui.toml resulted in no matches
INFO - [♥] Applied 11 patches to 'engine/ui.lua'
WARN - [♥] Pattern 'if edition_poll > 1 - 0.15 then edition.polychrome = true\nelseif edition_poll > 0.5 then edition.holo = true\nelse edition.foil = true\nend\n' on target 'functions/UI_definitions.lua' for pattern patch from ColorSplashed\lovely.toml resulted in no matches
WARN - [♥] Pattern 'local challenge = G.CHALLENGES[args._id] or Entropy.GetDailyChallenge()' on target 'functions/UI_definitions.lua' for pattern patch from Aikoyori'sShenanigans\lovely\challenges.toml resulted in no matches
WARN - [♥] Pattern '              timer_type = \'TOTAL\',\n              timer = 5,\n              scale = 2.4*(args.backdrop_scale or 1), \n              lifespan = 5,\n              speed = 0,,' on target 'functions/UI_definitions.lua' for pattern patch from Aikoyori'sShenanigans\lovely\ui.toml resulted in no matches
WARN - [♥] Pattern 'return (G.GAME.hands[handname].visible) and' on target 'functions/UI_definitions.lua' for pattern patch from CruelBlinds\lovely.toml resulted in no matches
WARN - [♥] Pattern '{n=G.UIT.T, config={text = G.GAME.hands[handname].chips, scale = 0.45, colour = G.C.UI.TEXT_LIGHT}},' on target 'functions/UI_definitions.lua' for pattern patch from Talisman\lovely.toml resulted in no matches
WARN - [♥] Pattern '{n=G.UIT.T, config={text = G.GAME.hands[handname].mult, scale = 0.45, colour = G.C.UI.TEXT_LIGHT}}' on target 'functions/UI_definitions.lua' for pattern patch from Talisman\lovely.toml resulted in no matches
WARN - [♥] Regex '(?<indent>[\\t ]*)return \\{n=G\\.UIT\\.ROOT, config = \\{align = \'cm\', colour = G\\.C\\.CLEAR\\}, nodes=\\{\\n[\\s\\S]{8}\\{n=G\\.UIT\\.C, config=\\{align = \"cm\"' on target 'functions/UI_definitions.lua' for regex patch from D6Jokers\lovely\main.toml resulted in no matches
WARN - [♥] Regex 'local t2 = ' on target 'functions/UI_definitions.lua' for regex patch from Bakery\lovely.toml resulted in 2 matches, wanted 1
WARN - [♥] Ignoring excess matches
WARN - [♥] Regex 'button = 'select_blind'' on target 'functions/UI_definitions.lua' for regex patch from Bakery\lovely.toml resulted in 2 matches, wanted 1
WARN - [♥] Ignoring excess matches
WARN - [♥] Pattern ' _reward and {n=G.UIT.R, config={align = \"cm\"}, nodes={\n    {n=G.UIT.T, config={text = localize(\'ph_blind_reward\'), scale = 0.35, colour = disabled and G.C.UI.TEXT_INACTIVE or G.C.WHITE, shadow = not disabled}},\n    {n=G.UIT.T, config={text = string.rep(localize(\"$\"), blind_choice.config.dollars)..\'+\', scale = 0.35, colour = disabled and G.C.UI.TEXT_INACTIVE or G.C.MONEY, shadow = not disabled}}\n}} or nil,\n' on target 'functions/UI_definitions.lua' for pattern patch from All-In-Jest\lovely\lovely.toml resulted in no matches
INFO - [♥] Applied 235 patches to 'functions/UI_definitions.lua'
WARN - [♥] Pattern 'func = (function()  update_hand_text({delay = 0, immediate = true}, {mult = 0, chips = 0, chip_total = math.floor(hand_chips*mult), level = \'\', handname = \'\'});play_sound(\'button\', 0.9, 0.6);return true end)' on target 'functions/state_events.lua' for pattern patch from ColorSplashed\lovely.toml resulted in no matches
WARN - [♥] Pattern 'ease_to = G.GAME.chips + math.floor(hand_chips*mult),' on target 'functions/state_events.lua' for pattern patch from ColorSplashed\lovely.toml resulted in no matches
WARN - [♥] Pattern 'if effects[ii].card then' on target 'functions/state_events.lua' for pattern patch from HandyBalatro\lovely\controls_animation_skip.toml resulted in no matches
WARN - [♥] Pattern 'if hand_chips*mult > 0 then' on target 'functions/state_events.lua' for pattern patch from HandyBalatro\lovely\controls_scoring_hold.toml resulted in no matches
WARN - [♥] Pattern '                        if G.GAME.blind_on_deck == \'Small\' then\n                            G.GAME.round_resets.blind_states.Small = \'Defeated\'' on target 'functions/state_events.lua' for pattern patch from Aikoyori'sShenanigans\lovely\blinds.toml resulted in no matches
WARN - [♥] Pattern 'if G.GAME.blind:get_type() == \'Boss\' then' on target 'functions/state_events.lua' for pattern patch from ChallengerDeep\lovely\more_bosses.toml resulted in no matches
WARN - [♥] Pattern 'check_and_set_high_score(\'hand\', hand_chips*mult)' on target 'functions/state_events.lua' for pattern patch from CruelBlinds\lovely.toml resulted in no matches
WARN - [♥] Pattern 'for j=1,#reps do' on target 'functions/state_events.lua' for pattern patch from CruelBlinds\lovely.toml resulted in no matches
WARN - [♥] Pattern 'table.sort(scoring_hand, function (a, b) return a.T.x < b.T.x end )' on target 'functions/state_events.lua' for pattern patch from CruelBlinds\lovely.toml resulted in no matches
WARN - [♥] Pattern 'elseif config.name == \'interest\' then\n    table.insert(left_text, {n=G.UIT.T, config={text = num_dollars, scale = 0.8*scale, colour = G.C.MONEY, shadow = true, juice = true}})\n    table.insert(left_text,{n=G.UIT.O, config={object = DynaText({string = {\" \"..localize{type = \'variable\', key = \'interest\', vars = {G.GAME.interest_amount, 5, G.GAME.interest_amount*G.GAME.interest_cap/5}}}, colours = {G.C.UI.TEXT_LIGHT}, shadow = true, pop_in = 0, scale = 0.4*scale, silent = true})}})\nend\n' on target 'functions/state_events.lua' for pattern patch from Kino\lovely\current.toml resulted in no matches
WARN - [♥] Pattern 'if hand_chips*mult > 0 then' on target 'functions/state_events.lua' for pattern patch from Talisman\lovely.toml resulted in no matches
WARN - [♥] Pattern 'if effects[ii].card then' on target 'functions/state_events.lua' for pattern patch from Talisman\lovely.toml resulted in no matches
WARN - [♥] Pattern 'if effects.jokers.Xmult_mod then mult = mod_mult(mult*effects.jokers.Xmult_mod);extras.mult = true  end' on target 'functions/state_events.lua' for pattern patch from Talisman\lovely.toml resulted in no matches
WARN - [♥] Pattern 'if effect.Xmult_mod then mult = mod_mult(mult*effect.Xmult_mod);extras.mult = true  end' on target 'functions/state_events.lua' for pattern patch from Talisman\lovely.toml resulted in no matches
WARN - [♥] Pattern 'if effects[ii].message then' on target 'functions/state_events.lua' for pattern patch from Talisman\lovely.toml resulted in no matches
WARN - [♥] Pattern '--calculate the card edition effects' on target 'functions/state_events.lua' for pattern patch from Talisman\lovely.toml resulted in no matches
WARN - [♥] Pattern 'if effects[ii].edition.p_dollars_mod then' on target 'functions/state_events.lua' for pattern patch from Talisman\lovely.toml resulted in no matches
WARN - [♥] Pattern 'if edition_effects.jokers.x_mult_mod then' on target 'functions/state_events.lua' for pattern patch from Talisman\lovely.toml resulted in no matches
WARN - [♥] Regex '(?<indent>[\t ]*)else\\s*\\n[\\t ]*mult\\s*=\\s*mod_mult\\(\\s*0\\s*\\)\\s*\\n[\\t ]*hand_chips\\s*=\\s*mod_chips\\(\\s*0\\s*\\)\\s*' on target 'functions/state_events.lua' for regex patch from Kino\lovely\current.toml resulted in no matches
WARN - [♥] Regex '([^)p])/(5)' on target 'functions/state_events.lua' for regex patch from Bakery\lovely.toml resulted in 3 matches, wanted 7
WARN - [♥] Pattern '    for k, v in ipairs(G.play.cards) do\n        if (not v.shattered) and (not v.destroyed) then\n            draw_card(G.play,G.discard, it*100/play_count,\'down\', false, v)\n            it = it + 1\n        end\n    end\n' on target 'functions/state_events.lua' for pattern patch from Cardsauce\lovely\jokers.toml resulted in no matches
WARN - [♥] Pattern 'for i=1, hand_space do --draw cards from deckL\n        if G.STATE == G.STATES.TAROT_PACK or G.STATE == G.STATES.SPECTRAL_PACK then\n            draw_card(G.deck,G.hand, i*100/hand_space,\'up\', true)\n        else\n            draw_card(G.deck,G.hand, i*100/hand_space,\'up\', true)\n        end\n    end\n' on target 'functions/state_events.lua' for pattern patch from Cardsauce\lovely\vhs.toml resulted in no matches
WARN - [♥] Pattern 'add_round_eval_row({bonus = true, name=\'interest\', pitch = pitch, dollars = G.GAME.interest_amount*math.min(math.floor(G.GAME.dollars/5), G.GAME.interest_cap/5)})' on target 'functions/state_events.lua' for pattern patch from Cardsauce\lovely\vhs.toml resulted in no matches
WARN - [♥] Pattern 'dollars = dollars + G.GAME.interest_amount*math.min(math.floor(G.GAME.dollars/5), G.GAME.interest_cap/5)' on target 'functions/state_events.lua' for pattern patch from All-In-Jest\lovely\lovely.toml resulted in no matches
INFO - [♥] Applied 159 patches to 'functions/state_events.lua'
WARN - [♥] Pattern 'elseif not (G.GAME.used_jokers[v.key] and not pool_opts.allow_duplicates and not next(find_joker(\"Showman\"))) and\n    (v.unlocked ~= false or v.rarity == 4) then\n' on target 'functions/common_events.lua' for pattern patch from ColorSplashed\lovely.toml resulted in no matches
WARN - [♥] Pattern 'func = (function() if eval_func(card) then if not first or first then card:juice_up(0.1, 0.1) end;juice_card_until(card, eval_func, nil, 0.8) end return true end)' on target 'functions/common_events.lua' for pattern patch from HandyBalatro\lovely\controls_animation_skip.toml resulted in no matches
WARN - [♥] Pattern 'func = (function() if eval_func(card) then if not first or first then card:juice_up(0.1, 0.1) end;juice_card_until(card, eval_func, nil, 0.8) end return true end)' on target 'functions/common_events.lua' for pattern patch from HandyBalatro\lovely\controls_animation_skip.toml resulted in no matches
WARN - [♥] Pattern '            G.E_MANAGER:add_event(Event({ --Add bonus chips from this card\n                    trigger = \'before\',\n                    delay = delay,\n                    func = function()\n                    if extrafunc then extrafunc() end\n                    attention_text({\n                        text = text,\n                        scale = config.scale or 1, \n                        hold = delay - 0.2,\n                        backdrop_colour = colour,\n                        align = card_aligned,\n                        major = card,\n                        offset = {x = 0, y = y_off}\n                    })\n                    play_sound(sound, 0.8+percent*0.2, volume)\n                    if not extra or not extra.no_juice then\n                        card:juice_up(0.6, 0.1)\n                        G.ROOM.jiggle = G.ROOM.jiggle + 0.7\n                    end\n                    return true\n                    end\n            }))' on target 'functions/common_events.lua' for pattern patch from Aikoyori'sShenanigans\lovely\cardalignment.toml resulted in no matches
WARN - [♥] Pattern 'if not v.config.softlock then\n    softlocked = softlocked' on target 'functions/common_events.lua' for pattern patch from Aikoyori'sShenanigans\lovely\planets.toml resulted in no matches
WARN - [♥] Pattern 'G.GAME.hands[hand].chips = math.max(G.GAME.hands[hand].s_chips + G.GAME.hands[hand].l_chips*(G.GAME.hands[hand].level - 1), 0)' on target 'functions/common_events.lua' for pattern patch from Azazel'sJokers\lovely\patcher.toml resulted in no matches
WARN - [♥] Pattern 'if chip > 0 then' on target 'functions/common_events.lua' for pattern patch from BetmmaMods\lovely\lovely.toml resulted in no matches
WARN - [♥] Pattern 'if mult > 0 then' on target 'functions/common_events.lua' for pattern patch from BetmmaMods\lovely\lovely.toml resulted in no matches
WARN - [♥] Pattern 'if p_dollars > 0 then' on target 'functions/common_events.lua' for pattern patch from BetmmaMods\lovely\lovely.toml resulted in no matches
WARN - [♥] Pattern 'if G.GAME.modifiers.enable_eternals_in_shop and eternal_perishable_poll > 0.7 then' on target 'functions/common_events.lua' for pattern patch from ChallengerDeep\lovely\shrouded.toml resulted in no matches
WARN - [♥] Pattern 'if G.GAME.modifiers.enable_eternals_in_shop and eternal_perishable_poll > 0.7 then' on target 'functions/common_events.lua' for pattern patch from ChallengerDeep\lovely\singular.toml resulted in no matches
WARN - [♥] Pattern 'G.GAME.hands[hand].chips = math.max(G.GAME.hands[hand].s_chips + G.GAME.hands[hand].l_chips*(G.GAME.hands[hand].level - 1), 0)' on target 'functions/common_events.lua' for pattern patch from Kino\lovely\current.toml resulted in no matches
WARN - [♥] Pattern 'elseif _c.effect == \'Lucky Card\' then loc_vars = {G.GAME.probabilities.normal, cfg.mult, 5, cfg.p_dollars, 15}' on target 'functions/common_events.lua' for pattern patch from Kino\lovely\current.toml resulted in no matches
WARN - [♥] Pattern '    for _, v in ipairs(info_queue) do\n        generate_card_ui(v, full_UI_table)\n    end\n' on target 'functions/common_events.lua' for pattern patch from Kino\lovely\current.toml resulted in no matches
WARN - [♥] Pattern 'if num_dollars > 60 then' on target 'functions/common_events.lua' for pattern patch from Talisman\lovely.toml resulted in no matches
WARN - [♥] Pattern 'func = (function() card:juice_up(0.7);return true end)' on target 'functions/common_events.lua' for pattern patch from Talisman\lovely.toml resulted in no matches
WARN - [♥] Pattern 'if card then card:juice_up(0.8, 0.5) end' on target 'functions/common_events.lua' for pattern patch from Talisman\lovely.toml resulted in no matches
WARN - [♥] Pattern 'card:juice_up(0.6, 0.1)' on target 'functions/common_events.lua' for pattern patch from Talisman\lovely.toml resulted in no matches
WARN - [♥] Pattern 'func = (function() if eval_func(card) then if not first or first then card:juice_up(0.1, 0.1) end;juice_card_until(card, eval_func, nil, 0.8) end return true end)' on target 'functions/common_events.lua' for pattern patch from Talisman\lovely.toml resulted in no matches
WARN - [♥] Pattern 'func = (function() if eval_func(card) then if not first or first then card:juice_up(0.1, 0.1) end;juice_card_until(card, eval_func, nil, 0.8) end return true end)' on target 'functions/common_events.lua' for pattern patch from Talisman\lovely.toml resulted in no matches
WARN - [♥] Pattern 'if amt > 0 or amt < 0 then' on target 'functions/common_events.lua' for pattern patch from Talisman\lovely.toml resulted in no matches
WARN - [♥] Pattern '    if amt > 0 or amt < 0 then' on target 'functions/common_events.lua' for pattern patch from Aikoyori'sShenanigans\lovely\talisman-fixes.toml resulted in no matches
WARN - [♥] Pattern 'G.E_MANAGER:add_event(Event({ --Add bonus chips from this card\n                    trigger = \'before\',\n                    delay = delay,\n' on target 'functions/common_events.lua' for pattern patch from Cardsauce\lovely\core.toml resulted in no matches
WARN - [♥] Pattern 'if specific_vars.nominal_chips then\n    localize{type = \'other\', key = \'card_chips\', nodes = desc_nodes, vars = {specific_vars.nominal_chips}}\nend\nif specific_vars.bonus_chips then\n    localize{type = \'other\', key = \'card_extra_chips\', nodes = desc_nodes, vars = {SMODS.signed(specific_vars.bonus_chips)}}\nend\n' on target 'functions/common_events.lua' for pattern patch from Cardsauce\lovely\core.toml resulted in no matches
WARN - [♥] Pattern 't.set = res.set or t.set' on target 'functions/common_events.lua' for pattern patch from Cardsauce\lovely\corrupted_display.toml resulted in 3 matches, wanted 1
WARN - [♥] Ignoring excess matches
WARN - [♥] Pattern 'elseif _c.name == \"The Star\" then loc_vars = {cfg.max_highlighted,  localize(cfg.suit_conv, \'suits_plural\'), colours = {G.C.SUITS[cfg.suit_conv]}}\n       elseif _c.name == \"The Moon\" then loc_vars = {cfg.max_highlighted, localize(cfg.suit_conv, \'suits_plural\'), colours = {G.C.SUITS[cfg.suit_conv]}}\n       elseif _c.name == \"The Sun\" then loc_vars = {cfg.max_highlighted, localize(cfg.suit_conv, \'suits_plural\'), colours = {G.C.SUITS[cfg.suit_conv]}}' on target 'functions/common_events.lua' for pattern patch from Cardsauce\lovely\wigsaw.toml resulted in no matches
WARN - [♥] Pattern 'elseif _c.name == \"The World\" then loc_vars = {cfg.max_highlighted, localize(cfg.suit_conv, \'suits_plural\'), colours = {G.C.SUITS[cfg.suit_conv]}}' on target 'functions/common_events.lua' for pattern patch from Cardsauce\lovely\wigsaw.toml resulted in no matches
WARN - [♥] Pattern 'info_queue[#info_queue+1] = {key = \'e_\'..v, set = \'Edition\', config = {extra = G.P_CENTERS[\'e_negative\'].config.card_limit}}' on target 'functions/common_events.lua' for pattern patch from All-In-Jest\lovely\lovely.toml resulted in no matches
WARN - [♥] Pattern 'G.GAME.hands[hand].chips = math.max(G.GAME.hands[hand].s_chips + G.GAME.hands[hand].l_chips*(G.GAME.hands[hand].level - 1), 0)\n' on target 'functions/common_events.lua' for pattern patch from All-In-Jest\lovely\lovely.toml resulted in no matches
WARN - [♥] Pattern 'G.GAME.hands[hand].mult = math.max(G.GAME.hands[hand].s_mult + G.GAME.hands[hand].l_mult*(G.GAME.hands[hand].level - 1), 1)\n' on target 'functions/common_events.lua' for pattern patch from All-In-Jest\lovely\lovely.toml resulted in no matches
INFO - [♥] Applied 258 patches to 'functions/common_events.lua'
WARN - [♥] Pattern '    if #G.hand.highlighted <= 0 or G.GAME.blind.block_play or #G.hand.highlighted > 5 then ' on target 'functions/button_callbacks.lua' for pattern patch from Aikoyori'sShenanigans\lovely\selectionlimit.toml resulted in no matches
WARN - [♥] Pattern 'if ((G.GAME.dollars-G.GAME.bankrupt_at) - G.GAME.current_round.reroll_cost < 0) and G.GAME.current_round.reroll_cost ~= 0 then' on target 'functions/button_callbacks.lua' for pattern patch from ChallengerDeep\lovely\shop_fun.toml resulted in no matches
WARN - [♥] Pattern 'if #G.hand.highlighted <= 0 or G.GAME.blind.block_play or #G.hand.highlighted > 5 then' on target 'functions/button_callbacks.lua' for pattern patch from CardSleeves\lovely\expected_to_fail.toml resulted in no matches
WARN - [♥] Pattern 'if G.shop and not G.shop.alignment.offset.py then\n  G.shop.alignment.offset.py = G.shop.alignment.offset.y\n  G.shop.alignment.offset.y = G.ROOM.T.y + 29\nend' on target 'functions/button_callbacks.lua' for pattern patch from Cardsauce\lovely\morshu.toml resulted in no matches
WARN - [♥] Pattern 'G.shop.alignment.offset.y = G.ROOM.T.y + 29\nG.SHOP_SIGN.alignment.offset.y = -15' on target 'functions/button_callbacks.lua' for pattern patch from Cardsauce\lovely\morshu.toml resulted in no matches
INFO - [♥] Applied 106 patches to 'functions/button_callbacks.lua'
WARN - [♥] Regex 'localize\\(\'k_upgrade_ex\'\\)\\}\\); return true\n[ \\t]*end\\}\\)\\)\n[ \\t]*end\n(?<indent>[ \\t]*)return' on target 'card.lua' for regex patch from Steamodded\lovely\joker_retriggers.toml resulted in no matches
WARN - [♥] Regex '[ \\t]*G\\.C\\.MULT\\}\\)\n[ \\t]*return true\n[ \\t]*end\\)\\}\\)\\)\n(?<indent>[ \\t]*)end' on target 'card.lua' for regex patch from Steamodded\lovely\joker_retriggers.toml resulted in no matches
WARN - [♥] Regex '[ \\t]*func = function\\(\\) card_eval_status_text\\(self, \'extra\', nil, nil, nil, \\{message = localize\\{type = \'variable\', key = \'a_xmult\', vars = \\{self\\.ability\\.caino_xmult\\}\\}\\}\\); return true\n(?<indent>[ \\t]*)end\\}\\)\\)' on target 'card.lua' for regex patch from Steamodded\lovely\joker_retriggers.toml resulted in no matches
WARN - [♥] Regex 'glass_cards\\}\\}\\}\\)\n[ \\t]*return true\n[ \\t]*end\n(?<indent>[ \\t]*)\\}\\)\\)' on target 'card.lua' for regex patch from Steamodded\lovely\joker_retriggers.toml resulted in no matches
WARN - [♥] Pattern 'G.GAME.pack_choices = self.ability.choose or self.config.center.config.choose or 1' on target 'card.lua' for pattern patch from ColorSplashed\lovely.toml resulted in no matches
WARN - [♥] Pattern 'if self.ability.x_mult <= 1 then return 0 end' on target 'card.lua' for pattern patch from BetmmaMods\lovely\lovely.toml resulted in no matches
WARN - [♥] Pattern 'if pseudorandom(\'lucky_money\') < G.GAME.probabilities.normal/15 then' on target 'card.lua' for pattern patch from Kino\lovely\current.toml resulted in no matches
WARN - [♥] Pattern 'if pseudorandom(\'lucky_mult\') < G.GAME.probabilities.normal/5 then' on target 'card.lua' for pattern patch from Kino\lovely\current.toml resulted in no matches
WARN - [♥] Pattern 'G.E_MANAGER:add_event(Event({func = (function() G.GAME.dollar_buffer = 0; return true end)}))' on target 'card.lua' for pattern patch from Talisman\lovely.toml resulted in no matches
WARN - [♥] Pattern 'if G.GAME.blind then G.E_MANAGER:add_event(Event({ func = function() G.GAME.blind:set_blind(nil, true, nil); return true end })) end' on target 'card.lua' for pattern patch from Talisman\lovely.toml resulted in no matches
WARN - [♥] Pattern 'x_mult = center.config.Xmult or 1,' on target 'card.lua' for pattern patch from Talisman\lovely.toml resulted in no matches
WARN - [♥] Regex 'self.params.viewed_back and G.GAME.viewed_back or G.GAME.selected_back' on target 'card.lua' for regex patch from CardSleeves\lovely\expected_to_fail.toml resulted in no matches
WARN - [♥] Pattern 'G.E_MANAGER:add_event(Event({trigger = \'after\',delay = 0.1,func = function() G.hand.highlighted[i]:set_ability(G.P_CENTERS[self.ability.consumeable.mod_conv]);return true end }))' on target 'card.lua' for pattern patch from Cardsauce\lovely\achievements.toml resulted in no matches
WARN - [♥] Pattern 'self:juice_up(0.3, 0.3)\n             play_sound(sound.sound, sound.per, sound.vol)' on target 'card.lua' for pattern patch from Cardsauce\lovely\core.toml resulted in no matches
WARN - [♥] Pattern 'if G.consumeables.cards[i].ability.consumeable then' on target 'card.lua' for pattern patch from Cardsauce\lovely\cryptid.toml resulted in no matches
WARN - [♥] Pattern 'self.cost = math.max(1, math.floor((self.base_cost + self.extra_cost + 0.5)*(100-G.GAME.discount_percent)/100))' on target 'card.lua' for pattern patch from Cardsauce\lovely\jokers.toml resulted in no matches
WARN - [♥] Pattern 'elseif self.ability.name == \'Rough Gem\' then loc_vars = {self.ability.extra}\nelseif self.ability.name == \'Bloodstone\' then loc_vars = {cry_prob(self.ability.cry_prob, self.ability.extra.odds, self.ability.cry_rigged), self.ability.extra.odds, self.ability.extra.Xmult}\nelseif self.ability.name == \'Arrowhead\' then loc_vars = {self.ability.extra}\nelseif self.ability.name == \'Onyx Agate\' then loc_vars = {self.ability.extra}' on target 'card.lua' for pattern patch from Cardsauce\lovely\wigsaw.toml resulted in no matches
WARN - [♥] Pattern 'G.E_MANAGER:add_event(Event({trigger = \'after\',delay = 0.1,func = function() G.hand.highlighted[i]:change_suit(self.ability.consumeable.suit_conv);return true end }))' on target 'card.lua' for pattern patch from Cardsauce\lovely\wigsaw.toml resulted in no matches
WARN - [♥] Pattern 'G.GAME.pack_choices = self.ability.choose or self.config.center.config.choose or 1' on target 'card.lua' for pattern patch from All-In-Jest\lovely\lovely.toml resulted in no matches
WARN - [♥] Pattern 'local _size = self.ability.extra' on target 'card.lua' for pattern patch from All-In-Jest\lovely\lovely.toml resulted in no matches
WARN - [♥] Pattern 'if self.ability.effect == \"Lucky Card\" then\n        if SMODS.pseudorandom_probability(self, \'lucky_mult\', 1, 5) then\n            self.lucky_trigger = true\n            ret = ret + self.ability.mult\n        end\n    else\n' on target 'card.lua' for pattern patch from All-In-Jest\lovely\lovely.toml resulted in no matches
INFO - [♥] Applied 385 patches to 'card.lua'
WARN - [♥] Pattern '{n=G.UIT.T, config={ref_table = self.config, ref_value = \'card_limit\', scale = 0.3, colour = G.C.WHITE}},' on target 'cardarea.lua' for pattern patch from BetmmaMods\lovely\lovely.toml resulted in no matches
WARN - [♥] Pattern 'local card_count = self ~= G.shop_vouchers and {n=G.UIT.R, config={align = self == G.jokers and \'cl\' or self == G.hand and \'cm\' or \'cr\', padding = 0.03, no_fill = true}, nodes={\n    {n=G.UIT.B, config={w = 0.1,h=0.1}},\n    {n=G.UIT.T, config={ref_table = self.config, ref_value = \'card_count\', scale = 0.3, colour = G.C.WHITE}},\n    {n=G.UIT.T, config={text = \'/\', scale = 0.3, colour = G.C.WHITE}},\n    {n=G.UIT.T, config={ref_table = self.config, ref_value = \'card_limit\', scale = 0.3, colour = G.C.WHITE}},\n    {n=G.UIT.B, config={w = 0.1,h=0.1}}\n}} or nil\n' on target 'cardarea.lua' for pattern patch from Kino\lovely\current.toml resulted in no matches
WARN - [♥] Regex 'ref_value = \'card_limit\',' on target 'cardarea.lua' for regex patch from Bakery\lovely.toml resulted in no matches
INFO - [♥] Applied 51 patches to 'cardarea.lua'
WARN - [♥] Pattern 'function Blind:modify_hand(cards, poker_hands, text, mult, hand_chips)' on target 'blind.lua' for pattern patch from CruelBlinds\lovely.toml resulted in no matches
INFO - [♥] Applied 59 patches to 'blind.lua'
INFO - [♥] Applied 10 patches to 'card_character.lua'
INFO - [♥] Applied 1 patch to 'engine/particles.lua'
INFO - [♥] Applied 15 patches to 'engine/text.lua'
WARN - [♥] Regex '= amount > 0' on target '=[SMODS _ "src/utils.lua"]' for regex patch from Talisman\lovely.toml resulted in no matches
INFO - [♥] Applied 14 patches to '=[SMODS _ "src/utils.lua"]'
WARN - [♥] Pattern 'card_limit = #SUITS[suit_map[j]],' on target '=[SMODS _ "src/overrides.lua"]' for pattern patch from Cartomancer\lovely\stackable-deck-steamodded.toml resulted in no matches
WARN - [♥] Pattern 'card_limit = #SUITS[visible_suit[j]],' on target '=[SMODS _ "src/overrides.lua"]' for pattern patch from Cartomancer\lovely\stackable-deck-steamodded.toml resulted in no matches
WARN - [♥] Regex '\t\t\tfor i = 1\\, \\#SUITS\\[suit_map\\[j\\]\\] do\n\t\t\t\tif SUITS\\[suit_map\\[j\\]\\]\\[i\\] then\n\t\t\t\t\tlocal greyed\\, _scale = nil\\, 0\\.7\n\t\t\t\t\tif unplayed_only and not \\(\\(SUITS\\[suit_map\\[j\\]\\]\\[i\\]\\.area and SUITS\\[suit_map\\[j\\]\\]\\[i\\]\\.area == G\\.deck\\) or SUITS\\[suit_map\\[j\\]\\]\\[i\\]\\.ability\\.wheel_flipped\\) then\n\t\t\t\t\t\tgreyed = true\n\t\t\t\t\tend\n\t\t\t\t\tlocal copy = copy_card\\(SUITS\\[suit_map\\[j\\]\\]\\[i\\]\\, nil\\, _scale[^\\)\\n]*\\)\n\t\t\t\t\tcopy\\.greyed = greyed\n\t\t\t\t\tcopy\\.T\\.x = view_deck\\.T\\.x \\+ view_deck\\.T\\.w \\/ 2\n\t\t\t\t\tcopy\\.T\\.y = view_deck\\.T\\.y\n\n\t\t\t\t\tcopy:hard_set_T\\(\\)\n\t\t\t\t\tview_deck:emplace\\(copy\\)\n\t\t\t\tend\n\t\t\tend' on target '=[SMODS _ "src/overrides.lua"]' for regex patch from Cartomancer\lovely\stackable-deck-steamodded.toml resulted in no matches
INFO - [♥] Applied 14 patches to '=[SMODS _ "src/overrides.lua"]'
WARN - [♥] Pattern '            if specific_vars and specific_vars.bonus_h_dollars then\n                localize{type = \'other\', key = \'card_extra_h_dollars\', nodes = desc_nodes, vars = {SMODS.signed_dollars(specific_vars.bonus_h_dollars)}}\n            end' on target '=[SMODS _ "src/game_object.lua"]' for pattern patch from Aikoyori'sShenanigans\lovely\scoring.toml resulted in no matches
INFO - [♥] Applied 8 patches to '=[SMODS _ "src/game_object.lua"]'
INFO - [G] Failed to connect to the debug server 
INFO - [G] 2025-09-14 19:58:53 :: DEBUG :: DebugConsole :: Steamodded Debug Socket started ! 
INFO - [G] 2025-09-14 19:58:53 :: INFO  :: SMODS :: Steamodded v1.0.0~BETA-0827c 
INFO - [G] Order not set for config dictionary: speed_multiplier_default_value 
INFO - [G] Order not set for config dictionary: animation_skip_default_value 
INFO - [G] [Blueprint] Starting to load config 
INFO - [G] [Blueprint] Reading config file:  
INFO - [G] [Blueprint] return {
	["INTERNAL_debug"] = false,
	["brainstorm"] = true,
	["blueprint"] = true,
} 
INFO - [♥] Applied 9 patches to 'engine/sound_manager.lua'
INFO - [♥] Applied 3 patches to 'engine/save_manager.lua'
INFO - [♥] Applied 2 patches to 'engine/string_packer.lua'
INFO - [G] Loaded all Blueprint mod shaders successfully 
WARN - [♥] Pattern 'if not self.no_shadow and G.SETTINGS.GRAPHICS.shadows == \'On\' and((layer == \'shadow\' or layer == \'both\') and (self.ability.effect ~= \'Glass Card\' and not self.greyed) and ((self.area and self.area ~= G.discard and self.area.config.type ~= \'deck\') or not self.area or self.states.drag.is)) then' on target '=[SMODS _ "src/card_draw.lua"]' for pattern patch from BetmmaMods\lovely\shader.toml resulted in no matches
INFO - [♥] Applied 11 patches to '=[SMODS _ "src/card_draw.lua"]'
INFO - [G] 2025-09-14 19:58:54 :: INFO  :: Loader :: Valid JSON file found 
INFO - [G] 2025-09-14 19:58:54 :: TRACE :: Loader :: Processing Mod file (Legacy header): main.lua 
INFO - [G] 2025-09-14 19:58:54 :: WARN  :: Loader :: Duplicate Mod ID: bb 
INFO - [G] 2025-09-14 19:58:54 :: INFO  :: Loader :: Valid JSON file found 
INFO - [G] 2025-09-14 19:58:54 :: TRACE :: Loader :: Processing Mod file (Legacy header): main.lua 
INFO - [G] 2025-09-14 19:58:54 :: TRACE :: Loader :: Saving Mod Info: Amys_Waifus 
INFO - [G] 2025-09-14 19:58:54 :: INFO  :: Loader :: Valid JSON file found 
INFO - [G] 2025-09-14 19:58:54 :: ERROR :: Loader :: Found invalid metadata JSON file at C:\Users\evan\AppData\Roaming\Balatro\Mods/Aikoyori'sShenanigans/.luarc.json, ignoring: [SMODS _ "src/loader.lua"]:226: id 
INFO - [G] 2025-09-14 19:58:54 :: ERROR :: Loader :: Found invalid metadata JSON file at C:\Users\evan\AppData\Roaming\Balatro\Mods/Aikoyori'sShenanigans/.vscode/settings.json, ignoring: [SMODS _ "src/loader.lua"]:226: id 
INFO - [G] 2025-09-14 19:58:54 :: INFO  :: Loader :: Valid JSON file found 
INFO - [G] 2025-09-14 19:58:54 :: INFO  :: Loader :: Valid JSON file found 
INFO - [G] 2025-09-14 19:58:54 :: INFO  :: Loader :: Valid JSON file found 
INFO - [G] 2025-09-14 19:58:54 :: INFO  :: Loader :: Valid JSON file found 
INFO - [G] 2025-09-14 19:58:54 :: TRACE :: Loader :: Processing Mod file (Legacy header): Azazel.lua 
INFO - [G] 2025-09-14 19:58:54 :: TRACE :: Loader :: Saving Mod Info: AzzysJokers 
INFO - [G] 2025-09-14 19:58:54 :: TRACE :: Loader :: Processing Mod file (Legacy header): BadAppleJoker.lua 
INFO - [G] 2025-09-14 19:58:54 :: TRACE :: Loader :: Saving Mod Info: BadApple 
INFO - [G] 2025-09-14 19:58:54 :: INFO  :: Loader :: Valid JSON file found 
INFO - [G] 2025-09-14 19:58:54 :: INFO  :: Loader :: Valid JSON file found 
INFO - [G] 2025-09-14 19:58:54 :: TRACE :: Loader :: Processing Mod file (Legacy header): balagay.lua 
INFO - [G] 2025-09-14 19:58:54 :: TRACE :: Loader :: Saving Mod Info: balagay 
INFO - [G] 2025-09-14 19:58:54 :: INFO  :: Loader :: Valid JSON file found 
INFO - [G] 2025-09-14 19:58:54 :: TRACE :: Loader :: Processing Mod file (Legacy header): RatatinGamingDeck.lua 
INFO - [G] 2025-09-14 19:58:54 :: TRACE :: Loader :: Saving Mod Info: RatatinGamingDeck 
INFO - [G] 2025-09-14 19:58:54 :: INFO  :: Loader :: Valid JSON file found 
INFO - [G] 2025-09-14 19:58:54 :: INFO  :: Loader :: Valid JSON file found 
INFO - [G] 2025-09-14 19:58:54 :: INFO  :: Loader :: Valid JSON file found 
INFO - [G] 2025-09-14 19:58:54 :: TRACE :: Loader :: Processing Mod file (Legacy header): 5_legendary_challenges.lua 
INFO - [G] 2025-09-14 19:58:54 :: TRACE :: Loader :: Saving Mod Info: legendaryChallenges 
INFO - [G] 2025-09-14 19:58:54 :: TRACE :: Loader :: Processing Mod file (Legacy header): Betmma_Abilities.lua 
INFO - [G] 2025-09-14 19:58:54 :: TRACE :: Loader :: Saving Mod Info: BetmmaAbilities 
INFO - [G] 2025-09-14 19:58:54 :: TRACE :: Loader :: Processing Mod file (Legacy header): Betmma_Jokers.lua 
INFO - [G] 2025-09-14 19:58:54 :: TRACE :: Loader :: Saving Mod Info: BetmmaJokers 
INFO - [G] 2025-09-14 19:58:54 :: TRACE :: Loader :: Processing Mod file (Legacy header): Betmma_Spells.lua 
INFO - [G] 2025-09-14 19:58:54 :: TRACE :: Loader :: Saving Mod Info: BetmmaSpells 
INFO - [G] 2025-09-14 19:58:54 :: TRACE :: Loader :: Processing Mod file (Legacy header): Betmma_Voucher_Pack.lua 
INFO - [G] 2025-09-14 19:58:54 :: TRACE :: Loader :: Saving Mod Info: BetmmaVoucherPack 
INFO - [G] 2025-09-14 19:58:54 :: TRACE :: Loader :: Processing Mod file (Legacy header): Betmma_Vouchers.lua 
INFO - [G] 2025-09-14 19:58:54 :: TRACE :: Loader :: Saving Mod Info: BetmmaVouchers 
INFO - [G] 2025-09-14 19:58:54 :: TRACE :: Loader :: Processing Mod file (Legacy header): better_vouchers_this_run_ui.lua 
INFO - [G] 2025-09-14 19:58:54 :: TRACE :: Loader :: Saving Mod Info: BetterVouchersThisRunUI 
INFO - [G] 2025-09-14 19:58:54 :: TRACE :: Loader :: Processing Mod file (Legacy header): BetterMouseAndGamepad.lua 
INFO - [G] 2025-09-14 19:58:54 :: TRACE :: Loader :: Saving Mod Info: BetterMouseAndGamepad 
INFO - [G] 2025-09-14 19:58:54 :: TRACE :: Loader :: Processing Mod file (Legacy header): main.lua 
INFO - [G] 2025-09-14 19:58:54 :: TRACE :: Loader :: Saving Mod Info: isaac_tarot 
INFO - [G] 2025-09-14 19:58:54 :: INFO  :: Loader :: Valid JSON file found 
INFO - [G] 2025-09-14 19:58:54 :: INFO  :: Loader :: Valid JSON file found 
INFO - [G] 2025-09-14 19:58:54 :: TRACE :: Loader :: Processing Mod file (Legacy header): steamodded_compat.lua 
INFO - [G] 2025-09-14 19:58:54 :: TRACE :: Loader :: Saving Mod Info: Brainstorm 
INFO - [G] 2025-09-14 19:58:54 :: INFO  :: Loader :: Valid JSON file found 
INFO - [G] 2025-09-14 19:58:54 :: INFO  :: Loader :: Valid JSON file found 
INFO - [G] 2025-09-14 19:58:54 :: INFO  :: Loader :: Valid JSON file found 
INFO - [G] 2025-09-14 19:58:54 :: INFO  :: Loader :: Valid JSON file found 
INFO - [G] 2025-09-14 19:58:54 :: TRACE :: Loader :: Processing Mod file (Legacy header): mod.lua 
INFO - [G] 2025-09-14 19:58:54 :: TRACE :: Loader :: Saving Mod Info: cartomancer 
INFO - [G] 2025-09-14 19:58:54 :: TRACE :: Loader :: Processing Mod file (Legacy header): main.lua 
INFO - [G] 2025-09-14 19:58:54 :: TRACE :: Loader :: Saving Mod Info: casey_cat 
INFO - [G] 2025-09-14 19:58:54 :: TRACE :: Loader :: Processing Mod file (Legacy header): main.lua 
INFO - [G] 2025-09-14 19:58:54 :: TRACE :: Loader :: Saving Mod Info: celestial_funk_limeeffy 
INFO - [G] 2025-09-14 19:58:54 :: INFO  :: Loader :: Valid JSON file found 
INFO - [G] 2025-09-14 19:58:54 :: INFO  :: Loader :: Valid JSON file found 
INFO - [G] 2025-09-14 19:58:54 :: TRACE :: Loader :: Processing Mod file (Legacy header): CodexArcanum.lua 
INFO - [G] 2025-09-14 19:58:54 :: TRACE :: Loader :: Saving Mod Info: CodexArcanum 
INFO - [G] 2025-09-14 19:58:54 :: TRACE :: Loader :: Processing Mod file (Legacy header): main.lua 
INFO - [G] 2025-09-14 19:58:54 :: TRACE :: Loader :: Saving Mod Info: mod_custom_collabs_deck 
INFO - [G] 2025-09-14 19:58:54 :: INFO  :: Loader :: Valid JSON file found 
INFO - [G] 2025-09-14 19:58:54 :: INFO  :: Loader :: Valid JSON file found 
INFO - [G] 2025-09-14 19:58:54 :: INFO  :: Loader :: Valid JSON file found 
INFO - [G] 2025-09-14 19:58:54 :: INFO  :: Loader :: Valid JSON file found 
INFO - [G] 2025-09-14 19:58:54 :: INFO  :: Loader :: Valid JSON file found 
INFO - [G] 2025-09-14 19:58:54 :: TRACE :: Loader :: Processing Mod file (Legacy header): CruelBlinds.lua 
INFO - [G] 2025-09-14 19:58:54 :: TRACE :: Loader :: Saving Mod Info: CBL 
INFO - [G] 2025-09-14 19:58:54 :: INFO  :: Loader :: Valid JSON file found 
INFO - [G] 2025-09-14 19:58:54 :: INFO  :: Loader :: Valid JSON file found 
INFO - [G] 2025-09-14 19:58:54 :: INFO  :: Loader :: Valid JSON file found 
INFO - [G] 2025-09-14 19:58:54 :: ERROR :: Loader :: Found invalid metadata JSON file at C:\Users\evan\AppData\Roaming\Balatro\Mods/CuriLatro/JosephPB09@CuriLatro/meta.json, ignoring: [lovely json "libs/json/json.lua"]:185: unexpected character '' at line 1 col 1 
INFO - [G] 2025-09-14 19:58:54 :: TRACE :: Loader :: Processing Mod file (Legacy header): main.lua 
INFO - [G] 2025-09-14 19:58:54 :: TRACE :: Loader :: Saving Mod Info: CuriJokers 
INFO - [G] 2025-09-14 19:58:54 :: INFO  :: Loader :: Valid JSON file found 
INFO - [G] 2025-09-14 19:58:54 :: INFO  :: Loader :: Valid JSON file found 
INFO - [G] 2025-09-14 19:58:54 :: INFO  :: Loader :: Valid JSON file found 
INFO - [G] 2025-09-14 19:58:54 :: TRACE :: Loader :: Processing Mod file (Legacy header): ADeckCreatorModule.lua 
INFO - [G] 2025-09-14 19:58:54 :: TRACE :: Loader :: Saving Mod Info: ADeckCreatorModule 
INFO - [G] 2025-09-14 19:58:54 :: INFO  :: Loader :: Valid JSON file found 
INFO - [G] 2025-09-14 19:58:54 :: TRACE :: Loader :: Processing Mod file (Legacy header): TarotDx.lua 
INFO - [G] 2025-09-14 19:58:54 :: TRACE :: Loader :: Saving Mod Info: JeffDeluxeConsumablesPack 
INFO - [G] 2025-09-14 19:58:54 :: INFO  :: Loader :: Valid JSON file found 
INFO - [G] 2025-09-14 19:58:54 :: INFO  :: Loader :: Valid JSON file found 
INFO - [G] 2025-09-14 19:58:54 :: INFO  :: Loader :: Valid JSON file found 
INFO - [G] 2025-09-14 19:58:54 :: TRACE :: Loader :: Processing Mod file (Legacy header): steamodded.lua 
INFO - [G] 2025-09-14 19:58:54 :: WARN  :: Loader :: Duplicate Mod ID: Handy 
INFO - [G] 2025-09-14 19:58:54 :: INFO  :: Loader :: Valid JSON file found 
INFO - [G] 2025-09-14 19:58:54 :: INFO  :: Loader :: Valid JSON file found 
INFO - [G] 2025-09-14 19:58:54 :: TRACE :: Loader :: Processing Mod file (Legacy header): MoreSpeeds.lua 
INFO - [G] 2025-09-14 19:58:54 :: TRACE :: Loader :: Saving Mod Info: MoreSpeed 
INFO - [G] 2025-09-14 19:58:54 :: ERROR :: Loader :: Found invalid metadata JSON file at C:\Users\evan\AppData\Roaming\Balatro\Mods/Steamopollys-MoreSpeed-0.8.2/manifest.json, ignoring: [SMODS _ "src/loader.lua"]:226: id 
INFO - [G] 2025-09-14 19:58:54 :: TRACE :: Loader :: Processing Mod file (Legacy header): steamodded_metadata.lua 
INFO - [G] 2025-09-14 19:58:54 :: TRACE :: Loader :: Saving Mod Info: Talisman 
INFO - [G] 2025-09-14 19:58:54 :: INFO  :: Loader :: Valid JSON file found 
INFO - [G] 2025-09-14 19:58:54 :: TRACE :: Loader :: Processing Mod file (Legacy header): Extras.lua 
INFO - [G] 2025-09-14 19:58:54 :: TRACE :: Loader :: Saving Mod Info: BalatroDarkMode 
INFO - [G] 2025-09-14 19:58:54 :: TRACE :: Loader :: Processing Mod file (Legacy header): main.lua 
INFO - [G] 2025-09-14 19:58:54 :: TRACE :: Loader :: Saving Mod Info: darktextures 
INFO - [G] 2025-09-14 19:58:54 :: INFO  :: Loader :: Valid JSON file found 
INFO - [G] 2025-09-14 19:58:54 :: ERROR :: Loader :: Found invalid metadata JSON file at C:\Users\evan\AppData\Roaming\Balatro\Mods/black-seal/index.meta.json, ignoring: [SMODS _ "src/loader.lua"]:226: id 
INFO - [G] 2025-09-14 19:58:54 :: INFO  :: Loader :: Valid JSON file found 
INFO - [G] 2025-09-14 19:58:54 :: INFO  :: Loader :: Valid JSON file found 
INFO - [G] 2025-09-14 19:58:54 :: DEBUG :: SMODS.https :: Using https module backend 
INFO - [G] 2025-09-14 19:58:54 :: WARN  :: Atlas :: Detected duplicate register call on object shit_CustomJokers 
INFO - [G] 2025-09-14 19:58:54 :: WARN  :: Atlas :: Detected duplicate register call on object shit_CustomConsumables 
INFO - [G] 2025-09-14 19:58:54 :: WARN  :: Atlas :: Detected duplicate register call on object shit_CustomEnhancements 
INFO - [G] 2025-09-14 19:58:54 :: WARN  :: Atlas :: Detected duplicate register call on object shit_CustomSeals 
INFO - [G] 2025-09-14 19:58:54 :: WARN  :: Atlas :: Detected duplicate register call on object shit_CustomBacks 
INFO - [G] 2025-09-14 19:58:54 :: WARN  :: Atlas :: Detected duplicate register call on object shit_CustomBoosters 
INFO - [G] 2025-09-14 19:58:54 :: WARN  :: Atlas :: Detected duplicate register call on object shit_CustomVouchers 
INFO - [G] 2025-09-14 19:58:54 :: WARN  :: Atlas :: Detected duplicate register call on object shit_CustomStake 
INFO - [G] 2025-09-14 19:58:54 :: WARN  :: Atlas :: Detected duplicate register call on object shit_CustomTag 
INFO - [G] 2025-09-14 19:58:54 :: WARN  :: Atlas :: Detected duplicate register call on object shit_CustomSticker 
INFO - [G] 2025-09-14 19:58:54 :: WARN  :: Sound :: Object shit_shitpost_music has the same key as an existing object, not registering. 
INFO - [G] 2025-09-14 19:58:54 :: WARN  :: Sound :: If you want to modify an existing object, use take_ownership() 
INFO - [G] 2025-09-14 19:58:54 :: WARN  :: Sound :: Object shit_generic_music has the same key as an existing object, not registering. 
INFO - [G] 2025-09-14 19:58:54 :: WARN  :: Sound :: If you want to modify an existing object, use take_ownership() 
INFO - [G] 2025-09-14 19:58:54 :: WARN  :: Sound :: Object shit_ultrarot_music has the same key as an existing object, not registering. 
INFO - [G] 2025-09-14 19:58:54 :: WARN  :: Sound :: If you want to modify an existing object, use take_ownership() 
INFO - [G] 2025-09-14 19:58:54 :: WARN  :: Sound :: Object shit_music_menutest has the same key as an existing object, not registering. 
INFO - [G] 2025-09-14 19:58:54 :: WARN  :: Sound :: If you want to modify an existing object, use take_ownership() 
INFO - [G] Requesting Discord member count... 
INFO - [♥] Applied 0 patches to '=[SMODS _ "smods-https-thread.lua"]'
INFO - [G] 2025-09-14 19:58:55 :: INFO  :: CardSleeves :: CardSleeves v1.8.0 loaded~! 
INFO - [G] 2025-09-14 19:58:55 :: TRACE :: Loader :: Mod CodexArcanum was unable to load:  
INFO - [G] betmma config not found 
INFO - [G] [RIOSODU_SHARED] Initialization complete. 
INFO - [G] 2025-09-14 19:58:55 :: DEBUG :: DeckCreatorModule :: No decks loaded from any files 
INFO - [G] 2025-09-14 19:58:55 :: TRACE :: DeckCreatorLogger :: Registering config menu 
INFO - [G] 2025-09-14 19:58:55 :: DEBUG :: DefaultLogger :: Loaded BadAppleJoker~ 
INFO - [G] 2025-09-14 19:58:55 :: INFO  :: Bakery :: pairs() and ipairs() patched. Reason: Convenience 
INFO - [G] 2025-09-14 19:58:55 :: INFO  :: Bakery :: Blind:modify_hand(), update_hand_text(), and Back:trigger_effect() patched. Reason: Scoring tags 
INFO - [G] 2025-09-14 19:58:55 :: INFO  :: Bakery :: Object:__call() and Tag:load() patched. Reason: Rendering Poly Tag 
INFO - [G] 2025-09-14 19:58:55 :: INFO  :: Bakery :: Blind:defeat() and G.FUNCS.load_profile() patched. Reason: Unlock conditions 
INFO - [G] 2025-09-14 19:58:55 :: INFO  :: Bakery :: ease_dollars() patched. Reason: Credit Deck, Vagabond Challenge 
INFO - [G] 2025-09-14 19:58:55 :: INFO  :: Bakery :: Blind:press_play() patched. Reason: Credit Deck + Credit Sleeve 
INFO - [G] 2025-09-14 19:58:55 :: INFO  :: Bakery :: Card:draw() patched. Reason: Werewolf rendering 
INFO - [G] 2025-09-14 19:58:55 :: INFO  :: Bakery :: G.FUNCS.evaluate_round() patched. Reason: Spinner Animation 
INFO - [G] 2025-09-14 19:58:55 :: INFO  :: Bakery :: mod_mult(), mod_chips(), and G.FUNCS.evaluate_play() patched. Reason: Balanced Challenge 
INFO - [G] 2025-09-14 19:58:55 :: INFO  :: Bakery :: G.FUNCS.buy_from_shop() patched. Reason: Proxy 
INFO - [G] 2025-09-14 19:58:55 :: INFO  :: Bakery :: eval_card() patched. Reason: Penny Tag 
INFO - [G] 2025-09-14 19:58:55 :: INFO  :: Bakery :: SMODS.calculate_repetitions() patched. Reason: Up Tag 
INFO - [G] 2025-09-14 19:58:55 :: INFO  :: Bakery :: Card:set_sprites() patched. Reason: Spinner Loading 
INFO - [G] 2025-09-14 19:58:55 :: INFO  :: Bakery :: Game:start_run(), copy_card(), and Card:load() patched. Reason: Card Sleeve 
INFO - [G] 2025-09-14 19:58:55 :: INFO  :: Bakery :: G.UIDEF.use_and_sell_buttons() and Card:remove() patched. Reason: Usable jokers 
INFO - [G] 2025-09-14 19:58:55 :: INFO  :: Bakery :: Card:start_dissolve() patched. Reason: Glass Cannon shatters 
INFO - [G] 2025-09-14 19:58:55 :: INFO  :: Bakery :: SMODS.never_scores() patched. Reason: The Solo Boss Blind 
INFO - [G] 2025-09-14 19:58:55 :: INFO  :: Bakery :: Blind:set_blind() patched. Reason: Allow Charms to be debuffed 
INFO - [♥] Applied 1 patch to '=[SMODS Bakery "src//charm.lua"]'
INFO - [G] 2025-09-14 19:58:55 :: INFO  :: Bakery :: Card:set_sprites() patched. Reason: Charm Unlocking 
INFO - [G] 2025-09-14 19:58:55 :: INFO  :: Bakery :: set_screen_positions() and CardArea:can_highlight() patched. Reason: Charm rendering 
INFO - [G] 2025-09-14 19:58:55 :: INFO  :: Bakery :: G.FUNCS.can_discard() patched. Reason: Discarding zero cards 
INFO - [G] 2025-09-14 19:58:55 :: INFO  :: Bakery :: Game:update_draw_to_hand() patched. Reason: Discard zero Charms juice 
INFO - [G] 2025-09-14 19:58:55 :: DEBUG :: DefaultLogger :: Malverk found! Initializing Baldatro with malverk! 
INFO - [G] 2025-09-14 19:58:55 :: WARN  :: Spell :: The field `raw_key` on dark is deprecated.
Set `prefix_config.key = false` on your object instead. 
INFO - [G] 2025-09-14 19:58:55 :: WARN  :: Spell :: The field `raw_key` on light is deprecated.
Set `prefix_config.key = false` on your object instead. 
INFO - [G] 2025-09-14 19:58:55 :: WARN  :: Spell :: The field `raw_key` on earth is deprecated.
Set `prefix_config.key = false` on your object instead. 
INFO - [G] 2025-09-14 19:58:55 :: WARN  :: Spell :: The field `raw_key` on air is deprecated.
Set `prefix_config.key = false` on your object instead. 
INFO - [G] 2025-09-14 19:58:55 :: WARN  :: Spell :: The field `raw_key` on water is deprecated.
Set `prefix_config.key = false` on your object instead. 
INFO - [G] 2025-09-14 19:58:55 :: WARN  :: Spell :: The field `raw_key` on fire is deprecated.
Set `prefix_config.key = false` on your object instead. 
INFO - [G] 2025-09-14 19:58:55 :: WARN  :: Spell :: The field `raw_key` on shadow is deprecated.
Set `prefix_config.key = false` on your object instead. 
INFO - [G] 2025-09-14 19:58:55 :: WARN  :: Spell :: The field `raw_key` on inferno is deprecated.
Set `prefix_config.key = false` on your object instead. 
INFO - [G] 2025-09-14 19:58:55 :: WARN  :: Spell :: The field `raw_key` on abyss is deprecated.
Set `prefix_config.key = false` on your object instead. 
INFO - [G] 2025-09-14 19:58:55 :: WARN  :: Spell :: The field `raw_key` on cavern is deprecated.
Set `prefix_config.key = false` on your object instead. 
INFO - [G] 2025-09-14 19:58:55 :: WARN  :: Spell :: The field `raw_key` on smoke is deprecated.
Set `prefix_config.key = false` on your object instead. 
INFO - [G] 2025-09-14 19:58:55 :: WARN  :: Spell :: The field `raw_key` on radiance is deprecated.
Set `prefix_config.key = false` on your object instead. 
INFO - [G] 2025-09-14 19:58:55 :: WARN  :: Spell :: The field `raw_key` on reflection is deprecated.
Set `prefix_config.key = false` on your object instead. 
INFO - [G] 2025-09-14 19:58:55 :: WARN  :: Spell :: The field `raw_key` on crystal is deprecated.
Set `prefix_config.key = false` on your object instead. 
INFO - [G] 2025-09-14 19:58:55 :: WARN  :: Spell :: The field `raw_key` on halo is deprecated.
Set `prefix_config.key = false` on your object instead. 
INFO - [G] 2025-09-14 19:58:55 :: WARN  :: Spell :: The field `raw_key` on steam is deprecated.
Set `prefix_config.key = false` on your object instead. 
INFO - [G] 2025-09-14 19:58:55 :: WARN  :: Spell :: The field `raw_key` on magma is deprecated.
Set `prefix_config.key = false` on your object instead. 
INFO - [G] 2025-09-14 19:58:55 :: WARN  :: Spell :: The field `raw_key` on ember is deprecated.
Set `prefix_config.key = false` on your object instead. 
INFO - [G] 2025-09-14 19:58:55 :: WARN  :: Spell :: The field `raw_key` on mud is deprecated.
Set `prefix_config.key = false` on your object instead. 
INFO - [G] 2025-09-14 19:58:55 :: WARN  :: Spell :: The field `raw_key` on dust is deprecated.
Set `prefix_config.key = false` on your object instead. 
INFO - [G] 2025-09-14 19:58:55 :: WARN  :: Spell :: The field `raw_key` on cloud is deprecated.
Set `prefix_config.key = false` on your object instead. 
INFO - [G] 2025-09-14 19:58:55 :: WARN  :: Spell :: The field `raw_key` on ripple is deprecated.
Set `prefix_config.key = false` on your object instead. 
INFO - [G] 2025-09-14 19:58:55 :: WARN  :: Spell :: The field `raw_key` on lava is deprecated.
Set `prefix_config.key = false` on your object instead. 
INFO - [♥] Applied 1 patch to '=[SMODS Buffoonery "Buffoonery.lua"]'
INFO - [G] 2025-09-14 19:58:55 :: TRACE :: Loader :: Mod CryptidMoreMarioJokers was unable to load: Missing Dependencies: 1: Cryptid

 
INFO - [G] 2025-09-14 19:58:55 :: DEBUG :: DefaultLogger :: Launching Baldatro! 
INFO - [G] 2025-09-14 19:58:55 :: WARN  :: DeckSkin :: Old DeckSkin formatting detected on DeckSkin RGD_clubs_skin! 
INFO - [G] 2025-09-14 19:58:55 :: WARN  :: DeckSkin :: Old DeckSkin formatting detected on DeckSkin RGD_spades_skin! 
INFO - [G] 2025-09-14 19:58:55 :: WARN  :: DeckSkin :: Old DeckSkin formatting detected on DeckSkin RGD_hearts_skin! 
INFO - [G] 2025-09-14 19:58:55 :: WARN  :: DeckSkin :: Old DeckSkin formatting detected on DeckSkin RGD_diamonds_skin! 
INFO - [G] 2025-09-14 19:58:55 :: WARN  :: Atlas :: Detected duplicate register call on object arashi_modicon 
INFO - [G] 2025-09-14 19:58:55 :: WARN  :: Atlas :: Detected duplicate register call on object arashi_CustomJokers 
INFO - [G] 2025-09-14 19:58:55 :: WARN  :: Atlas :: Detected duplicate register call on object arashi_CustomConsumables 
INFO - [G] 2025-09-14 19:58:55 :: WARN  :: Atlas :: Detected duplicate register call on object arashi_CustomSeals 
INFO - [G] 2025-09-14 19:58:55 :: WARN  :: DeckSkin :: Old DeckSkin formatting detected on DeckSkin BJW_hearts_skin! 
INFO - [G] 2025-09-14 19:58:55 :: WARN  :: DeckSkin :: Old DeckSkin formatting detected on DeckSkin BJW_spades_skin! 
INFO - [G] 2025-09-14 19:58:55 :: WARN  :: DeckSkin :: Old DeckSkin formatting detected on DeckSkin BJW_clubs_skin! 
INFO - [G] 2025-09-14 19:58:55 :: WARN  :: DeckSkin :: Old DeckSkin formatting detected on DeckSkin BJW_diamonds_skin! 
INFO - [G] 2025-09-14 19:58:55 :: WARN  :: DeckSkin :: Old DeckSkin formatting detected on DeckSkin mod__collab_AUdiamonds! 
INFO - [G] 2025-09-14 19:58:55 :: WARN  :: DeckSkin :: Old DeckSkin formatting detected on DeckSkin mod__collab_AUspades! 
INFO - [G] 2025-09-14 19:58:55 :: WARN  :: DeckSkin :: Old DeckSkin formatting detected on DeckSkin mod__collab_AUclubs! 
INFO - [G] 2025-09-14 19:58:55 :: WARN  :: DeckSkin :: Old DeckSkin formatting detected on DeckSkin mod__collab_VSdiamonds! 
INFO - [G] 2025-09-14 19:58:55 :: WARN  :: DeckSkin :: Old DeckSkin formatting detected on DeckSkin mod__collab_VSspades! 
INFO - [G] 2025-09-14 19:58:55 :: WARN  :: DeckSkin :: Old DeckSkin formatting detected on DeckSkin mod__collab_VShearts! 
INFO - [G] 2025-09-14 19:58:55 :: WARN  :: DeckSkin :: Old DeckSkin formatting detected on DeckSkin mod__collab_DTDspades! 
INFO - [G] 2025-09-14 19:58:55 :: WARN  :: DeckSkin :: Old DeckSkin formatting detected on DeckSkin mod__collab_DTDclubs! 
INFO - [G] 2025-09-14 19:58:55 :: WARN  :: DeckSkin :: Old DeckSkin formatting detected on DeckSkin mod__collab_DTDhearts! 
INFO - [G] 2025-09-14 19:58:55 :: WARN  :: DeckSkin :: Old DeckSkin formatting detected on DeckSkin mod__collab_TWclubs! 
INFO - [G] 2025-09-14 19:58:55 :: WARN  :: DeckSkin :: Old DeckSkin formatting detected on DeckSkin mod__collab_TWdiamonds! 
INFO - [G] 2025-09-14 19:58:55 :: WARN  :: DeckSkin :: Old DeckSkin formatting detected on DeckSkin mod__collab_TWhearts! 
INFO - [G] 2025-09-14 19:58:55 :: WARN  :: DeckSkin :: Old DeckSkin formatting detected on DeckSkin mod__collab_CYPhearts! 
INFO - [G] 2025-09-14 19:58:55 :: WARN  :: DeckSkin :: Old DeckSkin formatting detected on DeckSkin mod__collab_CYPclubs! 
INFO - [G] 2025-09-14 19:58:55 :: WARN  :: DeckSkin :: Old DeckSkin formatting detected on DeckSkin mod__collab_CYPdiamonds! 
INFO - [G] 2025-09-14 19:58:55 :: WARN  :: Atlas :: Detected duplicate register call on object EF_modicon 
INFO - [G] 2025-09-14 19:58:55 :: WARN  :: Atlas :: Detected duplicate register call on object EF_Jokers 
INFO - [G] 2025-09-14 19:58:55 :: WARN  :: Atlas :: Detected duplicate register call on object EF_missing_joker 
INFO - [G] 2025-09-14 19:58:55 :: WARN  :: Atlas :: Detected duplicate register call on object EF_Boosters 
INFO - [G] 2025-09-14 19:58:55 :: WARN  :: Atlas :: Detected duplicate register call on object EF_Spectrals 
INFO - [G] 2025-09-14 19:58:55 :: WARN  :: Atlas :: Detected duplicate register call on object EF_Tags 
INFO - [G] 2025-09-14 19:58:55 :: WARN  :: Atlas :: Detected duplicate register call on object EF_LetsGoGambling 
INFO - [G] 2025-09-14 19:58:55 :: WARN  :: Atlas :: Detected duplicate register call on object EF_Enhancements 
INFO - [G] 2025-09-14 19:58:55 :: WARN  :: Atlas :: Detected duplicate register call on object EF_Vouchers 
INFO - [G] 2025-09-14 19:58:55 :: WARN  :: Atlas :: Detected duplicate register call on object cokelatr_modicon 
INFO - [G] 2025-09-14 19:58:55 :: WARN  :: Atlas :: Detected duplicate register call on object cokelatr_CustomJokers 
INFO - [G] 2025-09-14 19:58:55 :: WARN  :: Atlas :: Detected duplicate register call on object cokelatr_CustomConsumables 
INFO - [G] 2025-09-14 19:58:55 :: WARN  :: Atlas :: Detected duplicate register call on object cokelatr_CustomBoosters 
INFO - [G] 2025-09-14 19:58:55 :: WARN  :: Atlas :: Detected duplicate register call on object cokelatr_CustomEnhancements 
INFO - [G] 2025-09-14 19:58:55 :: WARN  :: Atlas :: Detected duplicate register call on object cokelatr_CustomSeals 
INFO - [G] 2025-09-14 19:58:55 :: TRACE :: Loader :: Mod Cryptid was unable to load:  
INFO - [G] 2025-09-14 19:58:55 :: WARN  :: DefaultLogger :: Object akyrs_money_c has the same key as an existing object, not registering. 
INFO - [G] 2025-09-14 19:58:55 :: WARN  :: DefaultLogger :: If you want to modify an existing object, use take_ownership() 
INFO - [G] 2025-09-14 19:58:56 :: WARN  :: Draw Step :: Detected duplicate register call on object front 
INFO - [G] 2025-09-14 19:58:56 :: WARN  :: Draw Step :: Detected duplicate register call on object floating_sprite 
INFO - [G] 2025-09-14 19:58:56 :: WARN  :: Blind :: Object bl_akyrs_the_reverse has the same key as an existing object, not registering. 
INFO - [G] 2025-09-14 19:58:56 :: WARN  :: Blind :: If you want to modify an existing object, use take_ownership() 
INFO - [G] 2025-09-14 19:58:56 :: WARN  :: Achievement :: Object ach_akyrs_repeater_into_another_one has the same key as an existing object, not registering. 
INFO - [G] 2025-09-14 19:58:56 :: WARN  :: Achievement :: If you want to modify an existing object, use take_ownership() 
INFO - [G] 2025-09-14 19:58:56 :: INFO  :: DX :: Deluxe Consumables Cards Loaded 
INFO - [G] 2025-09-14 19:58:56 :: INFO  :: DX :: Bunco Loaded 
INFO - [G] 2025-09-14 19:58:56 :: WARN  :: Atlas :: Object kino_modicon has the same key as an existing object, not registering. 
INFO - [G] 2025-09-14 19:58:56 :: WARN  :: Atlas :: If you want to modify an existing object, use take_ownership() 
INFO - [G] 2025-09-14 19:58:56 :: DEBUG :: DefaultLogger :: [Cardsauce] Loaded hook: tables 
INFO - [G] 2025-09-14 19:58:56 :: DEBUG :: DefaultLogger :: [Cardsauce] Loaded hook: utility 
INFO - [G] 2025-09-14 19:58:56 :: WARN  :: Atlas :: Object balatro has the same key as an existing object, not registering. 
INFO - [G] 2025-09-14 19:58:56 :: WARN  :: Atlas :: If you want to modify an existing object, use take_ownership() 
INFO - [G] 2025-09-14 19:58:56 :: DEBUG :: DefaultLogger :: [Cardsauce] Loaded hook: ui 
INFO - [G] 2025-09-14 19:58:56 :: WARN  :: Draw Step :: Detected duplicate register call on object floating_sprite 
INFO - [G] 2025-09-14 19:58:56 :: WARN  :: Draw Step :: Detected duplicate register call on object stickers 
INFO - [G] 2025-09-14 19:58:56 :: WARN  :: Draw Step :: Detected duplicate register call on object seal 
INFO - [G] 2025-09-14 19:58:56 :: WARN  :: Draw Step :: Detected duplicate register call on object debuff 
INFO - [G] 2025-09-14 19:58:56 :: WARN  :: Draw Step :: Detected duplicate register call on object center 
INFO - [G] 2025-09-14 19:58:56 :: WARN  :: Draw Step :: Detected duplicate register call on object back 
INFO - [G] 2025-09-14 19:58:56 :: DEBUG :: DefaultLogger :: [Cardsauce] Loaded hook: shaders 
INFO - [G] 2025-09-14 19:58:56 :: DEBUG :: DefaultLogger :: [Cardsauce] Loaded hook: compat 
INFO - [G] 2025-09-14 19:58:56 :: DEBUG :: DefaultLogger :: [Cardsauce] Loaded hook: music 
INFO - [G] 2025-09-14 19:58:56 :: DEBUG :: DefaultLogger :: [Cardsauce] Loaded hook: hooks/game 
INFO - [G] 2025-09-14 19:58:56 :: DEBUG :: DefaultLogger :: [Cardsauce] Loaded hook: hooks/button_callbacks 
INFO - [G] 2025-09-14 19:58:56 :: DEBUG :: DefaultLogger :: [Cardsauce] Loaded hook: hooks/card 
INFO - [G] 2025-09-14 19:58:56 :: DEBUG :: DefaultLogger :: [Cardsauce] Loaded hook: hooks/cardarea 
INFO - [G] 2025-09-14 19:58:56 :: DEBUG :: DefaultLogger :: [Cardsauce] Loaded hook: hooks/state_events 
INFO - [G] 2025-09-14 19:58:56 :: DEBUG :: DefaultLogger :: [Cardsauce] Loaded hook: hooks/common_events 
INFO - [G] 2025-09-14 19:58:56 :: DEBUG :: DefaultLogger :: [Cardsauce] Loaded hook: hooks/misc_functions 
INFO - [G] 2025-09-14 19:58:56 :: DEBUG :: DefaultLogger :: [Cardsauce] Loaded hook: hooks/UI_definitions 
INFO - [G] 2025-09-14 19:58:56 :: WARN  :: Challenge :: Detected duplicate register call on object c_jokerless_1 
INFO - [G] 2025-09-14 19:58:56 :: DEBUG :: DefaultLogger :: [Cardsauce] Loaded hook: hooks/overrides 
INFO - [G] 2025-09-14 19:58:56 :: DEBUG :: DefaultLogger :: [Cardsauce] Loaded hook: hooks/smods 
INFO - [G] 2025-09-14 19:58:56 :: DEBUG :: DefaultLogger :: [Cardsauce] Loaded hook: skins 
INFO - [G] 2025-09-14 19:58:56 :: DEBUG :: DefaultLogger :: [Cardsauce] Loaded hook: colors 
INFO - [G] 2025-09-14 19:58:56 :: WARN  :: Atlas :: Object csau_odio has the same key as an existing object, not registering. 
INFO - [G] 2025-09-14 19:58:56 :: WARN  :: Atlas :: If you want to modify an existing object, use take_ownership() 
INFO - [G] 2025-09-14 19:58:56 :: DEBUG :: DefaultLogger :: [Cardsauce] Loaded hook: items 
INFO - [G] 2025-09-14 19:58:56 :: DEBUG :: DefaultLogger :: [Cardsauce] Loaded hook: achievements 
INFO - [G] 2025-09-14 19:58:56 :: WARN  :: Atlas :: Detected duplicate register call on object draft_modicon 
INFO - [G] 2025-09-14 19:58:56 :: TRACE :: Loader :: Mod BossJokers was unable to load: Missing Dependencies: 1: Multiplayer (>=0.2.8~)

 
INFO - [G] 2025-09-14 19:58:56 :: TRACE :: Loader :: Mod cryptposting was unable to load: Missing Dependencies: 1: Cryptid

 
INFO - [G] 2025-09-14 19:58:56 :: INFO  :: TIMER :: [0002] Injected Fonts in 5.289 ms 
INFO - [G] 2025-09-14 19:58:56 :: INFO  :: TIMER :: [0000] Injected Language in 0.003 ms 
INFO - [G] 2025-09-14 19:58:56 :: DEBUG :: DefaultLogger :: BalaGay :: Successfully Gay-ified the Straights! 
INFO - [G] 2025-09-14 19:58:56 :: INFO  :: TIMER :: [0000] Injected [INTERNAL] in 1.787 ms 
INFO - [G] 2025-09-14 19:58:58 :: INFO  :: TIMER :: [0836] Injected Atlas in 2307.649 ms 
INFO - [G] 2025-09-14 19:58:59 :: INFO  :: TIMER :: [0083] Injected Sound in 166.117 ms 
INFO - [G] 2025-09-14 19:58:59 :: INFO  :: TIMER :: [0029] Injected Stake in 1.044 ms 
INFO - [G] 2025-09-14 19:58:59 :: INFO  :: TIMER :: [0000] Injected jest_Badge in 0.001 ms 
INFO - [G] 2025-09-14 19:58:59 :: INFO  :: TIMER :: [0030] Injected Rarity in 0.165 ms 
INFO - [G] 2025-09-14 19:58:59 :: INFO  :: TIMER :: [0064] Injected ObjectType in 0.991 ms 
INFO - [G] 2025-09-14 19:58:59 :: INFO  :: TIMER :: [2745] Injected Center in 26.607 ms 
INFO - [G] 2025-09-14 19:58:59 :: INFO  :: TIMER :: [0023] Injected Undiscovered Sprite in 0.073 ms 
INFO - [G] 2025-09-14 19:58:59 :: INFO  :: TIMER :: [0168] Injected Blind in 0.375 ms 
INFO - [G] 2025-09-14 19:58:59 :: INFO  :: TIMER :: [0027] Injected Seal in 0.455 ms 
INFO - [G] 2025-09-14 19:58:59 :: INFO  :: TIMER :: [0006] Injected Suit in 0.168 ms 
INFO - [G] 2025-09-14 19:58:59 :: INFO  :: TIMER :: [0013] Injected Rank in 0.144 ms 
INFO - [G] 2025-09-14 19:58:59 :: INFO  :: TIMER :: [0077] Injected DeckSkin in 0.995 ms 
INFO - [G] 2025-09-14 19:58:59 :: INFO  :: TIMER :: [0061] Injected JimboQuip in 0.142 ms 
INFO - [G] 2025-09-14 19:58:59 :: INFO  :: TIMER :: [0075] Injected PokerHand in 0.598 ms 
INFO - [G] 2025-09-14 19:58:59 :: INFO  :: TIMER :: [0072] Injected Challenge in 0.193 ms 
INFO - [G] 2025-09-14 19:58:59 :: INFO  :: TIMER :: [0074] Injected Tag in 0.453 ms 
INFO - [G] 2025-09-14 19:58:59 :: INFO  :: TIMER :: [0024] Injected Sticker in 0.341 ms 
INFO - [G] 2025-09-14 19:58:59 :: INFO  :: TIMER :: [0034] Injected Shader in 338.071 ms 
INFO - [G] 2025-09-14 19:58:59 :: INFO  :: TIMER :: [0007] Injected Keybind in 0.025 ms 
INFO - [G] 2025-09-14 19:58:59 :: INFO  :: TIMER :: [0141] Injected Achievement in 0.484 ms 
INFO - [G] 2025-09-14 19:58:59 :: INFO  :: TIMER :: [0015] Injected nil in 0.130 ms 
INFO - [G] 2025-09-14 19:58:59 :: INFO  :: TIMER :: [0002] Injected Scoring_Parameters in 0.270 ms 
INFO - [G] 2025-09-14 19:58:59 :: INFO  :: TIMER :: [0009] Injected Scoring_Calculations in 0.027 ms 
INFO - [G] 2025-09-14 19:58:59 :: INFO  :: TIMER :: [0048] Injected Draw Step in 0.242 ms 
INFO - [G] 2025-09-14 19:58:59 :: INFO  :: TIMER :: [0000] Injected [INTERNAL] in 52.608 ms 
INFO - [G] 2025-09-14 19:59:00 :: INFO  :: TIMER :: [0056] Injected AltTexture in 409.316 ms 
INFO - [G] 2025-09-14 19:59:00 :: INFO  :: TIMER :: [0016] Injected Texture Pack in 0.140 ms 
INFO - [G] 2025-09-14 19:59:00 :: INFO  :: TIMER :: [0057] Injected D6 Side in 0.360 ms 
INFO - [G] 2025-09-14 19:59:00 :: INFO  :: TIMER :: [0000] Injected TradeProfession in 0.002 ms 
INFO - [G] 2025-09-14 19:59:00 :: INFO  :: TIMER :: [0015] Injected Counter in 0.513 ms 
INFO - [G] 2025-09-14 19:59:00 :: DEBUG :: SMODS.https(1) :: Using https module backend 
INFO - [G] apply_discord_member_count called 200 {"type":0,"code":"ngqmdCHNUy","inviter":{"id":"655962983444381697","username":"doggfly","avatar":"6ea1b3d94012b6ff3c254eb491090509","discriminator":"0","public_flags":64,"flags":64,"banner":null,"accent_color":8735431,"global_name":"Dogg-Fly","avatar_decoration_data":{"asset":"a_795f81ea071513ca4394a53e009792ac","sku_id":"1413650166774366279","expires_at":1763424000},"collectibles":null,"display_name_styles":null,"banner_color":"#854ac7","clan":{"identity_guild_id":"897997649364549662","identity_enabled":true,"tag":"MDWV","badge":"c4a517cd66348c92dfd02bffd7b36ac7"},"primary_guild":{"identity_guild_id":"897997649364549662","identity_enabled":true,"tag":"MDWV","badge":"c4a517cd66348c92dfd02bffd7b36ac7"}},"expires_at":null,"id":0,"guild":{"id":"1398404149691023491","name":"Joker Forge","splash":null,"banner":null,"description":"Discord Server for the Joker Forge web app. https://jokerforge.jaydchw.com/","icon":"30e3c61e85770e38f6588d1dd59ce1c4","features":["PIN_PERMISSION_MIGRATION_COMPLETE","GUILD_ONBOARDING","MEMBER_VERIFICATION_GATE_ENABLED","NEWS","GUILD_ONBOARDING_EVER_ENABLED","COMMUNITY","SOUNDBOARD","ACTIVITY_FEED_DISABLED_BY_USER","GUILD_ONBOARDING_HAS_PROMPTS","AUTO_MODERATION","GUILD_SERVER_GUIDE"],"verification_level":2,"vanity_url_code":null,"nsfw_level":0,"nsfw":false,"premium_subscription_count":0,"premium_tier":0},"guild_id":"1398404149691023491","channel":{"id":"1398407668867137617","type":5,"name":"\ud83d\udcfc\u30fbannouncements"},"profile":{"id":"1398404149691023491","name":"Joker Forge","icon_hash":"30e3c61e85770e38f6588d1dd59ce1c4","member_count":429,"online_count":170,"description":"Discord Server for the Joker Forge web app. https://jokerforge.jaydchw.com/","brand_color_primary":"#406601","banner_hash":null,"game_application_ids":["1209665818464358430"],"game_activity":{"1209665818464358430":{"activity_level":2,"activity_score":1513}},"tag":null,"badge":0,"badge_color_primary":"#ff0000","badge_color_secondary":"#800000","badge_hash":null,"traits":[],"features":["COMMUNITY","MEMBER_VERIFICATION_GATE_ENABLED"],"visibility":1,"custom_banner_hash":null,"premium_subscription_count":0,"premium_tier":0},"approximate_member_count":429,"approximate_presence_count":170}
 
INFO - [G] Discord member count found: 429 
INFO - [G] Member count updated to: 429 
INFO - [G] [DebugPlus] Press [/] to toggle console and press [shift] + [/] to toggle new log previews 
INFO - [G] Running hook on_game_start 
INFO - [G] Running hook on_game_start 
INFO - [G] line not found
INFO - [G] file not found: main.lua: No such file or directory
INFO - [G] file not found: main.lua: No such file or directory
INFO - [G] 2025-09-14 19:59:08 :: ERROR :: StackTrace :: Oops! The game crashed
functions/common_events.lua:285: attempt to index local 'ref_table' (a nil value)
Stack Traceback
===============
(1) Lua upvalue 'orig' at file 'main.lua:612'
	Local variables:
	 msg = string: "functions/common_events.lua:285: attempt to index local 'ref_table' (a nil value)"
	 (*temporary) = Lua function '?' (defined at line 31 of chunk [SMODS _ "src/logging.lua"])
	 (*temporary) = string: "Oops! The game crashed\
"
(2) Lua local 'handler' at file 'debugplus/console.lua:606' (from lovely module debugplus.console)
	Local variables:
	 msg = string: "functions/common_events.lua:285: attempt to index local 'ref_table' (a nil value)"
(3) LÖVE metamethod at file 'boot.lua:352'
	Local variables:
	 errhand = Lua function '(LÖVE Function)' (defined at line 605 of chunk [lovely debugplus.console "debugplus/console.lua"])
	 handler = Lua function '(LÖVE Function)' (defined at line 605 of chunk [lovely debugplus.console "debugplus/console.lua"])
(4) Lua global 'ease_value' at file 'functions/common_events.lua:285'
	Local variables:
	 ref_table = nil
	 ref_value = string: "dissolve"
	 mod = number: -1
	 floored = nil
	 timer_type = nil
	 not_blockable = nil
	 delay = number: 0.9
	 ease_type = nil
	 (*temporary) = Lua function '(LÖVE Function)' (defined at line 303 of chunk [lovely handy/controls/animation_skip "modules/controls/ani)
	 (*temporary) = table: 0x1991d050  {queue_last_processed:7.1833333333333, queues:table: 0x1961d088, queue_dt:0.016666666666667, queue_timer:7.5212287871197}
	 (*temporary) = table: 0x1967e9d0  {handle:function: 0x19688c50, __index:table: 0x1967e9d0, init:function: 0x1967e9f8, __call:function: 0x19641d30, super:table: 0x19641ca8}
	 (*temporary) = table: 0x214ed0b8  {blockable:false, trigger:ease, blocking:false, ref_value:dissolve}
	 (*temporary) = boolean: false
	 (*temporary) = string: "attempt to index local 'ref_table' (a nil value)"
(5) Lua field 'func' at file 'game.lua:1754'
(6) Lua method 'handle' at file 'engine/event.lua:57'
	Local variables:
	 self = table: 0x21ee4a70  {start_timer:true, timer:TOTAL, blockable:false, trigger:after, func:function: 0x21ee4a10, delay:0.5, complete:false, time:12.06400006114, blocking:false (more...)}
	 _results = table: 0x1f230330  {blocking:false, pause_skip:false, time_done:true, completed:false}
(7) Lua method 'update' at file 'engine/event.lua:187'
	Local variables:
	 self = table: 0x1991d050  {queue_last_processed:7.1833333333333, queues:table: 0x1961d088, queue_dt:0.016666666666667, queue_timer:7.5212287871197}
	 dt = number: 0.0166903
	 forced = nil
	 (for generator) = C function: next
	 (for state) = table: 0x1961d088  {unlock:table: 0x1971f800, other:table: 0x19a53458, tutorial:table: 0x19bafcd0, akyrs_desc:table: 0x19b05c38, base:table: 0x1983ccd8, achievement:table: 0x198cf640 (more...)}
	 (for control) = number: nan
	 k = string: "base"
	 v = table: 0x1983ccd8  {1:table: 0x21edab60, 2:table: 0x21edad20, 3:table: 0x21edb1f8, 4:table: 0x21edb248, 5:table: 0x21edbb98, 6:table: 0x21edbbe8, 7:table: 0x21edc540 (more...)}
	 blocked = boolean: false
	 i = number: 12
	 results = table: 0x1f230330  {blocking:false, pause_skip:false, time_done:true, completed:false}
(8) Lua upvalue 'gameUpdateRef' at file 'game.lua:2865'
	Local variables:
	 self = table: 0x196d1910  {F_GUIDE:false, F_CRASH_REPORTS:false, F_QUIT_BUTTON:true, F_ENGLISH_ONLY:false, counter_numbers_pcards:table: 0x21ea9ac8, sort_id:60, F_DISCORD:true (more...)}
	 dt = number: 0.0166903
	 http_resp = nil
(9) Lua upvalue 'update_ref' at Steamodded file 'src/ui.lua:124' 
	Local variables:
	 self = table: 0x196d1910  {F_GUIDE:false, F_CRASH_REPORTS:false, F_QUIT_BUTTON:true, F_ENGLISH_ONLY:false, counter_numbers_pcards:table: 0x21ea9ac8, sort_id:60, F_DISCORD:true (more...)}
	 dt = number: 0.0166903
(10) Lua upvalue 'upd' at file 'main.lua:1733'
	Local variables:
	 self = table: 0x196d1910  {F_GUIDE:false, F_CRASH_REPORTS:false, F_QUIT_BUTTON:true, F_ENGLISH_ONLY:false, counter_numbers_pcards:table: 0x21ea9ac8, sort_id:60, F_DISCORD:true (more...)}
	 dt = number: 0.0166903
(11) Lua upvalue 'bunc_original_game_update' at file 'main.lua:2597'
	Local variables:
	 self = table: 0x196d1910  {F_GUIDE:false, F_CRASH_REPORTS:false, F_QUIT_BUTTON:true, F_ENGLISH_ONLY:false, counter_numbers_pcards:table: 0x21ea9ac8, sort_id:60, F_DISCORD:true (more...)}
	 dt = number: 0.0166903
(12) Lua upvalue 'gameUpdate' at file 'Bunco.lua:1055' (from mod with id Bunco)
	Local variables:
	 self = table: 0x196d1910  {F_GUIDE:false, F_CRASH_REPORTS:false, F_QUIT_BUTTON:true, F_ENGLISH_ONLY:false, counter_numbers_pcards:table: 0x21ea9ac8, sort_id:60, F_DISCORD:true (more...)}
	 dt = number: 0.0166903
(13) Lua upvalue 'upd' at file './modules/hooks/general.lua:103' (from mod with id aikoyorisshenanigans)
	Local variables:
	 self = table: 0x196d1910  {F_GUIDE:false, F_CRASH_REPORTS:false, F_QUIT_BUTTON:true, F_ENGLISH_ONLY:false, counter_numbers_pcards:table: 0x21ea9ac8, sort_id:60, F_DISCORD:true (more...)}
	 dt = number: 0.0166903
(14) Lua upvalue 'upd' at file 'includes/hooks/game.lua:81' (from mod with id Cardsauce)
	Local variables:
	 self = table: 0x196d1910  {F_GUIDE:false, F_CRASH_REPORTS:false, F_QUIT_BUTTON:true, F_ENGLISH_ONLY:false, counter_numbers_pcards:table: 0x21ea9ac8, sort_id:60, F_DISCORD:true (more...)}
	 dt = number: 0.0166903
(15) Lua upvalue 'upd' at file 'items/vhs/rentafriend.lua:72' (from mod with id Cardsauce)
	Local variables:
	 self = table: 0x196d1910  {F_GUIDE:false, F_CRASH_REPORTS:false, F_QUIT_BUTTON:true, F_ENGLISH_ONLY:false, counter_numbers_pcards:table: 0x21ea9ac8, sort_id:60, F_DISCORD:true (more...)}
	 dt = number: 0.0166903
(16) Lua method 'update' at file 'items/decks.lua:99' (from mod with id draft)
	Local variables:
	 self = table: 0x196d1910  {F_GUIDE:false, F_CRASH_REPORTS:false, F_QUIT_BUTTON:true, F_ENGLISH_ONLY:false, counter_numbers_pcards:table: 0x21ea9ac8, sort_id:60, F_DISCORD:true (more...)}
	 dt = number: 0.0166903
(17) Lua upvalue 'love_update_ref' at file 'main.lua:1013'
	Local variables:
	 dt = number: 0.0166903
(18) Lua upvalue 'oldupd' at file 'modules/controller.lua:1084' (from lovely module handy/controller)
	Local variables:
	 dt = number: 0.0166903
(19) Lua upvalue 'loveUpdateReference' at file 'main.lua:2630'
	Local variables:
	 dt = number: 0.0166903
(20) Lua upvalue 'loveUpdateRef' at file 'items/jokers/speen.lua:74' (from mod with id Cardsauce)
	Local variables:
	 dt = number: 0.0166903
(21) Lua field 'update' at file 'items/jokers/tetris.lua:58' (from mod with id Cardsauce)
	Local variables:
	 dt = number: 0.0166903
(22) Lua function '?' at file 'main.lua:950' (best guess)
(23) global C function 'xpcall'
(24) LÖVE function at file 'boot.lua:377' (best guess)
	Local variables:
	 func = Lua function '?' (defined at line 921 of chunk main.lua)
	 inerror = boolean: true
	 deferErrhand = Lua function '(LÖVE Function)' (defined at line 348 of chunk [love "boot.lua"])
	 earlyinit = Lua function '(LÖVE Function)' (defined at line 355 of chunk [love "boot.lua"])
 
INFO - [G] file not found: main.lua: No such file or directory
INFO - [G] file not found: main.lua: No such file or directory
INFO - [G] 2025-09-14 19:59:08 :: INFO  :: StackTrace :: Additional Context:
Balatro Version: 1.0.1o-FULL
Modded Version: 1.0.0~BETA-0827c-STEAMODDED
LÖVE Version: 11.5.0
Lovely Version: 0.8.0
Platform: Windows
Steamodded Mods:
    1: Bakery by BakersDozenBagels [ID: Bakery, Version: 2.20.2, Uses Lovely]
    2: Betmma Voucher Pack by Betmma, nicholassam6425 [ID: BetmmaVoucherPack]
    3: Talisman by MathIsFun_, Mathguy24, jenwalter666, cg-223, lord.ruby [ID: Talisman, Version: 2.5, Uses Lovely]
        Break Infinity: omeganum
    4: All in Jest by Nevernamed, survivalaiden, RattlingSnow353 [ID: allinjest, Priority: 9999, Version: 0.5.2]
    5: More Speed by Steamo [ID: MoreSpeed]
    6: Balatro CC by BKM [ID: BalatroCCPack, Version: 0.1.3]
    7: D6 Jokers by ItsFlowwey [ID: D6Joker, Priority: -100, Version: 0.7.22, Uses Lovely]
    8: Deluxe Consumables by JeffVi [ID: JeffDeluxeConsumablesPack, Priority: 1000, Version: 1.0.1, Uses Lovely]
    9: Challenger Examples by Opal, wingedcatgirl [ID: ChEx, Version: 1.1.0]
    10: Ratatin Gaming Deck by Celestin Gaming [ID: RatatinGamingDeck, Version: 1.0.0]
    11: ColorSplashed by TheSocialZombie [ID: PMCS, Version: 1.1.0, Uses Lovely]
    12: DebugPlus by WilsontheWolf [ID: DebugPlus, Version: 1.5.1, Uses Lovely]
    13: Better Vouchers This Run UI by Betmma [ID: BetterVouchersThisRunUI]
    14: Blueprint by stupxd aka stupid, Jonathan [ID: blueprint, Priority: 69, Version: 3.3, Uses Lovely]
    15: BalatroDarkModeMalverk by Carroton [ID: darktextures, Version: 1.2.0]
    16: Arashicoolstuff by Arashi fox [ID: arashicoolstuff, Version: 3.0.0]
    17: A Jolly Expansion by DrFuff [ID: jollimod, Version: 1.0.1]
    18: AbsentDealer by Absent Abigail [ID: absentdealer, Version: 1.3.2, Uses Lovely]
    19: Bunco by Firch, RENREN, Peas, minichibis, J.D., Guwahavel, Ciirulean, ejwu [ID: Bunco, Priority: -1, Version: 5.4.7a~JumboFork, Uses Lovely]
    20: Black Seal by Infarctus, Riosodu [ID: black_seal, Version: 3.3.4]
    21: Cokelatro by cokeblock [ID: cokelatro, Priority: 1, Version: 0.6.8]
    22: Betmma Abilities by Betmma [ID: BetmmaAbilities, Version: 1.0.3.18(20250412)]
    23: Deck Creator by Nyoxide [ID: ADeckCreatorModule]
    24: EasternFarmer's corner by EasternFarmer [ID: EasternFarmers_corner, Priority: 1, Version: 1.0.2]
    25: Celestial Funk by Lime_Effy [ID: celestial_funk_limeeffy, Version: 1.0.0]
    26: Balajeweled by ARandomTank7 [ID: balajeweled, Version: 0.1.3a]
    27: Buffoonery by PinkMaggit [ID: Buffoonery, Version: 1.2.2, Uses Lovely]
    28: 5 legendary challenges by Betmma [ID: legendaryChallenges]
    29: DeckSkinsLite by Keku [ID: DeckSkinsLite, Priority: 1e+15, Version: 2.0]
    30: Colorblind Seals by Martin Kauppinen [ID: ColorblindSeals, Version: 1.0.1]
    31: Betmma Jokers by Betmma [ID: BetmmaJokers]
    32: Baldatro by SirMaiquis [ID: Baldatro, Version: 1.2.0]
    33: Collabs reimagined by Auto Watto and RS_Mind [ID: mod_custom_collabs_deck, Version: 1.0.1]
    34: Drafting by spire_winder [ID: draft, Priority: 100000, Version: 0.5.2]
    35: Riosodu Commons by Riosodu [ID: riosodu_shared, Priority: -1, Version: 1.2.3]
    36: Brainstorm by OceanRamen [ID: Brainstorm, Version: 2.0.0-beta, Uses Lovely]
    37: BalatroDarkModeExtras by Carroton [ID: BalatroDarkMode, Version: 1.2.0]
    38: Condensed UI by Hoversquid [ID: Condensed_UI, Priority: 3, Version: 1.0.0, Uses Lovely]
    39: Balatro Goes Kino by IcyEthics [ID: kino, Priority: 1000, Version: 0.10.3, Uses Lovely]
    40: Malverk by Eremel_ [ID: malverk, Priority: -999999, Version: 1.1.3a, Uses Lovely]
    41: Azazel's Jokers by Starlet Devil [ID: AzzysJokers, Version: 2.0.1, Uses Lovely]
    42: Betmma Spells by Betmma [ID: BetmmaSpells, Version: 0.1.9.3(20250202)]
    43: DismissAlert by Breezebuilder [ID: DismissAlert, Priority: 100, Version: 1.0.0, Uses Lovely]
    44: Aikoyori Paint Job by Aikoyori [ID: aikoyoripaintjob, Version: 1.0.0]
    45: CuriJokers by Joseph and Balatro fans [ID: CuriJokers, Version: 1.2]
    46: Aikoyori's Shenanigans by Aikoyori [ID: aikoyorisshenanigans, Priority: 700, Version: 0.2.0-alpha-250909d, Uses Lovely]
        Balance: absurd
    47: Betmma Vouchers by Betmma [ID: BetmmaVouchers, Priority: -1, Version: 3.0.2.3(20250519)]
    48: Handy by SleepyG11 [ID: Handy, Version: 1.5.1i, Uses Lovely]
    49: Another Stupid Balatro Mod by Doggfly [ID: anotherstupidbalatromod, Priority: -9000, Version: 3.6]
    50: Cardsauce by BarrierTrio/Gote, Keku, & TheWinterComet [ID: Cardsauce, Priority: 49000, Version: 2.1.2, Uses Lovely]
    51: Credit Library by colonthreeing [ID: libcredit, Priority: -100, Version: 0.4.1]
    52: BalaQuints by Lumine [ID: BalaQuints, Version: 1.1]
    53: Better Mouse And Gamepad by Kooluve [ID: BetterMouseAndGamepad, Priority: -10000, Version: 1.0.6d]
    54: Card Sleeves by Larswijn [ID: CardSleeves, Priority: -10, Version: 1.8.0, Uses Lovely]
    55: Cartomancer by stupxd aka stupid [ID: cartomancer, Priority: 69, Version: 4.16, Uses Lovely]
    56: Casey by cat.bread [ID: casey_cat, Version: 1.0.0]
    57: Challenger Deep by Opal [ID: ChDp, Priority: 10, Version: 1.4.2, Uses Lovely]
    58: Colored Suit Tarots by ywssp [ID: ColoredSuitTarots, Version: 4.1.1]
    59: Binding of Isaac Tarot by Zamos [ID: isaac_tarot, Version: 1.0.0]
    60: Cruel Blinds by mathguy [ID: CBL, Version: 1.4.5a, Uses Lovely]
    61: Custom Suit Order by DigitalDetective47 [ID: SuitOrder, Priority: 1.79e+308, Version: 1.0.2]
    62: BalaGay by Nether [ID: balagay]
    63: AMY's Waifus by AMY [ID: Amys_Waifus, Version: 1.4.2]
    64: Bad Apple Joker by JamestheJellyfish [ID: BadApple]
    65: !BooBooBalatro! by JakeyBooBoo [ID: bb, Priority: 1312, Version: 0.2.2.2~25w24c, Uses Lovely]
Lovely Mods:
    1: BetmmaMods 
