INFO - [♥] Lovely 0.8.0
INFO - [♥] Game directory is at "C:\\Program Files (x86)\\Steam\\steamapps\\common\\Balatro"
INFO - [♥] Writing logs to "C:\\Users\\evan\\AppData\\Roaming\\Balatro\\Mods\\lovely\\log"
INFO - [♥] Using mod directory at "C:\\Users\\evan\\AppData\\Roaming\\Balatro\\Mods"
INFO - [♥] Found .lovelyignore in 'CardSleeves', skipping it.
INFO - [♥] Found .lovelyignore in 'Cryptid', skipping it.
INFO - [♥] Found .lovelyignore in 'DebugPlus', skipping it.
INFO - [♥] Found .lovelyignore in 'MoreFluff', skipping it.
INFO - [♥] Found .lovelyignore in 'Saturn', skipping it.
INFO - [♥] Found .lovelyignore in 'Talisman', skipping it.
INFO - [♥] Found .lovelyignore in 'Yorick', skipping it.
WARN - [♥] Unknown key `patches.1.?.match_indent` found in patch file at "C:\\Users\\evan\\AppData\\Roaming\\Balatro\\Mods\\Cartomancer\\lovely\\blinds-info.toml", ignoring it
WARN - [♥] Unknown key `patches.2.?.match_indent` found in patch file at "C:\\Users\\evan\\AppData\\Roaming\\Balatro\\Mods\\Cartomancer\\lovely\\stackable-deck-steamodded.toml", ignoring it
WARN - [♥] Unknown key `patches.4.?.match_indent` found in patch file at "C:\\Users\\evan\\AppData\\Roaming\\Balatro\\Mods\\Cartomancer\\lovely\\stackable-deck-steamodded.toml", ignoring it
WARN - [♥] Unknown key `patches.6.?.match_indent` found in patch file at "C:\\Users\\evan\\AppData\\Roaming\\Balatro\\Mods\\Cartomancer\\lovely\\stackable-deck-steamodded.toml", ignoring it
WARN - [♥] Unknown key `patches.1.?.match_indent` found in patch file at "C:\\Users\\evan\\AppData\\Roaming\\Balatro\\Mods\\HandyBalatro\\lovely\\controls_misc.toml", ignoring it
WARN - [♥] Unknown key `patches.1.?.overwrite` found in patch file at "C:\\Users\\evan\\AppData\\Roaming\\Balatro\\Mods\\HandyBalatro\\lovely\\controls_misc.toml", ignoring it
WARN - [♥] Unknown key `patches.0.?.overwrite` found in patch file at "C:\\Users\\evan\\AppData\\Roaming\\Balatro\\Mods\\HandyBalatro\\lovely\\controls_show_deck_preview.toml", ignoring it
INFO - [♥] Cleaning up dumps directory at "C:\\Users\\evan\\AppData\\Roaming\\Balatro\\Mods\\lovely\\dump"
INFO - [♥] Initialization complete in 50ms
WARN - [♥] Pattern 'assert(load(nfs.read(Saturn.PATH .. \"/core/logic/hide_played.lua\")))()' on target 'main.lua' for pattern patch from Cartomancer\lovely\saturn-compat.toml resulted in no matches
WARN - [♥] Pattern 'modded and {' on target 'main.lua' for pattern patch from Cartomancer\lovely\stackable-deck-steamodded-0.9.8.toml resulted in no matches
INFO - [♥] Applied 15 patches to 'main.lua'
INFO - [♥] Applied 9 patches to 'engine/controller.lua'
INFO - [♥] Applied 15 patches to 'back.lua'
INFO - [♥] Applied 7 patches to 'tag.lua'
INFO - [♥] Applied 1 patch to 'engine/event.lua'
INFO - [♥] Applied 2 patches to 'engine/moveable.lua'
INFO - [♥] Applied 2 patches to 'engine/sprite.lua'
INFO - [♥] Applied 2 patches to 'engine/animatedsprite.lua'
INFO - [♥] Applied 68 patches to 'functions/misc_functions.lua'
INFO - [♥] Applied 44 patches to 'game.lua'
INFO - [♥] Applied 1 patch to 'globals.lua'
WARN - [♥] Pattern 'self.config.chosen = true' on target 'engine/ui.lua' for pattern patch from Cartomancer\lovely\vanilla-ui.toml resulted in no matches
INFO - [♥] Applied 6 patches to 'engine/ui.lua'
INFO - [♥] Applied 112 patches to 'functions/UI_definitions.lua'
WARN - [♥] Pattern 'if effects[ii].card then' on target 'functions/state_events.lua' for pattern patch from HandyBalatro\lovely\controls_animation_skip.toml resulted in no matches
INFO - [♥] Applied 50 patches to 'functions/state_events.lua'
WARN - [♥] Pattern 'func = (function() if eval_func(card) then if not first or first then card:juice_up(0.1, 0.1) end;juice_card_until(card, eval_func, nil, 0.8) end return true end)' on target 'functions/common_events.lua' for pattern patch from HandyBalatro\lovely\controls_animation_skip.toml resulted in no matches
WARN - [♥] Pattern 'func = (function() if eval_func(card) then if not first or first then card:juice_up(0.1, 0.1) end;juice_card_until(card, eval_func, nil, 0.8) end return true end)' on target 'functions/common_events.lua' for pattern patch from HandyBalatro\lovely\controls_animation_skip.toml resulted in no matches
INFO - [♥] Applied 124 patches to 'functions/common_events.lua'
INFO - [♥] Applied 60 patches to 'functions/button_callbacks.lua'
INFO - [♥] Applied 191 patches to 'card.lua'
INFO - [♥] Applied 18 patches to 'cardarea.lua'
INFO - [♥] Applied 38 patches to 'blind.lua'
INFO - [♥] Applied 2 patches to 'engine/text.lua'
WARN - [♥] Pattern 'card_limit = #SUITS[suit_map[j]],' on target '=[SMODS _ "src/overrides.lua"]' for pattern patch from Cartomancer\lovely\stackable-deck-steamodded.toml resulted in no matches
WARN - [♥] Pattern 'card_limit = #SUITS[visible_suit[j]],' on target '=[SMODS _ "src/overrides.lua"]' for pattern patch from Cartomancer\lovely\stackable-deck-steamodded.toml resulted in no matches
WARN - [♥] Regex '\t\t\tfor i = 1\\, \\#SUITS\\[suit_map\\[j\\]\\] do\n\t\t\t\tif SUITS\\[suit_map\\[j\\]\\]\\[i\\] then\n\t\t\t\t\tlocal greyed\\, _scale = nil\\, 0\\.7\n\t\t\t\t\tif unplayed_only and not \\(\\(SUITS\\[suit_map\\[j\\]\\]\\[i\\]\\.area and SUITS\\[suit_map\\[j\\]\\]\\[i\\]\\.area == G\\.deck\\) or SUITS\\[suit_map\\[j\\]\\]\\[i\\]\\.ability\\.wheel_flipped\\) then\n\t\t\t\t\t\tgreyed = true\n\t\t\t\t\tend\n\t\t\t\t\tlocal copy = copy_card\\(SUITS\\[suit_map\\[j\\]\\]\\[i\\]\\, nil\\, _scale[^\\)\\n]*\\)\n\t\t\t\t\tcopy\\.greyed = greyed\n\t\t\t\t\tcopy\\.T\\.x = view_deck\\.T\\.x \\+ view_deck\\.T\\.w \\/ 2\n\t\t\t\t\tcopy\\.T\\.y = view_deck\\.T\\.y\n\n\t\t\t\t\tcopy:hard_set_T\\(\\)\n\t\t\t\t\tview_deck:emplace\\(copy\\)\n\t\t\t\tend\n\t\t\tend' on target '=[SMODS _ "src/overrides.lua"]' for regex patch from Cartomancer\lovely\stackable-deck-steamodded.toml resulted in no matches
INFO - [♥] Applied 5 patches to '=[SMODS _ "src/overrides.lua"]'
INFO - [G] Failed to connect to the debug server
INFO - [G] 2025-09-10 08:05:05 :: DEBUG :: DebugConsole :: Steamodded Debug Socket started !
INFO - [G] 2025-09-10 08:05:05 :: INFO  :: SMODS :: Steamodded v1.0.0~BETA-0711a
INFO - [G] Order not set for config dictionary: misc_quick_restart
INFO - [G] Order not set for config dictionary: speed_multiplier_default_value
INFO - [G] Order not set for config dictionary: misc_save_run
INFO - [G] Order not set for config dictionary: animation_skip_default_value
INFO - [♥] Applied 9 patches to 'engine/sound_manager.lua'
INFO - [♥] Applied 1 patch to 'engine/save_manager.lua'
INFO - [G] 2025-09-10 08:05:06 :: INFO  :: Loader :: Valid JSON file found
INFO - [G] 2025-09-10 08:05:06 :: TRACE :: Loader :: Processing Mod file (Legacy header): mod.lua
INFO - [G] 2025-09-10 08:05:06 :: TRACE :: Loader :: Saving Mod Info: cartomancer
INFO - [G] 2025-09-10 08:05:06 :: INFO  :: Loader :: Valid JSON file found
INFO - [G] 2025-09-10 08:05:06 :: INFO  :: Loader :: Valid JSON file found
INFO - [G] 2025-09-10 08:05:06 :: INFO  :: Loader :: Valid JSON file found
INFO - [G] 2025-09-10 08:05:06 :: TRACE :: Loader :: Processing Mod file (Legacy header): steamodded.lua
INFO - [G] 2025-09-10 08:05:06 :: WARN  :: Loader :: Duplicate Mod ID: Handy
INFO - [G] 2025-09-10 08:05:06 :: TRACE :: Loader :: Processing Mod file (Legacy header): MoreFluff.lua
INFO - [G] 2025-09-10 08:05:06 :: TRACE :: Loader :: Saving Mod Info: MoreFluff
INFO - [G] 2025-09-10 08:05:06 :: INFO  :: Loader :: Valid JSON file found
INFO - [G] 2025-09-10 08:05:06 :: TRACE :: Loader :: Processing Mod file (Legacy header): MoreSpeeds.lua
INFO - [G] 2025-09-10 08:05:06 :: TRACE :: Loader :: Saving Mod Info: MoreSpeed
INFO - [G] 2025-09-10 08:05:06 :: ERROR :: Loader :: Found invalid metadata JSON file at C:\Users\evan\AppData\Roaming\Balatro\Mods/Steamopollys-MoreSpeed-0.8.2/manifest.json, ignoring: [SMODS _ "src/loader.lua"]:226: id
INFO - [G] 2025-09-10 08:05:06 :: TRACE :: Loader :: Processing Mod file (Legacy header): steamodded_metadata.lua
INFO - [G] 2025-09-10 08:05:06 :: TRACE :: Loader :: Saving Mod Info: Talisman
INFO - [G] 2025-09-10 08:05:06 :: INFO  :: Loader :: Valid JSON file found
INFO - [G] 2025-09-10 08:05:06 :: TRACE :: Loader :: Mod CardSleeves was unable to load: 
INFO - [G] 2025-09-10 08:05:06 :: TRACE :: Loader :: Mod DebugPlus was unable to load: 
INFO - [G] 2025-09-10 08:05:06 :: TRACE :: Loader :: Mod MoreFluff was unable to load: 
INFO - [G] 2025-09-10 08:05:06 :: TRACE :: Loader :: Mod Saturn was unable to load: 
INFO - [G] 2025-09-10 08:05:06 :: TRACE :: Loader :: Mod Talisman was unable to load: 
INFO - [G] 2025-09-10 08:05:06 :: TRACE :: Loader :: Mod yorick was unable to load: 
INFO - [G] 2025-09-10 08:05:06 :: TRACE :: Loader :: Mod Cryptid was unable to load: Missing Dependencies: 1: Talisman (>=2.2.0a)


INFO - [G] 2025-09-10 08:05:06 :: INFO  :: TIMER :: [0000] Injected Fonts in 0.002 ms
INFO - [G] 2025-09-10 08:05:06 :: INFO  :: TIMER :: [0000] Injected Language in 0.002 ms
INFO - [G] 2025-09-10 08:05:06 :: INFO  :: TIMER :: [0000] Injected [INTERNAL] in 2.040 ms
INFO - [G] 2025-09-10 08:05:07 :: INFO  :: TIMER :: [0003] Injected Atlas in 176.657 ms
INFO - [G] 2025-09-10 08:05:07 :: INFO  :: TIMER :: [0001] Injected Sound in 0.151 ms
INFO - [G] 2025-09-10 08:05:07 :: INFO  :: TIMER :: [0008] Injected Stake in 0.242 ms
INFO - [G] 2025-09-10 08:05:07 :: INFO  :: TIMER :: [0004] Injected Rarity in 0.030 ms
INFO - [G] 2025-09-10 08:05:07 :: INFO  :: TIMER :: [0004] Injected ObjectType in 0.054 ms
INFO - [G] 2025-09-10 08:05:07 :: INFO  :: TIMER :: [0050] Injected Center in 0.468 ms
INFO - [G] 2025-09-10 08:05:07 :: INFO  :: TIMER :: [0007] Injected Undiscovered Sprite in 0.023 ms
INFO - [G] 2025-09-10 08:05:07 :: INFO  :: TIMER :: [0002] Injected Blind in 0.049 ms
INFO - [G] 2025-09-10 08:05:07 :: INFO  :: TIMER :: [0004] Injected Seal in 0.234 ms
INFO - [G] 2025-09-10 08:05:07 :: INFO  :: TIMER :: [0004] Injected Suit in 0.159 ms
INFO - [G] 2025-09-10 08:05:07 :: INFO  :: TIMER :: [0013] Injected Rank in 0.158 ms
INFO - [G] 2025-09-10 08:05:07 :: INFO  :: TIMER :: [0028] Injected DeckSkin in 0.216 ms
INFO - [G] 2025-09-10 08:05:07 :: INFO  :: TIMER :: [0012] Injected PokerHand in 0.164 ms
INFO - [G] 2025-09-10 08:05:07 :: INFO  :: TIMER :: [0020] Injected Challenge in 0.096 ms
INFO - [G] 2025-09-10 08:05:07 :: INFO  :: TIMER :: [0000] Injected Tag in 0.001 ms
INFO - [G] 2025-09-10 08:05:07 :: INFO  :: TIMER :: [0004] Injected Sticker in 0.299 ms
INFO - [G] 2025-09-10 08:05:07 :: INFO  :: TIMER :: [0000] Injected Shader in 0.002 ms
INFO - [G] 2025-09-10 08:05:07 :: INFO  :: TIMER :: [0002] Injected Keybind in 0.014 ms
INFO - [G] 2025-09-10 08:05:07 :: INFO  :: TIMER :: [0000] Injected Achievement in 0.072 ms
INFO - [G] 2025-09-10 08:05:07 :: INFO  :: TIMER :: [0002] Injected nil in 0.039 ms
INFO - [G] 2025-09-10 08:05:07 :: INFO  :: TIMER :: [0021] Injected Draw Step in 0.175 ms
INFO - [G] 2025-09-10 08:05:07 :: INFO  :: TIMER :: [0000] Injected [INTERNAL] in 2.144 ms
