INFO - [♥] Lovely 0.8.0
INFO - [♥] Game directory is at "C:\\Program Files (x86)\\Steam\\steamapps\\common\\Balatro"
INFO - [♥] Writing logs to "C:\\Users\\evan\\AppData\\Roaming\\Balatro\\Mods\\lovely\\log"
INFO - [♥] Using mod directory at "C:\\Users\\evan\\AppData\\Roaming\\Balatro\\Mods"
INFO - [♥] Found .lovelyignore in 'Cryptid', skipping it.
INFO - [♥] Found .lovelyignore in 'MoreFluff', skipping it.
INFO - [♥] Found .lovelyignore in 'Rofflatro', skipping it.
INFO - [♥] Found .lovelyignore in 'Saturn', skipping it.
INFO - [♥] Found .lovelyignore in 'Talisman', skipping it.
INFO - [♥] Found .lovelyignore in 'Yorick', skipping it.
WARN - [♥] Unknown key `patches.1.?.match_indent` found in patch file at "C:\\Users\\evan\\AppData\\Roaming\\Balatro\\Mods\\Cartomancer\\lovely\\blinds-info.toml", ignoring it
WARN - [♥] Unknown key `patches.2.?.match_indent` found in patch file at "C:\\Users\\evan\\AppData\\Roaming\\Balatro\\Mods\\Cartomancer\\lovely\\stackable-deck-steamodded.toml", ignoring it
WARN - [♥] Unknown key `patches.4.?.match_indent` found in patch file at "C:\\Users\\evan\\AppData\\Roaming\\Balatro\\Mods\\Cartomancer\\lovely\\stackable-deck-steamodded.toml", ignoring it
WARN - [♥] Unknown key `patches.6.?.match_indent` found in patch file at "C:\\Users\\evan\\AppData\\Roaming\\Balatro\\Mods\\Cartomancer\\lovely\\stackable-deck-steamodded.toml", ignoring it
WARN - [♥] Unknown key `patches.1.?.match_indent` found in patch file at "C:\\Users\\evan\\AppData\\Roaming\\Balatro\\Mods\\HandyBalatro\\lovely\\controls_misc.toml", ignoring it
WARN - [♥] Unknown key `patches.1.?.overwrite` found in patch file at "C:\\Users\\evan\\AppData\\Roaming\\Balatro\\Mods\\HandyBalatro\\lovely\\controls_misc.toml", ignoring it
WARN - [♥] Unknown key `patches.0.?.overwrite` found in patch file at "C:\\Users\\evan\\AppData\\Roaming\\Balatro\\Mods\\HandyBalatro\\lovely\\controls_show_deck_preview.toml", ignoring it
INFO - [♥] Cleaning up dumps directory at "C:\\Users\\evan\\AppData\\Roaming\\Balatro\\Mods\\lovely\\dump"
INFO - [♥] Initialization complete in 85ms
INFO - [♥] Applied 1 patch to 'conf.lua'
WARN - [♥] Pattern 'assert(load(nfs.read(Saturn.PATH .. \"/core/logic/hide_played.lua\")))()' on target 'main.lua' for pattern patch from Cartomancer\lovely\saturn-compat.toml resulted in no matches
WARN - [♥] Pattern 'modded and {' on target 'main.lua' for pattern patch from Cartomancer\lovely\stackable-deck-steamodded-0.9.8.toml resulted in no matches
INFO - [♥] Applied 18 patches to 'main.lua'
INFO - [♥] Applied 16 patches to 'engine/controller.lua'
INFO - [♥] Applied 16 patches to 'back.lua'
INFO - [♥] Applied 7 patches to 'tag.lua'
INFO - [♥] Applied 1 patch to 'engine/event.lua'
INFO - [♥] Applied 3 patches to 'engine/moveable.lua'
INFO - [♥] Applied 2 patches to 'engine/sprite.lua'
INFO - [♥] Applied 2 patches to 'engine/animatedsprite.lua'
INFO - [♥] Applied 71 patches to 'functions/misc_functions.lua'
WARN - [♥] Pattern 'self.GAME.pseudorandom.seed = hash_seed(self.GAME.pseudorandom.seed)' on target 'game.lua' for pattern patch from Multiplayer\lovely\TheOrder.toml resulted in no matches
WARN - [♥] Pattern 'if not saveTable then\n    if args.seed then self.GAME.seeded = true end\n    self.GAME.pseudorandom.seed = args.seed or (not (G.SETTINGS.tutorial_complete or G.SETTINGS.tutorial_progress.completed_parts[\'big_blind\']) and \"TUTORIAL\") or generate_starting_seed()\nend\n\nfor k, v in pairs(self.GAME.pseudorandom) do if v == 0 then self.GAME.pseudorandom[k] = pseudohash(k..self.GAME.pseudorandom.seed) end end\nself.GAME.pseudorandom.hashed_seed = pseudohash(self.GAME.pseudorandom.seed)\n' on target 'game.lua' for pattern patch from CardSleeves\lovely\expected_to_match.toml resulted in no matches
INFO - [♥] Applied 58 patches to 'game.lua'
INFO - [♥] Applied 2 patches to 'globals.lua'
WARN - [♥] Pattern 'self.config.chosen = true' on target 'engine/ui.lua' for pattern patch from Cartomancer\lovely\vanilla-ui.toml resulted in no matches
INFO - [♥] Applied 6 patches to 'engine/ui.lua'
INFO - [♥] Applied 132 patches to 'functions/UI_definitions.lua'
WARN - [♥] Pattern 'if effects[ii].card then' on target 'functions/state_events.lua' for pattern patch from HandyBalatro\lovely\controls_animation_skip.toml resulted in no matches
INFO - [♥] Applied 55 patches to 'functions/state_events.lua'
WARN - [♥] Pattern 'func = (function() if eval_func(card) then if not first or first then card:juice_up(0.1, 0.1) end;juice_card_until(card, eval_func, nil, 0.8) end return true end)' on target 'functions/common_events.lua' for pattern patch from HandyBalatro\lovely\controls_animation_skip.toml resulted in no matches
WARN - [♥] Pattern 'func = (function() if eval_func(card) then if not first or first then card:juice_up(0.1, 0.1) end;juice_card_until(card, eval_func, nil, 0.8) end return true end)' on target 'functions/common_events.lua' for pattern patch from HandyBalatro\lovely\controls_animation_skip.toml resulted in no matches
WARN - [♥] Pattern '''
WARN - [♥]         attention_text({
WARN - [♥]           text = text..tostring(math.abs(mod)),''' on target 'functions/common_events.lua' for pattern patch from Multiplayer\lovely\decks.toml resulted in 3 matches, wanted 1
WARN - [♥] Ignoring excess matches
INFO - [♥] Applied 141 patches to 'functions/common_events.lua'
WARN - [♥] Pattern 'if #G.hand.highlighted <= 0 or G.GAME.blind.block_play or #G.hand.highlighted > 5 then' on target 'functions/button_callbacks.lua' for pattern patch from CardSleeves\lovely\expected_to_fail.toml resulted in no matches
INFO - [♥] Applied 63 patches to 'functions/button_callbacks.lua'
WARN - [♥] Regex 'self.params.viewed_back and G.GAME.viewed_back or G.GAME.selected_back' on target 'card.lua' for regex patch from CardSleeves\lovely\expected_to_fail.toml resulted in no matches
INFO - [♥] Applied 207 patches to 'card.lua'
INFO - [♥] Applied 20 patches to 'cardarea.lua'
INFO - [♥] Applied 38 patches to 'blind.lua'
INFO - [♥] Applied 2 patches to 'engine/text.lua'
INFO - [♥] Applied 3 patches to '=[SMODS _ "src/utils.lua"]'
WARN - [♥] Pattern 'card_limit = #SUITS[suit_map[j]],' on target '=[SMODS _ "src/overrides.lua"]' for pattern patch from Cartomancer\lovely\stackable-deck-steamodded.toml resulted in no matches
WARN - [♥] Pattern 'card_limit = #SUITS[visible_suit[j]],' on target '=[SMODS _ "src/overrides.lua"]' for pattern patch from Cartomancer\lovely\stackable-deck-steamodded.toml resulted in no matches
WARN - [♥] Regex '\t\t\tfor i = 1\\, \\#SUITS\\[suit_map\\[j\\]\\] do\n\t\t\t\tif SUITS\\[suit_map\\[j\\]\\]\\[i\\] then\n\t\t\t\t\tlocal greyed\\, _scale = nil\\, 0\\.7\n\t\t\t\t\tif unplayed_only and not \\(\\(SUITS\\[suit_map\\[j\\]\\]\\[i\\]\\.area and SUITS\\[suit_map\\[j\\]\\]\\[i\\]\\.area == G\\.deck\\) or SUITS\\[suit_map\\[j\\]\\]\\[i\\]\\.ability\\.wheel_flipped\\) then\n\t\t\t\t\t\tgreyed = true\n\t\t\t\t\tend\n\t\t\t\t\tlocal copy = copy_card\\(SUITS\\[suit_map\\[j\\]\\]\\[i\\]\\, nil\\, _scale[^\\)\\n]*\\)\n\t\t\t\t\tcopy\\.greyed = greyed\n\t\t\t\t\tcopy\\.T\\.x = view_deck\\.T\\.x \\+ view_deck\\.T\\.w \\/ 2\n\t\t\t\t\tcopy\\.T\\.y = view_deck\\.T\\.y\n\n\t\t\t\t\tcopy:hard_set_T\\(\\)\n\t\t\t\t\tview_deck:emplace\\(copy\\)\n\t\t\t\tend\n\t\t\tend' on target '=[SMODS _ "src/overrides.lua"]' for regex patch from Cartomancer\lovely\stackable-deck-steamodded.toml resulted in no matches
INFO - [♥] Applied 6 patches to '=[SMODS _ "src/overrides.lua"]'
INFO - [♥] Applied 1 patch to '=[SMODS _ "src/game_object.lua"]'
INFO - [G] Failed to connect to the debug server 
INFO - [G] 2025-09-14 18:16:11 :: DEBUG :: DebugConsole :: Steamodded Debug Socket started ! 
INFO - [G] 2025-09-14 18:16:11 :: INFO  :: SMODS :: Steamodded v1.0.0~BETA-0711a 
INFO - [G] Order not set for config dictionary: speed_multiplier_default_value 
INFO - [G] Order not set for config dictionary: animation_skip_default_value 
INFO - [♥] Applied 9 patches to 'engine/sound_manager.lua'
INFO - [♥] Applied 1 patch to 'engine/save_manager.lua'
INFO - [G] 2025-09-14 18:16:12 :: INFO  :: Loader :: Valid JSON file found 
INFO - [G] 2025-09-14 18:16:12 :: TRACE :: Loader :: Processing Mod file (Legacy header): mod.lua 
INFO - [G] 2025-09-14 18:16:12 :: TRACE :: Loader :: Saving Mod Info: cartomancer 
INFO - [G] 2025-09-14 18:16:12 :: INFO  :: Loader :: Valid JSON file found 
INFO - [G] 2025-09-14 18:16:13 :: INFO  :: Loader :: Valid JSON file found 
INFO - [G] 2025-09-14 18:16:13 :: INFO  :: Loader :: Valid JSON file found 
INFO - [G] 2025-09-14 18:16:13 :: TRACE :: Loader :: Processing Mod file (Legacy header): steamodded.lua 
INFO - [G] 2025-09-14 18:16:13 :: WARN  :: Loader :: Duplicate Mod ID: Handy 
INFO - [G] 2025-09-14 18:16:13 :: TRACE :: Loader :: Processing Mod file (Legacy header): MoreFluff.lua 
INFO - [G] 2025-09-14 18:16:13 :: TRACE :: Loader :: Saving Mod Info: MoreFluff 
INFO - [G] 2025-09-14 18:16:13 :: INFO  :: Loader :: Valid JSON file found 
INFO - [G] 2025-09-14 18:16:13 :: INFO  :: Loader :: Valid JSON file found 
INFO - [G] 2025-09-14 18:16:13 :: INFO  :: Loader :: Valid JSON file found 
INFO - [G] 2025-09-14 18:16:13 :: TRACE :: Loader :: Processing Mod file (Legacy header): MoreSpeeds.lua 
INFO - [G] 2025-09-14 18:16:13 :: TRACE :: Loader :: Saving Mod Info: MoreSpeed 
INFO - [G] 2025-09-14 18:16:13 :: ERROR :: Loader :: Found invalid metadata JSON file at C:\Users\evan\AppData\Roaming\Balatro\Mods/Steamopollys-MoreSpeed-0.8.2/manifest.json, ignoring: [SMODS _ "src/loader.lua"]:226: id 
INFO - [G] 2025-09-14 18:16:13 :: TRACE :: Loader :: Processing Mod file (Legacy header): steamodded_metadata.lua 
INFO - [G] 2025-09-14 18:16:13 :: TRACE :: Loader :: Saving Mod Info: Talisman 
INFO - [G] 2025-09-14 18:16:13 :: INFO  :: Loader :: Valid JSON file found 
INFO - [G] 2025-09-14 18:16:13 :: INFO  :: CardSleeves :: CardSleeves v1.8.0 loaded~! 
INFO - [G] 2025-09-14 18:16:13 :: TRACE :: Loader :: Mod MoreFluff was unable to load:  
INFO - [G] 2025-09-14 18:16:13 :: TRACE :: Loader :: Mod Roffle was unable to load:  
INFO - [G] 2025-09-14 18:16:13 :: TRACE :: Loader :: Mod Saturn was unable to load:  
INFO - [G] 2025-09-14 18:16:13 :: TRACE :: Loader :: Mod Talisman was unable to load:  
INFO - [G] 2025-09-14 18:16:13 :: TRACE :: Loader :: Mod yorick was unable to load:  
INFO - [G] 2025-09-14 18:16:13 :: TRACE :: Loader :: Mod Cryptid was unable to load: Missing Dependencies: 1: Talisman (>=2.2.0a)

 
INFO - [G] 2025-09-14 18:16:13 :: DEBUG :: MULTIPLAYER :: Resetting lobby options 
INFO - [G] 2025-09-14 18:16:13 :: DEBUG :: MULTIPLAYER :: Resetting game states 
INFO - [G] 2025-09-14 18:16:13 :: TRACE :: MULTIPLAYER :: Client sent message: connect 
INFO - [G] 2025-09-14 18:16:13 :: INFO  :: TIMER :: [0000] Injected Fonts in 0.001 ms 
INFO - [G] 2025-09-14 18:16:13 :: INFO  :: TIMER :: [0000] Injected Language in 0.001 ms 
INFO - [G] 2025-09-14 18:16:13 :: INFO  :: TIMER :: [0000] Injected [INTERNAL] in 1.250 ms 
INFO - [G] 2025-09-14 18:16:13 :: INFO  :: TIMER :: [0048] Injected Atlas in 204.785 ms 
INFO - [G] 2025-09-14 18:16:13 :: INFO  :: TIMER :: [0001] Injected Sound in 0.184 ms 
INFO - [G] 2025-09-14 18:16:13 :: INFO  :: TIMER :: [0011] Injected Stake in 0.294 ms 
INFO - [G] 2025-09-14 18:16:13 :: INFO  :: TIMER :: [0004] Injected Rarity in 0.023 ms 
INFO - [G] 2025-09-14 18:16:13 :: INFO  :: TIMER :: [0004] Injected ObjectType in 0.046 ms 
INFO - [G] 2025-09-14 18:16:13 :: INFO  :: TIMER :: [0138] Injected Center in 0.722 ms 
INFO - [G] 2025-09-14 18:16:13 :: INFO  :: TIMER :: [0007] Injected Undiscovered Sprite in 0.021 ms 
INFO - [G] 2025-09-14 18:16:13 :: INFO  :: TIMER :: [0003] Injected Blind in 0.024 ms 
INFO - [G] 2025-09-14 18:16:13 :: INFO  :: TIMER :: [0004] Injected Seal in 0.160 ms 
INFO - [G] 2025-09-14 18:16:13 :: INFO  :: TIMER :: [0004] Injected Suit in 0.085 ms 
INFO - [G] 2025-09-14 18:16:13 :: INFO  :: TIMER :: [0013] Injected Rank in 0.121 ms 
INFO - [G] 2025-09-14 18:16:13 :: INFO  :: TIMER :: [0028] Injected DeckSkin in 0.161 ms 
INFO - [G] 2025-09-14 18:16:13 :: INFO  :: TIMER :: [0012] Injected PokerHand in 0.103 ms 
INFO - [G] 2025-09-14 18:16:13 :: INFO  :: TIMER :: [0034] Injected Challenge in 0.122 ms 
INFO - [G] 2025-09-14 18:16:13 :: INFO  :: TIMER :: [0001] Injected Tag in 0.020 ms 
INFO - [G] 2025-09-14 18:16:13 :: INFO  :: TIMER :: [0006] Injected Sticker in 0.433 ms 
INFO - [G] 2025-09-14 18:16:13 :: INFO  :: TIMER :: [0000] Injected Shader in 0.054 ms 
INFO - [G] 2025-09-14 18:16:13 :: INFO  :: TIMER :: [0002] Injected Keybind in 0.055 ms 
INFO - [G] 2025-09-14 18:16:13 :: INFO  :: TIMER :: [0000] Injected Achievement in 0.130 ms 
INFO - [G] 2025-09-14 18:16:13 :: INFO  :: TIMER :: [0002] Injected nil in 0.171 ms 
INFO - [G] 2025-09-14 18:16:13 :: INFO  :: TIMER :: [0022] Injected Draw Step in 0.172 ms 
INFO - [G] 2025-09-14 18:16:13 :: INFO  :: TIMER :: [0000] Injected [INTERNAL] in 3.799 ms 
INFO - [G] 2025-09-14 18:16:13 :: INFO  :: TIMER :: [0009] Injected nil in 0.045 ms 
INFO - [G] 2025-09-14 18:16:13 :: INFO  :: TIMER :: [0003] Injected nil in 0.017 ms 
INFO - [G] 2025-09-14 18:16:14 :: TRACE :: MULTIPLAYER :: Client got connected message:  (action: connected)  
INFO - [G] 2025-09-14 18:16:14 :: TRACE :: MULTIPLAYER :: Client sent message: action:username,username:Guest~1,modHash: 
INFO - [G] 2025-09-14 18:16:14 :: TRACE :: MULTIPLAYER :: Client got version message:  (action: version)  
INFO - [G] 2025-09-14 18:16:14 :: TRACE :: MULTIPLAYER :: Client sent message: action:version,version:0.2.19~DEV-MULTIPLAYER 
INFO - [G] 2025-09-14 18:16:14 :: TRACE :: MULTIPLAYER :: Client sent message: action:username,username:Guest~1,modHash:preview=false;unlocked=true;encryptID=65102176753.204;serversideConnectionID=ea3ccdce;CardSleeves-1.8.0;DebugPlus-1.5.1;Handy-1.5.1i;Lovely-0.8.0;MoreSpeed-0.0.0;Multiplayer-0.2.19~DEV;Steamodded-1.0.0~BETA-0711a;TheOrder-MultiplayerIntegration;cartomancer-4.16 
INFO - [G] [DebugPlus] Press [/] to toggle console and press [shift] + [/] to toggle new log previews 
INFO - [G] ERROR LOADING GAME: Card area 'shop_vouchers' not instantiated before load 
INFO - [G] ERROR LOADING GAME: Card area 'shop_jokers' not instantiated before load 
INFO - [G] ERROR LOADING GAME: Card area 'shop_booster' not instantiated before load 
INFO - [G] 2025-09-14 18:16:26 :: TRACE :: MULTIPLAYER :: Client sent message: action:rerollShop,cost:5 
INFO - [G] 2025-09-14 18:16:26 :: TRACE :: MULTIPLAYER :: Client sent message: action:moneyMoved,amount:-5 
INFO - [G] 2025-09-14 18:16:32 :: TRACE :: MULTIPLAYER :: Client sent message: action:usedCard,card:The Fool 
INFO - [G] 2025-09-14 18:16:34 :: TRACE :: MULTIPLAYER :: Client sent message: action:usedCard,card:Death 
INFO - [G] 2025-09-14 18:16:43 :: TRACE :: MULTIPLAYER :: Client sent message: action:moneyMoved,amount:9 
INFO - [G] 2025-09-14 18:16:45 :: TRACE :: MULTIPLAYER :: Client sent message: action:soldCard,card:Caino 
INFO - [G] 2025-09-14 18:16:46 :: TRACE :: MULTIPLAYER :: Client sent message: action:moneyMoved,amount:5 
INFO - [G] 2025-09-14 18:16:46 :: TRACE :: MULTIPLAYER :: Client sent message: action:boughtCardFromShop,card:Photograph,cost:2 
INFO - [G] 2025-09-14 18:16:46 :: TRACE :: MULTIPLAYER :: Client sent message: action:moneyMoved,amount:-2 
INFO - [G] 2025-09-14 18:16:48 :: TRACE :: MULTIPLAYER :: Client sent message: action:usedCard,card:Jumbo Arcana Pack 
INFO - [G] 2025-09-14 18:16:48 :: TRACE :: MULTIPLAYER :: Client sent message: action:moneyMoved,amount:-3 
INFO - [G] 2025-09-14 18:16:52 :: TRACE :: MULTIPLAYER :: Client sent message: action:usedCard,card:Temperance 
INFO - [G] 2025-09-14 18:16:52 :: TRACE :: MULTIPLAYER :: Client sent message: action:moneyMoved,amount:9 
INFO - [G] 2025-09-14 18:16:53 :: TRACE :: MULTIPLAYER :: Client sent message: action:usedCard,card:Mega Arcana Pack 
INFO - [G] 2025-09-14 18:16:53 :: TRACE :: MULTIPLAYER :: Client sent message: action:moneyMoved,amount:-4 
INFO - [G] 2025-09-14 18:16:59 :: TRACE :: MULTIPLAYER :: Client sent message: action:usedCard,card:Reroll Surplus 
INFO - [G] 2025-09-14 18:16:59 :: TRACE :: MULTIPLAYER :: Client sent message: action:moneyMoved,amount:-5 
INFO - [G] 2025-09-14 18:17:01 :: TRACE :: MULTIPLAYER :: Client sent message: action:rerollShop,cost:3 
INFO - [G] 2025-09-14 18:17:01 :: TRACE :: MULTIPLAYER :: Client sent message: action:moneyMoved,amount:-3 
INFO - [G] 2025-09-14 18:17:02 :: TRACE :: MULTIPLAYER :: Client sent message: action:rerollShop,cost:4 
INFO - [G] 2025-09-14 18:17:02 :: TRACE :: MULTIPLAYER :: Client sent message: action:moneyMoved,amount:-4 
INFO - [G] 2025-09-14 18:17:14 :: TRACE :: MULTIPLAYER :: Client sent message: action:moneyMoved,amount:8 
INFO - [G] 2025-09-14 18:17:16 :: TRACE :: MULTIPLAYER :: Client sent message: action:boughtCardFromShop,card:Temperance,cost:1 
INFO - [G] 2025-09-14 18:17:16 :: TRACE :: MULTIPLAYER :: Client sent message: action:moneyMoved,amount:-1 
INFO - [G] 2025-09-14 18:17:16 :: TRACE :: MULTIPLAYER :: Client sent message: action:usedCard,card:Temperance 
INFO - [G] 2025-09-14 18:17:16 :: TRACE :: MULTIPLAYER :: Client sent message: action:moneyMoved,amount:9 
INFO - [G] 2025-09-14 18:17:18 :: TRACE :: MULTIPLAYER :: Client sent message: action:usedCard,card:Jumbo Standard Pack 
INFO - [G] 2025-09-14 18:17:18 :: TRACE :: MULTIPLAYER :: Client sent message: action:moneyMoved,amount:-3 
INFO - [G] 2025-09-14 18:17:20 :: TRACE :: MULTIPLAYER :: Client sent message: action:usedCard,card:Standard Pack 
INFO - [G] 2025-09-14 18:17:20 :: TRACE :: MULTIPLAYER :: Client sent message: action:moneyMoved,amount:-2 
INFO - [G] 2025-09-14 18:17:24 :: TRACE :: MULTIPLAYER :: Client sent message: action:rerollShop,cost:3 
INFO - [G] 2025-09-14 18:17:24 :: TRACE :: MULTIPLAYER :: Client sent message: action:moneyMoved,amount:-3 
INFO - [G] 2025-09-14 18:17:25 :: TRACE :: MULTIPLAYER :: Client sent message: action:rerollShop,cost:4 
INFO - [G] 2025-09-14 18:17:25 :: TRACE :: MULTIPLAYER :: Client sent message: action:moneyMoved,amount:-4 
INFO - [G] 2025-09-14 18:50:16 :: TRACE :: MULTIPLAYER :: Client got disconnected message:  (action: disconnected)  
INFO - [G] 2025-09-14 18:51:22 :: TRACE :: MULTIPLAYER :: Client sent message: action:moneyMoved,amount:9 
INFO - [G] 2025-09-14 18:51:25 :: TRACE :: MULTIPLAYER :: Client sent message: action:boughtCardFromShop,card:The Wheel of Fortune,cost:1 
INFO - [G] 2025-09-14 18:51:25 :: TRACE :: MULTIPLAYER :: Client sent message: action:moneyMoved,amount:-1 
INFO - [G] 2025-09-14 18:51:25 :: TRACE :: MULTIPLAYER :: Client sent message: action:usedCard,card:The Wheel of Fortune 
INFO - [G] 2025-09-14 18:51:27 :: TRACE :: MULTIPLAYER :: Client sent message: action:usedCard,card:Standard Pack 
INFO - [G] 2025-09-14 18:51:27 :: TRACE :: MULTIPLAYER :: Client sent message: action:moneyMoved,amount:-2 
INFO - [G] 2025-09-14 18:51:34 :: TRACE :: MULTIPLAYER :: Client sent message: action:usedCard,card:Jumbo Celestial Pack 
INFO - [G] 2025-09-14 18:51:34 :: TRACE :: MULTIPLAYER :: Client sent message: action:moneyMoved,amount:-3 
INFO - [G] 2025-09-14 18:51:37 :: TRACE :: MULTIPLAYER :: Client sent message: action:usedCard,card:Eris 
INFO - [G] 2025-09-14 18:51:38 :: TRACE :: MULTIPLAYER :: Client sent message: action:rerollShop,cost:3 
INFO - [G] 2025-09-14 18:51:38 :: TRACE :: MULTIPLAYER :: Client sent message: action:moneyMoved,amount:-3 
INFO - [G] 2025-09-14 18:51:45 :: TRACE :: MULTIPLAYER :: Client sent message: action:usedCard,card:The Fool 
INFO - [G] 2025-09-14 18:51:45 :: TRACE :: MULTIPLAYER :: Client sent message: action:usedCard,card:Eris 
INFO - [G] 2025-09-14 18:51:55 :: TRACE :: MULTIPLAYER :: Client sent message: action:moneyMoved,amount:10 
INFO - [G] 2025-09-14 18:51:57 :: TRACE :: MULTIPLAYER :: Client sent message: action:usedCard,card:Observatory 
INFO - [G] 2025-09-14 18:51:57 :: TRACE :: MULTIPLAYER :: Client sent message: action:moneyMoved,amount:-5 
INFO - [G] 2025-09-14 18:52:00 :: TRACE :: MULTIPLAYER :: Client sent message: action:usedCard,card:Blank 
INFO - [G] 2025-09-14 18:52:00 :: TRACE :: MULTIPLAYER :: Client sent message: action:moneyMoved,amount:-5 
INFO - [G] 2025-09-14 18:52:03 :: TRACE :: MULTIPLAYER :: Client sent message: action:usedCard,card:The Fool 
INFO - [G] 2025-09-14 18:52:05 :: TRACE :: MULTIPLAYER :: Client sent message: action:soldCard,card:The Fool 
INFO - [G] 2025-09-14 18:52:05 :: TRACE :: MULTIPLAYER :: Client sent message: action:moneyMoved,amount:2 
INFO - [G] 2025-09-14 18:52:06 :: TRACE :: MULTIPLAYER :: Client sent message: action:soldCard,card:The Fool 
INFO - [G] 2025-09-14 18:52:06 :: TRACE :: MULTIPLAYER :: Client sent message: action:moneyMoved,amount:2 
INFO - [G] 2025-09-14 18:52:07 :: TRACE :: MULTIPLAYER :: Client sent message: action:usedCard,card:Jumbo Arcana Pack 
INFO - [G] 2025-09-14 18:52:07 :: TRACE :: MULTIPLAYER :: Client sent message: action:moneyMoved,amount:-3 
INFO - [G] 2025-09-14 18:52:11 :: TRACE :: MULTIPLAYER :: Client sent message: action:usedCard,card:Cryptid 
INFO - [G] 2025-09-14 18:52:13 :: TRACE :: MULTIPLAYER :: Client sent message: action:usedCard,card:Celestial Pack 
INFO - [G] 2025-09-14 18:52:13 :: TRACE :: MULTIPLAYER :: Client sent message: action:moneyMoved,amount:-2 
INFO - [G] 2025-09-14 18:52:15 :: TRACE :: MULTIPLAYER :: Client sent message: action:usedCard,card:Eris 
INFO - [G] 2025-09-14 18:52:30 :: TRACE :: MULTIPLAYER :: Client sent message: action:moneyMoved,amount:8 
INFO - [G] 2025-09-14 18:52:32 :: TRACE :: MULTIPLAYER :: Client sent message: action:boughtCardFromShop,card:Pluto,cost:1 
INFO - [G] 2025-09-14 18:52:32 :: TRACE :: MULTIPLAYER :: Client sent message: action:moneyMoved,amount:-1 
INFO - [G] 2025-09-14 18:52:37 :: TRACE :: MULTIPLAYER :: Client sent message: action:usedCard,card:Eris 
INFO - [G] 2025-09-14 18:52:39 :: TRACE :: MULTIPLAYER :: Client sent message: action:usedCard,card:Mega Standard Pack 
INFO - [G] 2025-09-14 18:52:39 :: TRACE :: MULTIPLAYER :: Client sent message: action:moneyMoved,amount:-4 
INFO - [G] 2025-09-14 18:52:41 :: TRACE :: MULTIPLAYER :: Client sent message: action:usedCard,card:Standard Pack 
INFO - [G] 2025-09-14 18:52:41 :: TRACE :: MULTIPLAYER :: Client sent message: action:moneyMoved,amount:-2 
INFO - [G] 2025-09-14 18:52:44 :: TRACE :: MULTIPLAYER :: Client sent message: action:rerollShop,cost:3 
INFO - [G] 2025-09-14 18:52:44 :: TRACE :: MULTIPLAYER :: Client sent message: action:moneyMoved,amount:-3 
INFO - [G] 2025-09-14 18:53:12 :: TRACE :: MULTIPLAYER :: Client sent message: action:moneyMoved,amount:8 
INFO - [G] 2025-09-14 18:53:13 :: TRACE :: MULTIPLAYER :: Client sent message: action:soldCard,card:Pluto 
INFO - [G] 2025-09-14 18:53:13 :: TRACE :: MULTIPLAYER :: Client sent message: action:moneyMoved,amount:1 
INFO - [G] 2025-09-14 18:53:15 :: TRACE :: MULTIPLAYER :: Client sent message: action:usedCard,card:Arcana Pack 
INFO - [G] 2025-09-14 18:53:15 :: TRACE :: MULTIPLAYER :: Client sent message: action:moneyMoved,amount:-2 
INFO - [G] 2025-09-14 18:53:19 :: TRACE :: MULTIPLAYER :: Client sent message: action:usedCard,card:The Chariot 
INFO - [G] 2025-09-14 18:53:21 :: TRACE :: MULTIPLAYER :: Client sent message: action:rerollShop,cost:3 
INFO - [G] 2025-09-14 18:53:21 :: TRACE :: MULTIPLAYER :: Client sent message: action:moneyMoved,amount:-3 
INFO - [G] 2025-09-14 18:53:22 :: TRACE :: MULTIPLAYER :: Client sent message: action:rerollShop,cost:4 
INFO - [G] 2025-09-14 18:53:22 :: TRACE :: MULTIPLAYER :: Client sent message: action:moneyMoved,amount:-4 
INFO - [G] 2025-09-14 18:53:34 :: TRACE :: MULTIPLAYER :: Client sent message: action:moneyMoved,amount:10 
INFO - [G] 2025-09-14 18:53:38 :: TRACE :: MULTIPLAYER :: Client sent message: action:soldCard,card:Hanging Chad 
INFO - [G] 2025-09-14 18:53:38 :: TRACE :: MULTIPLAYER :: Client sent message: action:moneyMoved,amount:1 
INFO - [G] 2025-09-14 18:53:39 :: TRACE :: MULTIPLAYER :: Client sent message: action:boughtCardFromShop,card:Brainstorm,cost:5 
INFO - [G] 2025-09-14 18:53:39 :: TRACE :: MULTIPLAYER :: Client sent message: action:moneyMoved,amount:-5 
INFO - [G] 2025-09-14 18:53:41 :: TRACE :: MULTIPLAYER :: Client sent message: action:usedCard,card:Palette 
INFO - [G] 2025-09-14 18:53:41 :: TRACE :: MULTIPLAYER :: Client sent message: action:moneyMoved,amount:-5 
INFO - [G] 2025-09-14 18:53:44 :: TRACE :: MULTIPLAYER :: Client sent message: action:usedCard,card:Arcana Pack 
INFO - [G] 2025-09-14 18:53:44 :: TRACE :: MULTIPLAYER :: Client sent message: action:moneyMoved,amount:-2 
INFO - [G] 2025-09-14 18:53:48 :: TRACE :: MULTIPLAYER :: Client sent message: action:usedCard,card:Talisman 
INFO - [G] 2025-09-14 18:53:49 :: TRACE :: MULTIPLAYER :: Client sent message: action:rerollShop,cost:3 
INFO - [G] 2025-09-14 18:53:49 :: TRACE :: MULTIPLAYER :: Client sent message: action:moneyMoved,amount:-3 
INFO - [G] 2025-09-14 18:53:52 :: TRACE :: MULTIPLAYER :: Client sent message: action:boughtCardFromShop,card:The Chariot,cost:1 
INFO - [G] 2025-09-14 18:53:53 :: TRACE :: MULTIPLAYER :: Client sent message: action:moneyMoved,amount:-1 
INFO - [G] 2025-09-14 18:53:53 :: TRACE :: MULTIPLAYER :: Client sent message: action:rerollShop,cost:4 
INFO - [G] 2025-09-14 18:53:53 :: TRACE :: MULTIPLAYER :: Client sent message: action:moneyMoved,amount:-4 
INFO - [G] 2025-09-14 18:53:57 :: TRACE :: MULTIPLAYER :: Client sent message: action:usedCard,card:The Chariot 
INFO - [G] 2025-09-14 18:53:58 :: TRACE :: MULTIPLAYER :: Client sent message: action:soldCard,card:The Chariot 
INFO - [G] 2025-09-14 18:53:58 :: TRACE :: MULTIPLAYER :: Client sent message: action:moneyMoved,amount:1 
INFO - [G] 2025-09-14 18:54:00 :: TRACE :: MULTIPLAYER :: Client sent message: action:moneyMoved,amount:3 
INFO - [G] 2025-09-14 18:54:00 :: TRACE :: MULTIPLAYER :: Client sent message: action:moneyMoved,amount:3 
INFO - [G] 2025-09-14 18:54:07 :: TRACE :: MULTIPLAYER :: Client sent message: action:moneyMoved,amount:7 
INFO - [G] 2025-09-14 18:54:09 :: TRACE :: MULTIPLAYER :: Client sent message: action:usedCard,card:Buffoon Pack 
INFO - [G] 2025-09-14 18:54:09 :: TRACE :: MULTIPLAYER :: Client sent message: action:moneyMoved,amount:-2 
INFO - [G] 2025-09-14 18:54:14 :: TRACE :: MULTIPLAYER :: Client sent message: action:rerollShop,cost:3 
INFO - [G] 2025-09-14 18:54:14 :: TRACE :: MULTIPLAYER :: Client sent message: action:moneyMoved,amount:-3 
INFO - [G] 2025-09-14 18:54:16 :: TRACE :: MULTIPLAYER :: Client sent message: action:usedCard,card:Jumbo Celestial Pack 
INFO - [G] 2025-09-14 18:54:16 :: TRACE :: MULTIPLAYER :: Client sent message: action:moneyMoved,amount:-3 
INFO - [G] 2025-09-14 18:54:19 :: TRACE :: MULTIPLAYER :: Client sent message: action:usedCard,card:Eris 
INFO - [G] 2025-09-14 18:54:26 :: TRACE :: MULTIPLAYER :: Client sent message: action:moneyMoved,amount:3 
INFO - [G] 2025-09-14 18:54:26 :: TRACE :: MULTIPLAYER :: Client sent message: action:moneyMoved,amount:3 
INFO - [G] 2025-09-14 18:54:34 :: TRACE :: MULTIPLAYER :: Client sent message: action:moneyMoved,amount:9 
INFO - [G] 2025-09-14 18:54:36 :: TRACE :: MULTIPLAYER :: Client sent message: action:rerollShop,cost:3 
INFO - [G] 2025-09-14 18:54:36 :: TRACE :: MULTIPLAYER :: Client sent message: action:moneyMoved,amount:-3 
INFO - [G] 2025-09-14 18:54:38 :: TRACE :: MULTIPLAYER :: Client sent message: action:rerollShop,cost:4 
INFO - [G] 2025-09-14 18:54:38 :: TRACE :: MULTIPLAYER :: Client sent message: action:moneyMoved,amount:-4 
INFO - [G] 2025-09-14 18:54:40 :: TRACE :: MULTIPLAYER :: Client sent message: action:usedCard,card:Jumbo Standard Pack 
INFO - [G] 2025-09-14 18:54:40 :: TRACE :: MULTIPLAYER :: Client sent message: action:moneyMoved,amount:-3 
INFO - [G] 2025-09-14 18:54:43 :: TRACE :: MULTIPLAYER :: Client sent message: action:usedCard,card:Jumbo Celestial Pack 
INFO - [G] 2025-09-14 18:54:43 :: TRACE :: MULTIPLAYER :: Client sent message: action:moneyMoved,amount:-3 
INFO - [G] 2025-09-14 18:54:46 :: TRACE :: MULTIPLAYER :: Client sent message: action:usedCard,card:Eris 
INFO - [G] 2025-09-14 18:54:55 :: TRACE :: MULTIPLAYER :: Client sent message: action:moneyMoved,amount:3 
INFO - [G] 2025-09-14 18:54:55 :: TRACE :: MULTIPLAYER :: Client sent message: action:moneyMoved,amount:3 
INFO - [G] 2025-09-14 18:54:55 :: TRACE :: MULTIPLAYER :: Client sent message: action:moneyMoved,amount:3 
INFO - [G] 2025-09-14 18:55:03 :: TRACE :: MULTIPLAYER :: Client sent message: action:moneyMoved,amount:11 
INFO - [G] 2025-09-14 18:55:05 :: TRACE :: MULTIPLAYER :: Client sent message: action:usedCard,card:Grabber 
INFO - [G] 2025-09-14 18:55:05 :: TRACE :: MULTIPLAYER :: Client sent message: action:moneyMoved,amount:-5 
INFO - [G] 2025-09-14 18:55:09 :: TRACE :: MULTIPLAYER :: Client sent message: action:usedCard,card:Reroll Glut 
INFO - [G] 2025-09-14 18:55:09 :: TRACE :: MULTIPLAYER :: Client sent message: action:moneyMoved,amount:-5 
INFO - [G] 2025-09-14 18:55:11 :: TRACE :: MULTIPLAYER :: Client sent message: action:usedCard,card:Jumbo Arcana Pack 
INFO - [G] 2025-09-14 18:55:11 :: TRACE :: MULTIPLAYER :: Client sent message: action:moneyMoved,amount:-3 
INFO - [G] 2025-09-14 18:55:15 :: TRACE :: MULTIPLAYER :: Client sent message: action:usedCard,card:Ectoplasm 
INFO - [G] 2025-09-14 18:55:17 :: TRACE :: MULTIPLAYER :: Client sent message: action:usedCard,card:Standard Pack 
INFO - [G] 2025-09-14 18:55:17 :: TRACE :: MULTIPLAYER :: Client sent message: action:moneyMoved,amount:-2 
INFO - [G] 2025-09-14 18:55:20 :: TRACE :: MULTIPLAYER :: Client sent message: action:rerollShop,cost:1 
INFO - [G] 2025-09-14 18:55:20 :: TRACE :: MULTIPLAYER :: Client sent message: action:moneyMoved,amount:-1 
INFO - [G] 2025-09-14 18:55:21 :: TRACE :: MULTIPLAYER :: Client sent message: action:rerollShop,cost:2 
INFO - [G] 2025-09-14 18:55:21 :: TRACE :: MULTIPLAYER :: Client sent message: action:moneyMoved,amount:-2 
INFO - [G] 2025-09-14 18:55:23 :: TRACE :: MULTIPLAYER :: Client sent message: action:boughtCardFromShop,card:The Wheel of Fortune,cost:1 
INFO - [G] 2025-09-14 18:55:23 :: TRACE :: MULTIPLAYER :: Client sent message: action:moneyMoved,amount:-1 
INFO - [G] 2025-09-14 18:55:23 :: TRACE :: MULTIPLAYER :: Client sent message: action:usedCard,card:The Wheel of Fortune 
INFO - [G] 2025-09-14 18:55:24 :: TRACE :: MULTIPLAYER :: Client sent message: action:rerollShop,cost:3 
INFO - [G] 2025-09-14 18:55:24 :: TRACE :: MULTIPLAYER :: Client sent message: action:moneyMoved,amount:-3 
INFO - [G] 2025-09-14 18:55:31 :: TRACE :: MULTIPLAYER :: Client sent message: action:moneyMoved,amount:3 
INFO - [G] 2025-09-14 18:55:31 :: TRACE :: MULTIPLAYER :: Client sent message: action:moneyMoved,amount:3 
INFO - [G] 2025-09-14 18:55:39 :: TRACE :: MULTIPLAYER :: Client sent message: action:moneyMoved,amount:9 
INFO - [G] 2025-09-14 18:55:43 :: TRACE :: MULTIPLAYER :: Client sent message: action:boughtCardFromShop,card:Business Card,cost:4 
INFO - [G] 2025-09-14 18:55:43 :: TRACE :: MULTIPLAYER :: Client sent message: action:moneyMoved,amount:-4 
INFO - [G] 2025-09-14 18:55:44 :: TRACE :: MULTIPLAYER :: Client sent message: action:rerollShop,cost:1 
INFO - [G] 2025-09-14 18:55:44 :: TRACE :: MULTIPLAYER :: Client sent message: action:moneyMoved,amount:-1 
INFO - [G] 2025-09-14 18:55:45 :: TRACE :: MULTIPLAYER :: Client sent message: action:rerollShop,cost:2 
INFO - [G] 2025-09-14 18:55:45 :: TRACE :: MULTIPLAYER :: Client sent message: action:moneyMoved,amount:-2 
INFO - [G] 2025-09-14 18:55:48 :: TRACE :: MULTIPLAYER :: Client sent message: action:rerollShop,cost:3 
INFO - [G] 2025-09-14 18:55:48 :: TRACE :: MULTIPLAYER :: Client sent message: action:moneyMoved,amount:-3 
INFO - [G] 2025-09-14 18:55:50 :: TRACE :: MULTIPLAYER :: Client sent message: action:rerollShop,cost:4 
INFO - [G] 2025-09-14 18:55:50 :: TRACE :: MULTIPLAYER :: Client sent message: action:moneyMoved,amount:-4 
INFO - [G] 2025-09-14 18:55:53 :: TRACE :: MULTIPLAYER :: Client sent message: action:usedCard,card:Arcana Pack 
INFO - [G] 2025-09-14 18:55:53 :: TRACE :: MULTIPLAYER :: Client sent message: action:moneyMoved,amount:-2 
INFO - [G] 2025-09-14 18:55:59 :: TRACE :: MULTIPLAYER :: Client sent message: action:usedCard,card:Celestial Pack 
INFO - [G] 2025-09-14 18:55:59 :: TRACE :: MULTIPLAYER :: Client sent message: action:moneyMoved,amount:-2 
INFO - [G] 2025-09-14 18:56:01 :: TRACE :: MULTIPLAYER :: Client sent message: action:usedCard,card:Eris 
INFO - [G] 2025-09-14 18:56:07 :: TRACE :: MULTIPLAYER :: Client sent message: action:moneyMoved,amount:3 
INFO - [G] 2025-09-14 18:56:07 :: TRACE :: MULTIPLAYER :: Client sent message: action:moneyMoved,amount:2 
INFO - [G] 2025-09-14 18:56:07 :: TRACE :: MULTIPLAYER :: Client sent message: action:moneyMoved,amount:3 
INFO - [G] 2025-09-14 18:56:07 :: TRACE :: MULTIPLAYER :: Client sent message: action:moneyMoved,amount:2 
INFO - [G] 2025-09-14 18:56:07 :: TRACE :: MULTIPLAYER :: Client sent message: action:moneyMoved,amount:2 
INFO - [G] 2025-09-14 18:56:07 :: TRACE :: MULTIPLAYER :: Client sent message: action:moneyMoved,amount:2 
INFO - [G] 2025-09-14 18:56:07 :: TRACE :: MULTIPLAYER :: Client sent message: action:moneyMoved,amount:2 
INFO - [G] 2025-09-14 18:56:16 :: TRACE :: MULTIPLAYER :: Client sent message: action:moneyMoved,amount:12 
INFO - [G] 2025-09-14 18:56:18 :: TRACE :: MULTIPLAYER :: Client sent message: action:usedCard,card:Arcana Pack 
INFO - [G] 2025-09-14 18:56:18 :: TRACE :: MULTIPLAYER :: Client sent message: action:moneyMoved,amount:-2 
INFO - [G] 2025-09-14 18:56:20 :: TRACE :: MULTIPLAYER :: Client sent message: action:usedCard,card:Temperance 
INFO - [G] 2025-09-14 18:56:20 :: TRACE :: MULTIPLAYER :: Client sent message: action:moneyMoved,amount:13 
INFO - [G] 2025-09-14 18:56:22 :: TRACE :: MULTIPLAYER :: Client sent message: action:rerollShop,cost:1 
INFO - [G] 2025-09-14 18:56:22 :: TRACE :: MULTIPLAYER :: Client sent message: action:moneyMoved,amount:-1 
INFO - [G] 2025-09-14 18:56:23 :: TRACE :: MULTIPLAYER :: Client sent message: action:rerollShop,cost:2 
INFO - [G] 2025-09-14 18:56:23 :: TRACE :: MULTIPLAYER :: Client sent message: action:moneyMoved,amount:-2 
INFO - [G] 2025-09-14 18:56:34 :: TRACE :: MULTIPLAYER :: Client sent message: action:rerollShop,cost:3 
INFO - [G] 2025-09-14 18:56:34 :: TRACE :: MULTIPLAYER :: Client sent message: action:moneyMoved,amount:-3 
INFO - [G] 2025-09-14 18:56:37 :: TRACE :: MULTIPLAYER :: Client sent message: action:rerollShop,cost:4 
INFO - [G] 2025-09-14 18:56:37 :: TRACE :: MULTIPLAYER :: Client sent message: action:moneyMoved,amount:-4 
INFO - [G] 2025-09-14 18:56:38 :: TRACE :: MULTIPLAYER :: Client sent message: action:rerollShop,cost:5 
INFO - [G] 2025-09-14 18:56:38 :: TRACE :: MULTIPLAYER :: Client sent message: action:moneyMoved,amount:-5 
INFO - [G] 2025-09-14 18:56:39 :: TRACE :: MULTIPLAYER :: Client sent message: action:rerollShop,cost:6 
INFO - [G] 2025-09-14 18:56:39 :: TRACE :: MULTIPLAYER :: Client sent message: action:moneyMoved,amount:-6 
INFO - [G] 2025-09-14 18:56:41 :: TRACE :: MULTIPLAYER :: Client sent message: action:boughtCardFromShop,card:Temperance,cost:1 
INFO - [G] 2025-09-14 18:56:41 :: TRACE :: MULTIPLAYER :: Client sent message: action:moneyMoved,amount:-1 
INFO - [G] 2025-09-14 18:56:41 :: TRACE :: MULTIPLAYER :: Client sent message: action:usedCard,card:Temperance 
INFO - [G] 2025-09-14 18:56:41 :: TRACE :: MULTIPLAYER :: Client sent message: action:moneyMoved,amount:13 
INFO - [G] 2025-09-14 18:56:48 :: TRACE :: MULTIPLAYER :: Client sent message: action:rerollShop,cost:7 
INFO - [G] 2025-09-14 18:56:48 :: TRACE :: MULTIPLAYER :: Client sent message: action:moneyMoved,amount:-7 
INFO - [G] 2025-09-14 18:56:49 :: TRACE :: MULTIPLAYER :: Client sent message: action:rerollShop,cost:8 
INFO - [G] 2025-09-14 18:56:49 :: TRACE :: MULTIPLAYER :: Client sent message: action:moneyMoved,amount:-8 
INFO - [G] 2025-09-14 18:56:56 :: TRACE :: MULTIPLAYER :: Client sent message: action:rerollShop,cost:9 
INFO - [G] 2025-09-14 18:56:56 :: TRACE :: MULTIPLAYER :: Client sent message: action:moneyMoved,amount:-9 
INFO - [G] 2025-09-14 18:56:57 :: TRACE :: MULTIPLAYER :: Client sent message: action:rerollShop,cost:10 
INFO - [G] 2025-09-14 18:56:57 :: TRACE :: MULTIPLAYER :: Client sent message: action:moneyMoved,amount:-10 
INFO - [G] 2025-09-14 18:56:59 :: TRACE :: MULTIPLAYER :: Client sent message: action:soldCard,card:Business Card 
INFO - [G] 2025-09-14 18:56:59 :: TRACE :: MULTIPLAYER :: Client sent message: action:moneyMoved,amount:2 
INFO - [G] 2025-09-14 18:57:18 :: TRACE :: MULTIPLAYER :: Client sent message: action:moneyMoved,amount:3 
INFO - [G] 2025-09-14 18:57:18 :: TRACE :: MULTIPLAYER :: Client sent message: action:moneyMoved,amount:3 
INFO - [G] 2025-09-14 18:57:27 :: TRACE :: MULTIPLAYER :: Client sent message: action:moneyMoved,amount:10 
INFO - [G] 2025-09-14 18:57:29 :: TRACE :: MULTIPLAYER :: Client sent message: action:usedCard,card:Antimatter 
INFO - [G] 2025-09-14 18:57:29 :: TRACE :: MULTIPLAYER :: Client sent message: action:moneyMoved,amount:-5 
INFO - [G] 2025-09-14 18:57:31 :: TRACE :: MULTIPLAYER :: Client sent message: action:usedCard,card:Seed Money 
INFO - [G] 2025-09-14 18:57:31 :: TRACE :: MULTIPLAYER :: Client sent message: action:moneyMoved,amount:-5 
INFO - [G] 2025-09-14 18:57:33 :: TRACE :: MULTIPLAYER :: Client sent message: action:rerollShop,cost:1 
INFO - [G] 2025-09-14 18:57:33 :: TRACE :: MULTIPLAYER :: Client sent message: action:moneyMoved,amount:-1 
INFO - [G] 2025-09-14 18:57:34 :: TRACE :: MULTIPLAYER :: Client sent message: action:boughtCardFromShop,card:Judgement,cost:1 
INFO - [G] 2025-09-14 18:57:34 :: TRACE :: MULTIPLAYER :: Client sent message: action:moneyMoved,amount:-1 
INFO - [G] 2025-09-14 18:57:34 :: TRACE :: MULTIPLAYER :: Client sent message: action:usedCard,card:Judgement 
INFO - [G] 2025-09-14 18:57:36 :: TRACE :: MULTIPLAYER :: Client sent message: action:rerollShop,cost:2 
INFO - [G] 2025-09-14 18:57:36 :: TRACE :: MULTIPLAYER :: Client sent message: action:moneyMoved,amount:-2 
INFO - [G] 2025-09-14 18:57:37 :: TRACE :: MULTIPLAYER :: Client sent message: action:rerollShop,cost:3 
INFO - [G] 2025-09-14 18:57:37 :: TRACE :: MULTIPLAYER :: Client sent message: action:moneyMoved,amount:-3 
INFO - [G] 2025-09-14 18:57:44 :: TRACE :: MULTIPLAYER :: Client sent message: action:moneyMoved,amount:3 
INFO - [G] 2025-09-14 18:57:44 :: TRACE :: MULTIPLAYER :: Client sent message: action:moneyMoved,amount:3 
INFO - [G] 2025-09-14 18:57:44 :: TRACE :: MULTIPLAYER :: Client sent message: action:moneyMoved,amount:3 
INFO - [G] 2025-09-14 18:57:56 :: TRACE :: MULTIPLAYER :: Client sent message: action:moneyMoved,amount:9 
INFO - [G] 2025-09-14 19:07:07 :: TRACE :: MULTIPLAYER :: Client sent message: action:usedCard,card:Arcana Pack 
INFO - [G] 2025-09-14 19:07:07 :: TRACE :: MULTIPLAYER :: Client sent message: action:moneyMoved,amount:-2 
INFO - [G] 2025-09-14 19:07:12 :: TRACE :: MULTIPLAYER :: Client sent message: action:usedCard,card:Celestial Pack 
INFO - [G] 2025-09-14 19:07:12 :: TRACE :: MULTIPLAYER :: Client sent message: action:moneyMoved,amount:-2 
INFO - [G] 2025-09-14 19:07:15 :: TRACE :: MULTIPLAYER :: Client sent message: action:usedCard,card:Eris 
INFO - [G] 2025-09-14 19:07:16 :: TRACE :: MULTIPLAYER :: Client sent message: action:rerollShop,cost:1 
INFO - [G] 2025-09-14 19:07:16 :: TRACE :: MULTIPLAYER :: Client sent message: action:moneyMoved,amount:-1 
INFO - [G] 2025-09-14 19:07:24 :: TRACE :: MULTIPLAYER :: Client sent message: action:rerollShop,cost:2 
INFO - [G] 2025-09-14 19:07:24 :: TRACE :: MULTIPLAYER :: Client sent message: action:moneyMoved,amount:-2 
INFO - [G] 2025-09-14 19:07:27 :: TRACE :: MULTIPLAYER :: Client sent message: action:rerollShop,cost:3 
INFO - [G] 2025-09-14 19:07:27 :: TRACE :: MULTIPLAYER :: Client sent message: action:moneyMoved,amount:-3 
INFO - [G] 2025-09-14 19:07:29 :: TRACE :: MULTIPLAYER :: Client sent message: action:boughtCardFromShop,card:Temperance,cost:1 
INFO - [G] 2025-09-14 19:07:29 :: TRACE :: MULTIPLAYER :: Client sent message: action:moneyMoved,amount:-1 
INFO - [G] 2025-09-14 19:07:29 :: TRACE :: MULTIPLAYER :: Client sent message: action:usedCard,card:Temperance 
INFO - [G] 2025-09-14 19:07:29 :: TRACE :: MULTIPLAYER :: Client sent message: action:moneyMoved,amount:14 
INFO - [G] 2025-09-14 19:07:34 :: TRACE :: MULTIPLAYER :: Client sent message: action:rerollShop,cost:4 
INFO - [G] 2025-09-14 19:07:34 :: TRACE :: MULTIPLAYER :: Client sent message: action:moneyMoved,amount:-4 
INFO - [G] 2025-09-14 19:07:37 :: TRACE :: MULTIPLAYER :: Client sent message: action:soldCard,card:The Duo 
INFO - [G] 2025-09-14 19:07:37 :: TRACE :: MULTIPLAYER :: Client sent message: action:moneyMoved,amount:2 
INFO - [G] 2025-09-14 19:07:38 :: TRACE :: MULTIPLAYER :: Client sent message: action:boughtCardFromShop,card:Troubadour,cost:3 
INFO - [G] 2025-09-14 19:07:38 :: TRACE :: MULTIPLAYER :: Client sent message: action:moneyMoved,amount:-3 
INFO - [G] 2025-09-14 19:07:38 :: TRACE :: MULTIPLAYER :: Client sent message: action:rerollShop,cost:5 
INFO - [G] 2025-09-14 19:07:38 :: TRACE :: MULTIPLAYER :: Client sent message: action:moneyMoved,amount:-5 
INFO - [G] 2025-09-14 19:07:48 :: TRACE :: MULTIPLAYER :: Client sent message: action:soldCard,card:Troubadour 
INFO - [G] 2025-09-14 19:07:48 :: TRACE :: MULTIPLAYER :: Client sent message: action:moneyMoved,amount:1 
INFO - [G] 2025-09-14 19:07:48 :: TRACE :: MULTIPLAYER :: Client sent message: action:boughtCardFromShop,card:The Idol,cost:3 
INFO - [G] 2025-09-14 19:07:48 :: TRACE :: MULTIPLAYER :: Client sent message: action:moneyMoved,amount:-3 
INFO - [G] 2025-09-14 19:07:49 :: TRACE :: MULTIPLAYER :: Client sent message: action:rerollShop,cost:6 
INFO - [G] 2025-09-14 19:07:49 :: TRACE :: MULTIPLAYER :: Client sent message: action:moneyMoved,amount:-6 
INFO - [G] 2025-09-14 19:07:59 :: TRACE :: MULTIPLAYER :: Client sent message: action:moneyMoved,amount:3 
INFO - [G] 2025-09-14 19:07:59 :: TRACE :: MULTIPLAYER :: Client sent message: action:moneyMoved,amount:3 
INFO - [G] 2025-09-14 19:07:59 :: TRACE :: MULTIPLAYER :: Client sent message: action:moneyMoved,amount:3 
INFO - [G] 2025-09-14 19:08:10 :: TRACE :: MULTIPLAYER :: Client sent message: action:moneyMoved,amount:10 
INFO - [G] 2025-09-14 19:08:12 :: TRACE :: MULTIPLAYER :: Client sent message: action:usedCard,card:Arcana Pack 
INFO - [G] 2025-09-14 19:08:12 :: TRACE :: MULTIPLAYER :: Client sent message: action:moneyMoved,amount:-2 
INFO - [G] 2025-09-14 19:08:19 :: TRACE :: MULTIPLAYER :: Client sent message: action:usedCard,card:Standard Pack 
INFO - [G] 2025-09-14 19:08:19 :: TRACE :: MULTIPLAYER :: Client sent message: action:moneyMoved,amount:-2 
INFO - [G] 2025-09-14 19:08:26 :: TRACE :: MULTIPLAYER :: Client sent message: action:rerollShop,cost:1 
INFO - [G] 2025-09-14 19:08:26 :: TRACE :: MULTIPLAYER :: Client sent message: action:moneyMoved,amount:-1 
INFO - [G] 2025-09-14 19:08:29 :: TRACE :: MULTIPLAYER :: Client sent message: action:rerollShop,cost:2 
INFO - [G] 2025-09-14 19:08:29 :: TRACE :: MULTIPLAYER :: Client sent message: action:moneyMoved,amount:-2 
INFO - [G] 2025-09-14 19:08:30 :: TRACE :: MULTIPLAYER :: Client sent message: action:rerollShop,cost:3 
INFO - [G] 2025-09-14 19:08:30 :: TRACE :: MULTIPLAYER :: Client sent message: action:moneyMoved,amount:-3 
INFO - [G] 2025-09-14 19:08:39 :: TRACE :: MULTIPLAYER :: Client sent message: action:soldCard,card:Mime 
INFO - [G] 2025-09-14 19:08:39 :: TRACE :: MULTIPLAYER :: Client sent message: action:moneyMoved,amount:1 
INFO - [G] 2025-09-14 19:08:40 :: TRACE :: MULTIPLAYER :: Client sent message: action:boughtCardFromShop,card:DNA,cost:4 
INFO - [G] 2025-09-14 19:08:40 :: TRACE :: MULTIPLAYER :: Client sent message: action:moneyMoved,amount:-4 
INFO - [G] 2025-09-14 19:08:49 :: TRACE :: MULTIPLAYER :: Client sent message: action:moneyMoved,amount:3 
INFO - [G] 2025-09-14 19:08:49 :: TRACE :: MULTIPLAYER :: Client sent message: action:moneyMoved,amount:3 
INFO - [G] 2025-09-14 19:08:59 :: TRACE :: MULTIPLAYER :: Client sent message: action:moneyMoved,amount:-17 
INFO - [G] 2025-09-14 19:08:59 :: TRACE :: MULTIPLAYER :: Client sent message: action:moneyMoved,amount:3 
INFO - [G] 2025-09-14 19:08:59 :: TRACE :: MULTIPLAYER :: Client sent message: action:moneyMoved,amount:3 
INFO - [G] 2025-09-14 19:08:59 :: TRACE :: MULTIPLAYER :: Client sent message: action:moneyMoved,amount:3 
INFO - [G] 2025-09-14 19:08:59 :: TRACE :: MULTIPLAYER :: Client sent message: action:moneyMoved,amount:3 
INFO - [G] 2025-09-14 19:08:59 :: TRACE :: MULTIPLAYER :: Client sent message: action:moneyMoved,amount:3 
INFO - [G] 2025-09-14 19:08:59 :: TRACE :: MULTIPLAYER :: Client sent message: action:moneyMoved,amount:3 
INFO - [G] 2025-09-14 19:09:11 :: TRACE :: MULTIPLAYER :: Client sent message: action:moneyMoved,amount:11 
INFO - [G] 2025-09-14 19:09:13 :: TRACE :: MULTIPLAYER :: Client sent message: action:usedCard,card:Hieroglyph 
INFO - [G] 2025-09-14 19:09:13 :: TRACE :: MULTIPLAYER :: Client sent message: action:moneyMoved,amount:-5 
INFO - [G] 2025-09-14 19:09:15 :: TRACE :: MULTIPLAYER :: Client sent message: action:usedCard,card:Standard Pack 
INFO - [G] 2025-09-14 19:09:15 :: TRACE :: MULTIPLAYER :: Client sent message: action:moneyMoved,amount:-2 
INFO - [G] 2025-09-14 19:09:18 :: TRACE :: MULTIPLAYER :: Client sent message: action:usedCard,card:Celestial Pack 
INFO - [G] 2025-09-14 19:09:18 :: TRACE :: MULTIPLAYER :: Client sent message: action:moneyMoved,amount:-2 
INFO - [G] 2025-09-14 19:09:20 :: TRACE :: MULTIPLAYER :: Client sent message: action:usedCard,card:Eris 
INFO - [G] 2025-09-14 19:09:24 :: TRACE :: MULTIPLAYER :: Client sent message: action:rerollShop,cost:1 
INFO - [G] 2025-09-14 19:09:24 :: TRACE :: MULTIPLAYER :: Client sent message: action:moneyMoved,amount:-1 
INFO - [G] 2025-09-14 19:09:29 :: TRACE :: MULTIPLAYER :: Client sent message: action:rerollShop,cost:2 
INFO - [G] 2025-09-14 19:09:29 :: TRACE :: MULTIPLAYER :: Client sent message: action:moneyMoved,amount:-2 
INFO - [G] 2025-09-14 19:09:32 :: TRACE :: MULTIPLAYER :: Client sent message: action:rerollShop,cost:3 
INFO - [G] 2025-09-14 19:09:32 :: TRACE :: MULTIPLAYER :: Client sent message: action:moneyMoved,amount:-3 
INFO - [G] 2025-09-14 19:09:33 :: TRACE :: MULTIPLAYER :: Client sent message: action:rerollShop,cost:4 
INFO - [G] 2025-09-14 19:09:33 :: TRACE :: MULTIPLAYER :: Client sent message: action:moneyMoved,amount:-4 
INFO - [G] 2025-09-14 19:09:35 :: TRACE :: MULTIPLAYER :: Client sent message: action:rerollShop,cost:5 
INFO - [G] 2025-09-14 19:09:35 :: TRACE :: MULTIPLAYER :: Client sent message: action:moneyMoved,amount:-5 
INFO - [G] 2025-09-14 19:09:42 :: TRACE :: MULTIPLAYER :: Client sent message: action:moneyMoved,amount:3 
INFO - [G] 2025-09-14 19:09:42 :: TRACE :: MULTIPLAYER :: Client sent message: action:moneyMoved,amount:3 
INFO - [G] 2025-09-14 19:09:48 :: TRACE :: MULTIPLAYER :: Client sent message: action:moneyMoved,amount:3 
INFO - [G] 2025-09-14 19:09:48 :: TRACE :: MULTIPLAYER :: Client sent message: action:moneyMoved,amount:3 
INFO - [G] 2025-09-14 19:09:48 :: TRACE :: MULTIPLAYER :: Client sent message: action:moneyMoved,amount:3 
INFO - [G] 2025-09-14 19:09:48 :: TRACE :: MULTIPLAYER :: Client sent message: action:moneyMoved,amount:3 
INFO - [G] 2025-09-14 19:09:48 :: TRACE :: MULTIPLAYER :: Client sent message: action:moneyMoved,amount:3 
INFO - [G] 2025-09-14 19:09:48 :: TRACE :: MULTIPLAYER :: Client sent message: action:moneyMoved,amount:3 
INFO - [G] 2025-09-14 19:09:48 :: TRACE :: MULTIPLAYER :: Client sent message: action:moneyMoved,amount:3 
INFO - [G] 2025-09-14 19:09:48 :: TRACE :: MULTIPLAYER :: Client sent message: action:moneyMoved,amount:3 
INFO - [G] 2025-09-14 19:09:48 :: TRACE :: MULTIPLAYER :: Client sent message: action:moneyMoved,amount:3 
INFO - [G] 2025-09-14 19:10:00 :: TRACE :: MULTIPLAYER :: Client sent message: action:moneyMoved,amount:12 
INFO - [G] 2025-09-14 19:10:01 :: TRACE :: MULTIPLAYER :: Client sent message: action:soldCard,card:Eris 
INFO - [G] 2025-09-14 19:10:02 :: TRACE :: MULTIPLAYER :: Client sent message: action:moneyMoved,amount:1 
INFO - [G] 2025-09-14 19:10:15 :: TRACE :: MULTIPLAYER :: Client sent message: action:rerollShop,cost:1 
INFO - [G] 2025-09-14 19:10:15 :: TRACE :: MULTIPLAYER :: Client sent message: action:moneyMoved,amount:-1 
INFO - [G] 2025-09-14 19:10:16 :: TRACE :: MULTIPLAYER :: Client sent message: action:rerollShop,cost:2 
INFO - [G] 2025-09-14 19:10:16 :: TRACE :: MULTIPLAYER :: Client sent message: action:moneyMoved,amount:-2 
INFO - [G] 2025-09-14 19:10:17 :: TRACE :: MULTIPLAYER :: Client sent message: action:rerollShop,cost:3 
INFO - [G] 2025-09-14 19:10:17 :: TRACE :: MULTIPLAYER :: Client sent message: action:moneyMoved,amount:-3 
INFO - [G] 2025-09-14 19:10:28 :: TRACE :: MULTIPLAYER :: Client sent message: action:usedCard,card:Deja Vu 
INFO - [G] 2025-09-14 19:10:30 :: TRACE :: MULTIPLAYER :: Client sent message: action:usedCard,card:Deja Vu 
INFO - [G] 2025-09-14 19:10:31 :: TRACE :: MULTIPLAYER :: Client sent message: action:usedCard,card:Deja Vu 
INFO - [G] 2025-09-14 19:10:54 :: TRACE :: MULTIPLAYER :: Client sent message: action:moneyMoved,amount:15 
INFO - [G] 2025-09-14 19:10:56 :: TRACE :: MULTIPLAYER :: Client sent message: action:usedCard,card:Jumbo Spectral Pack 
INFO - [G] 2025-09-14 19:10:56 :: TRACE :: MULTIPLAYER :: Client sent message: action:moneyMoved,amount:-3 
INFO - [G] 2025-09-14 19:11:00 :: TRACE :: MULTIPLAYER :: Client sent message: action:usedCard,card:Cryptid 
INFO - [G] 2025-09-14 19:11:01 :: TRACE :: MULTIPLAYER :: Client sent message: action:usedCard,card:Arcana Pack 
INFO - [G] 2025-09-14 19:11:01 :: TRACE :: MULTIPLAYER :: Client sent message: action:moneyMoved,amount:-2 
INFO - [G] 2025-09-14 19:11:04 :: TRACE :: MULTIPLAYER :: Client sent message: action:usedCard,card:The Wheel of Fortune 
INFO - [G] 2025-09-14 19:11:06 :: TRACE :: MULTIPLAYER :: Client sent message: action:rerollShop,cost:1 
INFO - [G] 2025-09-14 19:11:06 :: TRACE :: MULTIPLAYER :: Client sent message: action:moneyMoved,amount:-1 
INFO - [G] 2025-09-14 19:11:07 :: TRACE :: MULTIPLAYER :: Client sent message: action:rerollShop,cost:2 
INFO - [G] 2025-09-14 19:11:07 :: TRACE :: MULTIPLAYER :: Client sent message: action:moneyMoved,amount:-2 
INFO - [G] 2025-09-14 19:11:09 :: TRACE :: MULTIPLAYER :: Client sent message: action:rerollShop,cost:3 
INFO - [G] 2025-09-14 19:11:09 :: TRACE :: MULTIPLAYER :: Client sent message: action:moneyMoved,amount:-3 
INFO - [G] 2025-09-14 19:11:09 :: TRACE :: MULTIPLAYER :: Client sent message: action:rerollShop,cost:4 
INFO - [G] 2025-09-14 19:11:09 :: TRACE :: MULTIPLAYER :: Client sent message: action:moneyMoved,amount:-4 
INFO - [G] 2025-09-14 19:11:11 :: TRACE :: MULTIPLAYER :: Client sent message: action:rerollShop,cost:5 
INFO - [G] 2025-09-14 19:11:11 :: TRACE :: MULTIPLAYER :: Client sent message: action:moneyMoved,amount:-5 
INFO - [G] 2025-09-14 19:11:12 :: TRACE :: MULTIPLAYER :: Client sent message: action:rerollShop,cost:6 
INFO - [G] 2025-09-14 19:11:12 :: TRACE :: MULTIPLAYER :: Client sent message: action:moneyMoved,amount:-6 
INFO - [G] 2025-09-14 19:11:13 :: TRACE :: MULTIPLAYER :: Client sent message: action:rerollShop,cost:7 
INFO - [G] 2025-09-14 19:11:13 :: TRACE :: MULTIPLAYER :: Client sent message: action:moneyMoved,amount:-7 
INFO - [G] 2025-09-14 19:11:14 :: TRACE :: MULTIPLAYER :: Client sent message: action:rerollShop,cost:8 
INFO - [G] 2025-09-14 19:11:14 :: TRACE :: MULTIPLAYER :: Client sent message: action:moneyMoved,amount:-8 
INFO - [G] 2025-09-14 19:11:15 :: TRACE :: MULTIPLAYER :: Client sent message: action:rerollShop,cost:9 
INFO - [G] 2025-09-14 19:11:15 :: TRACE :: MULTIPLAYER :: Client sent message: action:moneyMoved,amount:-9 
INFO - [G] 2025-09-14 19:11:17 :: TRACE :: MULTIPLAYER :: Client sent message: action:rerollShop,cost:10 
INFO - [G] 2025-09-14 19:11:17 :: TRACE :: MULTIPLAYER :: Client sent message: action:moneyMoved,amount:-10 
INFO - [G] 2025-09-14 19:11:44 :: TRACE :: MULTIPLAYER :: Client sent message: action:moneyMoved,amount:10 
INFO - [G] 2025-09-14 19:11:47 :: TRACE :: MULTIPLAYER :: Client sent message: action:usedCard,card:Nacho Tong 
INFO - [G] 2025-09-14 19:11:47 :: TRACE :: MULTIPLAYER :: Client sent message: action:moneyMoved,amount:-5 
INFO - [G] 2025-09-14 19:11:49 :: TRACE :: MULTIPLAYER :: Client sent message: action:usedCard,card:Money Tree 
INFO - [G] 2025-09-14 19:11:49 :: TRACE :: MULTIPLAYER :: Client sent message: action:moneyMoved,amount:-5 
INFO - [G] 2025-09-14 19:12:23 :: TRACE :: MULTIPLAYER :: Client sent message: action:moneyMoved,amount:6 
INFO - [G] 2025-09-14 19:12:27 :: TRACE :: MULTIPLAYER :: Client sent message: action:usedCard,card:Arcana Pack 
INFO - [G] 2025-09-14 19:12:27 :: TRACE :: MULTIPLAYER :: Client sent message: action:moneyMoved,amount:-2 
INFO - [G] 2025-09-14 19:12:30 :: TRACE :: MULTIPLAYER :: Client sent message: action:usedCard,card:The Hermit 
INFO - [G] 2025-09-14 19:12:30 :: TRACE :: MULTIPLAYER :: Client sent message: action:moneyMoved,amount:4 
INFO - [G] 2025-09-14 19:12:31 :: TRACE :: MULTIPLAYER :: Client sent message: action:usedCard,card:Celestial Pack 
INFO - [G] 2025-09-14 19:12:31 :: TRACE :: MULTIPLAYER :: Client sent message: action:moneyMoved,amount:-2 
INFO - [G] 2025-09-14 19:12:33 :: TRACE :: MULTIPLAYER :: Client sent message: action:usedCard,card:Eris 
INFO - [G] 2025-09-14 19:12:59 :: TRACE :: MULTIPLAYER :: Client sent message: action:moneyMoved,amount:8 
INFO - [G] 2025-09-14 19:13:03 :: TRACE :: MULTIPLAYER :: Client sent message: action:usedCard,card:Celestial Pack 
INFO - [G] 2025-09-14 19:13:03 :: TRACE :: MULTIPLAYER :: Client sent message: action:moneyMoved,amount:-2 
INFO - [G] 2025-09-14 19:13:05 :: TRACE :: MULTIPLAYER :: Client sent message: action:usedCard,card:Eris 
INFO - [G] 2025-09-14 19:13:06 :: TRACE :: MULTIPLAYER :: Client sent message: action:usedCard,card:Mega Standard Pack 
INFO - [G] 2025-09-14 19:13:06 :: TRACE :: MULTIPLAYER :: Client sent message: action:moneyMoved,amount:-4 
INFO - [G] 2025-09-14 19:13:09 :: TRACE :: MULTIPLAYER :: Client sent message: action:rerollShop,cost:1 
INFO - [G] 2025-09-14 19:13:09 :: TRACE :: MULTIPLAYER :: Client sent message: action:moneyMoved,amount:-1 
INFO - [G] 2025-09-14 19:13:10 :: TRACE :: MULTIPLAYER :: Client sent message: action:rerollShop,cost:2 
INFO - [G] 2025-09-14 19:13:10 :: TRACE :: MULTIPLAYER :: Client sent message: action:moneyMoved,amount:-2 
INFO - [G] 2025-09-14 19:13:11 :: TRACE :: MULTIPLAYER :: Client sent message: action:rerollShop,cost:3 
INFO - [G] 2025-09-14 19:13:11 :: TRACE :: MULTIPLAYER :: Client sent message: action:moneyMoved,amount:-3 
INFO - [G] 2025-09-14 19:13:17 :: TRACE :: MULTIPLAYER :: Client sent message: action:soldCard,card:Photograph 
INFO - [G] 2025-09-14 19:13:17 :: TRACE :: MULTIPLAYER :: Client sent message: action:moneyMoved,amount:2 
INFO - [G] 2025-09-14 19:13:38 :: TRACE :: MULTIPLAYER :: Client sent message: action:moneyMoved,amount:11 
INFO - [G] 2025-09-14 19:13:41 :: TRACE :: MULTIPLAYER :: Client sent message: action:usedCard,card:Petroglyph 
INFO - [G] 2025-09-14 19:13:41 :: TRACE :: MULTIPLAYER :: Client sent message: action:moneyMoved,amount:-5 
INFO - [G] 2025-09-14 19:13:43 :: TRACE :: MULTIPLAYER :: Client sent message: action:usedCard,card:Arcana Pack 
INFO - [G] 2025-09-14 19:13:43 :: TRACE :: MULTIPLAYER :: Client sent message: action:moneyMoved,amount:-2 
INFO - [G] 2025-09-14 19:13:50 :: TRACE :: MULTIPLAYER :: Client sent message: action:usedCard,card:Death 
INFO - [G] 2025-09-14 19:13:52 :: TRACE :: MULTIPLAYER :: Client sent message: action:usedCard,card:Jumbo Standard Pack 
INFO - [G] 2025-09-14 19:13:52 :: TRACE :: MULTIPLAYER :: Client sent message: action:moneyMoved,amount:-3 
INFO - [G] 2025-09-14 19:13:57 :: TRACE :: MULTIPLAYER :: Client sent message: action:rerollShop,cost:1 
INFO - [G] 2025-09-14 19:13:57 :: TRACE :: MULTIPLAYER :: Client sent message: action:moneyMoved,amount:-1 
INFO - [G] 2025-09-14 19:14:21 :: TRACE :: MULTIPLAYER :: Client sent message: action:moneyMoved,amount:6 
INFO - [G] 2025-09-14 19:14:24 :: TRACE :: MULTIPLAYER :: Client sent message: action:rerollShop,cost:1 
INFO - [G] 2025-09-14 19:14:24 :: TRACE :: MULTIPLAYER :: Client sent message: action:moneyMoved,amount:-1 
INFO - [G] 2025-09-14 19:14:25 :: TRACE :: MULTIPLAYER :: Client sent message: action:usedCard,card:Arcana Pack 
INFO - [G] 2025-09-14 19:14:25 :: TRACE :: MULTIPLAYER :: Client sent message: action:moneyMoved,amount:-2 
INFO - [G] 2025-09-14 19:14:32 :: TRACE :: MULTIPLAYER :: Client sent message: action:usedCard,card:Death 
INFO - [G] 2025-09-14 19:15:15 :: TRACE :: MULTIPLAYER :: Client sent message: action:moneyMoved,amount:8 
INFO - [G] 2025-09-14 19:15:18 :: TRACE :: MULTIPLAYER :: Client sent message: action:soldCard,card:The Idol 
INFO - [G] 2025-09-14 19:15:19 :: TRACE :: MULTIPLAYER :: Client sent message: action:moneyMoved,amount:1 
INFO - [G] 2025-09-14 19:15:19 :: TRACE :: MULTIPLAYER :: Client sent message: action:boughtCardFromShop,card:Blueprint,cost:6 
INFO - [G] 2025-09-14 19:15:19 :: TRACE :: MULTIPLAYER :: Client sent message: action:moneyMoved,amount:-6 
INFO - [G] 2025-09-14 19:15:21 :: TRACE :: MULTIPLAYER :: Client sent message: action:usedCard,card:Jumbo Arcana Pack 
INFO - [G] 2025-09-14 19:15:21 :: TRACE :: MULTIPLAYER :: Client sent message: action:moneyMoved,amount:-3 
INFO - [G] 2025-09-14 19:15:25 :: TRACE :: MULTIPLAYER :: Client sent message: action:soldCard,card:DNA 
INFO - [G] 2025-09-14 19:15:25 :: TRACE :: MULTIPLAYER :: Client sent message: action:moneyMoved,amount:2 
INFO - [G] 2025-09-14 19:15:25 :: TRACE :: MULTIPLAYER :: Client sent message: action:usedCard,card:Wraith 
INFO - [G] 2025-09-14 19:15:26 :: TRACE :: MULTIPLAYER :: Client sent message: action:moneyMoved,amount:-9 
INFO - [G] 2025-09-14 19:15:46 :: TRACE :: MULTIPLAYER :: Client sent message: action:moneyMoved,amount:9 
INFO - [G] 2025-09-14 19:15:53 :: TRACE :: MULTIPLAYER :: Client sent message: action:usedCard,card:Mega Standard Pack 
INFO - [G] 2025-09-14 19:15:53 :: TRACE :: MULTIPLAYER :: Client sent message: action:moneyMoved,amount:-4 
INFO - [G] 2025-09-14 19:15:57 :: TRACE :: MULTIPLAYER :: Client sent message: action:rerollShop,cost:1 
INFO - [G] 2025-09-14 19:15:57 :: TRACE :: MULTIPLAYER :: Client sent message: action:moneyMoved,amount:-1 
INFO - [G] 2025-09-14 19:16:02 :: TRACE :: MULTIPLAYER :: Client sent message: action:soldCard,card:Driver's License 
INFO - [G] 2025-09-14 19:16:02 :: TRACE :: MULTIPLAYER :: Client sent message: action:moneyMoved,amount:1 
INFO - [G] 2025-09-14 19:16:03 :: TRACE :: MULTIPLAYER :: Client sent message: action:boughtCardFromShop,card:Trading Card,cost:3 
INFO - [G] 2025-09-14 19:16:03 :: TRACE :: MULTIPLAYER :: Client sent message: action:moneyMoved,amount:-3 
INFO - [G] 2025-09-14 19:16:07 :: TRACE :: MULTIPLAYER :: Client sent message: action:moneyMoved,amount:3 
INFO - [G] 2025-09-14 19:16:38 :: TRACE :: MULTIPLAYER :: Client sent message: action:moneyMoved,amount:7 
INFO - [G] 2025-09-14 19:16:40 :: TRACE :: MULTIPLAYER :: Client sent message: action:rerollShop,cost:1 
INFO - [G] 2025-09-14 19:16:40 :: TRACE :: MULTIPLAYER :: Client sent message: action:moneyMoved,amount:-1 
INFO - [G] 2025-09-14 19:16:41 :: TRACE :: MULTIPLAYER :: Client sent message: action:rerollShop,cost:2 
INFO - [G] 2025-09-14 19:16:41 :: TRACE :: MULTIPLAYER :: Client sent message: action:moneyMoved,amount:-2 
INFO - [G] 2025-09-14 19:16:46 :: TRACE :: MULTIPLAYER :: Client sent message: action:moneyMoved,amount:3 
INFO - [G] 2025-09-14 19:17:01 :: TRACE :: MULTIPLAYER :: Client sent message: action:moneyMoved,amount:10 
INFO - [G] 2025-09-14 19:17:04 :: TRACE :: MULTIPLAYER :: Client sent message: action:usedCard,card:Arcana Pack 
INFO - [G] 2025-09-14 19:17:04 :: TRACE :: MULTIPLAYER :: Client sent message: action:moneyMoved,amount:-2 
INFO - [G] 2025-09-14 19:17:08 :: TRACE :: MULTIPLAYER :: Client sent message: action:usedCard,card:Talisman 
INFO - [G] 2025-09-14 19:17:10 :: TRACE :: MULTIPLAYER :: Client sent message: action:rerollShop,cost:1 
INFO - [G] 2025-09-14 19:17:10 :: TRACE :: MULTIPLAYER :: Client sent message: action:moneyMoved,amount:-1 
INFO - [G] 2025-09-14 19:17:12 :: TRACE :: MULTIPLAYER :: Client sent message: action:boughtCardFromShop,card:The Hermit,cost:1 
INFO - [G] 2025-09-14 19:17:12 :: TRACE :: MULTIPLAYER :: Client sent message: action:moneyMoved,amount:-1 
INFO - [G] 2025-09-14 19:17:12 :: TRACE :: MULTIPLAYER :: Client sent message: action:usedCard,card:The Hermit 
INFO - [G] 2025-09-14 19:17:12 :: TRACE :: MULTIPLAYER :: Client sent message: action:moneyMoved,amount:18 
INFO - [G] 2025-09-14 19:17:17 :: TRACE :: MULTIPLAYER :: Client sent message: action:moneyMoved,amount:3 
INFO - [G] 2025-09-14 19:17:34 :: TRACE :: MULTIPLAYER :: Client sent message: action:moneyMoved,amount:16 
INFO - [G] 2025-09-14 19:17:36 :: TRACE :: MULTIPLAYER :: Client sent message: action:usedCard,card:Glow Up 
INFO - [G] 2025-09-14 19:17:36 :: TRACE :: MULTIPLAYER :: Client sent message: action:moneyMoved,amount:-5 
INFO - [G] 2025-09-14 19:17:38 :: TRACE :: MULTIPLAYER :: Client sent message: action:usedCard,card:Arcana Pack 
INFO - [G] 2025-09-14 19:17:38 :: TRACE :: MULTIPLAYER :: Client sent message: action:moneyMoved,amount:-2 
INFO - [G] 2025-09-14 19:17:44 :: TRACE :: MULTIPLAYER :: Client sent message: action:usedCard,card:Arcana Pack 
INFO - [G] 2025-09-14 19:17:44 :: TRACE :: MULTIPLAYER :: Client sent message: action:moneyMoved,amount:-2 
INFO - [G] 2025-09-14 19:17:48 :: TRACE :: MULTIPLAYER :: Client sent message: action:usedCard,card:Temperance 
INFO - [G] 2025-09-14 19:17:48 :: TRACE :: MULTIPLAYER :: Client sent message: action:moneyMoved,amount:13 
INFO - [G] 2025-09-14 19:17:49 :: TRACE :: MULTIPLAYER :: Client sent message: action:rerollShop,cost:1 
INFO - [G] 2025-09-14 19:17:49 :: TRACE :: MULTIPLAYER :: Client sent message: action:moneyMoved,amount:-1 
INFO - [G] 2025-09-14 19:17:50 :: TRACE :: MULTIPLAYER :: Client sent message: action:rerollShop,cost:2 
INFO - [G] 2025-09-14 19:17:50 :: TRACE :: MULTIPLAYER :: Client sent message: action:moneyMoved,amount:-2 
INFO - [G] 2025-09-14 19:17:53 :: TRACE :: MULTIPLAYER :: Client sent message: action:rerollShop,cost:3 
INFO - [G] 2025-09-14 19:17:53 :: TRACE :: MULTIPLAYER :: Client sent message: action:moneyMoved,amount:-3 
INFO - [G] 2025-09-14 19:17:54 :: TRACE :: MULTIPLAYER :: Client sent message: action:rerollShop,cost:4 
INFO - [G] 2025-09-14 19:17:54 :: TRACE :: MULTIPLAYER :: Client sent message: action:moneyMoved,amount:-4 
INFO - [G] 2025-09-14 19:17:57 :: TRACE :: MULTIPLAYER :: Client sent message: action:rerollShop,cost:5 
INFO - [G] 2025-09-14 19:17:57 :: TRACE :: MULTIPLAYER :: Client sent message: action:moneyMoved,amount:-5 
INFO - [G] 2025-09-14 19:17:58 :: TRACE :: MULTIPLAYER :: Client sent message: action:rerollShop,cost:6 
INFO - [G] 2025-09-14 19:17:58 :: TRACE :: MULTIPLAYER :: Client sent message: action:moneyMoved,amount:-6 
INFO - [G] 2025-09-14 19:17:59 :: TRACE :: MULTIPLAYER :: Client sent message: action:rerollShop,cost:7 
INFO - [G] 2025-09-14 19:17:59 :: TRACE :: MULTIPLAYER :: Client sent message: action:moneyMoved,amount:-7 
INFO - [G] 2025-09-14 19:18:03 :: TRACE :: MULTIPLAYER :: Client sent message: action:moneyMoved,amount:3 
INFO - [G] 2025-09-14 19:18:38 :: TRACE :: MULTIPLAYER :: Client sent message: action:usedCard,card:Justice 
INFO - [G] 2025-09-14 19:18:40 :: TRACE :: MULTIPLAYER :: Client sent message: action:usedCard,card:Justice 
INFO - [G] 2025-09-14 19:18:41 :: TRACE :: MULTIPLAYER :: Client sent message: action:usedCard,card:Justice 
INFO - [G] 2025-09-14 19:18:42 :: TRACE :: MULTIPLAYER :: Client sent message: action:soldCard,card:Trading Card 
INFO - [G] 2025-09-14 19:18:43 :: TRACE :: MULTIPLAYER :: Client sent message: action:moneyMoved,amount:1 
INFO - [G] 2025-09-14 19:18:50 :: TRACE :: MULTIPLAYER :: Client sent message: action:usedCard,card:Justice 
INFO - [G] 2025-09-14 19:18:52 :: TRACE :: MULTIPLAYER :: Client sent message: action:usedCard,card:Justice 
INFO - [G] 2025-09-14 19:18:53 :: TRACE :: MULTIPLAYER :: Client sent message: action:usedCard,card:Justice 
INFO - [G] 2025-09-14 19:19:12 :: TRACE :: MULTIPLAYER :: Client sent message: action:moneyMoved,amount:13 
INFO - [G] 2025-09-14 19:19:16 :: TRACE :: MULTIPLAYER :: Client sent message: action:usedCard,card:Jumbo Arcana Pack 
INFO - [G] 2025-09-14 19:19:16 :: TRACE :: MULTIPLAYER :: Client sent message: action:moneyMoved,amount:-3 
INFO - [G] 2025-09-14 19:19:23 :: TRACE :: MULTIPLAYER :: Client sent message: action:usedCard,card:The Fool 
INFO - [G] 2025-09-14 19:19:24 :: TRACE :: MULTIPLAYER :: Client sent message: action:usedCard,card:Jumbo Celestial Pack 
INFO - [G] 2025-09-14 19:19:24 :: TRACE :: MULTIPLAYER :: Client sent message: action:moneyMoved,amount:-3 
INFO - [G] 2025-09-14 19:19:26 :: TRACE :: MULTIPLAYER :: Client sent message: action:usedCard,card:Eris 
INFO - [G] 2025-09-14 19:19:28 :: TRACE :: MULTIPLAYER :: Client sent message: action:rerollShop,cost:1 
INFO - [G] 2025-09-14 19:19:28 :: TRACE :: MULTIPLAYER :: Client sent message: action:moneyMoved,amount:-1 
INFO - [G] 2025-09-14 19:19:30 :: TRACE :: MULTIPLAYER :: Client sent message: action:boughtCardFromShop,card:The Hanged Man,cost:1 
INFO - [G] 2025-09-14 19:19:30 :: TRACE :: MULTIPLAYER :: Client sent message: action:moneyMoved,amount:-1 
INFO - [G] 2025-09-14 19:19:31 :: TRACE :: MULTIPLAYER :: Client sent message: action:rerollShop,cost:2 
INFO - [G] 2025-09-14 19:19:31 :: TRACE :: MULTIPLAYER :: Client sent message: action:moneyMoved,amount:-2 
INFO - [G] 2025-09-14 19:19:32 :: TRACE :: MULTIPLAYER :: Client sent message: action:boughtCardFromShop,card:Trading Card,cost:3 
INFO - [G] 2025-09-14 19:19:32 :: TRACE :: MULTIPLAYER :: Client sent message: action:moneyMoved,amount:-3 
INFO - [G] 2025-09-14 19:19:32 :: TRACE :: MULTIPLAYER :: Client sent message: action:rerollShop,cost:3 
INFO - [G] 2025-09-14 19:19:32 :: TRACE :: MULTIPLAYER :: Client sent message: action:moneyMoved,amount:-3 
INFO - [G] 2025-09-14 19:19:33 :: TRACE :: MULTIPLAYER :: Client sent message: action:rerollShop,cost:4 
INFO - [G] 2025-09-14 19:19:33 :: TRACE :: MULTIPLAYER :: Client sent message: action:moneyMoved,amount:-4 
INFO - [G] 2025-09-14 19:19:34 :: TRACE :: MULTIPLAYER :: Client sent message: action:rerollShop,cost:5 
INFO - [G] 2025-09-14 19:19:34 :: TRACE :: MULTIPLAYER :: Client sent message: action:moneyMoved,amount:-5 
INFO - [G] 2025-09-14 19:19:35 :: TRACE :: MULTIPLAYER :: Client sent message: action:rerollShop,cost:6 
INFO - [G] 2025-09-14 19:19:35 :: TRACE :: MULTIPLAYER :: Client sent message: action:moneyMoved,amount:-6 
INFO - [G] 2025-09-14 19:19:36 :: TRACE :: MULTIPLAYER :: Client sent message: action:rerollShop,cost:7 
INFO - [G] 2025-09-14 19:19:36 :: TRACE :: MULTIPLAYER :: Client sent message: action:moneyMoved,amount:-7 
INFO - [G] 2025-09-14 19:19:42 :: TRACE :: MULTIPLAYER :: Client sent message: action:usedCard,card:The Hanged Man 
INFO - [G] 2025-09-14 19:19:43 :: TRACE :: MULTIPLAYER :: Client sent message: action:moneyMoved,amount:3 
INFO - [G] 2025-09-14 19:19:46 :: TRACE :: MULTIPLAYER :: Client sent message: action:usedCard,card:Justice 
INFO - [G] 2025-09-14 19:20:05 :: TRACE :: MULTIPLAYER :: Client sent message: action:moneyMoved,amount:10 
INFO - [G] 2025-09-14 19:20:10 :: TRACE :: MULTIPLAYER :: Client sent message: action:soldCard,card:Trading Card 
INFO - [G] 2025-09-14 19:20:10 :: TRACE :: MULTIPLAYER :: Client sent message: action:moneyMoved,amount:1 
INFO - [G] 2025-09-14 19:20:10 :: TRACE :: MULTIPLAYER :: Client sent message: action:boughtCardFromShop,card:Judgement,cost:1 
INFO - [G] 2025-09-14 19:20:10 :: TRACE :: MULTIPLAYER :: Client sent message: action:moneyMoved,amount:-1 
INFO - [G] 2025-09-14 19:20:10 :: TRACE :: MULTIPLAYER :: Client sent message: action:usedCard,card:Judgement 
INFO - [G] 2025-09-14 19:20:12 :: TRACE :: MULTIPLAYER :: Client sent message: action:rerollShop,cost:1 
INFO - [G] 2025-09-14 19:20:12 :: TRACE :: MULTIPLAYER :: Client sent message: action:moneyMoved,amount:-1 
INFO - [G] 2025-09-14 19:20:14 :: TRACE :: MULTIPLAYER :: Client sent message: action:boughtCardFromShop,card:The Hanged Man,cost:1 
INFO - [G] 2025-09-14 19:20:14 :: TRACE :: MULTIPLAYER :: Client sent message: action:moneyMoved,amount:-1 
INFO - [G] 2025-09-14 19:20:14 :: TRACE :: MULTIPLAYER :: Client sent message: action:rerollShop,cost:2 
INFO - [G] 2025-09-14 19:20:14 :: TRACE :: MULTIPLAYER :: Client sent message: action:moneyMoved,amount:-2 
INFO - [G] 2025-09-14 19:20:16 :: TRACE :: MULTIPLAYER :: Client sent message: action:rerollShop,cost:3 
INFO - [G] 2025-09-14 19:20:16 :: TRACE :: MULTIPLAYER :: Client sent message: action:moneyMoved,amount:-3 
INFO - [G] 2025-09-14 19:20:17 :: TRACE :: MULTIPLAYER :: Client sent message: action:rerollShop,cost:4 
INFO - [G] 2025-09-14 19:20:17 :: TRACE :: MULTIPLAYER :: Client sent message: action:moneyMoved,amount:-4 
INFO - [G] 2025-09-14 19:20:18 :: TRACE :: MULTIPLAYER :: Client sent message: action:rerollShop,cost:5 
INFO - [G] 2025-09-14 19:20:18 :: TRACE :: MULTIPLAYER :: Client sent message: action:moneyMoved,amount:-5 
