INFO - [♥] Lovely 0.8.0
INFO - [♥] Game directory is at "C:\\Program Files (x86)\\Steam\\steamapps\\common\\Balatro"
INFO - [♥] Writing logs to "C:\\Users\\evan\\AppData\\Roaming\\Balatro\\Mods\\lovely\\log"
INFO - [♥] Using mod directory at "C:\\Users\\evan\\AppData\\Roaming\\Balatro\\Mods"
INFO - [♥] Found .lovelyignore in 'Cryptid', skipping it.
INFO - [♥] Found .lovelyignore in 'DebugPlus', skipping it.
WARN - [♥] Unknown key `patches.1.?.match_indent` found in patch file at "C:\\Users\\evan\\AppData\\Roaming\\Balatro\\Mods\\HandyBalatro\\lovely\\controls_misc.toml", ignoring it
WARN - [♥] Unknown key `patches.1.?.overwrite` found in patch file at "C:\\Users\\evan\\AppData\\Roaming\\Balatro\\Mods\\HandyBalatro\\lovely\\controls_misc.toml", ignoring it
WARN - [♥] Unknown key `patches.0.?.overwrite` found in patch file at "C:\\Users\\evan\\AppData\\Roaming\\Balatro\\Mods\\HandyBalatro\\lovely\\controls_show_deck_preview.toml", ignoring it
WARN - [♥] Unknown key `patches.35.?.match_indent` found in patch file at "C:\\Users\\evan\\AppData\\Roaming\\Balatro\\Mods\\Talisman\\lovely.toml", ignoring it
WARN - [♥] Unknown key `patches.35.?.overwrite` found in patch file at "C:\\Users\\evan\\AppData\\Roaming\\Balatro\\Mods\\Talisman\\lovely.toml", ignoring it
WARN - [♥] Unknown key `patches.52.?.match_indent` found in patch file at "C:\\Users\\evan\\AppData\\Roaming\\Balatro\\Mods\\Talisman\\lovely.toml", ignoring it
WARN - [♥] Unknown key `patches.55.?.match_indent` found in patch file at "C:\\Users\\evan\\AppData\\Roaming\\Balatro\\Mods\\Talisman\\lovely.toml", ignoring it
INFO - [♥] Cleaning up dumps directory at "C:\\Users\\evan\\AppData\\Roaming\\Balatro\\Mods\\lovely\\dump"
INFO - [♥] Initialization complete in 57ms
WARN - [♥] Pattern 'G.ARGS.score_intensity.organ = G.video_organ or G.ARGS.score_intensity.required_score > 0 and math.max(math.min(0.4, 0.1*math.log(G.ARGS.score_intensity.earned_score/(G.ARGS.score_intensity.required_score+1), 5)),0.) or 0' on target 'main.lua' for pattern patch from Talisman\lovely.toml resulted in no matches
WARN - [♥] Pattern 'if type(G.GAME.current_round.current_hand.chips) ~= \'number\' or type(G.GAME.current_round.current_hand.mult) ~= \'number\' then' on target 'main.lua' for pattern patch from Talisman\lovely.toml resulted in no matches
INFO - [♥] Applied 15 patches to 'main.lua'
INFO - [♥] Applied 2 patches to 'engine/string_packer.lua'
INFO - [♥] Applied 8 patches to 'engine/controller.lua'
INFO - [♥] Applied 15 patches to 'back.lua'
INFO - [♥] Applied 7 patches to 'tag.lua'
INFO - [♥] Applied 1 patch to 'engine/event.lua'
INFO - [♥] Applied 3 patches to 'engine/moveable.lua'
INFO - [♥] Applied 3 patches to 'engine/sprite.lua'
INFO - [♥] Applied 2 patches to 'engine/animatedsprite.lua'
WARN - [♥] Pattern 'assembled_string = assembled_string..(type(subpart) == \'string\' and subpart or args.vars[tonumber(subpart[1])] or \'ERROR\')' on target 'functions/misc_functions.lua' for pattern patch from Talisman\lovely.toml resulted in no matches
INFO - [♥] Applied 72 patches to 'functions/misc_functions.lua'
INFO - [♥] Applied 50 patches to 'game.lua'
INFO - [♥] Applied 1 patch to 'globals.lua'
INFO - [♥] Applied 8 patches to 'engine/ui.lua'
WARN - [♥] Pattern '{n=G.UIT.T, config={text = G.GAME.hands[handname].chips, scale = 0.45, colour = G.C.UI.TEXT_LIGHT}},' on target 'functions/UI_definitions.lua' for pattern patch from Talisman\lovely.toml resulted in no matches
WARN - [♥] Pattern '{n=G.UIT.T, config={text = G.GAME.hands[handname].mult, scale = 0.45, colour = G.C.UI.TEXT_LIGHT}}' on target 'functions/UI_definitions.lua' for pattern patch from Talisman\lovely.toml resulted in no matches
INFO - [♥] Applied 97 patches to 'functions/UI_definitions.lua'
WARN - [♥] Pattern 'if effects[ii].card then' on target 'functions/state_events.lua' for pattern patch from HandyBalatro\lovely\controls_animation_skip.toml resulted in no matches
WARN - [♥] Pattern 'if effects[ii].card then' on target 'functions/state_events.lua' for pattern patch from Talisman\lovely.toml resulted in no matches
WARN - [♥] Pattern 'if effects.jokers.Xmult_mod then mult = mod_mult(mult*effects.jokers.Xmult_mod);extras.mult = true  end' on target 'functions/state_events.lua' for pattern patch from Talisman\lovely.toml resulted in no matches
WARN - [♥] Pattern 'if effect.Xmult_mod then mult = mod_mult(mult*effect.Xmult_mod);extras.mult = true  end' on target 'functions/state_events.lua' for pattern patch from Talisman\lovely.toml resulted in no matches
WARN - [♥] Pattern 'if effects[ii].message then' on target 'functions/state_events.lua' for pattern patch from Talisman\lovely.toml resulted in no matches
WARN - [♥] Pattern '--calculate the card edition effects' on target 'functions/state_events.lua' for pattern patch from Talisman\lovely.toml resulted in no matches
WARN - [♥] Pattern 'if effects[ii].edition.p_dollars_mod then' on target 'functions/state_events.lua' for pattern patch from Talisman\lovely.toml resulted in no matches
WARN - [♥] Pattern 'if edition_effects.jokers.x_mult_mod then' on target 'functions/state_events.lua' for pattern patch from Talisman\lovely.toml resulted in no matches
INFO - [♥] Applied 63 patches to 'functions/state_events.lua'
WARN - [♥] Pattern 'func = (function() if eval_func(card) then if not first or first then card:juice_up(0.1, 0.1) end;juice_card_until(card, eval_func, nil, 0.8) end return true end)' on target 'functions/common_events.lua' for pattern patch from HandyBalatro\lovely\controls_animation_skip.toml resulted in no matches
WARN - [♥] Pattern 'func = (function() if eval_func(card) then if not first or first then card:juice_up(0.1, 0.1) end;juice_card_until(card, eval_func, nil, 0.8) end return true end)' on target 'functions/common_events.lua' for pattern patch from HandyBalatro\lovely\controls_animation_skip.toml resulted in no matches
WARN - [♥] Pattern 'if num_dollars > 60 then' on target 'functions/common_events.lua' for pattern patch from Talisman\lovely.toml resulted in no matches
WARN - [♥] Pattern 'func = (function() card:juice_up(0.7);return true end)' on target 'functions/common_events.lua' for pattern patch from Talisman\lovely.toml resulted in no matches
WARN - [♥] Pattern 'if card then card:juice_up(0.8, 0.5) end' on target 'functions/common_events.lua' for pattern patch from Talisman\lovely.toml resulted in no matches
WARN - [♥] Pattern 'card:juice_up(0.6, 0.1)' on target 'functions/common_events.lua' for pattern patch from Talisman\lovely.toml resulted in no matches
WARN - [♥] Pattern 'func = (function() if eval_func(card) then if not first or first then card:juice_up(0.1, 0.1) end;juice_card_until(card, eval_func, nil, 0.8) end return true end)' on target 'functions/common_events.lua' for pattern patch from Talisman\lovely.toml resulted in no matches
WARN - [♥] Pattern 'func = (function() if eval_func(card) then if not first or first then card:juice_up(0.1, 0.1) end;juice_card_until(card, eval_func, nil, 0.8) end return true end)' on target 'functions/common_events.lua' for pattern patch from Talisman\lovely.toml resulted in no matches
WARN - [♥] Pattern 'if amt > 0 or amt < 0 then' on target 'functions/common_events.lua' for pattern patch from Talisman\lovely.toml resulted in no matches
INFO - [♥] Applied 147 patches to 'functions/common_events.lua'
INFO - [♥] Applied 66 patches to 'functions/button_callbacks.lua'
WARN - [♥] Pattern 'G.E_MANAGER:add_event(Event({func = (function() G.GAME.dollar_buffer = 0; return true end)}))' on target 'card.lua' for pattern patch from Talisman\lovely.toml resulted in no matches
WARN - [♥] Pattern 'if G.GAME.blind then G.E_MANAGER:add_event(Event({ func = function() G.GAME.blind:set_blind(nil, true, nil); return true end })) end' on target 'card.lua' for pattern patch from Talisman\lovely.toml resulted in no matches
WARN - [♥] Pattern 'x_mult = center.config.Xmult or 1,' on target 'card.lua' for pattern patch from Talisman\lovely.toml resulted in no matches
INFO - [♥] Applied 195 patches to 'card.lua'
INFO - [♥] Applied 11 patches to 'cardarea.lua'
INFO - [♥] Applied 40 patches to 'blind.lua'
WARN - [♥] Pattern 'if self.strings[k].W > self.config.W then' on target 'engine/text.lua' for pattern patch from Talisman\lovely.toml resulted in no matches
WARN - [♥] Pattern 'local letter = self.strings[self.focused_string].letters[k]' on target 'engine/text.lua' for pattern patch from Talisman\lovely.toml resulted in no matches
INFO - [♥] Applied 6 patches to 'engine/text.lua'
INFO - [♥] Applied 1 patch to '=[SMODS _ "src/utils.lua"]'
INFO - [G] Failed to connect to the debug server
INFO - [G] 2025-08-13 18:29:42 :: DEBUG :: DebugConsole :: Steamodded Debug Socket started !
INFO - [G] 2025-08-13 18:29:42 :: INFO  :: SMODS :: Steamodded v1.0.0~BETA-0711a
INFO - [G] Order not set for config dictionary: misc_quick_restart
INFO - [G] Order not set for config dictionary: speed_multiplier_default_value
INFO - [G] Order not set for config dictionary: misc_save_run
INFO - [G] Order not set for config dictionary: animation_skip_default_value
INFO - [♥] Applied 9 patches to 'engine/sound_manager.lua'
INFO - [♥] Applied 3 patches to 'engine/save_manager.lua'
INFO - [♥] Applied 2 patches to 'engine/string_packer.lua'
INFO - [G] 2025-08-13 18:29:43 :: INFO  :: Loader :: Valid JSON file found
INFO - [G] 2025-08-13 18:29:44 :: INFO  :: Loader :: Valid JSON file found
INFO - [G] 2025-08-13 18:29:44 :: INFO  :: Loader :: Valid JSON file found
INFO - [G] 2025-08-13 18:29:44 :: TRACE :: Loader :: Processing Mod file (Legacy header): steamodded.lua
INFO - [G] 2025-08-13 18:29:44 :: WARN  :: Loader :: Duplicate Mod ID: Handy
INFO - [G] 2025-08-13 18:29:44 :: TRACE :: Loader :: Processing Mod file (Legacy header): MoreSpeeds.lua
INFO - [G] 2025-08-13 18:29:44 :: TRACE :: Loader :: Saving Mod Info: MoreSpeed
INFO - [G] 2025-08-13 18:29:44 :: ERROR :: Loader :: Found invalid metadata JSON file at C:\Users\evan\AppData\Roaming\Balatro\Mods/Steamopollys-MoreSpeed-0.8.2/manifest.json, ignoring: [SMODS _ "src/loader.lua"]:226: id
INFO - [G] 2025-08-13 18:29:44 :: TRACE :: Loader :: Processing Mod file (Legacy header): steamodded_metadata.lua
INFO - [G] 2025-08-13 18:29:44 :: TRACE :: Loader :: Saving Mod Info: Talisman
INFO - [G] 2025-08-13 18:29:44 :: TRACE :: Loader :: Mod DebugPlus was unable to load: 
INFO - [G] 2025-08-13 18:29:44 :: TRACE :: Loader :: Mod Cryptid was unable to load: 
INFO - [G] 2025-08-13 18:29:44 :: INFO  :: TIMER :: [0000] Injected Fonts in 0.002 ms
INFO - [G] 2025-08-13 18:29:44 :: INFO  :: TIMER :: [0000] Injected Language in 0.002 ms
INFO - [G] 2025-08-13 18:29:44 :: INFO  :: TIMER :: [0000] Injected [INTERNAL] in 1.943 ms
INFO - [G] 2025-08-13 18:29:44 :: INFO  :: TIMER :: [0004] Injected Atlas in 445.681 ms
INFO - [G] 2025-08-13 18:29:44 :: INFO  :: TIMER :: [0008] Injected Sound in 4.948 ms
INFO - [G] 2025-08-13 18:29:44 :: INFO  :: TIMER :: [0008] Injected Stake in 0.199 ms
INFO - [G] 2025-08-13 18:29:44 :: INFO  :: TIMER :: [0004] Injected Rarity in 0.020 ms
INFO - [G] 2025-08-13 18:29:44 :: INFO  :: TIMER :: [0004] Injected ObjectType in 0.044 ms
INFO - [G] 2025-08-13 18:29:44 :: INFO  :: TIMER :: [0050] Injected Center in 0.646 ms
INFO - [G] 2025-08-13 18:29:44 :: INFO  :: TIMER :: [0007] Injected Undiscovered Sprite in 0.017 ms
INFO - [G] 2025-08-13 18:29:44 :: INFO  :: TIMER :: [0002] Injected Blind in 0.017 ms
INFO - [G] 2025-08-13 18:29:44 :: INFO  :: TIMER :: [0004] Injected Seal in 0.240 ms
INFO - [G] 2025-08-13 18:29:44 :: INFO  :: TIMER :: [0004] Injected Suit in 0.217 ms
INFO - [G] 2025-08-13 18:29:44 :: INFO  :: TIMER :: [0013] Injected Rank in 0.172 ms
INFO - [G] 2025-08-13 18:29:44 :: INFO  :: TIMER :: [0028] Injected DeckSkin in 0.508 ms
INFO - [G] 2025-08-13 18:29:44 :: INFO  :: TIMER :: [0012] Injected PokerHand in 0.166 ms
INFO - [G] 2025-08-13 18:29:44 :: INFO  :: TIMER :: [0020] Injected Challenge in 0.113 ms
INFO - [G] 2025-08-13 18:29:44 :: INFO  :: TIMER :: [0000] Injected Tag in 0.002 ms
INFO - [G] 2025-08-13 18:29:44 :: INFO  :: TIMER :: [0004] Injected Sticker in 0.160 ms
INFO - [G] 2025-08-13 18:29:44 :: INFO  :: TIMER :: [0000] Injected Shader in 0.002 ms
INFO - [G] 2025-08-13 18:29:44 :: INFO  :: TIMER :: [0002] Injected Keybind in 0.021 ms
INFO - [G] 2025-08-13 18:29:44 :: INFO  :: TIMER :: [0000] Injected Achievement in 0.053 ms
INFO - [G] 2025-08-13 18:29:45 :: INFO  :: TIMER :: [0002] Injected nil in 0.015 ms
INFO - [G] 2025-08-13 18:29:45 :: INFO  :: TIMER :: [0021] Injected Draw Step in 0.108 ms
INFO - [G] 2025-08-13 18:29:45 :: INFO  :: TIMER :: [0000] Injected [INTERNAL] in 1.309 ms
INFO - [G] line not found
INFO - [G] file not found: main.lua: No such file or directory
INFO - [G] file not found: main.lua: No such file or directory
INFO - [G] file not found: main.lua: No such file or directory
INFO - [G] file not found: main.lua: No such file or directory
INFO - [G] 2025-08-13 18:29:50 :: ERROR :: StackTrace :: Oops! The game crashed
[SMODS _ "src/utils.lua"]:2501: bad argument #2 to 'max' (number expected, got nil)
Stack Traceback
===============
(1) Lua local 'handler' at file 'main.lua:612'
	Local variables:
	 msg = string: "[SMODS _ \"src/utils.lua\"]:2501: bad argument #2 to 'max' (number expected, got nil)"
	 (*temporary) = Lua function '?' (defined at line 31 of chunk [SMODS _ "src/logging.lua"])
	 (*temporary) = string: "Oops! The game crashed\
"
(2) LÖVE function at file 'boot.lua:352' (best guess)
	Local variables:
	 errhand = Lua function '?' (defined at line 598 of chunk main.lua)
	 handler = Lua function '?' (defined at line 598 of chunk main.lua)
(3) field C function 'max'
(4) Lua field 'update_hand_limit_text' at Steamodded file 'src/utils.lua:2501' 
	Local variables:
	 play = boolean: true
	 discard = boolean: true
	 (*temporary) = table: 0x32fa5ae8  {discard:, play:}
	 (*temporary) = string: "Up to "
(5) Lua upvalue 'g_start_run' at file 'game.lua:2061'
	Local variables:
	 self = table: 0x32c51340  {F_GUIDE:false, F_CRASH_REPORTS:false, F_QUIT_BUTTON:true, F_ENGLISH_ONLY:false, viewed_stake:8, sort_id:13, F_VIDEO_SETTINGS:true, STAGE:2, F_MOBILE_UI:false (more...)}
	 args = table: 0x332bc438  {savetext:table: 0x33876450}
	 saveTable = table: 0x33876450  {STATE:1, BLIND:table: 0x33876540, BACK:table: 0x33876688, tags:table: 0x33876a60, cardAreas:table: 0x33876a88, GAME:table: 0x32f69548, VERSION:1.0.1o-FULL (more...)}
	 selected_back = table: 0x32d3a6a8  {order:10, set:Back, key:b_checkered, stake:1, alerted:true, discovered:true, _discovered_unlocked_overwritten:true, pos:table: 0x32d3a798, unlocked:true (more...)}
(6) Lua method 'start_run' at file 'main.lua:2389'
	Local variables:
	 self = table: 0x32c51340  {F_GUIDE:false, F_CRASH_REPORTS:false, F_QUIT_BUTTON:true, F_ENGLISH_ONLY:false, viewed_stake:8, sort_id:13, F_VIDEO_SETTINGS:true, STAGE:2, F_MOBILE_UI:false (more...)}
	 args = table: 0x332bc438  {savetext:table: 0x33876450}
(7) Lua field 'func' at file 'functions/button_callbacks.lua:3041'
(8) Lua method 'handle' at file 'engine/event.lua:101'
	Local variables:
	 self = table: 0x33a60150  {start_timer:true, timer:REAL, func:function: 0x33427b30, blockable:true, trigger:immediate, created_on_pause:true, delay:0, complete:false, time:16.237458442146 (more...)}
	 _results = table: 0x3398f080  {blocking:true, pause_skip:false, time_done:false, completed:false}
(9) Lua method 'update' at file 'engine/event.lua:185'
	Local variables:
	 self = table: 0x33370328  {queue_last_processed:4.75, queues:table: 0x33370350, queue_dt:0.016666666666667, queue_timer:4.9148059064959}
	 dt = number: 0.0167227
	 forced = nil
	 (for generator) = C function: next
	 (for state) = table: 0x33370350  {unlock:table: 0x33361af8, other:table: 0x33361b98, tutorial:table: 0x33361b48, base:table: 0x33361b20, achievement:table: 0x33361b70}
	 (for control) = number: nan
	 k = string: "base"
	 v = table: 0x33361b20  {1:table: 0x33a60150, 2:table: 0x33a601a0, 3:table: 0x334277a0, 4:table: 0x3398e2e8, 5:table: 0x334d6920, 6:table: 0x33846360, 7:table: 0x33846ef0 (more...)}
	 blocked = boolean: false
	 i = number: 1
	 results = table: 0x3398f080  {blocking:true, pause_skip:false, time_done:false, completed:false}
(10) Lua upvalue 'gameUpdateRef' at file 'game.lua:2562'
	Local variables:
	 self = table: 0x32c51340  {F_GUIDE:false, F_CRASH_REPORTS:false, F_QUIT_BUTTON:true, F_ENGLISH_ONLY:false, viewed_stake:8, sort_id:13, F_VIDEO_SETTINGS:true, STAGE:2, F_MOBILE_UI:false (more...)}
	 dt = number: 0
	 http_resp = nil
(11) Lua upvalue 'upd' at Steamodded file 'src/ui.lua:84' 
	Local variables:
	 self = table: 0x32c51340  {F_GUIDE:false, F_CRASH_REPORTS:false, F_QUIT_BUTTON:true, F_ENGLISH_ONLY:false, viewed_stake:8, sort_id:13, F_VIDEO_SETTINGS:true, STAGE:2, F_MOBILE_UI:false (more...)}
	 dt = number: 0.0167227
(12) Lua method 'update' at file 'main.lua:2075'
	Local variables:
	 self = table: 0x32c51340  {F_GUIDE:false, F_CRASH_REPORTS:false, F_QUIT_BUTTON:true, F_ENGLISH_ONLY:false, viewed_stake:8, sort_id:13, F_VIDEO_SETTINGS:true, STAGE:2, F_MOBILE_UI:false (more...)}
	 dt = number: 0.0167227
(13) Lua upvalue 'love_update_ref' at file 'main.lua:995'
	Local variables:
	 dt = number: 0.0167227
(14) Lua upvalue 'oldupd' at file 'modules/controller.lua:1027' (from lovely module handy/controller)
	Local variables:
	 dt = number: 0.0167227
(15) Lua field 'update' at file 'main.lua:2108'
	Local variables:
	 dt = number: 0.0167227
(16) Lua function '?' at file 'main.lua:934' (best guess)
(17) global C function 'xpcall'
(18) LÖVE function at file 'boot.lua:377' (best guess)
	Local variables:
	 func = Lua function '?' (defined at line 905 of chunk main.lua)
	 inerror = boolean: true
	 deferErrhand = Lua function '(LÖVE Function)' (defined at line 348 of chunk [love "boot.lua"])
	 earlyinit = Lua function '(LÖVE Function)' (defined at line 355 of chunk [love "boot.lua"])

INFO - [G] file not found: main.lua: No such file or directory
INFO - [G] file not found: main.lua: No such file or directory
INFO - [G] 2025-08-13 18:29:50 :: INFO  :: StackTrace :: Additional Context:
Balatro Version: 1.0.1o-FULL
Modded Version: 1.0.0~BETA-0711a-STEAMODDED
LÖVE Version: 11.5.0
Lovely Version: 0.8.0
Platform: Windows
Steamodded Mods:
    1: Talisman by MathIsFun_, Mathguy24, jenwalter666, cg-223 [ID: Talisman, Version: 2.3.4, Uses Lovely]
        Break Infinity: omeganum
    2: Handy by SleepyG11 [ID: Handy, Version: 1.5.1f, Uses Lovely]
    3: More Speed by Steamo [ID: MoreSpeed]
Lovely Mods:
