INFO - [♥] Lovely 0.8.0
INFO - [♥] Game directory is at "C:\\Program Files (x86)\\Steam\\steamapps\\common\\Balatro"
INFO - [♥] Writing logs to "C:\\Users\\evan\\AppData\\Roaming\\Balatro\\Mods\\lovely\\log"
INFO - [♥] Using mod directory at "C:\\Users\\evan\\AppData\\Roaming\\Balatro\\Mods"
INFO - [♥] Found .lovelyignore in '!BooBooBalatro!', skipping it.
INFO - [♥] Found .lovelyignore in 'A Jolly Expansion', skipping it.
INFO - [♥] Found .lovelyignore in 'AbsentDealer', skipping it.
INFO - [♥] Found .lovelyignore in 'Aikoyori'sShenanigans', skipping it.
INFO - [♥] Found .lovelyignore in 'AikoyoriPaintJob', skipping it.
INFO - [♥] Found .lovelyignore in 'All-In-Jest', skipping it.
INFO - [♥] Found .lovelyignore in 'AMY's Waifu', skipping it.
INFO - [♥] Found .lovelyignore in 'anotherstupidbalatromod', skipping it.
INFO - [♥] Found .lovelyignore in 'Arashicoolstuff', skipping it.
INFO - [♥] Found .lovelyignore in 'Azazel'sJokers', skipping it.
INFO - [♥] Found .lovelyignore in 'BadApple', skipping it.
INFO - [♥] Found .lovelyignore in 'Bakery', skipping it.
WARN - [♥] Unknown key `patches.1.?.match_indent` found in patch file at "C:\\Users\\evan\\AppData\\Roaming\\Balatro\\Mods\\Cartomancer\\lovely\\blinds-info.toml", ignoring it
WARN - [♥] Unknown key `patches.2.?.match_indent` found in patch file at "C:\\Users\\evan\\AppData\\Roaming\\Balatro\\Mods\\Cartomancer\\lovely\\stackable-deck-steamodded.toml", ignoring it
WARN - [♥] Unknown key `patches.4.?.match_indent` found in patch file at "C:\\Users\\evan\\AppData\\Roaming\\Balatro\\Mods\\Cartomancer\\lovely\\stackable-deck-steamodded.toml", ignoring it
WARN - [♥] Unknown key `patches.6.?.match_indent` found in patch file at "C:\\Users\\evan\\AppData\\Roaming\\Balatro\\Mods\\Cartomancer\\lovely\\stackable-deck-steamodded.toml", ignoring it
WARN - [♥] Unknown key `patches.1.?.match_indent` found in patch file at "C:\\Users\\evan\\AppData\\Roaming\\Balatro\\Mods\\HandyBalatro\\lovely\\controls_misc.toml", ignoring it
WARN - [♥] Unknown key `patches.1.?.overwrite` found in patch file at "C:\\Users\\evan\\AppData\\Roaming\\Balatro\\Mods\\HandyBalatro\\lovely\\controls_misc.toml", ignoring it
WARN - [♥] Unknown key `patches.0.?.overwrite` found in patch file at "C:\\Users\\evan\\AppData\\Roaming\\Balatro\\Mods\\HandyBalatro\\lovely\\controls_show_deck_preview.toml", ignoring it
WARN - [♥] Unknown key `patches.0.?.match_indent` found in patch file at "C:\\Users\\evan\\AppData\\Roaming\\Balatro\\Mods\\Steamodded\\lovely\\scoring_calculation.toml", ignoring it
INFO - [♥] Cleaning up dumps directory at "C:\\Users\\evan\\AppData\\Roaming\\Balatro\\Mods\\lovely\\dump"
INFO - [♥] Initialization complete in 67ms
INFO - [♥] Applied 1 patch to 'conf.lua'
WARN - [♥] Pattern 'G.ARGS.score_intensity.organ = G.video_organ or G.ARGS.score_intensity.required_score > 0 and math.max(math.min(0.4, 0.1*math.log(G.ARGS.score_intensity.earned_score/(G.ARGS.score_intensity.required_score+1), 5)),0.) or 0' on target 'main.lua' for pattern patch from Talisman\lovely.toml resulted in no matches
WARN - [♥] Pattern 'if type(G.GAME.current_round.current_hand.chips) ~= \'number\' or type(G.GAME.current_round.current_hand.mult) ~= \'number\' then' on target 'main.lua' for pattern patch from Talisman\lovely.toml resulted in no matches
WARN - [♥] Pattern 'assert(load(nfs.read(Saturn.PATH .. \"/core/logic/hide_played.lua\")))()' on target 'main.lua' for pattern patch from Cartomancer\lovely\saturn-compat.toml resulted in no matches
WARN - [♥] Pattern 'modded and {' on target 'main.lua' for pattern patch from Cartomancer\lovely\stackable-deck-steamodded-0.9.8.toml resulted in no matches
INFO - [♥] Applied 19 patches to 'main.lua'
INFO - [♥] Applied 2 patches to 'engine/string_packer.lua'
INFO - [♥] Applied 16 patches to 'engine/controller.lua'
INFO - [♥] Applied 15 patches to 'back.lua'
INFO - [♥] Applied 8 patches to 'tag.lua'
INFO - [♥] Applied 1 patch to 'engine/event.lua'
INFO - [♥] Applied 3 patches to 'engine/moveable.lua'
INFO - [♥] Applied 5 patches to 'engine/sprite.lua'
INFO - [♥] Applied 2 patches to 'engine/animatedsprite.lua'
WARN - [♥] Pattern 'assembled_string = assembled_string..(type(subpart) == \'string\' and subpart or args.vars[tonumber(subpart[1])])' on target 'functions/misc_functions.lua' for pattern patch from BetmmaMods\lovely\lovely.toml resulted in no matches
WARN - [♥] Pattern 'assembled_string = assembled_string..(type(subpart) == \'string\' and subpart or args.vars[tonumber(subpart[1])] or \'ERROR\')' on target 'functions/misc_functions.lua' for pattern patch from Talisman\lovely.toml resulted in no matches
WARN - [♥] Pattern 'G.ARGS.score_intensity.earned_score = G.GAME.current_round.current_hand.chips*G.GAME.current_round.current_hand.mult\n' on target 'functions/misc_functions.lua' for pattern patch from Talisman\lovely.toml resulted in no matches
INFO - [♥] Applied 85 patches to 'functions/misc_functions.lua'
INFO - [♥] Applied 86 patches to 'game.lua'
INFO - [♥] Applied 1 patch to 'globals.lua'
WARN - [♥] Pattern 'self.config.chosen = true' on target 'engine/ui.lua' for pattern patch from Cartomancer\lovely\vanilla-ui.toml resulted in no matches
INFO - [♥] Applied 11 patches to 'engine/ui.lua'
WARN - [♥] Pattern '{n=G.UIT.T, config={text = G.GAME.hands[handname].chips, scale = 0.45, colour = G.C.UI.TEXT_LIGHT}},' on target 'functions/UI_definitions.lua' for pattern patch from Talisman\lovely.toml resulted in no matches
WARN - [♥] Pattern '{n=G.UIT.T, config={text = G.GAME.hands[handname].mult, scale = 0.45, colour = G.C.UI.TEXT_LIGHT}}' on target 'functions/UI_definitions.lua' for pattern patch from Talisman\lovely.toml resulted in no matches
INFO - [♥] Applied 140 patches to 'functions/UI_definitions.lua'
WARN - [♥] Pattern 'if effects[ii].card then' on target 'functions/state_events.lua' for pattern patch from HandyBalatro\lovely\controls_animation_skip.toml resulted in no matches
WARN - [♥] Pattern 'if hand_chips*mult > 0 then' on target 'functions/state_events.lua' for pattern patch from HandyBalatro\lovely\controls_scoring_hold.toml resulted in no matches
WARN - [♥] Pattern 'elseif config.name == \'interest\' then\n    table.insert(left_text, {n=G.UIT.T, config={text = num_dollars, scale = 0.8*scale, colour = G.C.MONEY, shadow = true, juice = true}})\n    table.insert(left_text,{n=G.UIT.O, config={object = DynaText({string = {\" \"..localize{type = \'variable\', key = \'interest\', vars = {G.GAME.interest_amount, 5, G.GAME.interest_amount*G.GAME.interest_cap/5}}}, colours = {G.C.UI.TEXT_LIGHT}, shadow = true, pop_in = 0, scale = 0.4*scale, silent = true})}})\nend\n' on target 'functions/state_events.lua' for pattern patch from Kino\lovely\current.toml resulted in no matches
WARN - [♥] Pattern 'if hand_chips*mult > 0 then' on target 'functions/state_events.lua' for pattern patch from Talisman\lovely.toml resulted in no matches
WARN - [♥] Pattern 'if effects[ii].card then' on target 'functions/state_events.lua' for pattern patch from Talisman\lovely.toml resulted in no matches
WARN - [♥] Pattern 'if effects.jokers.Xmult_mod then mult = mod_mult(mult*effects.jokers.Xmult_mod);extras.mult = true  end' on target 'functions/state_events.lua' for pattern patch from Talisman\lovely.toml resulted in no matches
WARN - [♥] Pattern 'if effect.Xmult_mod then mult = mod_mult(mult*effect.Xmult_mod);extras.mult = true  end' on target 'functions/state_events.lua' for pattern patch from Talisman\lovely.toml resulted in no matches
WARN - [♥] Pattern 'if effects[ii].message then' on target 'functions/state_events.lua' for pattern patch from Talisman\lovely.toml resulted in no matches
WARN - [♥] Pattern '--calculate the card edition effects' on target 'functions/state_events.lua' for pattern patch from Talisman\lovely.toml resulted in no matches
WARN - [♥] Pattern 'if effects[ii].edition.p_dollars_mod then' on target 'functions/state_events.lua' for pattern patch from Talisman\lovely.toml resulted in no matches
WARN - [♥] Pattern 'if edition_effects.jokers.x_mult_mod then' on target 'functions/state_events.lua' for pattern patch from Talisman\lovely.toml resulted in no matches
WARN - [♥] Regex '(?<indent>[\t ]*)else\\s*\\n[\\t ]*mult\\s*=\\s*mod_mult\\(\\s*0\\s*\\)\\s*\\n[\\t ]*hand_chips\\s*=\\s*mod_chips\\(\\s*0\\s*\\)\\s*' on target 'functions/state_events.lua' for regex patch from Kino\lovely\current.toml resulted in no matches
INFO - [♥] Applied 85 patches to 'functions/state_events.lua'
WARN - [♥] Pattern 'func = (function() if eval_func(card) then if not first or first then card:juice_up(0.1, 0.1) end;juice_card_until(card, eval_func, nil, 0.8) end return true end)' on target 'functions/common_events.lua' for pattern patch from HandyBalatro\lovely\controls_animation_skip.toml resulted in no matches
WARN - [♥] Pattern 'func = (function() if eval_func(card) then if not first or first then card:juice_up(0.1, 0.1) end;juice_card_until(card, eval_func, nil, 0.8) end return true end)' on target 'functions/common_events.lua' for pattern patch from HandyBalatro\lovely\controls_animation_skip.toml resulted in no matches
WARN - [♥] Pattern 'if chip > 0 then' on target 'functions/common_events.lua' for pattern patch from BetmmaMods\lovely\lovely.toml resulted in no matches
WARN - [♥] Pattern 'if mult > 0 then' on target 'functions/common_events.lua' for pattern patch from BetmmaMods\lovely\lovely.toml resulted in no matches
WARN - [♥] Pattern 'if p_dollars > 0 then' on target 'functions/common_events.lua' for pattern patch from BetmmaMods\lovely\lovely.toml resulted in no matches
WARN - [♥] Pattern 'G.GAME.hands[hand].chips = math.max(G.GAME.hands[hand].s_chips + G.GAME.hands[hand].l_chips*(G.GAME.hands[hand].level - 1), 0)' on target 'functions/common_events.lua' for pattern patch from Kino\lovely\current.toml resulted in no matches
WARN - [♥] Pattern 'elseif _c.effect == \'Lucky Card\' then loc_vars = {G.GAME.probabilities.normal, cfg.mult, 5, cfg.p_dollars, 15}' on target 'functions/common_events.lua' for pattern patch from Kino\lovely\current.toml resulted in no matches
WARN - [♥] Pattern '    for _, v in ipairs(info_queue) do\n        generate_card_ui(v, full_UI_table)\n    end\n' on target 'functions/common_events.lua' for pattern patch from Kino\lovely\current.toml resulted in no matches
WARN - [♥] Pattern 'if num_dollars > 60 then' on target 'functions/common_events.lua' for pattern patch from Talisman\lovely.toml resulted in no matches
WARN - [♥] Pattern 'func = (function() card:juice_up(0.7);return true end)' on target 'functions/common_events.lua' for pattern patch from Talisman\lovely.toml resulted in no matches
WARN - [♥] Pattern 'if card then card:juice_up(0.8, 0.5) end' on target 'functions/common_events.lua' for pattern patch from Talisman\lovely.toml resulted in no matches
WARN - [♥] Pattern 'card:juice_up(0.6, 0.1)' on target 'functions/common_events.lua' for pattern patch from Talisman\lovely.toml resulted in no matches
WARN - [♥] Pattern 'func = (function() if eval_func(card) then if not first or first then card:juice_up(0.1, 0.1) end;juice_card_until(card, eval_func, nil, 0.8) end return true end)' on target 'functions/common_events.lua' for pattern patch from Talisman\lovely.toml resulted in no matches
WARN - [♥] Pattern 'func = (function() if eval_func(card) then if not first or first then card:juice_up(0.1, 0.1) end;juice_card_until(card, eval_func, nil, 0.8) end return true end)' on target 'functions/common_events.lua' for pattern patch from Talisman\lovely.toml resulted in no matches
WARN - [♥] Pattern 'if amt > 0 or amt < 0 then' on target 'functions/common_events.lua' for pattern patch from Talisman\lovely.toml resulted in no matches
INFO - [♥] Applied 174 patches to 'functions/common_events.lua'
WARN - [♥] Pattern 'if #G.hand.highlighted <= 0 or G.GAME.blind.block_play or #G.hand.highlighted > 5 then' on target 'functions/button_callbacks.lua' for pattern patch from CardSleeves\lovely\expected_to_fail.toml resulted in no matches
INFO - [♥] Applied 85 patches to 'functions/button_callbacks.lua'
WARN - [♥] Regex 'localize\\(\'k_upgrade_ex\'\\)\\}\\); return true\n[ \\t]*end\\}\\)\\)\n[ \\t]*end\n(?<indent>[ \\t]*)return' on target 'card.lua' for regex patch from Steamodded\lovely\joker_retriggers.toml resulted in no matches
WARN - [♥] Regex '[ \\t]*G\\.C\\.MULT\\}\\)\n[ \\t]*return true\n[ \\t]*end\\)\\}\\)\\)\n(?<indent>[ \\t]*)end' on target 'card.lua' for regex patch from Steamodded\lovely\joker_retriggers.toml resulted in no matches
WARN - [♥] Regex '[ \\t]*func = function\\(\\) card_eval_status_text\\(self, \'extra\', nil, nil, nil, \\{message = localize\\{type = \'variable\', key = \'a_xmult\', vars = \\{self\\.ability\\.caino_xmult\\}\\}\\}\\); return true\n(?<indent>[ \\t]*)end\\}\\)\\)' on target 'card.lua' for regex patch from Steamodded\lovely\joker_retriggers.toml resulted in no matches
WARN - [♥] Regex 'glass_cards\\}\\}\\}\\)\n[ \\t]*return true\n[ \\t]*end\n(?<indent>[ \\t]*)\\}\\)\\)' on target 'card.lua' for regex patch from Steamodded\lovely\joker_retriggers.toml resulted in no matches
WARN - [♥] Pattern 'if self.ability.x_mult <= 1 then return 0 end' on target 'card.lua' for pattern patch from BetmmaMods\lovely\lovely.toml resulted in no matches
WARN - [♥] Pattern 'if pseudorandom(\'lucky_money\') < G.GAME.probabilities.normal/15 then' on target 'card.lua' for pattern patch from Kino\lovely\current.toml resulted in no matches
WARN - [♥] Pattern 'if pseudorandom(\'lucky_mult\') < G.GAME.probabilities.normal/5 then' on target 'card.lua' for pattern patch from Kino\lovely\current.toml resulted in no matches
WARN - [♥] Pattern 'G.E_MANAGER:add_event(Event({func = (function() G.GAME.dollar_buffer = 0; return true end)}))' on target 'card.lua' for pattern patch from Talisman\lovely.toml resulted in no matches
WARN - [♥] Pattern 'if G.GAME.blind then G.E_MANAGER:add_event(Event({ func = function() G.GAME.blind:set_blind(nil, true, nil); return true end })) end' on target 'card.lua' for pattern patch from Talisman\lovely.toml resulted in no matches
WARN - [♥] Pattern 'x_mult = center.config.Xmult or 1,' on target 'card.lua' for pattern patch from Talisman\lovely.toml resulted in no matches
WARN - [♥] Regex 'self.params.viewed_back and G.GAME.viewed_back or G.GAME.selected_back' on target 'card.lua' for regex patch from CardSleeves\lovely\expected_to_fail.toml resulted in no matches
INFO - [♥] Applied 246 patches to 'card.lua'
WARN - [♥] Pattern '{n=G.UIT.T, config={ref_table = self.config, ref_value = \'card_limit\', scale = 0.3, colour = G.C.WHITE}},' on target 'cardarea.lua' for pattern patch from BetmmaMods\lovely\lovely.toml resulted in no matches
WARN - [♥] Pattern 'local card_count = self ~= G.shop_vouchers and {n=G.UIT.R, config={align = self == G.jokers and \'cl\' or self == G.hand and \'cm\' or \'cr\', padding = 0.03, no_fill = true}, nodes={\n    {n=G.UIT.B, config={w = 0.1,h=0.1}},\n    {n=G.UIT.T, config={ref_table = self.config, ref_value = \'card_count\', scale = 0.3, colour = G.C.WHITE}},\n    {n=G.UIT.T, config={text = \'/\', scale = 0.3, colour = G.C.WHITE}},\n    {n=G.UIT.T, config={ref_table = self.config, ref_value = \'card_limit\', scale = 0.3, colour = G.C.WHITE}},\n    {n=G.UIT.B, config={w = 0.1,h=0.1}}\n}} or nil\n' on target 'cardarea.lua' for pattern patch from Kino\lovely\current.toml resulted in no matches
INFO - [♥] Applied 29 patches to 'cardarea.lua'
INFO - [♥] Applied 44 patches to 'blind.lua'
INFO - [♥] Applied 10 patches to 'card_character.lua'
INFO - [♥] Applied 13 patches to 'engine/text.lua'
WARN - [♥] Regex '= amount > 0' on target '=[SMODS _ "src/utils.lua"]' for regex patch from Talisman\lovely.toml resulted in no matches
INFO - [♥] Applied 3 patches to '=[SMODS _ "src/utils.lua"]'
WARN - [♥] Pattern 'card_limit = #SUITS[suit_map[j]],' on target '=[SMODS _ "src/overrides.lua"]' for pattern patch from Cartomancer\lovely\stackable-deck-steamodded.toml resulted in no matches
WARN - [♥] Pattern 'card_limit = #SUITS[visible_suit[j]],' on target '=[SMODS _ "src/overrides.lua"]' for pattern patch from Cartomancer\lovely\stackable-deck-steamodded.toml resulted in no matches
WARN - [♥] Regex '\t\t\tfor i = 1\\, \\#SUITS\\[suit_map\\[j\\]\\] do\n\t\t\t\tif SUITS\\[suit_map\\[j\\]\\]\\[i\\] then\n\t\t\t\t\tlocal greyed\\, _scale = nil\\, 0\\.7\n\t\t\t\t\tif unplayed_only and not \\(\\(SUITS\\[suit_map\\[j\\]\\]\\[i\\]\\.area and SUITS\\[suit_map\\[j\\]\\]\\[i\\]\\.area == G\\.deck\\) or SUITS\\[suit_map\\[j\\]\\]\\[i\\]\\.ability\\.wheel_flipped\\) then\n\t\t\t\t\t\tgreyed = true\n\t\t\t\t\tend\n\t\t\t\t\tlocal copy = copy_card\\(SUITS\\[suit_map\\[j\\]\\]\\[i\\]\\, nil\\, _scale[^\\)\\n]*\\)\n\t\t\t\t\tcopy\\.greyed = greyed\n\t\t\t\t\tcopy\\.T\\.x = view_deck\\.T\\.x \\+ view_deck\\.T\\.w \\/ 2\n\t\t\t\t\tcopy\\.T\\.y = view_deck\\.T\\.y\n\n\t\t\t\t\tcopy:hard_set_T\\(\\)\n\t\t\t\t\tview_deck:emplace\\(copy\\)\n\t\t\t\tend\n\t\t\tend' on target '=[SMODS _ "src/overrides.lua"]' for regex patch from Cartomancer\lovely\stackable-deck-steamodded.toml resulted in no matches
INFO - [♥] Applied 5 patches to '=[SMODS _ "src/overrides.lua"]'
INFO - [♥] Applied 1 patch to '=[SMODS _ "src/game_object.lua"]'
INFO - [G] Failed to connect to the debug server 
INFO - [G] 2025-09-14 19:38:47 :: DEBUG :: DebugConsole :: Steamodded Debug Socket started ! 
INFO - [G] 2025-09-14 19:38:47 :: INFO  :: SMODS :: Steamodded v1.0.0~BETA-0827c 
INFO - [G] Order not set for config dictionary: speed_multiplier_default_value 
INFO - [G] Order not set for config dictionary: animation_skip_default_value 
INFO - [♥] Applied 9 patches to 'engine/sound_manager.lua'
INFO - [♥] Applied 3 patches to 'engine/save_manager.lua'
INFO - [♥] Applied 2 patches to 'engine/string_packer.lua'
WARN - [♥] Pattern 'if not self.no_shadow and G.SETTINGS.GRAPHICS.shadows == \'On\' and((layer == \'shadow\' or layer == \'both\') and (self.ability.effect ~= \'Glass Card\' and not self.greyed) and ((self.area and self.area ~= G.discard and self.area.config.type ~= \'deck\') or not self.area or self.states.drag.is)) then' on target '=[SMODS _ "src/card_draw.lua"]' for pattern patch from BetmmaMods\lovely\shader.toml resulted in no matches
INFO - [♥] Applied 3 patches to '=[SMODS _ "src/card_draw.lua"]'
INFO - [G] 2025-09-14 19:38:49 :: INFO  :: Loader :: Valid JSON file found 
INFO - [G] 2025-09-14 19:38:49 :: TRACE :: Loader :: Processing Mod file (Legacy header): main.lua 
INFO - [G] 2025-09-14 19:38:49 :: WARN  :: Loader :: Duplicate Mod ID: bb 
INFO - [G] 2025-09-14 19:38:49 :: INFO  :: Loader :: Valid JSON file found 
INFO - [G] 2025-09-14 19:38:49 :: TRACE :: Loader :: Processing Mod file (Legacy header): main.lua 
INFO - [G] 2025-09-14 19:38:49 :: TRACE :: Loader :: Saving Mod Info: Amys_Waifus 
INFO - [G] 2025-09-14 19:38:49 :: INFO  :: Loader :: Valid JSON file found 
INFO - [G] 2025-09-14 19:38:49 :: ERROR :: Loader :: Found invalid metadata JSON file at C:\Users\evan\AppData\Roaming\Balatro\Mods/Aikoyori'sShenanigans/.luarc.json, ignoring: [SMODS _ "src/loader.lua"]:226: id 
INFO - [G] 2025-09-14 19:38:49 :: ERROR :: Loader :: Found invalid metadata JSON file at C:\Users\evan\AppData\Roaming\Balatro\Mods/Aikoyori'sShenanigans/.vscode/settings.json, ignoring: [SMODS _ "src/loader.lua"]:226: id 
INFO - [G] 2025-09-14 19:38:49 :: INFO  :: Loader :: Valid JSON file found 
INFO - [G] 2025-09-14 19:38:49 :: INFO  :: Loader :: Valid JSON file found 
INFO - [G] 2025-09-14 19:38:49 :: INFO  :: Loader :: Valid JSON file found 
INFO - [G] 2025-09-14 19:38:49 :: INFO  :: Loader :: Valid JSON file found 
INFO - [G] 2025-09-14 19:38:49 :: TRACE :: Loader :: Processing Mod file (Legacy header): Azazel.lua 
INFO - [G] 2025-09-14 19:38:49 :: TRACE :: Loader :: Saving Mod Info: AzzysJokers 
INFO - [G] 2025-09-14 19:38:49 :: TRACE :: Loader :: Processing Mod file (Legacy header): BadAppleJoker.lua 
INFO - [G] 2025-09-14 19:38:49 :: TRACE :: Loader :: Saving Mod Info: BadApple 
INFO - [G] 2025-09-14 19:38:49 :: INFO  :: Loader :: Valid JSON file found 
INFO - [G] 2025-09-14 19:38:49 :: INFO  :: Loader :: Valid JSON file found 
INFO - [G] 2025-09-14 19:38:49 :: TRACE :: Loader :: Processing Mod file (Legacy header): balagay.lua 
INFO - [G] 2025-09-14 19:38:49 :: TRACE :: Loader :: Saving Mod Info: balagay 
INFO - [G] 2025-09-14 19:38:49 :: INFO  :: Loader :: Valid JSON file found 
INFO - [G] 2025-09-14 19:38:49 :: TRACE :: Loader :: Processing Mod file (Legacy header): RatatinGamingDeck.lua 
INFO - [G] 2025-09-14 19:38:49 :: TRACE :: Loader :: Saving Mod Info: RatatinGamingDeck 
INFO - [G] 2025-09-14 19:38:49 :: INFO  :: Loader :: Valid JSON file found 
INFO - [G] 2025-09-14 19:38:49 :: INFO  :: Loader :: Valid JSON file found 
INFO - [G] 2025-09-14 19:38:49 :: INFO  :: Loader :: Valid JSON file found 
INFO - [G] 2025-09-14 19:38:49 :: TRACE :: Loader :: Processing Mod file (Legacy header): 5_legendary_challenges.lua 
INFO - [G] 2025-09-14 19:38:49 :: TRACE :: Loader :: Saving Mod Info: legendaryChallenges 
INFO - [G] 2025-09-14 19:38:49 :: TRACE :: Loader :: Processing Mod file (Legacy header): Betmma_Abilities.lua 
INFO - [G] 2025-09-14 19:38:49 :: TRACE :: Loader :: Saving Mod Info: BetmmaAbilities 
INFO - [G] 2025-09-14 19:38:49 :: TRACE :: Loader :: Processing Mod file (Legacy header): Betmma_Jokers.lua 
INFO - [G] 2025-09-14 19:38:49 :: TRACE :: Loader :: Saving Mod Info: BetmmaJokers 
INFO - [G] 2025-09-14 19:38:49 :: TRACE :: Loader :: Processing Mod file (Legacy header): Betmma_Spells.lua 
INFO - [G] 2025-09-14 19:38:49 :: TRACE :: Loader :: Saving Mod Info: BetmmaSpells 
INFO - [G] 2025-09-14 19:38:49 :: TRACE :: Loader :: Processing Mod file (Legacy header): Betmma_Voucher_Pack.lua 
INFO - [G] 2025-09-14 19:38:49 :: TRACE :: Loader :: Saving Mod Info: BetmmaVoucherPack 
INFO - [G] 2025-09-14 19:38:49 :: TRACE :: Loader :: Processing Mod file (Legacy header): Betmma_Vouchers.lua 
INFO - [G] 2025-09-14 19:38:49 :: TRACE :: Loader :: Saving Mod Info: BetmmaVouchers 
INFO - [G] 2025-09-14 19:38:49 :: TRACE :: Loader :: Processing Mod file (Legacy header): better_vouchers_this_run_ui.lua 
INFO - [G] 2025-09-14 19:38:49 :: TRACE :: Loader :: Saving Mod Info: BetterVouchersThisRunUI 
INFO - [G] 2025-09-14 19:38:49 :: INFO  :: Loader :: Valid JSON file found 
INFO - [G] 2025-09-14 19:38:49 :: TRACE :: Loader :: Processing Mod file (Legacy header): mod.lua 
INFO - [G] 2025-09-14 19:38:49 :: TRACE :: Loader :: Saving Mod Info: cartomancer 
INFO - [G] 2025-09-14 19:38:49 :: INFO  :: Loader :: Valid JSON file found 
INFO - [G] 2025-09-14 19:38:49 :: INFO  :: Loader :: Valid JSON file found 
INFO - [G] 2025-09-14 19:38:49 :: TRACE :: Loader :: Processing Mod file (Legacy header): steamodded.lua 
INFO - [G] 2025-09-14 19:38:49 :: WARN  :: Loader :: Duplicate Mod ID: Handy 
INFO - [G] 2025-09-14 19:38:49 :: INFO  :: Loader :: Valid JSON file found 
INFO - [G] 2025-09-14 19:38:49 :: INFO  :: Loader :: Valid JSON file found 
INFO - [G] 2025-09-14 19:38:49 :: TRACE :: Loader :: Processing Mod file (Legacy header): MoreSpeeds.lua 
INFO - [G] 2025-09-14 19:38:49 :: TRACE :: Loader :: Saving Mod Info: MoreSpeed 
INFO - [G] 2025-09-14 19:38:49 :: ERROR :: Loader :: Found invalid metadata JSON file at C:\Users\evan\AppData\Roaming\Balatro\Mods/Steamopollys-MoreSpeed-0.8.2/manifest.json, ignoring: [SMODS _ "src/loader.lua"]:226: id 
INFO - [G] 2025-09-14 19:38:49 :: TRACE :: Loader :: Processing Mod file (Legacy header): steamodded_metadata.lua 
INFO - [G] 2025-09-14 19:38:49 :: TRACE :: Loader :: Saving Mod Info: Talisman 
INFO - [G] 2025-09-14 19:38:49 :: INFO  :: Loader :: Valid JSON file found 
INFO - [G] 2025-09-14 19:38:49 :: TRACE :: Loader :: Processing Mod file (Legacy header): Extras.lua 
INFO - [G] 2025-09-14 19:38:49 :: TRACE :: Loader :: Saving Mod Info: BalatroDarkMode 
INFO - [G] 2025-09-14 19:38:49 :: TRACE :: Loader :: Processing Mod file (Legacy header): main.lua 
INFO - [G] 2025-09-14 19:38:49 :: TRACE :: Loader :: Saving Mod Info: darktextures 
INFO - [G] 2025-09-14 19:38:49 :: TRACE :: Loader :: Mod anotherstupidbalatromod was unable to load:  
INFO - [G] 2025-09-14 19:38:49 :: INFO  :: CardSleeves :: CardSleeves v1.8.0 loaded~! 
INFO - [G] betmma config not found 
INFO - [G] 2025-09-14 19:38:49 :: TRACE :: Loader :: Mod Amys_Waifus was unable to load:  
INFO - [G] 2025-09-14 19:38:49 :: TRACE :: Loader :: Mod AzzysJokers was unable to load:  
INFO - [G] 2025-09-14 19:38:49 :: TRACE :: Loader :: Mod BadApple was unable to load:  
INFO - [G] 2025-09-14 19:38:49 :: TRACE :: Loader :: Mod Bakery was unable to load:  
INFO - [G] 2025-09-14 19:38:49 :: DEBUG :: DefaultLogger :: Malverk found! Initializing Baldatro with malverk! 
INFO - [G] 2025-09-14 19:38:49 :: WARN  :: Spell :: The field `raw_key` on dark is deprecated.
Set `prefix_config.key = false` on your object instead. 
INFO - [G] 2025-09-14 19:38:49 :: WARN  :: Spell :: The field `raw_key` on light is deprecated.
Set `prefix_config.key = false` on your object instead. 
INFO - [G] 2025-09-14 19:38:49 :: WARN  :: Spell :: The field `raw_key` on earth is deprecated.
Set `prefix_config.key = false` on your object instead. 
INFO - [G] 2025-09-14 19:38:49 :: WARN  :: Spell :: The field `raw_key` on air is deprecated.
Set `prefix_config.key = false` on your object instead. 
INFO - [G] 2025-09-14 19:38:49 :: WARN  :: Spell :: The field `raw_key` on water is deprecated.
Set `prefix_config.key = false` on your object instead. 
INFO - [G] 2025-09-14 19:38:49 :: WARN  :: Spell :: The field `raw_key` on fire is deprecated.
Set `prefix_config.key = false` on your object instead. 
INFO - [G] 2025-09-14 19:38:49 :: WARN  :: Spell :: The field `raw_key` on shadow is deprecated.
Set `prefix_config.key = false` on your object instead. 
INFO - [G] 2025-09-14 19:38:49 :: WARN  :: Spell :: The field `raw_key` on inferno is deprecated.
Set `prefix_config.key = false` on your object instead. 
INFO - [G] 2025-09-14 19:38:49 :: WARN  :: Spell :: The field `raw_key` on abyss is deprecated.
Set `prefix_config.key = false` on your object instead. 
INFO - [G] 2025-09-14 19:38:49 :: WARN  :: Spell :: The field `raw_key` on cavern is deprecated.
Set `prefix_config.key = false` on your object instead. 
INFO - [G] 2025-09-14 19:38:49 :: WARN  :: Spell :: The field `raw_key` on smoke is deprecated.
Set `prefix_config.key = false` on your object instead. 
INFO - [G] 2025-09-14 19:38:49 :: WARN  :: Spell :: The field `raw_key` on radiance is deprecated.
Set `prefix_config.key = false` on your object instead. 
INFO - [G] 2025-09-14 19:38:49 :: WARN  :: Spell :: The field `raw_key` on reflection is deprecated.
Set `prefix_config.key = false` on your object instead. 
INFO - [G] 2025-09-14 19:38:49 :: WARN  :: Spell :: The field `raw_key` on crystal is deprecated.
Set `prefix_config.key = false` on your object instead. 
INFO - [G] 2025-09-14 19:38:49 :: WARN  :: Spell :: The field `raw_key` on halo is deprecated.
Set `prefix_config.key = false` on your object instead. 
INFO - [G] 2025-09-14 19:38:49 :: WARN  :: Spell :: The field `raw_key` on steam is deprecated.
Set `prefix_config.key = false` on your object instead. 
INFO - [G] 2025-09-14 19:38:49 :: WARN  :: Spell :: The field `raw_key` on magma is deprecated.
Set `prefix_config.key = false` on your object instead. 
INFO - [G] 2025-09-14 19:38:49 :: WARN  :: Spell :: The field `raw_key` on ember is deprecated.
Set `prefix_config.key = false` on your object instead. 
INFO - [G] 2025-09-14 19:38:49 :: WARN  :: Spell :: The field `raw_key` on mud is deprecated.
Set `prefix_config.key = false` on your object instead. 
INFO - [G] 2025-09-14 19:38:49 :: WARN  :: Spell :: The field `raw_key` on dust is deprecated.
Set `prefix_config.key = false` on your object instead. 
INFO - [G] 2025-09-14 19:38:49 :: WARN  :: Spell :: The field `raw_key` on cloud is deprecated.
Set `prefix_config.key = false` on your object instead. 
INFO - [G] 2025-09-14 19:38:49 :: WARN  :: Spell :: The field `raw_key` on ripple is deprecated.
Set `prefix_config.key = false` on your object instead. 
INFO - [G] 2025-09-14 19:38:49 :: WARN  :: Spell :: The field `raw_key` on lava is deprecated.
Set `prefix_config.key = false` on your object instead. 
INFO - [G] 2025-09-14 19:38:49 :: WARN  :: DeckSkin :: Old DeckSkin formatting detected on DeckSkin RGD_clubs_skin! 
INFO - [G] 2025-09-14 19:38:49 :: WARN  :: DeckSkin :: Old DeckSkin formatting detected on DeckSkin RGD_spades_skin! 
INFO - [G] 2025-09-14 19:38:49 :: WARN  :: DeckSkin :: Old DeckSkin formatting detected on DeckSkin RGD_hearts_skin! 
INFO - [G] 2025-09-14 19:38:49 :: WARN  :: DeckSkin :: Old DeckSkin formatting detected on DeckSkin RGD_diamonds_skin! 
INFO - [G] 2025-09-14 19:38:49 :: TRACE :: Loader :: Mod absentdealer was unable to load:  
INFO - [G] 2025-09-14 19:38:49 :: TRACE :: Loader :: Mod aikoyoripaintjob was unable to load:  
INFO - [G] 2025-09-14 19:38:49 :: TRACE :: Loader :: Mod arashicoolstuff was unable to load:  
INFO - [G] 2025-09-14 19:38:49 :: WARN  :: DeckSkin :: Old DeckSkin formatting detected on DeckSkin BJW_hearts_skin! 
INFO - [G] 2025-09-14 19:38:49 :: WARN  :: DeckSkin :: Old DeckSkin formatting detected on DeckSkin BJW_spades_skin! 
INFO - [G] 2025-09-14 19:38:49 :: WARN  :: DeckSkin :: Old DeckSkin formatting detected on DeckSkin BJW_clubs_skin! 
INFO - [G] 2025-09-14 19:38:49 :: WARN  :: DeckSkin :: Old DeckSkin formatting detected on DeckSkin BJW_diamonds_skin! 
INFO - [G] 2025-09-14 19:38:49 :: TRACE :: Loader :: Mod jollimod was unable to load:  
INFO - [G] 2025-09-14 19:38:49 :: TRACE :: Loader :: Mod aikoyorisshenanigans was unable to load:  
INFO - [G] 2025-09-14 19:38:49 :: WARN  :: Atlas :: Object kino_modicon has the same key as an existing object, not registering. 
INFO - [G] 2025-09-14 19:38:49 :: WARN  :: Atlas :: If you want to modify an existing object, use take_ownership() 
INFO - [G] 2025-09-14 19:38:49 :: TRACE :: Loader :: Mod bb was unable to load:  
INFO - [G] 2025-09-14 19:38:49 :: TRACE :: Loader :: Mod allinjest was unable to load:  
INFO - [G] 2025-09-14 19:38:49 :: WARN  :: Atlas :: Detected duplicate register call on object draft_modicon 
INFO - [G] 2025-09-14 19:38:49 :: INFO  :: TIMER :: [0000] Injected Fonts in 0.001 ms 
INFO - [G] 2025-09-14 19:38:49 :: INFO  :: TIMER :: [0000] Injected Language in 0.001 ms 
INFO - [G] 2025-09-14 19:38:49 :: DEBUG :: DefaultLogger :: BalaGay :: Successfully Gay-ified the Straights! 
INFO - [G] 2025-09-14 19:38:49 :: INFO  :: TIMER :: [0000] Injected [INTERNAL] in 1.801 ms 
INFO - [G] 2025-09-14 19:38:50 :: INFO  :: TIMER :: [0222] Injected Atlas in 352.920 ms 
INFO - [G] 2025-09-14 19:38:50 :: INFO  :: TIMER :: [0013] Injected Sound in 5.486 ms 
INFO - [G] 2025-09-14 19:38:50 :: INFO  :: TIMER :: [0008] Injected Stake in 0.242 ms 
INFO - [G] 2025-09-14 19:38:50 :: INFO  :: TIMER :: [0004] Injected Rarity in 0.052 ms 
INFO - [G] 2025-09-14 19:38:50 :: INFO  :: TIMER :: [0038] Injected ObjectType in 0.437 ms 
INFO - [G] 2025-09-14 19:38:50 :: INFO  :: TIMER :: [0777] Injected Center in 6.837 ms 
INFO - [G] 2025-09-14 19:38:50 :: INFO  :: TIMER :: [0012] Injected Undiscovered Sprite in 0.055 ms 
INFO - [G] 2025-09-14 19:38:50 :: INFO  :: TIMER :: [0033] Injected Blind in 0.097 ms 
INFO - [G] 2025-09-14 19:38:50 :: INFO  :: TIMER :: [0010] Injected Seal in 0.386 ms 
INFO - [G] 2025-09-14 19:38:50 :: INFO  :: TIMER :: [0004] Injected Suit in 0.120 ms 
INFO - [G] 2025-09-14 19:38:50 :: INFO  :: TIMER :: [0013] Injected Rank in 0.109 ms 
INFO - [G] 2025-09-14 19:38:50 :: INFO  :: TIMER :: [0036] Injected DeckSkin in 0.274 ms 
INFO - [G] 2025-09-14 19:38:50 :: INFO  :: TIMER :: [0019] Injected JimboQuip in 0.107 ms 
INFO - [G] 2025-09-14 19:38:50 :: INFO  :: TIMER :: [0012] Injected PokerHand in 0.069 ms 
INFO - [G] 2025-09-14 19:38:50 :: INFO  :: TIMER :: [0031] Injected Challenge in 0.108 ms 
INFO - [G] 2025-09-14 19:38:50 :: INFO  :: TIMER :: [0009] Injected Tag in 0.066 ms 
INFO - [G] 2025-09-14 19:38:50 :: INFO  :: TIMER :: [0010] Injected Sticker in 0.253 ms 
INFO - [G] 2025-09-14 19:38:50 :: INFO  :: TIMER :: [0001] Injected Shader in 67.475 ms 
INFO - [G] 2025-09-14 19:38:50 :: INFO  :: TIMER :: [0007] Injected Keybind in 0.031 ms 
INFO - [G] 2025-09-14 19:38:50 :: INFO  :: TIMER :: [0000] Injected Achievement in 0.056 ms 
INFO - [G] 2025-09-14 19:38:50 :: INFO  :: TIMER :: [0002] Injected nil in 0.023 ms 
INFO - [G] 2025-09-14 19:38:50 :: INFO  :: TIMER :: [0002] Injected Scoring_Parameters in 0.178 ms 
INFO - [G] 2025-09-14 19:38:50 :: INFO  :: TIMER :: [0007] Injected Scoring_Calculations in 0.032 ms 
INFO - [G] 2025-09-14 19:38:50 :: INFO  :: TIMER :: [0030] Injected Draw Step in 0.151 ms 
INFO - [G] 2025-09-14 19:38:50 :: INFO  :: TIMER :: [0000] Injected [INTERNAL] in 19.313 ms 
INFO - [G] 2025-09-14 19:38:50 :: INFO  :: TIMER :: [0027] Injected AltTexture in 302.546 ms 
INFO - [G] 2025-09-14 19:38:50 :: INFO  :: TIMER :: [0005] Injected Texture Pack in 0.061 ms 
INFO - [G] 2025-09-14 19:38:50 :: INFO  :: TIMER :: [0015] Injected Counter in 0.647 ms 
INFO - [G] [DebugPlus] Press [/] to toggle console and press [shift] + [/] to toggle new log previews 
