INFO - [♥] Lovely 0.8.0
INFO - [♥] Game directory is at "C:\\Program Files (x86)\\Steam\\steamapps\\common\\Balatro"
INFO - [♥] Writing logs to "C:\\Users\\evan\\AppData\\Roaming\\Balatro\\Mods\\lovely\\log"
INFO - [♥] Using mod directory at "C:\\Users\\evan\\AppData\\Roaming\\Balatro\\Mods"
WARN - [♥] Unknown key `patches.1.?.match_indent` found in patch file at "C:\\Users\\evan\\AppData\\Roaming\\Balatro\\Mods\\Cartomancer\\lovely\\blinds-info.toml", ignoring it
WARN - [♥] Unknown key `patches.2.?.match_indent` found in patch file at "C:\\Users\\evan\\AppData\\Roaming\\Balatro\\Mods\\Cartomancer\\lovely\\stackable-deck-steamodded.toml", ignoring it
WARN - [♥] Unknown key `patches.4.?.match_indent` found in patch file at "C:\\Users\\evan\\AppData\\Roaming\\Balatro\\Mods\\Cartomancer\\lovely\\stackable-deck-steamodded.toml", ignoring it
WARN - [♥] Unknown key `patches.6.?.match_indent` found in patch file at "C:\\Users\\evan\\AppData\\Roaming\\Balatro\\Mods\\Cartomancer\\lovely\\stackable-deck-steamodded.toml", ignoring it
WARN - [♥] Unknown key `patches.20.?.match_indent` found in patch file at "C:\\Users\\evan\\AppData\\Roaming\\Balatro\\Mods\\Cryptid\\lovely\\code.toml", ignoring it
WARN - [♥] Unknown key `patches.1.?.match_indent` found in patch file at "C:\\Users\\evan\\AppData\\Roaming\\Balatro\\Mods\\HandyBalatro\\lovely\\controls_misc.toml", ignoring it
WARN - [♥] Unknown key `patches.1.?.overwrite` found in patch file at "C:\\Users\\evan\\AppData\\Roaming\\Balatro\\Mods\\HandyBalatro\\lovely\\controls_misc.toml", ignoring it
WARN - [♥] Unknown key `patches.0.?.overwrite` found in patch file at "C:\\Users\\evan\\AppData\\Roaming\\Balatro\\Mods\\HandyBalatro\\lovely\\controls_show_deck_preview.toml", ignoring it
WARN - [♥] Unknown key `patches.10.?.match_indent` found in patch file at "C:\\Users\\evan\\AppData\\Roaming\\Balatro\\Mods\\Saturn\\lovely\\rem_anim.toml", ignoring it
WARN - [♥] Unknown key `patches.10.?.overwrite` found in patch file at "C:\\Users\\evan\\AppData\\Roaming\\Balatro\\Mods\\Saturn\\lovely\\rem_anim.toml", ignoring it
WARN - [♥] Unknown key `patches.35.?.match_indent` found in patch file at "C:\\Users\\evan\\AppData\\Roaming\\Balatro\\Mods\\Talisman\\lovely.toml", ignoring it
WARN - [♥] Unknown key `patches.35.?.overwrite` found in patch file at "C:\\Users\\evan\\AppData\\Roaming\\Balatro\\Mods\\Talisman\\lovely.toml", ignoring it
WARN - [♥] Unknown key `patches.52.?.match_indent` found in patch file at "C:\\Users\\evan\\AppData\\Roaming\\Balatro\\Mods\\Talisman\\lovely.toml", ignoring it
WARN - [♥] Unknown key `patches.55.?.match_indent` found in patch file at "C:\\Users\\evan\\AppData\\Roaming\\Balatro\\Mods\\Talisman\\lovely.toml", ignoring it
INFO - [♥] Cleaning up dumps directory at "C:\\Users\\evan\\AppData\\Roaming\\Balatro\\Mods\\lovely\\dump"
INFO - [♥] Initialization complete in 385ms
WARN - [♥] Pattern 'G.ARGS.score_intensity.organ = G.video_organ or G.ARGS.score_intensity.required_score > 0 and math.max(math.min(0.4, 0.1*math.log(G.ARGS.score_intensity.earned_score/(G.ARGS.score_intensity.required_score+1), 5)),0.) or 0' on target 'main.lua' for pattern patch from Talisman\lovely.toml resulted in no matches
WARN - [♥] Pattern 'if type(G.GAME.current_round.current_hand.chips) ~= \'number\' or type(G.GAME.current_round.current_hand.mult) ~= \'number\' then' on target 'main.lua' for pattern patch from Talisman\lovely.toml resulted in no matches
WARN - [♥] Pattern 'modded and {' on target 'main.lua' for pattern patch from Cartomancer\lovely\stackable-deck-steamodded-0.9.8.toml resulted in no matches
INFO - [♥] Applied 20 patches to 'main.lua'
INFO - [♥] Applied 2 patches to 'engine/string_packer.lua'
WARN - [♥] Pattern 'local debugplus = require(\"debugplus.core\")\ndebugplus.handleKeys(self, key, dt)\n' on target 'engine/controller.lua' for pattern patch from Yorick\lovely\fixes.toml resulted in no matches
INFO - [♥] Applied 12 patches to 'engine/controller.lua'
INFO - [♥] Applied 15 patches to 'back.lua'
INFO - [♥] Applied 18 patches to 'tag.lua'
INFO - [♥] Applied 1 patch to 'engine/event.lua'
INFO - [♥] Applied 1 patch to 'engine/node.lua'
INFO - [♥] Applied 3 patches to 'engine/moveable.lua'
INFO - [♥] Applied 3 patches to 'engine/sprite.lua'
INFO - [♥] Applied 2 patches to 'engine/animatedsprite.lua'
WARN - [♥] Pattern 'assembled_string = assembled_string..(type(subpart) == \'string\' and subpart or args.vars[tonumber(subpart[1])] or \'ERROR\')' on target 'functions/misc_functions.lua' for pattern patch from Talisman\lovely.toml resulted in no matches
INFO - [♥] Applied 86 patches to 'functions/misc_functions.lua'
WARN - [♥] Regex 'card\\:start_materialize\\(\\)\\n\\s+G\\.shop_vouchers\\:emplace\\(card\\)\\n\\s+end' on target 'game.lua' for regex patch from Cryptid\lovely\Voucher.toml resulted in no matches
INFO - [♥] Applied 101 patches to 'game.lua'
INFO - [♥] Applied 1 patch to 'globals.lua'
WARN - [♥] Pattern 'self.config.chosen = true' on target 'engine/ui.lua' for pattern patch from Cartomancer\lovely\vanilla-ui.toml resulted in no matches
INFO - [♥] Applied 9 patches to 'engine/ui.lua'
WARN - [♥] Pattern '{n=G.UIT.T, config={text = G.GAME.hands[handname].chips, scale = 0.45, colour = G.C.UI.TEXT_LIGHT}},' on target 'functions/UI_definitions.lua' for pattern patch from Talisman\lovely.toml resulted in no matches
WARN - [♥] Pattern '{n=G.UIT.T, config={text = G.GAME.hands[handname].mult, scale = 0.45, colour = G.C.UI.TEXT_LIGHT}}' on target 'functions/UI_definitions.lua' for pattern patch from Talisman\lovely.toml resulted in no matches
INFO - [♥] Applied 154 patches to 'functions/UI_definitions.lua'
WARN - [♥] Pattern 'ease_to = G.GAME.chips + math.floor(hand_chips * mult) * (e and e.antiscore and -1 or 1),' on target 'functions/state_events.lua' for pattern patch from Cryptid\lovely\blind.toml resulted in no matches
WARN - [♥] Pattern 'if reps[j] ~= 1 then' on target 'functions/state_events.lua' for pattern patch from Cryptid\lovely\misc.toml resulted in no matches
WARN - [♥] Pattern 'if effects[ii].card then' on target 'functions/state_events.lua' for pattern patch from HandyBalatro\lovely\controls_animation_skip.toml resulted in no matches
WARN - [♥] Pattern 'if effects[ii].card then' on target 'functions/state_events.lua' for pattern patch from Saturn\lovely\rem_anim.toml resulted in no matches
WARN - [♥] Pattern 'if effects[ii].card then' on target 'functions/state_events.lua' for pattern patch from Talisman\lovely.toml resulted in no matches
WARN - [♥] Pattern 'if effects.jokers.Xmult_mod then mult = mod_mult(mult*effects.jokers.Xmult_mod);extras.mult = true  end' on target 'functions/state_events.lua' for pattern patch from Talisman\lovely.toml resulted in no matches
WARN - [♥] Pattern 'if effect.Xmult_mod then mult = mod_mult(mult*effect.Xmult_mod);extras.mult = true  end' on target 'functions/state_events.lua' for pattern patch from Talisman\lovely.toml resulted in no matches
WARN - [♥] Pattern 'if effects[ii].message then' on target 'functions/state_events.lua' for pattern patch from Talisman\lovely.toml resulted in no matches
WARN - [♥] Pattern '--calculate the card edition effects' on target 'functions/state_events.lua' for pattern patch from Talisman\lovely.toml resulted in no matches
WARN - [♥] Pattern 'if effects[ii].edition.p_dollars_mod then' on target 'functions/state_events.lua' for pattern patch from Talisman\lovely.toml resulted in no matches
WARN - [♥] Pattern 'if edition_effects.jokers.x_mult_mod then' on target 'functions/state_events.lua' for pattern patch from Talisman\lovely.toml resulted in no matches
WARN - [♥] Pattern '\tfunc = (function() G.GAME.current_round.current_hand.handname = \'\';return true end)\n}))\ndelay(0.3)\n' on target 'functions/state_events.lua' for pattern patch from Talisman\lovely.toml resulted in no matches
WARN - [♥] Pattern 'if SMODS.has_enhancement(scoring_hand[i], \'m_glass\') and scoring_hand[i]:can_calculate() and pseudorandom(\'glass\') < G.GAME.probabilities.normal/(scoring_hand[i].ability.name == \'Glass Card\' and scoring_hand[i].ability.extra or G.P_CENTERS.m_glass.config.extra) then' on target 'functions/state_events.lua' for pattern patch from Cryptid\lovely\Probability.toml resulted in no matches
WARN - [♥] Regex '(?<indent>[\\t ]*)if destroyed then \\n' on target 'functions/state_events.lua' for regex patch from Cryptid\lovely\seal.toml resulted in no matches
INFO - [♥] Applied 103 patches to 'functions/state_events.lua'
WARN - [♥] Pattern 'func = (function() if eval_func(card) then if not first or first then card:juice_up(0.1, 0.1) end;juice_card_until(card, eval_func, nil, 0.8) end return true end)' on target 'functions/common_events.lua' for pattern patch from HandyBalatro\lovely\controls_animation_skip.toml resulted in no matches
WARN - [♥] Pattern 'func = (function() if eval_func(card) then if not first or first then card:juice_up(0.1, 0.1) end;juice_card_until(card, eval_func, nil, 0.8) end return true end)' on target 'functions/common_events.lua' for pattern patch from HandyBalatro\lovely\controls_animation_skip.toml resulted in no matches
WARN - [♥] Pattern 'func = (function() if eval_func(card) then if not first or first then card:juice_up(0.1, 0.1) end;juice_card_until(card, eval_func, nil, 0.8) end return true end)' on target 'functions/common_events.lua' for pattern patch from Saturn\lovely\rem_anim.toml resulted in no matches
WARN - [♥] Pattern 'func = (function() card:juice_up(0.7);return true end)' on target 'functions/common_events.lua' for pattern patch from Saturn\lovely\rem_anim.toml resulted in no matches
WARN - [♥] Pattern 'if card then card:juice_up(0.8, 0.5) end' on target 'functions/common_events.lua' for pattern patch from Saturn\lovely\rem_anim.toml resulted in no matches
WARN - [♥] Pattern 'card:juice_up(0.6, 0.1)' on target 'functions/common_events.lua' for pattern patch from Saturn\lovely\rem_anim.toml resulted in no matches
WARN - [♥] Pattern 'func = (function() if eval_func(card) then if not first or first then card:juice_up(0.1, 0.1) end;juice_card_until(card, eval_func, nil, 0.8) end return true end)' on target 'functions/common_events.lua' for pattern patch from Saturn\lovely\rem_anim.toml resulted in no matches
WARN - [♥] Pattern 'func = (function() if eval_func(card) then if not first or first then card:juice_up(0.1, 0.1) end;juice_card_until(card, eval_func, nil, 0.8) end return true end)' on target 'functions/common_events.lua' for pattern patch from Saturn\lovely\rem_anim.toml resulted in no matches
WARN - [♥] Pattern 'if num_dollars > 60 then' on target 'functions/common_events.lua' for pattern patch from Talisman\lovely.toml resulted in no matches
WARN - [♥] Pattern 'func = (function() card:juice_up(0.7);return true end)' on target 'functions/common_events.lua' for pattern patch from Talisman\lovely.toml resulted in no matches
WARN - [♥] Pattern 'if card then card:juice_up(0.8, 0.5) end' on target 'functions/common_events.lua' for pattern patch from Talisman\lovely.toml resulted in no matches
WARN - [♥] Pattern 'card:juice_up(0.6, 0.1)' on target 'functions/common_events.lua' for pattern patch from Talisman\lovely.toml resulted in no matches
WARN - [♥] Pattern 'func = (function() if eval_func(card) then if not first or first then card:juice_up(0.1, 0.1) end;juice_card_until(card, eval_func, nil, 0.8) end return true end)' on target 'functions/common_events.lua' for pattern patch from Talisman\lovely.toml resulted in no matches
WARN - [♥] Pattern 'func = (function() if eval_func(card) then if not first or first then card:juice_up(0.1, 0.1) end;juice_card_until(card, eval_func, nil, 0.8) end return true end)' on target 'functions/common_events.lua' for pattern patch from Talisman\lovely.toml resulted in no matches
WARN - [♥] Pattern 'if amt > 0 or amt < 0 then' on target 'functions/common_events.lua' for pattern patch from Talisman\lovely.toml resulted in no matches
WARN - [♥] Pattern 'if amt > 0 or amt < 0 then' on target 'functions/common_events.lua' for pattern patch from Talisman\lovely.toml resulted in no matches
INFO - [♥] Applied 203 patches to 'functions/common_events.lua'
WARN - [♥] Pattern 'if ((G.GAME.dollars-G.GAME.bankrupt_at) - 10 >= 0) and' on target 'functions/button_callbacks.lua' for pattern patch from Talisman\lovely.toml resulted in no matches
WARN - [♥] Pattern 'if #G.hand.highlighted <= 0 or G.GAME.blind.block_play or #G.hand.highlighted > 5 then' on target 'functions/button_callbacks.lua' for pattern patch from CardSleeves\lovely\expected_to_fail.toml resulted in no matches
INFO - [♥] Applied 88 patches to 'functions/button_callbacks.lua'
WARN - [♥] Pattern 'if G.GAME.blind then G.E_MANAGER:add_event(Event({ func = function() G.GAME.blind:set_blind(nil, true, nil); return true end })) end' on target 'card.lua' for pattern patch from Saturn\lovely\rem_anim.toml resulted in no matches
WARN - [♥] Pattern 'G.E_MANAGER:add_event(Event({func = (function() G.GAME.dollar_buffer = 0; return true end)}))' on target 'card.lua' for pattern patch from Saturn\lovely\rem_anim.toml resulted in no matches
WARN - [♥] Pattern 'Xmult_mod = G.P_CENTERS.v_observatory.config.extra' on target 'card.lua' for pattern patch from Saturn\lovely\stack.toml resulted in no matches
WARN - [♥] Pattern 'message = localize{type = \'variable\', key = \'a_xmult\', vars = {G.P_CENTERS.v_observatory.config.extra}},' on target 'card.lua' for pattern patch from Saturn\lovely\stack.toml resulted in no matches
WARN - [♥] Pattern 'local card = copy_card(pseudorandom_element(G.consumeables.cards, pseudoseed(\'perkeo\')), nil)' on target 'card.lua' for pattern patch from Saturn\lovely\stack.toml resulted in no matches
WARN - [♥] Pattern 'if self.edition and not silent then' on target 'card.lua' for pattern patch from Talisman\lovely.toml resulted in no matches
WARN - [♥] Pattern 'G.E_MANAGER:add_event(Event({func = (function() G.GAME.dollar_buffer = 0; return true end)}))' on target 'card.lua' for pattern patch from Talisman\lovely.toml resulted in no matches
WARN - [♥] Pattern 'if G.GAME.blind then G.E_MANAGER:add_event(Event({ func = function() G.GAME.blind:set_blind(nil, true, nil); return true end })) end' on target 'card.lua' for pattern patch from Talisman\lovely.toml resulted in no matches
WARN - [♥] Pattern 'x_mult = center.config.Xmult or 1,' on target 'card.lua' for pattern patch from Talisman\lovely.toml resulted in no matches
WARN - [♥] Regex 'self.params.viewed_back and G.GAME.viewed_back or G.GAME.selected_back' on target 'card.lua' for regex patch from CardSleeves\lovely\expected_to_fail.toml resulted in no matches
INFO - [♥] Applied 287 patches to 'card.lua'
INFO - [♥] Applied 31 patches to 'cardarea.lua'
INFO - [♥] Applied 45 patches to 'blind.lua'
INFO - [♥] Applied 2 patches to 'card_character.lua'
WARN - [♥] Pattern 'if self.strings[k].W > self.config.W then' on target 'engine/text.lua' for pattern patch from Talisman\lovely.toml resulted in no matches
WARN - [♥] Pattern 'local letter = self.strings[self.focused_string].letters[k]' on target 'engine/text.lua' for pattern patch from Talisman\lovely.toml resulted in no matches
INFO - [♥] Applied 6 patches to 'engine/text.lua'
WARN - [♥] Pattern 'if eff.retrigger_flag then SMODS.calculate_effect(eff, eff.card); j = j+1; _, eff = next(reps[j]) end' on target '=[SMODS _ "src/utils.lua"]' for pattern patch from Cryptid\lovely\misc.toml resulted in no matches
INFO - [♥] Applied 14 patches to '=[SMODS _ "src/utils.lua"]'
WARN - [♥] Pattern 'card_limit = #SUITS[suit_map[j]],' on target '=[SMODS _ "src/overrides.lua"]' for pattern patch from Cartomancer\lovely\stackable-deck-steamodded.toml resulted in no matches
WARN - [♥] Pattern 'card_limit = #SUITS[visible_suit[j]],' on target '=[SMODS _ "src/overrides.lua"]' for pattern patch from Cartomancer\lovely\stackable-deck-steamodded.toml resulted in no matches
WARN - [♥] Regex '\t\t\tfor i = 1\\, \\#SUITS\\[suit_map\\[j\\]\\] do\n\t\t\t\tif SUITS\\[suit_map\\[j\\]\\]\\[i\\] then\n\t\t\t\t\tlocal greyed\\, _scale = nil\\, 0\\.7\n\t\t\t\t\tif unplayed_only and not \\(\\(SUITS\\[suit_map\\[j\\]\\]\\[i\\]\\.area and SUITS\\[suit_map\\[j\\]\\]\\[i\\]\\.area == G\\.deck\\) or SUITS\\[suit_map\\[j\\]\\]\\[i\\]\\.ability\\.wheel_flipped\\) then\n\t\t\t\t\t\tgreyed = true\n\t\t\t\t\tend\n\t\t\t\t\tlocal copy = copy_card\\(SUITS\\[suit_map\\[j\\]\\]\\[i\\]\\, nil\\, _scale[^\\)\\n]*\\)\n\t\t\t\t\tcopy\\.greyed = greyed\n\t\t\t\t\tcopy\\.T\\.x = view_deck\\.T\\.x \\+ view_deck\\.T\\.w \\/ 2\n\t\t\t\t\tcopy\\.T\\.y = view_deck\\.T\\.y\n\n\t\t\t\t\tcopy:hard_set_T\\(\\)\n\t\t\t\t\tview_deck:emplace\\(copy\\)\n\t\t\t\tend\n\t\t\tend' on target '=[SMODS _ "src/overrides.lua"]' for regex patch from Cartomancer\lovely\stackable-deck-steamodded.toml resulted in no matches
INFO - [♥] Applied 14 patches to '=[SMODS _ "src/overrides.lua"]'
WARN - [♥] Pattern 'x_mult = card.ability.extra' on target '=[SMODS _ "src/game_object.lua"]' for pattern patch from Saturn\lovely\stack.toml resulted in no matches
INFO - [♥] Applied 2 patches to '=[SMODS _ "src/game_object.lua"]'
INFO - [G] Failed to connect to the debug server
INFO - [G] 2025-08-21 20:43:16 :: DEBUG :: DebugConsole :: Steamodded Debug Socket started !
INFO - [G] 2025-08-21 20:43:16 :: INFO  :: SMODS :: Steamodded v1.0.0~BETA-0711a
INFO - [G] Order not set for config dictionary: misc_quick_restart
INFO - [G] Order not set for config dictionary: speed_multiplier_default_value
INFO - [G] Order not set for config dictionary: misc_save_run
INFO - [G] Order not set for config dictionary: animation_skip_default_value
INFO - [♥] Applied 9 patches to 'engine/sound_manager.lua'
INFO - [♥] Applied 3 patches to 'engine/save_manager.lua'
INFO - [♥] Applied 2 patches to 'engine/string_packer.lua'
INFO - [♥] Applied 4 patches to '=[SMODS _ "src/card_draw.lua"]'
INFO - [G] 2025-08-21 20:43:18 :: INFO  :: Loader :: Valid JSON file found
INFO - [G] 2025-08-21 20:43:18 :: TRACE :: Loader :: Processing Mod file (Legacy header): mod.lua
INFO - [G] 2025-08-21 20:43:18 :: TRACE :: Loader :: Saving Mod Info: cartomancer
INFO - [G] 2025-08-21 20:43:18 :: INFO  :: Loader :: Valid JSON file found
INFO - [G] 2025-08-21 20:43:18 :: INFO  :: Loader :: Valid JSON file found
INFO - [G] 2025-08-21 20:43:18 :: TRACE :: Loader :: Processing Mod file (Legacy header): steamodded.lua
INFO - [G] 2025-08-21 20:43:18 :: WARN  :: Loader :: Duplicate Mod ID: Handy
INFO - [G] 2025-08-21 20:43:18 :: INFO  :: Loader :: Valid JSON file found
INFO - [G] 2025-08-21 20:43:18 :: TRACE :: Loader :: Processing Mod file (Legacy header): MoreSpeeds.lua
INFO - [G] 2025-08-21 20:43:18 :: TRACE :: Loader :: Saving Mod Info: MoreSpeed
INFO - [G] 2025-08-21 20:43:18 :: ERROR :: Loader :: Found invalid metadata JSON file at C:\Users\evan\AppData\Roaming\Balatro\Mods/Steamopollys-MoreSpeed-0.8.2/manifest.json, ignoring: [SMODS _ "src/loader.lua"]:226: id
INFO - [G] 2025-08-21 20:43:18 :: TRACE :: Loader :: Processing Mod file (Legacy header): steamodded_metadata.lua
INFO - [G] 2025-08-21 20:43:18 :: TRACE :: Loader :: Saving Mod Info: Talisman
INFO - [G] 2025-08-21 20:43:18 :: INFO  :: Loader :: Valid JSON file found
INFO - [G] 2025-08-21 20:43:18 :: INFO  :: CardSleeves :: CardSleeves v1.8.0 loaded~!
INFO - [G] 2025-08-21 20:43:18 :: WARN  :: Atlas :: Detected duplicate register call on object yorick_modicon
INFO - [G] [CRYPTID] Loading library file ascended.lua
INFO - [G] [CRYPTID] Loading library file calculate.lua
INFO - [G] [CRYPTID] Loading library file content.lua
INFO - [G] [CRYPTID] Loading library file cross-mod.lua
INFO - [G] table: 0x2bafc870
INFO - [G] table: 0x2bafc950
INFO - [G] [CRYPTID] Loading library file d20.lua
INFO - [G] [CRYPTID] Loading library file event.lua
INFO - [G] [CRYPTID] Loading library file forcetrigger.lua
INFO - [G] [CRYPTID] Loading library file gameset.lua
INFO - [G] [CRYPTID] Loading library file https.lua
INFO - [G] 2025-08-21 20:43:18 :: DEBUG :: SMODS.https :: Using https module backend
INFO - [G] [CRYPTID] Loading library file misc.lua
INFO - [G] [CRYPTID] Loading library file misprintize.lua
INFO - [G] [CRYPTID] Loading library file modifiers.lua
INFO - [G] 2025-08-21 20:43:18 :: WARN  :: Sticker :: Detected duplicate register call on object perishable
INFO - [G] 2025-08-21 20:43:18 :: WARN  :: Sticker :: Detected duplicate register call on object pinned
INFO - [G] 2025-08-21 20:43:18 :: WARN  :: Sticker :: Detected duplicate register call on object eternal
INFO - [G] 2025-08-21 20:43:18 :: WARN  :: Sticker :: Detected duplicate register call on object rental
INFO - [G] [CRYPTID] Loading library file notifications.lua
INFO - [G] [CRYPTID] Loading library file overrides.lua
INFO - [G] [CRYPTID] Loading library file pointerlib.lua
INFO - [G] [CRYPTID] Loading library file ui.lua
INFO - [G] [CRYPTID] Loading file achievement.lua
INFO - [G] [CRYPTID] Loading file blind.lua
INFO - [G] [CRYPTID] Loading file challenge.lua
INFO - [G] [CRYPTID] Loading file code.lua
INFO - [G] [CRYPTID] Loading file deck.lua
INFO - [G] [CRYPTID] Loading file enhanced.lua
INFO - [G] [CRYPTID] Loading file epic.lua
INFO - [G] [CRYPTID] Loading file exotic.lua
INFO - [G] [CRYPTID] Loading file joker_display.lua
INFO - [G] [CRYPTID] Loading file m.lua
INFO - [G] [CRYPTID] Loading file misc.lua
INFO - [G] [CRYPTID] Loading file misc_joker.lua
INFO - [G] [CRYPTID] Loading file planet.lua
INFO - [G] [CRYPTID] Loading file pointer.lua
INFO - [G] [CRYPTID] Loading file sleeve.lua
INFO - [G] [CRYPTID] Loading file spectral.lua
INFO - [G] [CRYPTID] Loading file spooky.lua
INFO - [G] [CRYPTID] Loading file stake.lua
INFO - [G] [CRYPTID] Loading file tag.lua
INFO - [G] [CRYPTID] Loading file test.lua
INFO - [G] [CRYPTID] Loading file voucher.lua
INFO - [G] 2025-08-21 20:43:18 :: WARN  :: Atlas :: Object cry_effarcire has the same key as an existing object, not registering.
INFO - [G] 2025-08-21 20:43:18 :: WARN  :: Atlas :: If you want to modify an existing object, use take_ownership()
INFO - [G] 2025-08-21 20:43:18 :: INFO  :: TIMER :: [0000] Injected Fonts in 0.001 ms
INFO - [G] 2025-08-21 20:43:18 :: INFO  :: TIMER :: [0000] Injected Language in 0.001 ms
INFO - [G] 2025-08-21 20:43:18 :: INFO  :: TIMER :: [0000] Injected [INTERNAL] in 2.246 ms
INFO - [G] 2025-08-21 20:43:18 :: INFO  :: TIMER :: [0037] Injected Atlas in 319.175 ms
INFO - [G] 2025-08-21 20:43:19 :: INFO  :: TIMER :: [0032] Injected Sound in 166.826 ms
INFO - [G] 2025-08-21 20:43:19 :: INFO  :: TIMER :: [0032] Injected Stake in 0.784 ms
INFO - [G] 2025-08-21 20:43:19 :: INFO  :: TIMER :: [0008] Injected Rarity in 0.039 ms
INFO - [G] 2025-08-21 20:43:19 :: INFO  :: TIMER :: [0010] Injected ObjectType in 0.390 ms
INFO - [G] 2025-08-21 20:43:19 :: INFO  :: TIMER :: [0459] Injected Center in 2.329 ms
INFO - [G] 2025-08-21 20:43:19 :: INFO  :: TIMER :: [0009] Injected Undiscovered Sprite in 0.029 ms
INFO - [G] 2025-08-21 20:43:19 :: INFO  :: TIMER :: [0034] Injected Blind in 0.353 ms
INFO - [G] 2025-08-21 20:43:19 :: INFO  :: TIMER :: [0006] Injected Seal in 0.679 ms
INFO - [G] 2025-08-21 20:43:19 :: INFO  :: TIMER :: [0004] Injected Suit in 0.057 ms
INFO - [G] 2025-08-21 20:43:19 :: INFO  :: TIMER :: [0013] Injected Rank in 0.345 ms
INFO - [G] 2025-08-21 20:43:19 :: INFO  :: TIMER :: [0028] Injected DeckSkin in 0.945 ms
INFO - [G] 2025-08-21 20:43:19 :: INFO  :: TIMER :: [0020] Injected PokerHand in 0.130 ms
INFO - [G] 2025-08-21 20:43:19 :: INFO  :: TIMER :: [0031] Injected Challenge in 0.053 ms
INFO - [G] 2025-08-21 20:43:19 :: INFO  :: TIMER :: [0031] Injected Tag in 0.096 ms
INFO - [G] 2025-08-21 20:43:19 :: INFO  :: TIMER :: [0011] Injected Sticker in 0.119 ms
INFO - [G] 2025-08-21 20:43:19 :: INFO  :: TIMER :: [0011] Injected Shader in 129.881 ms
INFO - [G] 2025-08-21 20:43:19 :: INFO  :: TIMER :: [0002] Injected Keybind in 0.009 ms
INFO - [G] 2025-08-21 20:43:19 :: INFO  :: TIMER :: [0022] Injected Achievement in 0.074 ms
INFO - [G] 2025-08-21 20:43:19 :: INFO  :: TIMER :: [0002] Injected nil in 0.028 ms
INFO - [G] 2025-08-21 20:43:19 :: INFO  :: TIMER :: [0024] Injected Draw Step in 0.054 ms
INFO - [G] 2025-08-21 20:43:19 :: INFO  :: TIMER :: [0000] Injected [INTERNAL] in 28.384 ms
INFO - [G] 2025-08-21 20:43:19 :: INFO  :: TIMER :: [0010] Injected Other in 0.015 ms
INFO - [♥] Applied 0 patches to '=[SMODS _ "smods-https-thread.lua"]'
INFO - [G] 2025-08-21 20:43:24 :: DEBUG :: SMODS.https(1) :: Using https module backend
INFO - [G] ERROR LOADING GAME: Card area 'shop_vouchers' not instantiated before load
INFO - [G] ERROR LOADING GAME: Card area 'shop_jokers' not instantiated before load
INFO - [G] ERROR LOADING GAME: Card area 'shop_booster' not instantiated before load
INFO - [♥] Applied 0 patches to '=[SMODS _ "smods-https-thread.lua"]'
INFO - [G] 2025-08-21 20:44:25 :: DEBUG :: SMODS.https(2) :: Using https module backend
INFO - [♥] Applied 0 patches to '=[SMODS _ "smods-https-thread.lua"]'
INFO - [G] 2025-08-21 20:45:25 :: DEBUG :: SMODS.https(3) :: Using https module backend
INFO - [♥] Applied 0 patches to '=[SMODS _ "smods-https-thread.lua"]'
INFO - [G] 2025-08-21 20:46:25 :: DEBUG :: SMODS.https(4) :: Using https module backend
INFO - [♥] Applied 0 patches to '=[SMODS _ "smods-https-thread.lua"]'
INFO - [G] 2025-08-21 20:47:25 :: DEBUG :: SMODS.https(5) :: Using https module backend
INFO - [♥] Applied 0 patches to '=[SMODS _ "smods-https-thread.lua"]'
INFO - [G] 2025-08-21 20:48:26 :: DEBUG :: SMODS.https(6) :: Using https module backend
INFO - [G] line not found
INFO - [G] file not found: main.lua: No such file or directory
INFO - [G] file not found: main.lua: No such file or directory
INFO - [G] line not found
INFO - [G] file not found: functions/misc_functions.lua: No such file or directory
INFO - [G] line not found
INFO - [G] file not found: main.lua: No such file or directory
INFO - [G] file not found: main.lua: No such file or directory
INFO - [G] 2025-08-21 20:48:31 :: ERROR :: StackTrace :: Oops! The game crashed
functions/common_events.lua:2511: attempt to index local 'center' (a nil value)
Stack Traceback
===============
(1) Lua local 'handler' at file 'main.lua:612'
	Local variables:
	 msg = string: "functions/common_events.lua:2511: attempt to index local 'center' (a nil value)"
	 (*temporary) = Lua function '?' (defined at line 31 of chunk [SMODS _ "src/logging.lua"])
	 (*temporary) = string: "Oops! The game crashed\
"
(2) LÖVE metamethod at file 'boot.lua:352'
	Local variables:
	 errhand = Lua function '?' (defined at line 598 of chunk main.lua)
	 handler = Lua function '?' (defined at line 598 of chunk main.lua)
(3) Lua upvalue 'create_card_ref' at file 'functions/common_events.lua:2511'
	Local variables:
	 _type = string: "Spectral"
	 area = table: 0x2df014a0  {click_offset:table: 0x2d0b1ee0, static_rotation:false, shuffle_amt:0, parent:table: 0x2c7f5030, T:table: 0x2d0b1d28, offset:table: 0x2d0b1f68 (more...)}
	 legendary = nil
	 _rarity = nil
	 skip_materialize = boolean: true
	 soulable = boolean: true
	 forced_key = string: "c_cry_gateway"
	 key_append = string: "spe"
	 area = table: 0x2df014a0  {click_offset:table: 0x2d0b1ee0, static_rotation:false, shuffle_amt:0, parent:table: 0x2c7f5030, T:table: 0x2d0b1d28, offset:table: 0x2d0b1f68 (more...)}
	 center = nil
	 (*temporary) = table: 0x2bccc310  {j_ring_master:table: 0x2c0e4638, b_cry_antimatter:table: 0x2c0e6918, j_seance:table: 0x2c0db610, j_four_fingers:table: 0x2bcd2090, sleeve_cry_spooky_sleeve:table: 0x2c511ae0 (more...)}
	 (*temporary) = number: 0.997
	 (*temporary) = nil
	 (*temporary) = nil
	 (*temporary) = C function: builtin#63
	 (*temporary) = number: 0.44118
	 (*temporary) = nil
	 (*temporary) = number: 0.44118
	 (*temporary) = number: 0.578854
	 (*temporary) = number: 0.303505
	 (*temporary) = C function: builtin#37
	 (*temporary) = number: 0.303505
	 (*temporary) = number: 0.303505
	 (*temporary) = string: "attempt to index local 'center' (a nil value)"
(4) Lua global 'create_card' at file 'lib/overrides.lua:908' (from mod with id Cryptid)
	Local variables:
	 _type = string: "Spectral"
	 area = table: 0x2df014a0  {click_offset:table: 0x2d0b1ee0, static_rotation:false, shuffle_amt:0, parent:table: 0x2c7f5030, T:table: 0x2d0b1d28, offset:table: 0x2d0b1f68 (more...)}
	 legendary = nil
	 _rarity = nil
	 skip_materialize = boolean: true
	 soulable = boolean: true
	 forced_key = nil
	 key_append = string: "spe"
	 area = table: 0x2df014a0  {click_offset:table: 0x2d0b1ee0, static_rotation:false, shuffle_amt:0, parent:table: 0x2c7f5030, T:table: 0x2d0b1d28, offset:table: 0x2d0b1f68 (more...)}
	 pseudo = Lua function '?' (defined at line 847 of chunk [SMODS Cryptid "lib/overrides.lua"])
	 ps = Lua function '?' (defined at line 332 of chunk functions/misc_functions.lua)
	 aeqviable = Lua function '?' (defined at line 860 of chunk [SMODS Cryptid "lib/overrides.lua"])
	 front = nil
(5) Lua field 'create_card' at Steamodded file 'src/utils.lua:384' 
	Local variables:
	 t = table: 0x307a8148  {area:table: 0x2df014a0, key_append:spe, set:Spectral, soulable:true, skip_materialize:true}
(6) Lua field 'func' at file 'card.lua:2173'
	Local variables:
	 _size = number: 2
	 (for index) = number: 2
	 (for limit) = number: 2
	 (for step) = number: 1
	 i = number: 2
	 card = nil
	 _card_to_spawn = table: 0x307a8148  {area:table: 0x2df014a0, key_append:spe, set:Spectral, soulable:true, skip_materialize:true}
(7) Lua method 'handle' at file 'engine/event.lua:57'
	Local variables:
	 self = table: 0x2c0f4048  {start_timer:true, timer:TOTAL, blockable:false, trigger:after, func:function: 0x2cc43348, delay:5.2, complete:false, time:4822.2756190972, blocking:false (more...)}
	 _results = table: 0x2c752468  {blocking:false, pause_skip:false, time_done:true, completed:false}
(8) Lua method 'update' at file 'engine/event.lua:185'
	Local variables:
	 self = table: 0x2c1e7a00  {queue_last_processed:307.78333333338, queues:table: 0x2c1e7a28, queue_dt:0.016666666666667, queue_timer:311.98077144298}
	 dt = number: 0.0166948
	 forced = nil
	 (for generator) = C function: next
	 (for state) = table: 0x2c1e7a28  {unlock:table: 0x2c1e7b18, other:table: 0x2c1e7bb8, tutorial:table: 0x2c1e7b68, base:table: 0x2c1e7b40, achievement:table: 0x2c1e7b90}
	 (for control) = number: nan
	 k = string: "base"
	 v = table: 0x2c1e7b40  {1:table: 0x2d6299d0, 2:table: 0x2c471b48, 3:table: 0x2cc43320, 4:table: 0x2c0f4020, 5:table: 0x2c0f4048, 6:table: 0x2cc11690, 7:table: 0x2df00f68 (more...)}
	 blocked = boolean: true
	 i = number: 5
	 results = table: 0x2c752468  {blocking:false, pause_skip:false, time_done:true, completed:false}
(9) Lua upvalue 'gameUpdateRef' at file 'game.lua:2669'
	Local variables:
	 self = table: 0x2b7ca580  {F_GUIDE:false, F_CRASH_REPORTS:false, booster_pack_sparkles:table: 0x2ccf1a40, F_QUIT_BUTTON:true, HUD_tags:table: 0x2dad6ae0, F_ENGLISH_ONLY:false (more...)}
	 dt = number: 0.0166948
	 http_resp = nil
(10) Lua upvalue 'upd' at Steamodded file 'src/ui.lua:84' 
	Local variables:
	 self = table: 0x2b7ca580  {F_GUIDE:false, F_CRASH_REPORTS:false, booster_pack_sparkles:table: 0x2ccf1a40, F_QUIT_BUTTON:true, HUD_tags:table: 0x2dad6ae0, F_ENGLISH_ONLY:false (more...)}
	 dt = number: 0.0166948
(11) Lua upvalue 'gu' at file 'main.lua:2312'
	Local variables:
	 self = table: 0x2b7ca580  {F_GUIDE:false, F_CRASH_REPORTS:false, booster_pack_sparkles:table: 0x2ccf1a40, F_QUIT_BUTTON:true, HUD_tags:table: 0x2dad6ae0, F_ENGLISH_ONLY:false (more...)}
	 dt = number: 0.0166948
(12) Lua upvalue 'upd' at file 'lib/gameset.lua:27' (from mod with id Cryptid)
	Local variables:
	 self = table: 0x2b7ca580  {F_GUIDE:false, F_CRASH_REPORTS:false, booster_pack_sparkles:table: 0x2ccf1a40, F_QUIT_BUTTON:true, HUD_tags:table: 0x2dad6ae0, F_ENGLISH_ONLY:false (more...)}
	 dt = number: 0.0166948
(13) Lua upvalue 'gameUpdateRef' at file 'lib/overrides.lua:345' (from mod with id Cryptid)
	Local variables:
	 self = table: 0x2b7ca580  {F_GUIDE:false, F_CRASH_REPORTS:false, booster_pack_sparkles:table: 0x2ccf1a40, F_QUIT_BUTTON:true, HUD_tags:table: 0x2dad6ae0, F_ENGLISH_ONLY:false (more...)}
	 dt = number: 0.0166948
(14) Lua method 'update' at line 32 of chunk '"5060"]'
	Local variables:
	 self = table: 0x2b7ca580  {F_GUIDE:false, F_CRASH_REPORTS:false, booster_pack_sparkles:table: 0x2ccf1a40, F_QUIT_BUTTON:true, HUD_tags:table: 0x2dad6ae0, F_ENGLISH_ONLY:false (more...)}
	 dt = number: 0.0166948
(15) Lua upvalue 'love_update_ref' at file 'main.lua:1020'
	Local variables:
	 dt = number: 0.0166948
(16) Lua upvalue 'oldupd' at file 'modules/controller.lua:1027' (from lovely module handy/controller)
	Local variables:
	 dt = number: 0.0166948
(17) Lua field 'update' at file 'main.lua:2345'
	Local variables:
	 dt = number: 0.0166948
(18) Lua function '?' at file 'main.lua:934' (best guess)
(19) global C function 'xpcall'
(20) LÖVE function at file 'boot.lua:377' (best guess)
	Local variables:
	 func = Lua function '?' (defined at line 905 of chunk main.lua)
	 inerror = boolean: true
	 deferErrhand = Lua function '(LÖVE Function)' (defined at line 348 of chunk [love "boot.lua"])
	 earlyinit = Lua function '(LÖVE Function)' (defined at line 355 of chunk [love "boot.lua"])

INFO - [G] line not found
INFO - [G] file not found: functions/misc_functions.lua: No such file or directory
INFO - [G] line not found
INFO - [G] file not found: main.lua: No such file or directory
INFO - [G] file not found: main.lua: No such file or directory
INFO - [G] 2025-08-21 20:48:31 :: INFO  :: StackTrace :: Additional Context:
Balatro Version: 1.0.1o-FULL
Modded Version: 1.0.0~BETA-0711a-STEAMODDED
LÖVE Version: 11.5.0
Lovely Version: 0.8.0
Platform: Windows
Steamodded Mods:
    1: Card Sleeves by Larswijn [ID: CardSleeves, Priority: -10, Version: 1.8.0, Uses Lovely]
    2: Cryptid by MathIsFun_, Cryptid and Balatro Discords [ID: Cryptid, Priority: 114, Version: 0.5.11, Uses Lovely]
    3: Saturn by OceanRamen [ID: Saturn, Version: 0.2.2-E-ALPHA, Uses Lovely]
    4: Talisman by MathIsFun_, Mathguy24, jenwalter666, cg-223 [ID: Talisman, Version: 2.3.4, Uses Lovely]
        Break Infinity: omeganum
    5: Yorick by Somethingcom515 [ID: yorick, Priority: 9, Version: 1.0.0, Uses Lovely]
    6: Handy by SleepyG11 [ID: Handy, Version: 1.5.1f, Uses Lovely]
    7: More Speed by Steamo [ID: MoreSpeed]
    8: Cartomancer by stupxd aka stupid [ID: cartomancer, Priority: 69, Version: 4.16, Uses Lovely]
Lovely Mods:
