INFO - [♥] Lovely 0.8.0
INFO - [♥] Game directory is at "C:\\Program Files (x86)\\Steam\\steamapps\\common\\Balatro"
INFO - [♥] Writing logs to "C:\\Users\\evan\\AppData\\Roaming\\Balatro\\Mods\\lovely\\log"
INFO - [♥] Using mod directory at "C:\\Users\\evan\\AppData\\Roaming\\Balatro\\Mods"
INFO - [♥] Found .lovelyignore in 'Cryptid', skipping it.
INFO - [♥] Found .lovelyignore in 'MoreFluff', skipping it.
INFO - [♥] Found .lovelyignore in 'Yorick', skipping it.
WARN - [♥] Unknown key `patches.1.?.match_indent` found in patch file at "C:\\Users\\evan\\AppData\\Roaming\\Balatro\\Mods\\Cartomancer\\lovely\\blinds-info.toml", ignoring it
WARN - [♥] Unknown key `patches.2.?.match_indent` found in patch file at "C:\\Users\\evan\\AppData\\Roaming\\Balatro\\Mods\\Cartomancer\\lovely\\stackable-deck-steamodded.toml", ignoring it
WARN - [♥] Unknown key `patches.4.?.match_indent` found in patch file at "C:\\Users\\evan\\AppData\\Roaming\\Balatro\\Mods\\Cartomancer\\lovely\\stackable-deck-steamodded.toml", ignoring it
WARN - [♥] Unknown key `patches.6.?.match_indent` found in patch file at "C:\\Users\\evan\\AppData\\Roaming\\Balatro\\Mods\\Cartomancer\\lovely\\stackable-deck-steamodded.toml", ignoring it
WARN - [♥] Unknown key `patches.1.?.match_indent` found in patch file at "C:\\Users\\evan\\AppData\\Roaming\\Balatro\\Mods\\HandyBalatro\\lovely\\controls_misc.toml", ignoring it
WARN - [♥] Unknown key `patches.1.?.overwrite` found in patch file at "C:\\Users\\evan\\AppData\\Roaming\\Balatro\\Mods\\HandyBalatro\\lovely\\controls_misc.toml", ignoring it
WARN - [♥] Unknown key `patches.0.?.overwrite` found in patch file at "C:\\Users\\evan\\AppData\\Roaming\\Balatro\\Mods\\HandyBalatro\\lovely\\controls_show_deck_preview.toml", ignoring it
WARN - [♥] Unknown key `patches.10.?.match_indent` found in patch file at "C:\\Users\\evan\\AppData\\Roaming\\Balatro\\Mods\\Saturn\\lovely\\rem_anim.toml", ignoring it
WARN - [♥] Unknown key `patches.10.?.overwrite` found in patch file at "C:\\Users\\evan\\AppData\\Roaming\\Balatro\\Mods\\Saturn\\lovely\\rem_anim.toml", ignoring it
WARN - [♥] Unknown key `patches.35.?.match_indent` found in patch file at "C:\\Users\\evan\\AppData\\Roaming\\Balatro\\Mods\\Talisman\\lovely.toml", ignoring it
WARN - [♥] Unknown key `patches.35.?.overwrite` found in patch file at "C:\\Users\\evan\\AppData\\Roaming\\Balatro\\Mods\\Talisman\\lovely.toml", ignoring it
WARN - [♥] Unknown key `patches.52.?.match_indent` found in patch file at "C:\\Users\\evan\\AppData\\Roaming\\Balatro\\Mods\\Talisman\\lovely.toml", ignoring it
WARN - [♥] Unknown key `patches.55.?.match_indent` found in patch file at "C:\\Users\\evan\\AppData\\Roaming\\Balatro\\Mods\\Talisman\\lovely.toml", ignoring it
INFO - [♥] Cleaning up dumps directory at "C:\\Users\\evan\\AppData\\Roaming\\Balatro\\Mods\\lovely\\dump"
INFO - [♥] Initialization complete in 82ms
WARN - [♥] Pattern 'G.ARGS.score_intensity.organ = G.video_organ or G.ARGS.score_intensity.required_score > 0 and math.max(math.min(0.4, 0.1*math.log(G.ARGS.score_intensity.earned_score/(G.ARGS.score_intensity.required_score+1), 5)),0.) or 0' on target 'main.lua' for pattern patch from Talisman\lovely.toml resulted in no matches
WARN - [♥] Pattern 'if type(G.GAME.current_round.current_hand.chips) ~= \'number\' or type(G.GAME.current_round.current_hand.mult) ~= \'number\' then' on target 'main.lua' for pattern patch from Talisman\lovely.toml resulted in no matches
WARN - [♥] Pattern 'modded and {' on target 'main.lua' for pattern patch from Cartomancer\lovely\stackable-deck-steamodded-0.9.8.toml resulted in no matches
INFO - [♥] Applied 18 patches to 'main.lua'
INFO - [♥] Applied 2 patches to 'engine/string_packer.lua'
INFO - [♥] Applied 10 patches to 'engine/controller.lua'
INFO - [♥] Applied 15 patches to 'back.lua'
INFO - [♥] Applied 7 patches to 'tag.lua'
INFO - [♥] Applied 1 patch to 'engine/event.lua'
INFO - [♥] Applied 3 patches to 'engine/moveable.lua'
INFO - [♥] Applied 3 patches to 'engine/sprite.lua'
INFO - [♥] Applied 2 patches to 'engine/animatedsprite.lua'
WARN - [♥] Pattern 'assembled_string = assembled_string..(type(subpart) == \'string\' and subpart or args.vars[tonumber(subpart[1])] or \'ERROR\')' on target 'functions/misc_functions.lua' for pattern patch from Talisman\lovely.toml resulted in no matches
INFO - [♥] Applied 58 patches to 'functions/misc_functions.lua'
INFO - [♥] Applied 52 patches to 'game.lua'
INFO - [♥] Applied 1 patch to 'globals.lua'
WARN - [♥] Pattern 'self.config.chosen = true' on target 'engine/ui.lua' for pattern patch from Cartomancer\lovely\vanilla-ui.toml resulted in no matches
INFO - [♥] Applied 7 patches to 'engine/ui.lua'
WARN - [♥] Pattern '{n=G.UIT.T, config={text = G.GAME.hands[handname].chips, scale = 0.45, colour = G.C.UI.TEXT_LIGHT}},' on target 'functions/UI_definitions.lua' for pattern patch from Talisman\lovely.toml resulted in no matches
WARN - [♥] Pattern '{n=G.UIT.T, config={text = G.GAME.hands[handname].mult, scale = 0.45, colour = G.C.UI.TEXT_LIGHT}}' on target 'functions/UI_definitions.lua' for pattern patch from Talisman\lovely.toml resulted in no matches
INFO - [♥] Applied 106 patches to 'functions/UI_definitions.lua'
WARN - [♥] Pattern 'if effects[ii].card then' on target 'functions/state_events.lua' for pattern patch from HandyBalatro\lovely\controls_animation_skip.toml resulted in no matches
WARN - [♥] Pattern 'if effects[ii].card then' on target 'functions/state_events.lua' for pattern patch from Saturn\lovely\rem_anim.toml resulted in no matches
WARN - [♥] Pattern 'if effects[ii].card then' on target 'functions/state_events.lua' for pattern patch from Talisman\lovely.toml resulted in no matches
WARN - [♥] Pattern 'if effects.jokers.Xmult_mod then mult = mod_mult(mult*effects.jokers.Xmult_mod);extras.mult = true  end' on target 'functions/state_events.lua' for pattern patch from Talisman\lovely.toml resulted in no matches
WARN - [♥] Pattern 'if effect.Xmult_mod then mult = mod_mult(mult*effect.Xmult_mod);extras.mult = true  end' on target 'functions/state_events.lua' for pattern patch from Talisman\lovely.toml resulted in no matches
WARN - [♥] Pattern 'if effects[ii].message then' on target 'functions/state_events.lua' for pattern patch from Talisman\lovely.toml resulted in no matches
WARN - [♥] Pattern '--calculate the card edition effects' on target 'functions/state_events.lua' for pattern patch from Talisman\lovely.toml resulted in no matches
WARN - [♥] Pattern 'if effects[ii].edition.p_dollars_mod then' on target 'functions/state_events.lua' for pattern patch from Talisman\lovely.toml resulted in no matches
WARN - [♥] Pattern 'if edition_effects.jokers.x_mult_mod then' on target 'functions/state_events.lua' for pattern patch from Talisman\lovely.toml resulted in no matches
INFO - [♥] Applied 61 patches to 'functions/state_events.lua'
WARN - [♥] Pattern 'func = (function() if eval_func(card) then if not first or first then card:juice_up(0.1, 0.1) end;juice_card_until(card, eval_func, nil, 0.8) end return true end)' on target 'functions/common_events.lua' for pattern patch from HandyBalatro\lovely\controls_animation_skip.toml resulted in no matches
WARN - [♥] Pattern 'func = (function() if eval_func(card) then if not first or first then card:juice_up(0.1, 0.1) end;juice_card_until(card, eval_func, nil, 0.8) end return true end)' on target 'functions/common_events.lua' for pattern patch from HandyBalatro\lovely\controls_animation_skip.toml resulted in no matches
WARN - [♥] Pattern 'func = (function() if eval_func(card) then if not first or first then card:juice_up(0.1, 0.1) end;juice_card_until(card, eval_func, nil, 0.8) end return true end)' on target 'functions/common_events.lua' for pattern patch from Saturn\lovely\rem_anim.toml resulted in no matches
WARN - [♥] Pattern 'func = (function() card:juice_up(0.7);return true end)' on target 'functions/common_events.lua' for pattern patch from Saturn\lovely\rem_anim.toml resulted in no matches
WARN - [♥] Pattern 'if card then card:juice_up(0.8, 0.5) end' on target 'functions/common_events.lua' for pattern patch from Saturn\lovely\rem_anim.toml resulted in no matches
WARN - [♥] Pattern 'card:juice_up(0.6, 0.1)' on target 'functions/common_events.lua' for pattern patch from Saturn\lovely\rem_anim.toml resulted in no matches
WARN - [♥] Pattern 'func = (function() if eval_func(card) then if not first or first then card:juice_up(0.1, 0.1) end;juice_card_until(card, eval_func, nil, 0.8) end return true end)' on target 'functions/common_events.lua' for pattern patch from Saturn\lovely\rem_anim.toml resulted in no matches
WARN - [♥] Pattern 'func = (function() if eval_func(card) then if not first or first then card:juice_up(0.1, 0.1) end;juice_card_until(card, eval_func, nil, 0.8) end return true end)' on target 'functions/common_events.lua' for pattern patch from Saturn\lovely\rem_anim.toml resulted in no matches
WARN - [♥] Pattern 'if num_dollars > 60 then' on target 'functions/common_events.lua' for pattern patch from Talisman\lovely.toml resulted in no matches
WARN - [♥] Pattern 'func = (function() card:juice_up(0.7);return true end)' on target 'functions/common_events.lua' for pattern patch from Talisman\lovely.toml resulted in no matches
WARN - [♥] Pattern 'if card then card:juice_up(0.8, 0.5) end' on target 'functions/common_events.lua' for pattern patch from Talisman\lovely.toml resulted in no matches
WARN - [♥] Pattern 'card:juice_up(0.6, 0.1)' on target 'functions/common_events.lua' for pattern patch from Talisman\lovely.toml resulted in no matches
WARN - [♥] Pattern 'func = (function() if eval_func(card) then if not first or first then card:juice_up(0.1, 0.1) end;juice_card_until(card, eval_func, nil, 0.8) end return true end)' on target 'functions/common_events.lua' for pattern patch from Talisman\lovely.toml resulted in no matches
WARN - [♥] Pattern 'func = (function() if eval_func(card) then if not first or first then card:juice_up(0.1, 0.1) end;juice_card_until(card, eval_func, nil, 0.8) end return true end)' on target 'functions/common_events.lua' for pattern patch from Talisman\lovely.toml resulted in no matches
WARN - [♥] Pattern 'if amt > 0 or amt < 0 then' on target 'functions/common_events.lua' for pattern patch from Talisman\lovely.toml resulted in no matches
INFO - [♥] Applied 136 patches to 'functions/common_events.lua'
INFO - [♥] Applied 68 patches to 'functions/button_callbacks.lua'
WARN - [♥] Pattern '*then G.E_MANAGER:add_event(Event({ func = function() G.GAME.blind:set_blind(nil, true, nil); return true end })) end' on target 'card.lua' for pattern patch from smods-1.0.0-beta-0509c\lovely\calculate_card_added.toml resulted in 2 matches, wanted 1
WARN - [♥] Ignoring excess matches
WARN - [♥] Pattern 'if G.GAME.blind then G.E_MANAGER:add_event(Event({ func = function() G.GAME.blind:set_blind(nil, true, nil); return true end })) end' on target 'card.lua' for pattern patch from Saturn\lovely\rem_anim.toml resulted in no matches
WARN - [♥] Pattern 'G.E_MANAGER:add_event(Event({func = (function() G.GAME.dollar_buffer = 0; return true end)}))' on target 'card.lua' for pattern patch from Saturn\lovely\rem_anim.toml resulted in no matches
WARN - [♥] Pattern 'Xmult_mod = G.P_CENTERS.v_observatory.config.extra' on target 'card.lua' for pattern patch from Saturn\lovely\stack.toml resulted in no matches
WARN - [♥] Pattern 'message = localize{type = \'variable\', key = \'a_xmult\', vars = {G.P_CENTERS.v_observatory.config.extra}},' on target 'card.lua' for pattern patch from Saturn\lovely\stack.toml resulted in no matches
WARN - [♥] Pattern 'if self.edition and not silent then' on target 'card.lua' for pattern patch from Talisman\lovely.toml resulted in no matches
WARN - [♥] Pattern 'G.E_MANAGER:add_event(Event({func = (function() G.GAME.dollar_buffer = 0; return true end)}))' on target 'card.lua' for pattern patch from Talisman\lovely.toml resulted in no matches
WARN - [♥] Pattern 'if G.GAME.blind then G.E_MANAGER:add_event(Event({ func = function() G.GAME.blind:set_blind(nil, true, nil); return true end })) end' on target 'card.lua' for pattern patch from Talisman\lovely.toml resulted in no matches
WARN - [♥] Pattern 'x_mult = center.config.Xmult or 1,' on target 'card.lua' for pattern patch from Talisman\lovely.toml resulted in no matches
WARN - [♥] Regex 'self.params.viewed_back and G.GAME.viewed_back or G.GAME.selected_back' on target 'card.lua' for regex patch from CardSleeves\lovely\expected_to_fail.toml resulted in no matches
INFO - [♥] Applied 176 patches to 'card.lua'
INFO - [♥] Applied 18 patches to 'cardarea.lua'
INFO - [♥] Applied 39 patches to 'blind.lua'
WARN - [♥] Pattern 'if self.strings[k].W > self.config.W then' on target 'engine/text.lua' for pattern patch from Talisman\lovely.toml resulted in no matches
WARN - [♥] Pattern 'local letter = self.strings[self.focused_string].letters[k]' on target 'engine/text.lua' for pattern patch from Talisman\lovely.toml resulted in no matches
INFO - [♥] Applied 6 patches to 'engine/text.lua'
INFO - [♥] Applied 2 patches to '=[SMODS _ "src/utils.lua"]'
WARN - [♥] Pattern 'card_limit = #SUITS[visible_suit[j]],' on target '=[SMODS _ "src/overrides.lua"]' for pattern patch from Cartomancer\lovely\stackable-deck-steamodded.toml resulted in no matches
WARN - [♥] Pattern 'card_limit = #SUITS[visible_suit[j]],' on target '=[SMODS _ "src/overrides.lua"]' for pattern patch from Cartomancer\lovely\stackable-deck-steamodded.toml resulted in no matches
WARN - [♥] Regex '\t\t\t\tfor i = 1\\, \\#SUITS\\[visible_suit\\[j\\]\\] do\n\t\t\t\t\tif SUITS\\[visible_suit\\[j\\]\\]\\[i\\] then\n\t\t\t\t\t\tlocal greyed\\, _scale = nil\\, 0\\.7[\\s\\S]*\n\t\t\t\t\t\tcopy:hard_set_T\\(\\)\n\t\t\t\t\t\tview_deck:emplace\\(copy\\)\n\t\t\t\t\tend\n\t\t\t\tend' on target '=[SMODS _ "src/overrides.lua"]' for regex patch from Cartomancer\lovely\stackable-deck-steamodded.toml resulted in no matches
WARN - [♥] Regex '\t\t\tfor i = 1\\, \\#SUITS\\[visible_suit\\[j\\]\\] do\n\t\t\t\tif SUITS\\[visible_suit\\[j\\]\\]\\[i\\] then\n\t\t\t\t\tlocal greyed\\, _scale = nil\\, 0\\.7[\\s\\S]*\n\t\t\t\t\tcopy:hard_set_T\\(\\)\n\t\t\t\t\tview_deck:emplace\\(copy\\)\n\t\t\t\tend\n\t\t\tend' on target '=[SMODS _ "src/overrides.lua"]' for regex patch from Cartomancer\lovely\stackable-deck-steamodded.toml resulted in no matches
INFO - [♥] Applied 5 patches to '=[SMODS _ "src/overrides.lua"]'
WARN - [♥] Pattern 'x_mult = card.ability.extra' on target '=[SMODS _ "src/game_object.lua"]' for pattern patch from Saturn\lovely\stack.toml resulted in no matches
INFO - [♥] Applied 0 patches to '=[SMODS _ "src/game_object.lua"]'
INFO - [G] Failed to connect to the debug server
INFO - [G] 2025-08-24 16:00:53 :: DEBUG :: DebugConsole :: Steamodded Debug Socket started !
INFO - [G] 2025-08-24 16:00:53 :: INFO  :: SMODS :: Steamodded v1.0.0~BETA-0509c
INFO - [G] Order not set for config dictionary: misc_quick_restart
INFO - [G] Order not set for config dictionary: speed_multiplier_default_value
INFO - [G] Order not set for config dictionary: misc_save_run
INFO - [G] Order not set for config dictionary: animation_skip_default_value
INFO - [♥] Applied 9 patches to 'engine/sound_manager.lua'
INFO - [♥] Applied 3 patches to 'engine/save_manager.lua'
INFO - [♥] Applied 2 patches to 'engine/string_packer.lua'
INFO - [G] 2025-08-24 16:00:54 :: INFO  :: Loader :: Valid JSON file found
INFO - [G] 2025-08-24 16:00:54 :: TRACE :: Loader :: Processing Mod file (Legacy header): mod.lua
INFO - [G] 2025-08-24 16:00:54 :: TRACE :: Loader :: Saving Mod Info: cartomancer
INFO - [G] 2025-08-24 16:00:54 :: INFO  :: Loader :: Valid JSON file found
INFO - [G] 2025-08-24 16:00:54 :: INFO  :: Loader :: Valid JSON file found
INFO - [G] 2025-08-24 16:00:54 :: TRACE :: Loader :: Processing Mod file (Legacy header): steamodded.lua
INFO - [G] 2025-08-24 16:00:54 :: WARN  :: Loader :: Duplicate Mod ID: Handy
INFO - [G] 2025-08-24 16:00:54 :: TRACE :: Loader :: Processing Mod file (Legacy header): MoreFluff.lua
INFO - [G] 2025-08-24 16:00:54 :: TRACE :: Loader :: Saving Mod Info: MoreFluff
INFO - [G] 2025-08-24 16:00:54 :: INFO  :: Loader :: Valid JSON file found
INFO - [G] 2025-08-24 16:00:54 :: TRACE :: Loader :: Processing Mod file (Legacy header): MoreSpeeds.lua
INFO - [G] 2025-08-24 16:00:54 :: TRACE :: Loader :: Saving Mod Info: MoreSpeed
INFO - [G] 2025-08-24 16:00:54 :: ERROR :: Loader :: Found invalid metadata JSON file at C:\Users\evan\AppData\Roaming\Balatro\Mods/Steamopollys-MoreSpeed-0.8.2/manifest.json, ignoring: [SMODS _ "src/loader.lua"]:226: id
INFO - [G] 2025-08-24 16:00:54 :: TRACE :: Loader :: Processing Mod file (Legacy header): steamodded_metadata.lua
INFO - [G] 2025-08-24 16:00:54 :: TRACE :: Loader :: Saving Mod Info: Talisman
INFO - [G] 2025-08-24 16:00:55 :: INFO  :: Loader :: Valid JSON file found
INFO - [G] 2025-08-24 16:00:55 :: INFO  :: CardSleeves :: CardSleeves v1.8.0 loaded~!
INFO - [G] 2025-08-24 16:00:55 :: TRACE :: Loader :: Mod MoreFluff was unable to load: 
INFO - [G] 2025-08-24 16:00:55 :: TRACE :: Loader :: Mod yorick was unable to load: 
INFO - [G] 2025-08-24 16:00:55 :: TRACE :: Loader :: Mod Cryptid was unable to load: Missing Dependencies: 1: Steamodded (>=1.0.0~BETA-0711a)


INFO - [G] 2025-08-24 16:00:55 :: INFO  :: TIMER :: [0000] Injected Language in 0.001 ms
INFO - [G] 2025-08-24 16:00:55 :: INFO  :: TIMER :: [0000] Injected [INTERNAL] in 1.408 ms
INFO - [G] 2025-08-24 16:00:55 :: INFO  :: TIMER :: [0006] Injected Atlas in 186.171 ms
INFO - [G] 2025-08-24 16:00:55 :: INFO  :: TIMER :: [0008] Injected Sound in 5.335 ms
INFO - [G] 2025-08-24 16:00:55 :: INFO  :: TIMER :: [0008] Injected Stake in 0.243 ms
INFO - [G] 2025-08-24 16:00:55 :: INFO  :: TIMER :: [0004] Injected Rarity in 0.026 ms
INFO - [G] 2025-08-24 16:00:55 :: INFO  :: TIMER :: [0004] Injected ObjectType in 0.035 ms
INFO - [G] 2025-08-24 16:00:55 :: INFO  :: TIMER :: [0066] Injected Center in 0.525 ms
INFO - [G] 2025-08-24 16:00:55 :: INFO  :: TIMER :: [0007] Injected Undiscovered Sprite in 0.043 ms
INFO - [G] 2025-08-24 16:00:55 :: INFO  :: TIMER :: [0002] Injected Blind in 0.018 ms
INFO - [G] 2025-08-24 16:00:55 :: INFO  :: TIMER :: [0004] Injected Seal in 0.229 ms
INFO - [G] 2025-08-24 16:00:55 :: INFO  :: TIMER :: [0004] Injected Suit in 0.066 ms
INFO - [G] 2025-08-24 16:00:55 :: INFO  :: TIMER :: [0013] Injected Rank in 0.095 ms
INFO - [G] 2025-08-24 16:00:55 :: INFO  :: TIMER :: [0028] Injected DeckSkin in 0.259 ms
INFO - [G] 2025-08-24 16:00:55 :: INFO  :: TIMER :: [0012] Injected PokerHand in 0.056 ms
INFO - [G] 2025-08-24 16:00:55 :: INFO  :: TIMER :: [0020] Injected Challenge in 0.089 ms
INFO - [G] 2025-08-24 16:00:55 :: INFO  :: TIMER :: [0000] Injected Tag in 0.001 ms
INFO - [G] 2025-08-24 16:00:55 :: INFO  :: TIMER :: [0004] Injected Sticker in 0.310 ms
INFO - [G] 2025-08-24 16:00:55 :: INFO  :: TIMER :: [0000] Injected Shader in 0.001 ms
INFO - [G] 2025-08-24 16:00:55 :: INFO  :: TIMER :: [0002] Injected Keybind in 0.018 ms
INFO - [G] 2025-08-24 16:00:55 :: INFO  :: TIMER :: [0000] Injected Achievement in 0.039 ms
INFO - [G] 2025-08-24 16:00:55 :: INFO  :: TIMER :: [0002] Injected nil in 0.018 ms
INFO - [G] 2025-08-24 16:00:55 :: INFO  :: TIMER :: [0021] Injected Draw Step in 0.190 ms
INFO - [G] 2025-08-24 16:00:55 :: INFO  :: TIMER :: [0000] Injected [INTERNAL] in 3.525 ms
INFO - [G] 2025-08-24 16:01:04 :: INFO  :: TIMER :: [0000] Injected Language in 0.001 ms
INFO - [G] 2025-08-24 16:01:04 :: INFO  :: TIMER :: [0000] Injected [INTERNAL] in 1.578 ms
INFO - [G] 2025-08-24 16:01:04 :: INFO  :: TIMER :: [0006] Injected Atlas in 181.612 ms
INFO - [G] 2025-08-24 16:01:04 :: INFO  :: TIMER :: [0008] Injected Sound in 0.014 ms
INFO - [G] 2025-08-24 16:01:04 :: INFO  :: TIMER :: [0008] Injected Stake in 0.075 ms
INFO - [G] 2025-08-24 16:01:04 :: INFO  :: TIMER :: [0004] Injected Rarity in 0.011 ms
INFO - [G] 2025-08-24 16:01:04 :: INFO  :: TIMER :: [0004] Injected ObjectType in 0.017 ms
INFO - [G] 2025-08-24 16:01:04 :: INFO  :: TIMER :: [0066] Injected Center in 0.327 ms
INFO - [G] 2025-08-24 16:01:04 :: INFO  :: TIMER :: [0007] Injected Undiscovered Sprite in 0.008 ms
INFO - [G] 2025-08-24 16:01:04 :: INFO  :: TIMER :: [0002] Injected Blind in 0.005 ms
INFO - [G] 2025-08-24 16:01:04 :: INFO  :: TIMER :: [0004] Injected Seal in 0.073 ms
INFO - [G] 2025-08-24 16:01:04 :: INFO  :: TIMER :: [0004] Injected Suit in 0.038 ms
INFO - [G] 2025-08-24 16:01:04 :: INFO  :: TIMER :: [0013] Injected Rank in 0.034 ms
INFO - [G] 2025-08-24 16:01:04 :: INFO  :: TIMER :: [0028] Injected DeckSkin in 0.227 ms
INFO - [G] 2025-08-24 16:01:04 :: INFO  :: TIMER :: [0012] Injected PokerHand in 0.028 ms
INFO - [G] 2025-08-24 16:01:04 :: INFO  :: TIMER :: [0020] Injected Challenge in 0.107 ms
INFO - [G] 2025-08-24 16:01:04 :: INFO  :: TIMER :: [0000] Injected Tag in 0.000 ms
INFO - [G] 2025-08-24 16:01:04 :: INFO  :: TIMER :: [0004] Injected Sticker in 0.040 ms
INFO - [G] 2025-08-24 16:01:04 :: INFO  :: TIMER :: [0000] Injected Shader in 0.001 ms
INFO - [G] 2025-08-24 16:01:04 :: INFO  :: TIMER :: [0002] Injected Keybind in 0.004 ms
INFO - [G] 2025-08-24 16:01:04 :: INFO  :: TIMER :: [0000] Injected Achievement in 0.024 ms
INFO - [G] 2025-08-24 16:01:04 :: INFO  :: TIMER :: [0002] Injected nil in 0.005 ms
INFO - [G] 2025-08-24 16:01:04 :: INFO  :: TIMER :: [0021] Injected Draw Step in 0.055 ms
INFO - [G] 2025-08-24 16:01:04 :: INFO  :: TIMER :: [0000] Injected [INTERNAL] in 2.912 ms
INFO - [G] LONG DT @ 19: 0.055514538236453
INFO - [G] LONG DT @ 87: 0.1
INFO - [G] LONG DT @ 87: 0.08209232
INFO - [G] LONG DT @ 87: 0.069332015999998
INFO - [G] LONG DT @ 87: 0.058488072799998
INFO - [G] LONG DT @ 87: 0.050131758240001
INFO - [G] 2025-08-24 16:02:44 :: INFO  :: TIMER :: [0000] Injected Language in 0.001 ms
INFO - [G] 2025-08-24 16:02:44 :: INFO  :: TIMER :: [0000] Injected [INTERNAL] in 1.096 ms
INFO - [G] 2025-08-24 16:02:44 :: INFO  :: TIMER :: [0006] Injected Atlas in 178.321 ms
INFO - [G] 2025-08-24 16:02:44 :: INFO  :: TIMER :: [0008] Injected Sound in 0.014 ms
INFO - [G] 2025-08-24 16:02:44 :: INFO  :: TIMER :: [0008] Injected Stake in 0.090 ms
INFO - [G] 2025-08-24 16:02:44 :: INFO  :: TIMER :: [0004] Injected Rarity in 0.012 ms
INFO - [G] 2025-08-24 16:02:44 :: INFO  :: TIMER :: [0004] Injected ObjectType in 0.019 ms
INFO - [G] 2025-08-24 16:02:44 :: INFO  :: TIMER :: [0066] Injected Center in 0.331 ms
INFO - [G] 2025-08-24 16:02:44 :: INFO  :: TIMER :: [0007] Injected Undiscovered Sprite in 0.011 ms
INFO - [G] 2025-08-24 16:02:44 :: INFO  :: TIMER :: [0002] Injected Blind in 0.005 ms
INFO - [G] 2025-08-24 16:02:44 :: INFO  :: TIMER :: [0004] Injected Seal in 0.063 ms
INFO - [G] 2025-08-24 16:02:44 :: INFO  :: TIMER :: [0004] Injected Suit in 0.070 ms
INFO - [G] 2025-08-24 16:02:44 :: INFO  :: TIMER :: [0013] Injected Rank in 0.036 ms
INFO - [G] 2025-08-24 16:02:44 :: INFO  :: TIMER :: [0028] Injected DeckSkin in 0.156 ms
INFO - [G] 2025-08-24 16:02:44 :: INFO  :: TIMER :: [0012] Injected PokerHand in 0.048 ms
INFO - [G] 2025-08-24 16:02:44 :: INFO  :: TIMER :: [0020] Injected Challenge in 0.021 ms
INFO - [G] 2025-08-24 16:02:44 :: INFO  :: TIMER :: [0000] Injected Tag in 0.000 ms
INFO - [G] 2025-08-24 16:02:44 :: INFO  :: TIMER :: [0004] Injected Sticker in 0.042 ms
INFO - [G] 2025-08-24 16:02:44 :: INFO  :: TIMER :: [0000] Injected Shader in 0.000 ms
INFO - [G] 2025-08-24 16:02:44 :: INFO  :: TIMER :: [0002] Injected Keybind in 0.004 ms
INFO - [G] 2025-08-24 16:02:44 :: INFO  :: TIMER :: [0000] Injected Achievement in 0.024 ms
INFO - [G] 2025-08-24 16:02:44 :: INFO  :: TIMER :: [0002] Injected nil in 0.005 ms
INFO - [G] 2025-08-24 16:02:44 :: INFO  :: TIMER :: [0021] Injected Draw Step in 0.042 ms
INFO - [G] 2025-08-24 16:02:44 :: INFO  :: TIMER :: [0000] Injected [INTERNAL] in 3.004 ms
INFO - [G] LONG DT @ 110: 0.054552232701806
INFO - [G] 2025-08-24 16:03:16 :: INFO  :: TIMER :: [0000] Injected Language in 0.001 ms
INFO - [G] 2025-08-24 16:03:16 :: INFO  :: TIMER :: [0000] Injected [INTERNAL] in 1.016 ms
INFO - [G] 2025-08-24 16:03:16 :: INFO  :: TIMER :: [0006] Injected Atlas in 183.075 ms
INFO - [G] 2025-08-24 16:03:16 :: INFO  :: TIMER :: [0008] Injected Sound in 0.021 ms
INFO - [G] 2025-08-24 16:03:16 :: INFO  :: TIMER :: [0008] Injected Stake in 0.129 ms
INFO - [G] 2025-08-24 16:03:16 :: INFO  :: TIMER :: [0004] Injected Rarity in 0.011 ms
INFO - [G] 2025-08-24 16:03:16 :: INFO  :: TIMER :: [0004] Injected ObjectType in 0.018 ms
INFO - [G] 2025-08-24 16:03:16 :: INFO  :: TIMER :: [0066] Injected Center in 0.286 ms
INFO - [G] 2025-08-24 16:03:16 :: INFO  :: TIMER :: [0007] Injected Undiscovered Sprite in 0.010 ms
INFO - [G] 2025-08-24 16:03:16 :: INFO  :: TIMER :: [0002] Injected Blind in 0.005 ms
INFO - [G] 2025-08-24 16:03:16 :: INFO  :: TIMER :: [0004] Injected Seal in 0.054 ms
INFO - [G] 2025-08-24 16:03:16 :: INFO  :: TIMER :: [0004] Injected Suit in 0.044 ms
INFO - [G] 2025-08-24 16:03:16 :: INFO  :: TIMER :: [0013] Injected Rank in 0.034 ms
INFO - [G] 2025-08-24 16:03:16 :: INFO  :: TIMER :: [0028] Injected DeckSkin in 0.100 ms
INFO - [G] 2025-08-24 16:03:16 :: INFO  :: TIMER :: [0012] Injected PokerHand in 0.030 ms
INFO - [G] 2025-08-24 16:03:16 :: INFO  :: TIMER :: [0020] Injected Challenge in 0.021 ms
INFO - [G] 2025-08-24 16:03:16 :: INFO  :: TIMER :: [0000] Injected Tag in 0.000 ms
INFO - [G] 2025-08-24 16:03:16 :: INFO  :: TIMER :: [0004] Injected Sticker in 0.045 ms
INFO - [G] 2025-08-24 16:03:16 :: INFO  :: TIMER :: [0000] Injected Shader in 0.000 ms
INFO - [G] 2025-08-24 16:03:16 :: INFO  :: TIMER :: [0002] Injected Keybind in 0.003 ms
INFO - [G] 2025-08-24 16:03:16 :: INFO  :: TIMER :: [0000] Injected Achievement in 0.024 ms
INFO - [G] 2025-08-24 16:03:16 :: INFO  :: TIMER :: [0002] Injected nil in 0.005 ms
INFO - [G] 2025-08-24 16:03:16 :: INFO  :: TIMER :: [0021] Injected Draw Step in 0.026 ms
INFO - [G] 2025-08-24 16:03:16 :: INFO  :: TIMER :: [0000] Injected [INTERNAL] in 2.929 ms
INFO - [G] LONG DT @ 43: 0.055934159107253
INFO - [G] LONG DT @ 481: 0.055075720118691
