INFO - [♥] Lovely 0.8.0
INFO - [♥] Game directory is at "C:\\Program Files (x86)\\Steam\\steamapps\\common\\Balatro"
INFO - [♥] Writing logs to "C:\\Users\\evan\\AppData\\Roaming\\Balatro\\Mods\\lovely\\log"
INFO - [♥] Using mod directory at "C:\\Users\\evan\\AppData\\Roaming\\Balatro\\Mods"
WARN - [♥] Unknown key `patches.1.?.match_indent` found in patch file at "C:\\Users\\evan\\AppData\\Roaming\\Balatro\\Mods\\Cartomancer\\lovely\\blinds-info.toml", ignoring it
WARN - [♥] Unknown key `patches.2.?.match_indent` found in patch file at "C:\\Users\\evan\\AppData\\Roaming\\Balatro\\Mods\\Cartomancer\\lovely\\stackable-deck-steamodded.toml", ignoring it
WARN - [♥] Unknown key `patches.4.?.match_indent` found in patch file at "C:\\Users\\evan\\AppData\\Roaming\\Balatro\\Mods\\Cartomancer\\lovely\\stackable-deck-steamodded.toml", ignoring it
WARN - [♥] Unknown key `patches.6.?.match_indent` found in patch file at "C:\\Users\\evan\\AppData\\Roaming\\Balatro\\Mods\\Cartomancer\\lovely\\stackable-deck-steamodded.toml", ignoring it
WARN - [♥] Unknown key `patches.1.?.match_indent` found in patch file at "C:\\Users\\evan\\AppData\\Roaming\\Balatro\\Mods\\HandyBalatro\\lovely\\controls_misc.toml", ignoring it
WARN - [♥] Unknown key `patches.1.?.overwrite` found in patch file at "C:\\Users\\evan\\AppData\\Roaming\\Balatro\\Mods\\HandyBalatro\\lovely\\controls_misc.toml", ignoring it
WARN - [♥] Unknown key `patches.0.?.overwrite` found in patch file at "C:\\Users\\evan\\AppData\\Roaming\\Balatro\\Mods\\HandyBalatro\\lovely\\controls_show_deck_preview.toml", ignoring it
WARN - [♥] Unknown key `patches.0.?.match_indent` found in patch file at "C:\\Users\\evan\\AppData\\Roaming\\Balatro\\Mods\\Steamodded\\lovely\\scoring_calculation.toml", ignoring it
INFO - [♥] Cleaning up dumps directory at "C:\\Users\\evan\\AppData\\Roaming\\Balatro\\Mods\\lovely\\dump"
INFO - [♥] Initialization complete in 102ms
INFO - [♥] Applied 1 patch to 'conf.lua'
WARN - [♥] Pattern 'G.ARGS.score_intensity.organ = G.video_organ or G.ARGS.score_intensity.required_score > 0 and math.max(math.min(0.4, 0.1*math.log(G.ARGS.score_intensity.earned_score/(G.ARGS.score_intensity.required_score+1), 5)),0.) or 0' on target 'main.lua' for pattern patch from Talisman\lovely.toml resulted in no matches
WARN - [♥] Pattern 'if type(G.GAME.current_round.current_hand.chips) ~= \'number\' or type(G.GAME.current_round.current_hand.mult) ~= \'number\' then' on target 'main.lua' for pattern patch from Talisman\lovely.toml resulted in no matches
WARN - [♥] Pattern 'assert(load(nfs.read(Saturn.PATH .. \"/core/logic/hide_played.lua\")))()' on target 'main.lua' for pattern patch from Cartomancer\lovely\saturn-compat.toml resulted in no matches
WARN - [♥] Pattern 'modded and {' on target 'main.lua' for pattern patch from Cartomancer\lovely\stackable-deck-steamodded-0.9.8.toml resulted in no matches
INFO - [♥] Applied 19 patches to 'main.lua'
INFO - [♥] Applied 2 patches to 'engine/string_packer.lua'
INFO - [♥] Applied 18 patches to 'engine/controller.lua'
INFO - [♥] Applied 18 patches to 'back.lua'
INFO - [♥] Applied 8 patches to 'tag.lua'
INFO - [♥] Applied 2 patches to 'engine/event.lua'
INFO - [♥] Applied 3 patches to 'engine/node.lua'
INFO - [♥] Applied 3 patches to 'engine/moveable.lua'
INFO - [♥] Applied 5 patches to 'engine/sprite.lua'
INFO - [♥] Applied 2 patches to 'engine/animatedsprite.lua'
WARN - [♥] Pattern 'assembled_string = assembled_string..(type(subpart) == \'string\' and subpart or args.vars[tonumber(subpart[1])])' on target 'functions/misc_functions.lua' for pattern patch from BetmmaMods\lovely\lovely.toml resulted in no matches
WARN - [♥] Pattern 'assembled_string = assembled_string..(type(subpart) == \'string\' and subpart or args.vars[tonumber(subpart[1])] or \'ERROR\')' on target 'functions/misc_functions.lua' for pattern patch from Talisman\lovely.toml resulted in no matches
WARN - [♥] Pattern 'G.ARGS.score_intensity.earned_score = G.GAME.current_round.current_hand.chips*G.GAME.current_round.current_hand.mult\n' on target 'functions/misc_functions.lua' for pattern patch from Talisman\lovely.toml resulted in no matches
WARN - [♥] Pattern 'local four_fingers = next(find_joker(\'Four Fingers\'))' on target 'functions/misc_functions.lua' for pattern patch from Bakery\lovely.toml resulted in no matches
INFO - [♥] Applied 92 patches to 'functions/misc_functions.lua'
WARN - [♥] Pattern 'for k, v in pairs(self.MOVEABLES) do' on target 'game.lua' for pattern patch from Aikoyori'sShenanigans\lovely\cardarea.toml resulted in 2 matches, wanted 1
WARN - [♥] Ignoring excess matches
WARN - [♥] Pattern '                if _ch.restrictions.banned_other then\n                    for k, v in ipairs(_ch.restrictions.banned_other) do\n                        G.GAME.banned_keys[v.id] = true\n                    end\n                end\n            end' on target 'game.lua' for pattern patch from Aikoyori'sShenanigans\lovely\challenges.toml resulted in no matches
WARN - [♥] Pattern '        if G.GAME.chips - G.GAME.blind.chips >= 0 or G.GAME.current_round.hands_left < 1 then\n            G.STATE = G.STATES.NEW_ROUND\n\n        else\n            G.STATE = G.STATES.DRAW_TO_HAND\n        end' on target 'game.lua' for pattern patch from Aikoyori'sShenanigans\lovely\talisman-fixes.toml resulted in no matches
WARN - [♥] Pattern '        if G.GAME.chips - G.GAME.blind.chips >= 0 or G.GAME.current_round.hands_left < 1 then\n            G.STATE = G.STATES.NEW_ROUND\n\n        else\n            G.STATE = G.STATES.DRAW_TO_HAND\n        end' on target 'game.lua' for pattern patch from Aikoyori'sShenanigans\lovely\talisman-fixes.toml resulted in no matches
INFO - [♥] Applied 116 patches to 'game.lua'
INFO - [♥] Applied 2 patches to 'globals.lua'
WARN - [♥] Pattern 'self.config.chosen = true' on target 'engine/ui.lua' for pattern patch from Cartomancer\lovely\vanilla-ui.toml resulted in no matches
INFO - [♥] Applied 11 patches to 'engine/ui.lua'
WARN - [♥] Pattern 'local challenge = G.CHALLENGES[args._id] or Entropy.GetDailyChallenge()' on target 'functions/UI_definitions.lua' for pattern patch from Aikoyori'sShenanigans\lovely\challenges.toml resulted in no matches
WARN - [♥] Pattern '              timer_type = \'TOTAL\',\n              timer = 5,\n              scale = 2.4*(args.backdrop_scale or 1), \n              lifespan = 5,\n              speed = 0,,' on target 'functions/UI_definitions.lua' for pattern patch from Aikoyori'sShenanigans\lovely\ui.toml resulted in no matches
WARN - [♥] Pattern '{n=G.UIT.T, config={text = G.GAME.hands[handname].chips, scale = 0.45, colour = G.C.UI.TEXT_LIGHT}},' on target 'functions/UI_definitions.lua' for pattern patch from Talisman\lovely.toml resulted in no matches
WARN - [♥] Pattern '{n=G.UIT.T, config={text = G.GAME.hands[handname].mult, scale = 0.45, colour = G.C.UI.TEXT_LIGHT}}' on target 'functions/UI_definitions.lua' for pattern patch from Talisman\lovely.toml resulted in no matches
WARN - [♥] Regex 'local t2 = ' on target 'functions/UI_definitions.lua' for regex patch from Bakery\lovely.toml resulted in 2 matches, wanted 1
WARN - [♥] Ignoring excess matches
WARN - [♥] Pattern ' _reward and {n=G.UIT.R, config={align = \"cm\"}, nodes={\n    {n=G.UIT.T, config={text = localize(\'ph_blind_reward\'), scale = 0.35, colour = disabled and G.C.UI.TEXT_INACTIVE or G.C.WHITE, shadow = not disabled}},\n    {n=G.UIT.T, config={text = string.rep(localize(\"$\"), blind_choice.config.dollars)..\'+\', scale = 0.35, colour = disabled and G.C.UI.TEXT_INACTIVE or G.C.MONEY, shadow = not disabled}}\n}} or nil,\n' on target 'functions/UI_definitions.lua' for pattern patch from All-In-Jest\lovely\lovely.toml resulted in no matches
INFO - [♥] Applied 194 patches to 'functions/UI_definitions.lua'
WARN - [♥] Pattern 'if effects[ii].card then' on target 'functions/state_events.lua' for pattern patch from HandyBalatro\lovely\controls_animation_skip.toml resulted in no matches
WARN - [♥] Pattern 'if hand_chips*mult > 0 then' on target 'functions/state_events.lua' for pattern patch from HandyBalatro\lovely\controls_scoring_hold.toml resulted in no matches
WARN - [♥] Pattern '                        if G.GAME.blind_on_deck == \'Small\' then\n                            G.GAME.round_resets.blind_states.Small = \'Defeated\'' on target 'functions/state_events.lua' for pattern patch from Aikoyori'sShenanigans\lovely\blinds.toml resulted in no matches
WARN - [♥] Pattern 'elseif config.name == \'interest\' then\n    table.insert(left_text, {n=G.UIT.T, config={text = num_dollars, scale = 0.8*scale, colour = G.C.MONEY, shadow = true, juice = true}})\n    table.insert(left_text,{n=G.UIT.O, config={object = DynaText({string = {\" \"..localize{type = \'variable\', key = \'interest\', vars = {G.GAME.interest_amount, 5, G.GAME.interest_amount*G.GAME.interest_cap/5}}}, colours = {G.C.UI.TEXT_LIGHT}, shadow = true, pop_in = 0, scale = 0.4*scale, silent = true})}})\nend\n' on target 'functions/state_events.lua' for pattern patch from Kino\lovely\current.toml resulted in no matches
WARN - [♥] Pattern 'if hand_chips*mult > 0 then' on target 'functions/state_events.lua' for pattern patch from Talisman\lovely.toml resulted in no matches
WARN - [♥] Pattern 'if effects[ii].card then' on target 'functions/state_events.lua' for pattern patch from Talisman\lovely.toml resulted in no matches
WARN - [♥] Pattern 'if effects.jokers.Xmult_mod then mult = mod_mult(mult*effects.jokers.Xmult_mod);extras.mult = true  end' on target 'functions/state_events.lua' for pattern patch from Talisman\lovely.toml resulted in no matches
WARN - [♥] Pattern 'if effect.Xmult_mod then mult = mod_mult(mult*effect.Xmult_mod);extras.mult = true  end' on target 'functions/state_events.lua' for pattern patch from Talisman\lovely.toml resulted in no matches
WARN - [♥] Pattern 'if effects[ii].message then' on target 'functions/state_events.lua' for pattern patch from Talisman\lovely.toml resulted in no matches
WARN - [♥] Pattern '--calculate the card edition effects' on target 'functions/state_events.lua' for pattern patch from Talisman\lovely.toml resulted in no matches
WARN - [♥] Pattern 'if effects[ii].edition.p_dollars_mod then' on target 'functions/state_events.lua' for pattern patch from Talisman\lovely.toml resulted in no matches
WARN - [♥] Pattern 'if edition_effects.jokers.x_mult_mod then' on target 'functions/state_events.lua' for pattern patch from Talisman\lovely.toml resulted in no matches
WARN - [♥] Regex '(?<indent>[\t ]*)else\\s*\\n[\\t ]*mult\\s*=\\s*mod_mult\\(\\s*0\\s*\\)\\s*\\n[\\t ]*hand_chips\\s*=\\s*mod_chips\\(\\s*0\\s*\\)\\s*' on target 'functions/state_events.lua' for regex patch from Kino\lovely\current.toml resulted in no matches
WARN - [♥] Regex '([^)p])/(5)' on target 'functions/state_events.lua' for regex patch from Bakery\lovely.toml resulted in 3 matches, wanted 7
WARN - [♥] Pattern 'dollars = dollars + G.GAME.interest_amount*math.min(math.floor(G.GAME.dollars/5), G.GAME.interest_cap/5)' on target 'functions/state_events.lua' for pattern patch from All-In-Jest\lovely\lovely.toml resulted in no matches
INFO - [♥] Applied 108 patches to 'functions/state_events.lua'
WARN - [♥] Pattern 'func = (function() if eval_func(card) then if not first or first then card:juice_up(0.1, 0.1) end;juice_card_until(card, eval_func, nil, 0.8) end return true end)' on target 'functions/common_events.lua' for pattern patch from HandyBalatro\lovely\controls_animation_skip.toml resulted in no matches
WARN - [♥] Pattern 'func = (function() if eval_func(card) then if not first or first then card:juice_up(0.1, 0.1) end;juice_card_until(card, eval_func, nil, 0.8) end return true end)' on target 'functions/common_events.lua' for pattern patch from HandyBalatro\lovely\controls_animation_skip.toml resulted in no matches
WARN - [♥] Pattern '            G.E_MANAGER:add_event(Event({ --Add bonus chips from this card\n                    trigger = \'before\',\n                    delay = delay,\n                    func = function()\n                    if extrafunc then extrafunc() end\n                    attention_text({\n                        text = text,\n                        scale = config.scale or 1, \n                        hold = delay - 0.2,\n                        backdrop_colour = colour,\n                        align = card_aligned,\n                        major = card,\n                        offset = {x = 0, y = y_off}\n                    })\n                    play_sound(sound, 0.8+percent*0.2, volume)\n                    if not extra or not extra.no_juice then\n                        card:juice_up(0.6, 0.1)\n                        G.ROOM.jiggle = G.ROOM.jiggle + 0.7\n                    end\n                    return true\n                    end\n            }))' on target 'functions/common_events.lua' for pattern patch from Aikoyori'sShenanigans\lovely\cardalignment.toml resulted in no matches
WARN - [♥] Pattern 'if not v.config.softlock then\n    softlocked = softlocked' on target 'functions/common_events.lua' for pattern patch from Aikoyori'sShenanigans\lovely\planets.toml resulted in no matches
WARN - [♥] Pattern 'G.GAME.hands[hand].chips = math.max(G.GAME.hands[hand].s_chips + G.GAME.hands[hand].l_chips*(G.GAME.hands[hand].level - 1), 0)' on target 'functions/common_events.lua' for pattern patch from Azazel'sJokers\lovely\patcher.toml resulted in no matches
WARN - [♥] Pattern 'if chip > 0 then' on target 'functions/common_events.lua' for pattern patch from BetmmaMods\lovely\lovely.toml resulted in no matches
WARN - [♥] Pattern 'if mult > 0 then' on target 'functions/common_events.lua' for pattern patch from BetmmaMods\lovely\lovely.toml resulted in no matches
WARN - [♥] Pattern 'if p_dollars > 0 then' on target 'functions/common_events.lua' for pattern patch from BetmmaMods\lovely\lovely.toml resulted in no matches
WARN - [♥] Pattern 'G.GAME.hands[hand].chips = math.max(G.GAME.hands[hand].s_chips + G.GAME.hands[hand].l_chips*(G.GAME.hands[hand].level - 1), 0)' on target 'functions/common_events.lua' for pattern patch from Kino\lovely\current.toml resulted in no matches
WARN - [♥] Pattern 'elseif _c.effect == \'Lucky Card\' then loc_vars = {G.GAME.probabilities.normal, cfg.mult, 5, cfg.p_dollars, 15}' on target 'functions/common_events.lua' for pattern patch from Kino\lovely\current.toml resulted in no matches
WARN - [♥] Pattern '    for _, v in ipairs(info_queue) do\n        generate_card_ui(v, full_UI_table)\n    end\n' on target 'functions/common_events.lua' for pattern patch from Kino\lovely\current.toml resulted in no matches
WARN - [♥] Pattern 'if num_dollars > 60 then' on target 'functions/common_events.lua' for pattern patch from Talisman\lovely.toml resulted in no matches
WARN - [♥] Pattern 'func = (function() card:juice_up(0.7);return true end)' on target 'functions/common_events.lua' for pattern patch from Talisman\lovely.toml resulted in no matches
WARN - [♥] Pattern 'if card then card:juice_up(0.8, 0.5) end' on target 'functions/common_events.lua' for pattern patch from Talisman\lovely.toml resulted in no matches
WARN - [♥] Pattern 'card:juice_up(0.6, 0.1)' on target 'functions/common_events.lua' for pattern patch from Talisman\lovely.toml resulted in no matches
WARN - [♥] Pattern 'func = (function() if eval_func(card) then if not first or first then card:juice_up(0.1, 0.1) end;juice_card_until(card, eval_func, nil, 0.8) end return true end)' on target 'functions/common_events.lua' for pattern patch from Talisman\lovely.toml resulted in no matches
WARN - [♥] Pattern 'func = (function() if eval_func(card) then if not first or first then card:juice_up(0.1, 0.1) end;juice_card_until(card, eval_func, nil, 0.8) end return true end)' on target 'functions/common_events.lua' for pattern patch from Talisman\lovely.toml resulted in no matches
WARN - [♥] Pattern 'if amt > 0 or amt < 0 then' on target 'functions/common_events.lua' for pattern patch from Talisman\lovely.toml resulted in no matches
WARN - [♥] Pattern '    if amt > 0 or amt < 0 then' on target 'functions/common_events.lua' for pattern patch from Aikoyori'sShenanigans\lovely\talisman-fixes.toml resulted in no matches
WARN - [♥] Pattern 'info_queue[#info_queue+1] = {key = \'e_\'..v, set = \'Edition\', config = {extra = G.P_CENTERS[\'e_negative\'].config.card_limit}}' on target 'functions/common_events.lua' for pattern patch from All-In-Jest\lovely\lovely.toml resulted in no matches
WARN - [♥] Pattern 'G.GAME.hands[hand].chips = math.max(G.GAME.hands[hand].s_chips + G.GAME.hands[hand].l_chips*(G.GAME.hands[hand].level - 1), 0)\n' on target 'functions/common_events.lua' for pattern patch from All-In-Jest\lovely\lovely.toml resulted in no matches
WARN - [♥] Pattern 'G.GAME.hands[hand].mult = math.max(G.GAME.hands[hand].s_mult + G.GAME.hands[hand].l_mult*(G.GAME.hands[hand].level - 1), 1)\n' on target 'functions/common_events.lua' for pattern patch from All-In-Jest\lovely\lovely.toml resulted in no matches
INFO - [♥] Applied 208 patches to 'functions/common_events.lua'
WARN - [♥] Pattern '    if #G.hand.highlighted <= 0 or G.GAME.blind.block_play or #G.hand.highlighted > 5 then ' on target 'functions/button_callbacks.lua' for pattern patch from Aikoyori'sShenanigans\lovely\selectionlimit.toml resulted in no matches
WARN - [♥] Pattern 'if #G.hand.highlighted <= 0 or G.GAME.blind.block_play or #G.hand.highlighted > 5 then' on target 'functions/button_callbacks.lua' for pattern patch from CardSleeves\lovely\expected_to_fail.toml resulted in no matches
INFO - [♥] Applied 90 patches to 'functions/button_callbacks.lua'
WARN - [♥] Regex 'localize\\(\'k_upgrade_ex\'\\)\\}\\); return true\n[ \\t]*end\\}\\)\\)\n[ \\t]*end\n(?<indent>[ \\t]*)return' on target 'card.lua' for regex patch from Steamodded\lovely\joker_retriggers.toml resulted in no matches
WARN - [♥] Regex '[ \\t]*G\\.C\\.MULT\\}\\)\n[ \\t]*return true\n[ \\t]*end\\)\\}\\)\\)\n(?<indent>[ \\t]*)end' on target 'card.lua' for regex patch from Steamodded\lovely\joker_retriggers.toml resulted in no matches
WARN - [♥] Regex '[ \\t]*func = function\\(\\) card_eval_status_text\\(self, \'extra\', nil, nil, nil, \\{message = localize\\{type = \'variable\', key = \'a_xmult\', vars = \\{self\\.ability\\.caino_xmult\\}\\}\\}\\); return true\n(?<indent>[ \\t]*)end\\}\\)\\)' on target 'card.lua' for regex patch from Steamodded\lovely\joker_retriggers.toml resulted in no matches
WARN - [♥] Regex 'glass_cards\\}\\}\\}\\)\n[ \\t]*return true\n[ \\t]*end\n(?<indent>[ \\t]*)\\}\\)\\)' on target 'card.lua' for regex patch from Steamodded\lovely\joker_retriggers.toml resulted in no matches
WARN - [♥] Pattern 'if self.ability.x_mult <= 1 then return 0 end' on target 'card.lua' for pattern patch from BetmmaMods\lovely\lovely.toml resulted in no matches
WARN - [♥] Pattern 'if pseudorandom(\'lucky_money\') < G.GAME.probabilities.normal/15 then' on target 'card.lua' for pattern patch from Kino\lovely\current.toml resulted in no matches
WARN - [♥] Pattern 'if pseudorandom(\'lucky_mult\') < G.GAME.probabilities.normal/5 then' on target 'card.lua' for pattern patch from Kino\lovely\current.toml resulted in no matches
WARN - [♥] Pattern 'G.E_MANAGER:add_event(Event({func = (function() G.GAME.dollar_buffer = 0; return true end)}))' on target 'card.lua' for pattern patch from Talisman\lovely.toml resulted in no matches
WARN - [♥] Pattern 'if G.GAME.blind then G.E_MANAGER:add_event(Event({ func = function() G.GAME.blind:set_blind(nil, true, nil); return true end })) end' on target 'card.lua' for pattern patch from Talisman\lovely.toml resulted in no matches
WARN - [♥] Pattern 'x_mult = center.config.Xmult or 1,' on target 'card.lua' for pattern patch from Talisman\lovely.toml resulted in no matches
WARN - [♥] Regex 'self.params.viewed_back and G.GAME.viewed_back or G.GAME.selected_back' on target 'card.lua' for regex patch from CardSleeves\lovely\expected_to_fail.toml resulted in no matches
WARN - [♥] Pattern 'G.GAME.pack_choices = self.ability.choose or self.config.center.config.choose or 1' on target 'card.lua' for pattern patch from All-In-Jest\lovely\lovely.toml resulted in no matches
WARN - [♥] Pattern 'local _size = self.ability.extra' on target 'card.lua' for pattern patch from All-In-Jest\lovely\lovely.toml resulted in no matches
WARN - [♥] Pattern 'if self.ability.effect == \"Lucky Card\" then\n        if SMODS.pseudorandom_probability(self, \'lucky_mult\', 1, 5) then\n            self.lucky_trigger = true\n            ret = ret + self.ability.mult\n        end\n    else\n' on target 'card.lua' for pattern patch from All-In-Jest\lovely\lovely.toml resulted in no matches
INFO - [♥] Applied 287 patches to 'card.lua'
WARN - [♥] Pattern '{n=G.UIT.T, config={ref_table = self.config, ref_value = \'card_limit\', scale = 0.3, colour = G.C.WHITE}},' on target 'cardarea.lua' for pattern patch from BetmmaMods\lovely\lovely.toml resulted in no matches
WARN - [♥] Pattern 'local card_count = self ~= G.shop_vouchers and {n=G.UIT.R, config={align = self == G.jokers and \'cl\' or self == G.hand and \'cm\' or \'cr\', padding = 0.03, no_fill = true}, nodes={\n    {n=G.UIT.B, config={w = 0.1,h=0.1}},\n    {n=G.UIT.T, config={ref_table = self.config, ref_value = \'card_count\', scale = 0.3, colour = G.C.WHITE}},\n    {n=G.UIT.T, config={text = \'/\', scale = 0.3, colour = G.C.WHITE}},\n    {n=G.UIT.T, config={ref_table = self.config, ref_value = \'card_limit\', scale = 0.3, colour = G.C.WHITE}},\n    {n=G.UIT.B, config={w = 0.1,h=0.1}}\n}} or nil\n' on target 'cardarea.lua' for pattern patch from Kino\lovely\current.toml resulted in no matches
WARN - [♥] Regex 'ref_value = \'card_limit\',' on target 'cardarea.lua' for regex patch from Bakery\lovely.toml resulted in no matches
INFO - [♥] Applied 37 patches to 'cardarea.lua'
INFO - [♥] Applied 47 patches to 'blind.lua'
INFO - [♥] Applied 10 patches to 'card_character.lua'
INFO - [♥] Applied 1 patch to 'engine/particles.lua'
INFO - [♥] Applied 15 patches to 'engine/text.lua'
WARN - [♥] Regex '= amount > 0' on target '=[SMODS _ "src/utils.lua"]' for regex patch from Talisman\lovely.toml resulted in no matches
INFO - [♥] Applied 9 patches to '=[SMODS _ "src/utils.lua"]'
WARN - [♥] Pattern 'card_limit = #SUITS[suit_map[j]],' on target '=[SMODS _ "src/overrides.lua"]' for pattern patch from Cartomancer\lovely\stackable-deck-steamodded.toml resulted in no matches
WARN - [♥] Pattern 'card_limit = #SUITS[visible_suit[j]],' on target '=[SMODS _ "src/overrides.lua"]' for pattern patch from Cartomancer\lovely\stackable-deck-steamodded.toml resulted in no matches
WARN - [♥] Regex '\t\t\tfor i = 1\\, \\#SUITS\\[suit_map\\[j\\]\\] do\n\t\t\t\tif SUITS\\[suit_map\\[j\\]\\]\\[i\\] then\n\t\t\t\t\tlocal greyed\\, _scale = nil\\, 0\\.7\n\t\t\t\t\tif unplayed_only and not \\(\\(SUITS\\[suit_map\\[j\\]\\]\\[i\\]\\.area and SUITS\\[suit_map\\[j\\]\\]\\[i\\]\\.area == G\\.deck\\) or SUITS\\[suit_map\\[j\\]\\]\\[i\\]\\.ability\\.wheel_flipped\\) then\n\t\t\t\t\t\tgreyed = true\n\t\t\t\t\tend\n\t\t\t\t\tlocal copy = copy_card\\(SUITS\\[suit_map\\[j\\]\\]\\[i\\]\\, nil\\, _scale[^\\)\\n]*\\)\n\t\t\t\t\tcopy\\.greyed = greyed\n\t\t\t\t\tcopy\\.T\\.x = view_deck\\.T\\.x \\+ view_deck\\.T\\.w \\/ 2\n\t\t\t\t\tcopy\\.T\\.y = view_deck\\.T\\.y\n\n\t\t\t\t\tcopy:hard_set_T\\(\\)\n\t\t\t\t\tview_deck:emplace\\(copy\\)\n\t\t\t\tend\n\t\t\tend' on target '=[SMODS _ "src/overrides.lua"]' for regex patch from Cartomancer\lovely\stackable-deck-steamodded.toml resulted in no matches
INFO - [♥] Applied 10 patches to '=[SMODS _ "src/overrides.lua"]'
WARN - [♥] Pattern '            if specific_vars and specific_vars.bonus_h_dollars then\n                localize{type = \'other\', key = \'card_extra_h_dollars\', nodes = desc_nodes, vars = {SMODS.signed_dollars(specific_vars.bonus_h_dollars)}}\n            end' on target '=[SMODS _ "src/game_object.lua"]' for pattern patch from Aikoyori'sShenanigans\lovely\scoring.toml resulted in no matches
INFO - [♥] Applied 6 patches to '=[SMODS _ "src/game_object.lua"]'
INFO - [G] Failed to connect to the debug server 
INFO - [G] 2025-09-14 19:39:36 :: DEBUG :: DebugConsole :: Steamodded Debug Socket started ! 
INFO - [G] 2025-09-14 19:39:36 :: INFO  :: SMODS :: Steamodded v1.0.0~BETA-0827c 
INFO - [G] Order not set for config dictionary: speed_multiplier_default_value 
INFO - [G] Order not set for config dictionary: animation_skip_default_value 
INFO - [♥] Applied 9 patches to 'engine/sound_manager.lua'
INFO - [♥] Applied 3 patches to 'engine/save_manager.lua'
INFO - [♥] Applied 2 patches to 'engine/string_packer.lua'
WARN - [♥] Pattern 'if not self.no_shadow and G.SETTINGS.GRAPHICS.shadows == \'On\' and((layer == \'shadow\' or layer == \'both\') and (self.ability.effect ~= \'Glass Card\' and not self.greyed) and ((self.area and self.area ~= G.discard and self.area.config.type ~= \'deck\') or not self.area or self.states.drag.is)) then' on target '=[SMODS _ "src/card_draw.lua"]' for pattern patch from BetmmaMods\lovely\shader.toml resulted in no matches
INFO - [♥] Applied 8 patches to '=[SMODS _ "src/card_draw.lua"]'
INFO - [G] 2025-09-14 19:39:37 :: INFO  :: Loader :: Valid JSON file found 
INFO - [G] 2025-09-14 19:39:37 :: TRACE :: Loader :: Processing Mod file (Legacy header): main.lua 
INFO - [G] 2025-09-14 19:39:37 :: WARN  :: Loader :: Duplicate Mod ID: bb 
INFO - [G] 2025-09-14 19:39:37 :: INFO  :: Loader :: Valid JSON file found 
INFO - [G] 2025-09-14 19:39:37 :: TRACE :: Loader :: Processing Mod file (Legacy header): main.lua 
INFO - [G] 2025-09-14 19:39:37 :: TRACE :: Loader :: Saving Mod Info: Amys_Waifus 
INFO - [G] 2025-09-14 19:39:37 :: INFO  :: Loader :: Valid JSON file found 
INFO - [G] 2025-09-14 19:39:37 :: ERROR :: Loader :: Found invalid metadata JSON file at C:\Users\evan\AppData\Roaming\Balatro\Mods/Aikoyori'sShenanigans/.luarc.json, ignoring: [SMODS _ "src/loader.lua"]:226: id 
INFO - [G] 2025-09-14 19:39:37 :: ERROR :: Loader :: Found invalid metadata JSON file at C:\Users\evan\AppData\Roaming\Balatro\Mods/Aikoyori'sShenanigans/.vscode/settings.json, ignoring: [SMODS _ "src/loader.lua"]:226: id 
INFO - [G] 2025-09-14 19:39:37 :: INFO  :: Loader :: Valid JSON file found 
INFO - [G] 2025-09-14 19:39:37 :: INFO  :: Loader :: Valid JSON file found 
INFO - [G] 2025-09-14 19:39:37 :: INFO  :: Loader :: Valid JSON file found 
INFO - [G] 2025-09-14 19:39:37 :: INFO  :: Loader :: Valid JSON file found 
INFO - [G] 2025-09-14 19:39:37 :: TRACE :: Loader :: Processing Mod file (Legacy header): Azazel.lua 
INFO - [G] 2025-09-14 19:39:37 :: TRACE :: Loader :: Saving Mod Info: AzzysJokers 
INFO - [G] 2025-09-14 19:39:37 :: TRACE :: Loader :: Processing Mod file (Legacy header): BadAppleJoker.lua 
INFO - [G] 2025-09-14 19:39:37 :: TRACE :: Loader :: Saving Mod Info: BadApple 
INFO - [G] 2025-09-14 19:39:37 :: INFO  :: Loader :: Valid JSON file found 
INFO - [G] 2025-09-14 19:39:37 :: INFO  :: Loader :: Valid JSON file found 
INFO - [G] 2025-09-14 19:39:37 :: TRACE :: Loader :: Processing Mod file (Legacy header): balagay.lua 
INFO - [G] 2025-09-14 19:39:37 :: TRACE :: Loader :: Saving Mod Info: balagay 
INFO - [G] 2025-09-14 19:39:37 :: INFO  :: Loader :: Valid JSON file found 
INFO - [G] 2025-09-14 19:39:37 :: TRACE :: Loader :: Processing Mod file (Legacy header): RatatinGamingDeck.lua 
INFO - [G] 2025-09-14 19:39:37 :: TRACE :: Loader :: Saving Mod Info: RatatinGamingDeck 
INFO - [G] 2025-09-14 19:39:37 :: INFO  :: Loader :: Valid JSON file found 
INFO - [G] 2025-09-14 19:39:37 :: INFO  :: Loader :: Valid JSON file found 
INFO - [G] 2025-09-14 19:39:37 :: INFO  :: Loader :: Valid JSON file found 
INFO - [G] 2025-09-14 19:39:37 :: TRACE :: Loader :: Processing Mod file (Legacy header): 5_legendary_challenges.lua 
INFO - [G] 2025-09-14 19:39:37 :: TRACE :: Loader :: Saving Mod Info: legendaryChallenges 
INFO - [G] 2025-09-14 19:39:37 :: TRACE :: Loader :: Processing Mod file (Legacy header): Betmma_Abilities.lua 
INFO - [G] 2025-09-14 19:39:37 :: TRACE :: Loader :: Saving Mod Info: BetmmaAbilities 
INFO - [G] 2025-09-14 19:39:37 :: TRACE :: Loader :: Processing Mod file (Legacy header): Betmma_Jokers.lua 
INFO - [G] 2025-09-14 19:39:37 :: TRACE :: Loader :: Saving Mod Info: BetmmaJokers 
INFO - [G] 2025-09-14 19:39:37 :: TRACE :: Loader :: Processing Mod file (Legacy header): Betmma_Spells.lua 
INFO - [G] 2025-09-14 19:39:37 :: TRACE :: Loader :: Saving Mod Info: BetmmaSpells 
INFO - [G] 2025-09-14 19:39:37 :: TRACE :: Loader :: Processing Mod file (Legacy header): Betmma_Voucher_Pack.lua 
INFO - [G] 2025-09-14 19:39:37 :: TRACE :: Loader :: Saving Mod Info: BetmmaVoucherPack 
INFO - [G] 2025-09-14 19:39:37 :: TRACE :: Loader :: Processing Mod file (Legacy header): Betmma_Vouchers.lua 
INFO - [G] 2025-09-14 19:39:37 :: TRACE :: Loader :: Saving Mod Info: BetmmaVouchers 
INFO - [G] 2025-09-14 19:39:37 :: TRACE :: Loader :: Processing Mod file (Legacy header): better_vouchers_this_run_ui.lua 
INFO - [G] 2025-09-14 19:39:37 :: TRACE :: Loader :: Saving Mod Info: BetterVouchersThisRunUI 
INFO - [G] 2025-09-14 19:39:37 :: INFO  :: Loader :: Valid JSON file found 
INFO - [G] 2025-09-14 19:39:37 :: TRACE :: Loader :: Processing Mod file (Legacy header): mod.lua 
INFO - [G] 2025-09-14 19:39:37 :: TRACE :: Loader :: Saving Mod Info: cartomancer 
INFO - [G] 2025-09-14 19:39:37 :: INFO  :: Loader :: Valid JSON file found 
INFO - [G] 2025-09-14 19:39:37 :: INFO  :: Loader :: Valid JSON file found 
INFO - [G] 2025-09-14 19:39:37 :: TRACE :: Loader :: Processing Mod file (Legacy header): steamodded.lua 
INFO - [G] 2025-09-14 19:39:37 :: WARN  :: Loader :: Duplicate Mod ID: Handy 
INFO - [G] 2025-09-14 19:39:37 :: INFO  :: Loader :: Valid JSON file found 
INFO - [G] 2025-09-14 19:39:37 :: INFO  :: Loader :: Valid JSON file found 
INFO - [G] 2025-09-14 19:39:37 :: TRACE :: Loader :: Processing Mod file (Legacy header): MoreSpeeds.lua 
INFO - [G] 2025-09-14 19:39:37 :: TRACE :: Loader :: Saving Mod Info: MoreSpeed 
INFO - [G] 2025-09-14 19:39:37 :: ERROR :: Loader :: Found invalid metadata JSON file at C:\Users\evan\AppData\Roaming\Balatro\Mods/Steamopollys-MoreSpeed-0.8.2/manifest.json, ignoring: [SMODS _ "src/loader.lua"]:226: id 
INFO - [G] 2025-09-14 19:39:37 :: TRACE :: Loader :: Processing Mod file (Legacy header): steamodded_metadata.lua 
INFO - [G] 2025-09-14 19:39:37 :: TRACE :: Loader :: Saving Mod Info: Talisman 
INFO - [G] 2025-09-14 19:39:37 :: INFO  :: Loader :: Valid JSON file found 
INFO - [G] 2025-09-14 19:39:37 :: TRACE :: Loader :: Processing Mod file (Legacy header): Extras.lua 
INFO - [G] 2025-09-14 19:39:37 :: TRACE :: Loader :: Saving Mod Info: BalatroDarkMode 
INFO - [G] 2025-09-14 19:39:37 :: TRACE :: Loader :: Processing Mod file (Legacy header): main.lua 
INFO - [G] 2025-09-14 19:39:37 :: TRACE :: Loader :: Saving Mod Info: darktextures 
INFO - [G] 2025-09-14 19:39:37 :: DEBUG :: SMODS.https :: Using https module backend 
INFO - [G] 2025-09-14 19:39:37 :: WARN  :: Atlas :: Detected duplicate register call on object shit_CustomJokers 
INFO - [G] 2025-09-14 19:39:37 :: WARN  :: Atlas :: Detected duplicate register call on object shit_CustomConsumables 
INFO - [G] 2025-09-14 19:39:37 :: WARN  :: Atlas :: Detected duplicate register call on object shit_CustomEnhancements 
INFO - [G] 2025-09-14 19:39:37 :: WARN  :: Atlas :: Detected duplicate register call on object shit_CustomSeals 
INFO - [G] 2025-09-14 19:39:37 :: WARN  :: Atlas :: Detected duplicate register call on object shit_CustomBacks 
INFO - [G] 2025-09-14 19:39:37 :: WARN  :: Atlas :: Detected duplicate register call on object shit_CustomBoosters 
INFO - [G] 2025-09-14 19:39:37 :: WARN  :: Atlas :: Detected duplicate register call on object shit_CustomVouchers 
INFO - [G] 2025-09-14 19:39:37 :: WARN  :: Atlas :: Detected duplicate register call on object shit_CustomStake 
INFO - [G] 2025-09-14 19:39:37 :: WARN  :: Atlas :: Detected duplicate register call on object shit_CustomTag 
INFO - [G] 2025-09-14 19:39:37 :: WARN  :: Atlas :: Detected duplicate register call on object shit_CustomSticker 
INFO - [G] 2025-09-14 19:39:37 :: WARN  :: Sound :: Object shit_shitpost_music has the same key as an existing object, not registering. 
INFO - [G] 2025-09-14 19:39:37 :: WARN  :: Sound :: If you want to modify an existing object, use take_ownership() 
INFO - [G] 2025-09-14 19:39:37 :: WARN  :: Sound :: Object shit_generic_music has the same key as an existing object, not registering. 
INFO - [G] 2025-09-14 19:39:37 :: WARN  :: Sound :: If you want to modify an existing object, use take_ownership() 
INFO - [G] 2025-09-14 19:39:37 :: WARN  :: Sound :: Object shit_ultrarot_music has the same key as an existing object, not registering. 
INFO - [G] 2025-09-14 19:39:37 :: WARN  :: Sound :: If you want to modify an existing object, use take_ownership() 
INFO - [G] 2025-09-14 19:39:37 :: WARN  :: Sound :: Object shit_music_menutest has the same key as an existing object, not registering. 
INFO - [G] 2025-09-14 19:39:37 :: WARN  :: Sound :: If you want to modify an existing object, use take_ownership() 
INFO - [G] Requesting Discord member count... 
INFO - [♥] Applied 0 patches to '=[SMODS _ "smods-https-thread.lua"]'
INFO - [G] 2025-09-14 19:39:37 :: INFO  :: CardSleeves :: CardSleeves v1.8.0 loaded~! 
INFO - [G] betmma config not found 
INFO - [G] 2025-09-14 19:39:37 :: DEBUG :: DefaultLogger :: Loaded BadAppleJoker~ 
INFO - [G] 2025-09-14 19:39:37 :: INFO  :: Bakery :: pairs() and ipairs() patched. Reason: Convenience 
INFO - [G] 2025-09-14 19:39:37 :: INFO  :: Bakery :: Blind:modify_hand(), update_hand_text(), and Back:trigger_effect() patched. Reason: Scoring tags 
INFO - [G] 2025-09-14 19:39:37 :: INFO  :: Bakery :: Object:__call() and Tag:load() patched. Reason: Rendering Poly Tag 
INFO - [G] 2025-09-14 19:39:37 :: INFO  :: Bakery :: Blind:defeat() and G.FUNCS.load_profile() patched. Reason: Unlock conditions 
INFO - [G] 2025-09-14 19:39:37 :: INFO  :: Bakery :: ease_dollars() patched. Reason: Credit Deck, Vagabond Challenge 
INFO - [G] 2025-09-14 19:39:37 :: INFO  :: Bakery :: Blind:press_play() patched. Reason: Credit Deck + Credit Sleeve 
INFO - [G] 2025-09-14 19:39:37 :: INFO  :: Bakery :: Card:draw() patched. Reason: Werewolf rendering 
INFO - [G] 2025-09-14 19:39:37 :: INFO  :: Bakery :: G.FUNCS.evaluate_round() patched. Reason: Spinner Animation 
INFO - [G] 2025-09-14 19:39:37 :: INFO  :: Bakery :: mod_mult(), mod_chips(), and G.FUNCS.evaluate_play() patched. Reason: Balanced Challenge 
INFO - [G] 2025-09-14 19:39:37 :: INFO  :: Bakery :: G.FUNCS.buy_from_shop() patched. Reason: Proxy 
INFO - [G] 2025-09-14 19:39:37 :: INFO  :: Bakery :: eval_card() patched. Reason: Penny Tag 
INFO - [G] 2025-09-14 19:39:37 :: INFO  :: Bakery :: SMODS.calculate_repetitions() patched. Reason: Up Tag 
INFO - [G] 2025-09-14 19:39:37 :: INFO  :: Bakery :: Card:set_sprites() patched. Reason: Spinner Loading 
INFO - [G] 2025-09-14 19:39:37 :: INFO  :: Bakery :: Game:start_run(), copy_card(), and Card:load() patched. Reason: Card Sleeve 
INFO - [G] 2025-09-14 19:39:37 :: INFO  :: Bakery :: G.UIDEF.use_and_sell_buttons() and Card:remove() patched. Reason: Usable jokers 
INFO - [G] 2025-09-14 19:39:37 :: INFO  :: Bakery :: Card:start_dissolve() patched. Reason: Glass Cannon shatters 
INFO - [G] 2025-09-14 19:39:37 :: INFO  :: Bakery :: SMODS.never_scores() patched. Reason: The Solo Boss Blind 
INFO - [G] 2025-09-14 19:39:37 :: INFO  :: Bakery :: Blind:set_blind() patched. Reason: Allow Charms to be debuffed 
INFO - [G] 2025-09-14 19:39:37 :: INFO  :: Bakery :: Card:set_sprites() patched. Reason: Charm Unlocking 
INFO - [G] 2025-09-14 19:39:37 :: INFO  :: Bakery :: set_screen_positions() and CardArea:can_highlight() patched. Reason: Charm rendering 
INFO - [G] 2025-09-14 19:39:37 :: INFO  :: Bakery :: G.FUNCS.can_discard() patched. Reason: Discarding zero cards 
INFO - [G] 2025-09-14 19:39:37 :: INFO  :: Bakery :: Game:update_draw_to_hand() patched. Reason: Discard zero Charms juice 
INFO - [G] 2025-09-14 19:39:37 :: DEBUG :: DefaultLogger :: Malverk found! Initializing Baldatro with malverk! 
INFO - [G] 2025-09-14 19:39:37 :: WARN  :: Spell :: The field `raw_key` on dark is deprecated.
Set `prefix_config.key = false` on your object instead. 
INFO - [G] 2025-09-14 19:39:37 :: WARN  :: Spell :: The field `raw_key` on light is deprecated.
Set `prefix_config.key = false` on your object instead. 
INFO - [G] 2025-09-14 19:39:37 :: WARN  :: Spell :: The field `raw_key` on earth is deprecated.
Set `prefix_config.key = false` on your object instead. 
INFO - [G] 2025-09-14 19:39:37 :: WARN  :: Spell :: The field `raw_key` on air is deprecated.
Set `prefix_config.key = false` on your object instead. 
INFO - [G] 2025-09-14 19:39:37 :: WARN  :: Spell :: The field `raw_key` on water is deprecated.
Set `prefix_config.key = false` on your object instead. 
INFO - [G] 2025-09-14 19:39:37 :: WARN  :: Spell :: The field `raw_key` on fire is deprecated.
Set `prefix_config.key = false` on your object instead. 
INFO - [G] 2025-09-14 19:39:37 :: WARN  :: Spell :: The field `raw_key` on shadow is deprecated.
Set `prefix_config.key = false` on your object instead. 
INFO - [G] 2025-09-14 19:39:37 :: WARN  :: Spell :: The field `raw_key` on inferno is deprecated.
Set `prefix_config.key = false` on your object instead. 
INFO - [G] 2025-09-14 19:39:37 :: WARN  :: Spell :: The field `raw_key` on abyss is deprecated.
Set `prefix_config.key = false` on your object instead. 
INFO - [G] 2025-09-14 19:39:37 :: WARN  :: Spell :: The field `raw_key` on cavern is deprecated.
Set `prefix_config.key = false` on your object instead. 
INFO - [G] 2025-09-14 19:39:37 :: WARN  :: Spell :: The field `raw_key` on smoke is deprecated.
Set `prefix_config.key = false` on your object instead. 
INFO - [G] 2025-09-14 19:39:37 :: WARN  :: Spell :: The field `raw_key` on radiance is deprecated.
Set `prefix_config.key = false` on your object instead. 
INFO - [G] 2025-09-14 19:39:37 :: WARN  :: Spell :: The field `raw_key` on reflection is deprecated.
Set `prefix_config.key = false` on your object instead. 
INFO - [G] 2025-09-14 19:39:37 :: WARN  :: Spell :: The field `raw_key` on crystal is deprecated.
Set `prefix_config.key = false` on your object instead. 
INFO - [G] 2025-09-14 19:39:37 :: WARN  :: Spell :: The field `raw_key` on halo is deprecated.
Set `prefix_config.key = false` on your object instead. 
INFO - [G] 2025-09-14 19:39:37 :: WARN  :: Spell :: The field `raw_key` on steam is deprecated.
Set `prefix_config.key = false` on your object instead. 
INFO - [G] 2025-09-14 19:39:37 :: WARN  :: Spell :: The field `raw_key` on magma is deprecated.
Set `prefix_config.key = false` on your object instead. 
INFO - [G] 2025-09-14 19:39:37 :: WARN  :: Spell :: The field `raw_key` on ember is deprecated.
Set `prefix_config.key = false` on your object instead. 
INFO - [G] 2025-09-14 19:39:37 :: WARN  :: Spell :: The field `raw_key` on mud is deprecated.
Set `prefix_config.key = false` on your object instead. 
INFO - [G] 2025-09-14 19:39:37 :: WARN  :: Spell :: The field `raw_key` on dust is deprecated.
Set `prefix_config.key = false` on your object instead. 
INFO - [G] 2025-09-14 19:39:37 :: WARN  :: Spell :: The field `raw_key` on cloud is deprecated.
Set `prefix_config.key = false` on your object instead. 
INFO - [G] 2025-09-14 19:39:37 :: WARN  :: Spell :: The field `raw_key` on ripple is deprecated.
Set `prefix_config.key = false` on your object instead. 
INFO - [G] 2025-09-14 19:39:37 :: WARN  :: Spell :: The field `raw_key` on lava is deprecated.
Set `prefix_config.key = false` on your object instead. 
INFO - [G] 2025-09-14 19:39:37 :: WARN  :: DeckSkin :: Old DeckSkin formatting detected on DeckSkin RGD_clubs_skin! 
INFO - [G] 2025-09-14 19:39:37 :: WARN  :: DeckSkin :: Old DeckSkin formatting detected on DeckSkin RGD_spades_skin! 
INFO - [G] 2025-09-14 19:39:37 :: WARN  :: DeckSkin :: Old DeckSkin formatting detected on DeckSkin RGD_hearts_skin! 
INFO - [G] 2025-09-14 19:39:37 :: WARN  :: DeckSkin :: Old DeckSkin formatting detected on DeckSkin RGD_diamonds_skin! 
INFO - [G] 2025-09-14 19:39:37 :: WARN  :: Atlas :: Detected duplicate register call on object arashi_modicon 
INFO - [G] 2025-09-14 19:39:37 :: WARN  :: Atlas :: Detected duplicate register call on object arashi_CustomJokers 
INFO - [G] 2025-09-14 19:39:37 :: WARN  :: Atlas :: Detected duplicate register call on object arashi_CustomConsumables 
INFO - [G] 2025-09-14 19:39:37 :: WARN  :: Atlas :: Detected duplicate register call on object arashi_CustomSeals 
INFO - [G] 2025-09-14 19:39:37 :: WARN  :: DeckSkin :: Old DeckSkin formatting detected on DeckSkin BJW_hearts_skin! 
INFO - [G] 2025-09-14 19:39:37 :: WARN  :: DeckSkin :: Old DeckSkin formatting detected on DeckSkin BJW_spades_skin! 
INFO - [G] 2025-09-14 19:39:37 :: WARN  :: DeckSkin :: Old DeckSkin formatting detected on DeckSkin BJW_clubs_skin! 
INFO - [G] 2025-09-14 19:39:37 :: WARN  :: DeckSkin :: Old DeckSkin formatting detected on DeckSkin BJW_diamonds_skin! 
INFO - [G] 2025-09-14 19:39:37 :: WARN  :: DefaultLogger :: Object akyrs_money_c has the same key as an existing object, not registering. 
INFO - [G] 2025-09-14 19:39:37 :: WARN  :: DefaultLogger :: If you want to modify an existing object, use take_ownership() 
INFO - [G] 2025-09-14 19:39:38 :: WARN  :: Draw Step :: Detected duplicate register call on object front 
INFO - [G] 2025-09-14 19:39:38 :: WARN  :: Draw Step :: Detected duplicate register call on object floating_sprite 
INFO - [G] 2025-09-14 19:39:38 :: WARN  :: Blind :: Object bl_akyrs_the_reverse has the same key as an existing object, not registering. 
INFO - [G] 2025-09-14 19:39:38 :: WARN  :: Blind :: If you want to modify an existing object, use take_ownership() 
INFO - [G] 2025-09-14 19:39:38 :: WARN  :: Achievement :: Object ach_akyrs_repeater_into_another_one has the same key as an existing object, not registering. 
INFO - [G] 2025-09-14 19:39:38 :: WARN  :: Achievement :: If you want to modify an existing object, use take_ownership() 
INFO - [G] 2025-09-14 19:39:38 :: WARN  :: Atlas :: Object kino_modicon has the same key as an existing object, not registering. 
INFO - [G] 2025-09-14 19:39:38 :: WARN  :: Atlas :: If you want to modify an existing object, use take_ownership() 
INFO - [G] 2025-09-14 19:39:39 :: WARN  :: Atlas :: Detected duplicate register call on object draft_modicon 
INFO - [G] 2025-09-14 19:39:39 :: INFO  :: TIMER :: [0002] Injected Fonts in 5.307 ms 
INFO - [G] 2025-09-14 19:39:39 :: INFO  :: TIMER :: [0000] Injected Language in 0.004 ms 
INFO - [G] 2025-09-14 19:39:39 :: DEBUG :: DefaultLogger :: BalaGay :: Successfully Gay-ified the Straights! 
INFO - [G] 2025-09-14 19:39:39 :: INFO  :: TIMER :: [0000] Injected [INTERNAL] in 1.560 ms 
INFO - [G] 2025-09-14 19:39:40 :: INFO  :: TIMER :: [0313] Injected Atlas in 1500.984 ms 
INFO - [G] 2025-09-14 19:39:40 :: INFO  :: TIMER :: [0036] Injected Sound in 19.291 ms 
INFO - [G] 2025-09-14 19:39:40 :: INFO  :: TIMER :: [0013] Injected Stake in 0.323 ms 
INFO - [G] 2025-09-14 19:39:40 :: INFO  :: TIMER :: [0000] Injected jest_Badge in 0.002 ms 
INFO - [G] 2025-09-14 19:39:40 :: INFO  :: TIMER :: [0014] Injected Rarity in 0.289 ms 
INFO - [G] 2025-09-14 19:39:40 :: INFO  :: TIMER :: [0049] Injected ObjectType in 1.819 ms 
INFO - [G] 2025-09-14 19:39:40 :: INFO  :: TIMER :: [1762] Injected Center in 14.833 ms 
INFO - [G] 2025-09-14 19:39:40 :: INFO  :: TIMER :: [0015] Injected Undiscovered Sprite in 0.137 ms 
INFO - [G] 2025-09-14 19:39:40 :: INFO  :: TIMER :: [0085] Injected Blind in 0.429 ms 
INFO - [G] 2025-09-14 19:39:40 :: INFO  :: TIMER :: [0023] Injected Seal in 0.578 ms 
INFO - [G] 2025-09-14 19:39:40 :: INFO  :: TIMER :: [0004] Injected Suit in 0.342 ms 
INFO - [G] 2025-09-14 19:39:40 :: INFO  :: TIMER :: [0013] Injected Rank in 0.286 ms 
INFO - [G] 2025-09-14 19:39:40 :: INFO  :: TIMER :: [0036] Injected DeckSkin in 0.810 ms 
INFO - [G] 2025-09-14 19:39:40 :: INFO  :: TIMER :: [0021] Injected JimboQuip in 0.302 ms 
INFO - [G] 2025-09-14 19:39:40 :: INFO  :: TIMER :: [0066] Injected PokerHand in 1.116 ms 
INFO - [G] 2025-09-14 19:39:40 :: INFO  :: TIMER :: [0038] Injected Challenge in 0.140 ms 
INFO - [G] 2025-09-14 19:39:40 :: INFO  :: TIMER :: [0046] Injected Tag in 0.219 ms 
INFO - [G] 2025-09-14 19:39:41 :: INFO  :: TIMER :: [0015] Injected Sticker in 1.335 ms 
INFO - [G] 2025-09-14 19:39:41 :: INFO  :: TIMER :: [0015] Injected Shader in 158.095 ms 
INFO - [G] 2025-09-14 19:39:41 :: INFO  :: TIMER :: [0007] Injected Keybind in 0.019 ms 
INFO - [G] 2025-09-14 19:39:41 :: INFO  :: TIMER :: [0005] Injected Achievement in 0.097 ms 
INFO - [G] 2025-09-14 19:39:41 :: INFO  :: TIMER :: [0010] Injected nil in 0.049 ms 
INFO - [G] 2025-09-14 19:39:41 :: INFO  :: TIMER :: [0002] Injected Scoring_Parameters in 0.168 ms 
INFO - [G] 2025-09-14 19:39:41 :: INFO  :: TIMER :: [0009] Injected Scoring_Calculations in 0.035 ms 
INFO - [G] 2025-09-14 19:39:41 :: INFO  :: TIMER :: [0036] Injected Draw Step in 0.152 ms 
INFO - [G] 2025-09-14 19:39:41 :: INFO  :: TIMER :: [0000] Injected [INTERNAL] in 29.639 ms 
INFO - [G] 2025-09-14 19:39:41 :: INFO  :: TIMER :: [0035] Injected AltTexture in 339.092 ms 
INFO - [G] 2025-09-14 19:39:41 :: INFO  :: TIMER :: [0008] Injected Texture Pack in 0.069 ms 
INFO - [G] 2025-09-14 19:39:41 :: INFO  :: TIMER :: [0000] Injected TradeProfession in 0.001 ms 
INFO - [G] 2025-09-14 19:39:41 :: INFO  :: TIMER :: [0015] Injected Counter in 0.383 ms 
INFO - [G] 2025-09-14 19:39:41 :: DEBUG :: SMODS.https(1) :: Using https module backend 
INFO - [G] apply_discord_member_count called 200 {"type":0,"code":"ngqmdCHNUy","inviter":{"id":"655962983444381697","username":"doggfly","avatar":"6ea1b3d94012b6ff3c254eb491090509","discriminator":"0","public_flags":64,"flags":64,"banner":null,"accent_color":8735431,"global_name":"Dogg-Fly","avatar_decoration_data":{"asset":"a_795f81ea071513ca4394a53e009792ac","sku_id":"1413650166774366279","expires_at":1763424000},"collectibles":null,"display_name_styles":null,"banner_color":"#854ac7","clan":{"identity_guild_id":"897997649364549662","identity_enabled":true,"tag":"MDWV","badge":"c4a517cd66348c92dfd02bffd7b36ac7"},"primary_guild":{"identity_guild_id":"897997649364549662","identity_enabled":true,"tag":"MDWV","badge":"c4a517cd66348c92dfd02bffd7b36ac7"}},"expires_at":null,"id":0,"guild":{"id":"1398404149691023491","name":"Joker Forge","splash":null,"banner":null,"description":"Discord Server for the Joker Forge web app. https://jokerforge.jaydchw.com/","icon":"30e3c61e85770e38f6588d1dd59ce1c4","features":["AUTO_MODERATION","GUILD_SERVER_GUIDE","NEWS","ACTIVITY_FEED_DISABLED_BY_USER","GUILD_ONBOARDING_HAS_PROMPTS","GUILD_ONBOARDING_EVER_ENABLED","MEMBER_VERIFICATION_GATE_ENABLED","PIN_PERMISSION_MIGRATION_COMPLETE","GUILD_ONBOARDING","SOUNDBOARD","COMMUNITY"],"verification_level":2,"vanity_url_code":null,"nsfw_level":0,"nsfw":false,"premium_subscription_count":0,"premium_tier":0},"guild_id":"1398404149691023491","channel":{"id":"1398407668867137617","type":5,"name":"\ud83d\udcfc\u30fbannouncements"},"profile":{"id":"1398404149691023491","name":"Joker Forge","icon_hash":"30e3c61e85770e38f6588d1dd59ce1c4","member_count":429,"online_count":170,"description":"Discord Server for the Joker Forge web app. https://jokerforge.jaydchw.com/","brand_color_primary":"#406601","banner_hash":null,"game_application_ids":["1209665818464358430"],"game_activity":{"1209665818464358430":{"activity_level":2,"activity_score":1513}},"tag":null,"badge":0,"badge_color_primary":"#ff0000","badge_color_secondary":"#800000","badge_hash":null,"traits":[],"features":["MEMBER_VERIFICATION_GATE_ENABLED","COMMUNITY"],"visibility":1,"custom_banner_hash":null,"premium_subscription_count":0,"premium_tier":0},"approximate_member_count":429,"approximate_presence_count":170}
 
INFO - [G] Discord member count found: 429 
INFO - [G] Member count updated to: 429 
INFO - [G] [DebugPlus] Press [/] to toggle console and press [shift] + [/] to toggle new log previews 
