INFO - [♥] Lovely 0.8.0
INFO - [♥] Game directory is at "C:\\Program Files (x86)\\Steam\\steamapps\\common\\Balatro"
INFO - [♥] Writing logs to "C:\\Users\\evan\\AppData\\Roaming\\Balatro\\Mods\\lovely\\log"
INFO - [♥] Using mod directory at "C:\\Users\\evan\\AppData\\Roaming\\Balatro\\Mods"
WARN - [♥] Unknown key `patches.20.?.match_indent` found in patch file at "C:\\Users\\evan\\AppData\\Roaming\\Balatro\\Mods\\Cryptid\\lovely\\code.toml", ignoring it
WARN - [♥] Unknown key `patches.1.?.match_indent` found in patch file at "C:\\Users\\evan\\AppData\\Roaming\\Balatro\\Mods\\HandyBalatro\\lovely\\controls_misc.toml", ignoring it
WARN - [♥] Unknown key `patches.1.?.overwrite` found in patch file at "C:\\Users\\evan\\AppData\\Roaming\\Balatro\\Mods\\HandyBalatro\\lovely\\controls_misc.toml", ignoring it
WARN - [♥] Unknown key `patches.0.?.overwrite` found in patch file at "C:\\Users\\evan\\AppData\\Roaming\\Balatro\\Mods\\HandyBalatro\\lovely\\controls_show_deck_preview.toml", ignoring it
WARN - [♥] Unknown key `patches.35.?.match_indent` found in patch file at "C:\\Users\\evan\\AppData\\Roaming\\Balatro\\Mods\\Talisman\\lovely.toml", ignoring it
WARN - [♥] Unknown key `patches.35.?.overwrite` found in patch file at "C:\\Users\\evan\\AppData\\Roaming\\Balatro\\Mods\\Talisman\\lovely.toml", ignoring it
WARN - [♥] Unknown key `patches.52.?.match_indent` found in patch file at "C:\\Users\\evan\\AppData\\Roaming\\Balatro\\Mods\\Talisman\\lovely.toml", ignoring it
WARN - [♥] Unknown key `patches.55.?.match_indent` found in patch file at "C:\\Users\\evan\\AppData\\Roaming\\Balatro\\Mods\\Talisman\\lovely.toml", ignoring it
INFO - [♥] Cleaning up dumps directory at "C:\\Users\\evan\\AppData\\Roaming\\Balatro\\Mods\\lovely\\dump"
INFO - [♥] Initialization complete in 272ms
WARN - [♥] Pattern 'G.ARGS.score_intensity.organ = G.video_organ or G.ARGS.score_intensity.required_score > 0 and math.max(math.min(0.4, 0.1*math.log(G.ARGS.score_intensity.earned_score/(G.ARGS.score_intensity.required_score+1), 5)),0.) or 0' on target 'main.lua' for pattern patch from Talisman\lovely.toml resulted in no matches
WARN - [♥] Pattern 'if type(G.GAME.current_round.current_hand.chips) ~= \'number\' or type(G.GAME.current_round.current_hand.mult) ~= \'number\' then' on target 'main.lua' for pattern patch from Talisman\lovely.toml resulted in no matches
INFO - [♥] Applied 16 patches to 'main.lua'
INFO - [♥] Applied 2 patches to 'engine/string_packer.lua'
INFO - [♥] Applied 10 patches to 'engine/controller.lua'
INFO - [♥] Applied 15 patches to 'back.lua'
INFO - [♥] Applied 18 patches to 'tag.lua'
INFO - [♥] Applied 1 patch to 'engine/event.lua'
INFO - [♥] Applied 1 patch to 'engine/node.lua'
INFO - [♥] Applied 3 patches to 'engine/moveable.lua'
INFO - [♥] Applied 3 patches to 'engine/sprite.lua'
INFO - [♥] Applied 2 patches to 'engine/animatedsprite.lua'
WARN - [♥] Pattern 'assembled_string = assembled_string..(type(subpart) == \'string\' and subpart or args.vars[tonumber(subpart[1])] or \'ERROR\')' on target 'functions/misc_functions.lua' for pattern patch from Talisman\lovely.toml resulted in no matches
INFO - [♥] Applied 84 patches to 'functions/misc_functions.lua'
WARN - [♥] Regex 'card\\:start_materialize\\(\\)\\n\\s+G\\.shop_vouchers\\:emplace\\(card\\)\\n\\s+end' on target 'game.lua' for regex patch from Cryptid\lovely\Voucher.toml resulted in no matches
INFO - [♥] Applied 96 patches to 'game.lua'
INFO - [♥] Applied 1 patch to 'globals.lua'
INFO - [♥] Applied 8 patches to 'engine/ui.lua'
WARN - [♥] Pattern '{n=G.UIT.T, config={text = G.GAME.hands[handname].chips, scale = 0.45, colour = G.C.UI.TEXT_LIGHT}},' on target 'functions/UI_definitions.lua' for pattern patch from Talisman\lovely.toml resulted in no matches
WARN - [♥] Pattern '{n=G.UIT.T, config={text = G.GAME.hands[handname].mult, scale = 0.45, colour = G.C.UI.TEXT_LIGHT}}' on target 'functions/UI_definitions.lua' for pattern patch from Talisman\lovely.toml resulted in no matches
INFO - [♥] Applied 131 patches to 'functions/UI_definitions.lua'
WARN - [♥] Pattern 'ease_to = G.GAME.chips + math.floor(hand_chips * mult) * (e and e.antiscore and -1 or 1),' on target 'functions/state_events.lua' for pattern patch from Cryptid\lovely\blind.toml resulted in no matches
WARN - [♥] Pattern 'if reps[j] ~= 1 then' on target 'functions/state_events.lua' for pattern patch from Cryptid\lovely\misc.toml resulted in no matches
WARN - [♥] Pattern 'if effects[ii].card then' on target 'functions/state_events.lua' for pattern patch from HandyBalatro\lovely\controls_animation_skip.toml resulted in no matches
WARN - [♥] Pattern 'if effects[ii].card then' on target 'functions/state_events.lua' for pattern patch from Talisman\lovely.toml resulted in no matches
WARN - [♥] Pattern 'if effects.jokers.Xmult_mod then mult = mod_mult(mult*effects.jokers.Xmult_mod);extras.mult = true  end' on target 'functions/state_events.lua' for pattern patch from Talisman\lovely.toml resulted in no matches
WARN - [♥] Pattern 'if effect.Xmult_mod then mult = mod_mult(mult*effect.Xmult_mod);extras.mult = true  end' on target 'functions/state_events.lua' for pattern patch from Talisman\lovely.toml resulted in no matches
WARN - [♥] Pattern 'if effects[ii].message then' on target 'functions/state_events.lua' for pattern patch from Talisman\lovely.toml resulted in no matches
WARN - [♥] Pattern '--calculate the card edition effects' on target 'functions/state_events.lua' for pattern patch from Talisman\lovely.toml resulted in no matches
WARN - [♥] Pattern 'if effects[ii].edition.p_dollars_mod then' on target 'functions/state_events.lua' for pattern patch from Talisman\lovely.toml resulted in no matches
WARN - [♥] Pattern 'if edition_effects.jokers.x_mult_mod then' on target 'functions/state_events.lua' for pattern patch from Talisman\lovely.toml resulted in no matches
WARN - [♥] Pattern '\tfunc = (function() G.GAME.current_round.current_hand.handname = \'\';return true end)\n}))\ndelay(0.3)\n' on target 'functions/state_events.lua' for pattern patch from Talisman\lovely.toml resulted in no matches
WARN - [♥] Pattern 'if SMODS.has_enhancement(scoring_hand[i], \'m_glass\') and scoring_hand[i]:can_calculate() and pseudorandom(\'glass\') < G.GAME.probabilities.normal/(scoring_hand[i].ability.name == \'Glass Card\' and scoring_hand[i].ability.extra or G.P_CENTERS.m_glass.config.extra) then' on target 'functions/state_events.lua' for pattern patch from Cryptid\lovely\Probability.toml resulted in no matches
WARN - [♥] Regex '(?<indent>[\\t ]*)if destroyed then \\n' on target 'functions/state_events.lua' for regex patch from Cryptid\lovely\seal.toml resulted in no matches
INFO - [♥] Applied 101 patches to 'functions/state_events.lua'
WARN - [♥] Pattern 'func = (function() if eval_func(card) then if not first or first then card:juice_up(0.1, 0.1) end;juice_card_until(card, eval_func, nil, 0.8) end return true end)' on target 'functions/common_events.lua' for pattern patch from HandyBalatro\lovely\controls_animation_skip.toml resulted in no matches
WARN - [♥] Pattern 'func = (function() if eval_func(card) then if not first or first then card:juice_up(0.1, 0.1) end;juice_card_until(card, eval_func, nil, 0.8) end return true end)' on target 'functions/common_events.lua' for pattern patch from HandyBalatro\lovely\controls_animation_skip.toml resulted in no matches
WARN - [♥] Pattern 'if num_dollars > 60 then' on target 'functions/common_events.lua' for pattern patch from Talisman\lovely.toml resulted in no matches
WARN - [♥] Pattern 'func = (function() card:juice_up(0.7);return true end)' on target 'functions/common_events.lua' for pattern patch from Talisman\lovely.toml resulted in no matches
WARN - [♥] Pattern 'if card then card:juice_up(0.8, 0.5) end' on target 'functions/common_events.lua' for pattern patch from Talisman\lovely.toml resulted in no matches
WARN - [♥] Pattern 'card:juice_up(0.6, 0.1)' on target 'functions/common_events.lua' for pattern patch from Talisman\lovely.toml resulted in no matches
WARN - [♥] Pattern 'func = (function() if eval_func(card) then if not first or first then card:juice_up(0.1, 0.1) end;juice_card_until(card, eval_func, nil, 0.8) end return true end)' on target 'functions/common_events.lua' for pattern patch from Talisman\lovely.toml resulted in no matches
WARN - [♥] Pattern 'func = (function() if eval_func(card) then if not first or first then card:juice_up(0.1, 0.1) end;juice_card_until(card, eval_func, nil, 0.8) end return true end)' on target 'functions/common_events.lua' for pattern patch from Talisman\lovely.toml resulted in no matches
WARN - [♥] Pattern 'if amt > 0 or amt < 0 then' on target 'functions/common_events.lua' for pattern patch from Talisman\lovely.toml resulted in no matches
WARN - [♥] Pattern 'if amt > 0 or amt < 0 then' on target 'functions/common_events.lua' for pattern patch from Talisman\lovely.toml resulted in no matches
WARN - [♥] Pattern 'elseif _c.effect == \'Glass Card\' then loc_vars = {cfg.Xmult, G.GAME.probabilities.normal, cfg.extra}' on target 'functions/common_events.lua' for pattern patch from Cryptid\lovely\Probability.toml resulted in no matches
WARN - [♥] Pattern 'elseif _c.name == \"The Wheel of Fortune\" then loc_vars = {G.GAME.probabilities.normal, cfg.extra};  info_queue[#info_queue+1] = G.P_CENTERS.e_foil; info_queue[#info_queue+1] = G.P_CENTERS.e_holo; info_queue[#info_queue+1] = G.P_CENTERS.e_polychrome;' on target 'functions/common_events.lua' for pattern patch from Cryptid\lovely\Probability.toml resulted in no matches
INFO - [♥] Applied 201 patches to 'functions/common_events.lua'
WARN - [♥] Pattern 'if ((G.GAME.dollars-G.GAME.bankrupt_at) - 10 >= 0) and' on target 'functions/button_callbacks.lua' for pattern patch from Talisman\lovely.toml resulted in no matches
INFO - [♥] Applied 84 patches to 'functions/button_callbacks.lua'
WARN - [♥] Pattern 'if self.ability.name == \'Ectoplasm\' or self.ability.name == \'Hex\' or pseudorandom(\'wheel_of_fortune\') < G.GAME.probabilities.normal/self.ability.extra then' on target 'card.lua' for pattern patch from Cryptid\lovely\misc.toml resulted in no matches
WARN - [♥] Pattern 'G.E_MANAGER:add_event(Event({func = (function() G.GAME.dollar_buffer = 0; return true end)}))' on target 'card.lua' for pattern patch from Talisman\lovely.toml resulted in no matches
WARN - [♥] Pattern 'if G.GAME.blind then G.E_MANAGER:add_event(Event({ func = function() G.GAME.blind:set_blind(nil, true, nil); return true end })) end' on target 'card.lua' for pattern patch from Talisman\lovely.toml resulted in no matches
WARN - [♥] Pattern 'x_mult = center.config.Xmult or 1,' on target 'card.lua' for pattern patch from Talisman\lovely.toml resulted in no matches
WARN - [♥] Pattern 'if pseudorandom(\'lucky_money\') < G.GAME.probabilities.normal/15 then' on target 'card.lua' for pattern patch from Cryptid\lovely\Probability.toml resulted in no matches
WARN - [♥] Pattern 'if pseudorandom(\'lucky_mult\') < G.GAME.probabilities.normal/5 then' on target 'card.lua' for pattern patch from Cryptid\lovely\Probability.toml resulted in no matches
WARN - [♥] Pattern 'if self.ability.name == \'Ectoplasm\' or self.ability.name == \'Hex\' or pseudorandom(\'wheel_of_fortune\') < G.GAME.probabilities.normal/self.ability.extra then' on target 'card.lua' for pattern patch from Cryptid\lovely\Probability.toml resulted in no matches
WARN - [♥] Pattern 'elseif self.ability.name == \'Space Joker\' then loc_vars = {\'\'..(G.GAME and G.GAME.probabilities.normal or 1), self.ability.extra}' on target 'card.lua' for pattern patch from Cryptid\lovely\Probability.toml resulted in no matches
WARN - [♥] Pattern 'if self.ability.name == \'Space Joker\' and pseudorandom(\'space\') < G.GAME.probabilities.normal/self.ability.extra then' on target 'card.lua' for pattern patch from Cryptid\lovely\Probability.toml resulted in no matches
WARN - [♥] Pattern 'elseif self.ability.name == \'8 Ball\' then loc_vars = {\'\'..(G.GAME and G.GAME.probabilities.normal or 1),self.ability.extra}' on target 'card.lua' for pattern patch from Cryptid\lovely\Probability.toml resulted in no matches
WARN - [♥] Pattern 'if (context.other_card:get_id() == 8) and (pseudorandom(\'8ball\') < G.GAME.probabilities.normal/self.ability.extra) then' on target 'card.lua' for pattern patch from Cryptid\lovely\Probability.toml resulted in no matches
WARN - [♥] Pattern 'elseif self.ability.name == \'Business Card\' then loc_vars = {\'\'..(G.GAME and G.GAME.probabilities.normal or 1), self.ability.extra}' on target 'card.lua' for pattern patch from Cryptid\lovely\Probability.toml resulted in no matches
WARN - [♥] Pattern 'pseudorandom(\'business\') < G.GAME.probabilities.normal/self.ability.extra then' on target 'card.lua' for pattern patch from Cryptid\lovely\Probability.toml resulted in no matches
WARN - [♥] Pattern 'elseif self.ability.name == \'Gros Michel\' then loc_vars = {self.ability.extra.mult, \'\'..(G.GAME and G.GAME.probabilities.normal or 1), self.ability.extra.odds}' on target 'card.lua' for pattern patch from Cryptid\lovely\Probability.toml resulted in no matches
WARN - [♥] Pattern 'elseif self.ability.name == \'Cavendish\' then loc_vars = {self.ability.extra.Xmult, \'\'..(G.GAME and G.GAME.probabilities.normal or 1), self.ability.extra.odds}' on target 'card.lua' for pattern patch from Cryptid\lovely\Probability.toml resulted in no matches
WARN - [♥] Pattern 'if pseudorandom(self.ability.name == \'Cavendish\' and \'cavendish\' or \'gros_michel\') < G.GAME.probabilities.normal/self.ability.extra.odds then' on target 'card.lua' for pattern patch from Cryptid\lovely\Probability.toml resulted in no matches
WARN - [♥] Pattern 'elseif self.ability.name == \'Bloodstone\' then loc_vars = {\'\'..(G.GAME and G.GAME.probabilities.normal or 1), self.ability.extra.odds, self.ability.extra.Xmult}' on target 'card.lua' for pattern patch from Cryptid\lovely\Probability.toml resulted in no matches
WARN - [♥] Pattern 'pseudorandom(\'bloodstone\') < G.GAME.probabilities.normal/self.ability.extra.odds then' on target 'card.lua' for pattern patch from Cryptid\lovely\Probability.toml resulted in no matches
WARN - [♥] Pattern 'elseif self.ability.name == \'Reserved Parking\' then loc_vars = {self.ability.extra.dollars, \'\'..(G.GAME and G.GAME.probabilities.normal or 1), self.ability.extra.odds}' on target 'card.lua' for pattern patch from Cryptid\lovely\Probability.toml resulted in no matches
WARN - [♥] Pattern 'pseudorandom(\'parking\') < G.GAME.probabilities.normal/self.ability.extra.odds then' on target 'card.lua' for pattern patch from Cryptid\lovely\Probability.toml resulted in no matches
WARN - [♥] Pattern 'elseif self.ability.name == \'Hallucination\' then loc_vars = {G.GAME.probabilities.normal, self.ability.extra}' on target 'card.lua' for pattern patch from Cryptid\lovely\Probability.toml resulted in no matches
WARN - [♥] Pattern 'if pseudorandom(\'halu\'..G.GAME.round_resets.ante) < G.GAME.probabilities.normal/self.ability.extra then' on target 'card.lua' for pattern patch from Cryptid\lovely\Probability.toml resulted in no matches
INFO - [♥] Applied 283 patches to 'card.lua'
INFO - [♥] Applied 22 patches to 'cardarea.lua'
INFO - [♥] Applied 45 patches to 'blind.lua'
INFO - [♥] Applied 2 patches to 'card_character.lua'
WARN - [♥] Pattern 'if self.strings[k].W > self.config.W then' on target 'engine/text.lua' for pattern patch from Talisman\lovely.toml resulted in no matches
WARN - [♥] Pattern 'local letter = self.strings[self.focused_string].letters[k]' on target 'engine/text.lua' for pattern patch from Talisman\lovely.toml resulted in no matches
INFO - [♥] Applied 6 patches to 'engine/text.lua'
WARN - [♥] Pattern 'if eff.retrigger_flag then SMODS.calculate_effect(eff, eff.card); j = j+1; _, eff = next(reps[j]) end' on target '=[SMODS _ "src/utils.lua"]' for pattern patch from Cryptid\lovely\misc.toml resulted in no matches
INFO - [♥] Applied 12 patches to '=[SMODS _ "src/utils.lua"]'
INFO - [♥] Applied 8 patches to '=[SMODS _ "src/overrides.lua"]'
INFO - [♥] Applied 2 patches to '=[SMODS _ "src/game_object.lua"]'
INFO - [G] Failed to connect to the debug server
INFO - [G] 2025-08-08 13:10:22 :: DEBUG :: DebugConsole :: Steamodded Debug Socket started !
INFO - [G] 2025-08-08 13:10:22 :: INFO  :: SMODS :: Steamodded v1.0.0~BETA-0711a
INFO - [G] Order not set for config dictionary: misc_quick_restart
INFO - [G] Order not set for config dictionary: speed_multiplier_default_value
INFO - [G] Order not set for config dictionary: misc_save_run
INFO - [G] Order not set for config dictionary: animation_skip_default_value
INFO - [♥] Applied 9 patches to 'engine/sound_manager.lua'
INFO - [♥] Applied 3 patches to 'engine/save_manager.lua'
INFO - [♥] Applied 2 patches to 'engine/string_packer.lua'
INFO - [♥] Applied 4 patches to '=[SMODS _ "src/card_draw.lua"]'
INFO - [G] 2025-08-08 13:10:23 :: INFO  :: Loader :: Valid JSON file found
INFO - [G] 2025-08-08 13:10:23 :: INFO  :: Loader :: Valid JSON file found
INFO - [G] 2025-08-08 13:10:23 :: TRACE :: Loader :: Processing Mod file (Legacy header): steamodded.lua
INFO - [G] 2025-08-08 13:10:23 :: WARN  :: Loader :: Duplicate Mod ID: Handy
INFO - [G] 2025-08-08 13:10:23 :: TRACE :: Loader :: Processing Mod file (Legacy header): MoreSpeeds.lua
INFO - [G] 2025-08-08 13:10:23 :: TRACE :: Loader :: Saving Mod Info: MoreSpeed
INFO - [G] 2025-08-08 13:10:23 :: ERROR :: Loader :: Found invalid metadata JSON file at C:\Users\evan\AppData\Roaming\Balatro\Mods/Steamopollys-MoreSpeed-0.8.2/manifest.json, ignoring: [SMODS _ "src/loader.lua"]:226: id
INFO - [G] 2025-08-08 13:10:23 :: TRACE :: Loader :: Processing Mod file (Legacy header): steamodded_metadata.lua
INFO - [G] 2025-08-08 13:10:23 :: TRACE :: Loader :: Saving Mod Info: Talisman
INFO - [G] [CRYPTID] Loading library file ascended.lua
INFO - [G] [CRYPTID] Loading library file calculate.lua
INFO - [G] [CRYPTID] Loading library file content.lua
INFO - [G] [CRYPTID] Loading library file cross-mod.lua
INFO - [G] table: 0x1f3573e0
INFO - [G] table: 0x1f63a130
INFO - [G] [CRYPTID] Loading library file d20.lua
INFO - [G] [CRYPTID] Loading library file event.lua
INFO - [G] [CRYPTID] Loading library file forcetrigger.lua
INFO - [G] [CRYPTID] Loading library file gameset.lua
INFO - [G] [CRYPTID] Loading library file https.lua
INFO - [G] 2025-08-08 13:10:23 :: DEBUG :: SMODS.https :: Using https module backend
INFO - [G] [CRYPTID] Loading library file misc.lua
INFO - [G] [CRYPTID] Loading library file misprintize.lua
INFO - [G] [CRYPTID] Loading library file modifiers.lua
INFO - [G] 2025-08-08 13:10:23 :: WARN  :: Sticker :: Detected duplicate register call on object perishable
INFO - [G] 2025-08-08 13:10:23 :: WARN  :: Sticker :: Detected duplicate register call on object pinned
INFO - [G] 2025-08-08 13:10:23 :: WARN  :: Sticker :: Detected duplicate register call on object eternal
INFO - [G] 2025-08-08 13:10:23 :: WARN  :: Sticker :: Detected duplicate register call on object rental
INFO - [G] [CRYPTID] Loading library file notifications.lua
INFO - [G] [CRYPTID] Loading library file overrides.lua
INFO - [G] [CRYPTID] Loading library file pointerlib.lua
INFO - [G] [CRYPTID] Loading library file ui.lua
INFO - [G] [CRYPTID] Loading file achievement.lua
INFO - [G] [CRYPTID] Loading file blind.lua
INFO - [G] [CRYPTID] Loading file challenge.lua
INFO - [G] [CRYPTID] Loading file code.lua
INFO - [G] [CRYPTID] Loading file deck.lua
INFO - [G] [CRYPTID] Loading file enhanced.lua
INFO - [G] [CRYPTID] Loading file epic.lua
INFO - [G] [CRYPTID] Loading file exotic.lua
INFO - [G] [CRYPTID] Loading file joker_display.lua
INFO - [G] [CRYPTID] Loading file m.lua
INFO - [G] [CRYPTID] Loading file misc.lua
INFO - [G] [CRYPTID] Loading file misc_joker.lua
INFO - [G] [CRYPTID] Loading file planet.lua
INFO - [G] [CRYPTID] Loading file pointer.lua
INFO - [G] [CRYPTID] Loading file sleeve.lua
INFO - [G] [CRYPTID] Loading file spectral.lua
INFO - [G] [CRYPTID] Loading file spooky.lua
INFO - [G] [CRYPTID] Loading file stake.lua
INFO - [G] [CRYPTID] Loading file tag.lua
INFO - [G] [CRYPTID] Loading file test.lua
INFO - [G] [CRYPTID] Loading file voucher.lua
INFO - [G] 2025-08-08 13:10:23 :: WARN  :: Atlas :: Object cry_effarcire has the same key as an existing object, not registering.
INFO - [G] 2025-08-08 13:10:23 :: WARN  :: Atlas :: If you want to modify an existing object, use take_ownership()
INFO - [G] 2025-08-08 13:10:23 :: INFO  :: TIMER :: [0000] Injected Fonts in 0.001 ms
INFO - [G] 2025-08-08 13:10:23 :: INFO  :: TIMER :: [0000] Injected Language in 0.001 ms
INFO - [G] 2025-08-08 13:10:23 :: INFO  :: TIMER :: [0000] Injected [INTERNAL] in 1.730 ms
INFO - [G] 2025-08-08 13:10:24 :: INFO  :: TIMER :: [0035] Injected Atlas in 1046.007 ms
INFO - [G] 2025-08-08 13:10:24 :: INFO  :: TIMER :: [0032] Injected Sound in 147.839 ms
INFO - [G] 2025-08-08 13:10:24 :: INFO  :: TIMER :: [0032] Injected Stake in 0.515 ms
INFO - [G] 2025-08-08 13:10:24 :: INFO  :: TIMER :: [0008] Injected Rarity in 0.081 ms
INFO - [G] 2025-08-08 13:10:24 :: INFO  :: TIMER :: [0010] Injected ObjectType in 0.115 ms
INFO - [G] 2025-08-08 13:10:24 :: INFO  :: TIMER :: [0425] Injected Center in 1.953 ms
INFO - [G] 2025-08-08 13:10:24 :: INFO  :: TIMER :: [0009] Injected Undiscovered Sprite in 0.016 ms
INFO - [G] 2025-08-08 13:10:24 :: INFO  :: TIMER :: [0034] Injected Blind in 0.068 ms
INFO - [G] 2025-08-08 13:10:24 :: INFO  :: TIMER :: [0006] Injected Seal in 0.230 ms
INFO - [G] 2025-08-08 13:10:24 :: INFO  :: TIMER :: [0004] Injected Suit in 0.078 ms
INFO - [G] 2025-08-08 13:10:24 :: INFO  :: TIMER :: [0013] Injected Rank in 0.100 ms
INFO - [G] 2025-08-08 13:10:24 :: INFO  :: TIMER :: [0028] Injected DeckSkin in 0.204 ms
INFO - [G] 2025-08-08 13:10:25 :: INFO  :: TIMER :: [0020] Injected PokerHand in 0.097 ms
INFO - [G] 2025-08-08 13:10:25 :: INFO  :: TIMER :: [0031] Injected Challenge in 0.144 ms
INFO - [G] 2025-08-08 13:10:25 :: INFO  :: TIMER :: [0031] Injected Tag in 0.141 ms
INFO - [G] 2025-08-08 13:10:25 :: INFO  :: TIMER :: [0011] Injected Sticker in 0.353 ms
INFO - [G] 2025-08-08 13:10:25 :: INFO  :: TIMER :: [0010] Injected Shader in 211.819 ms
INFO - [G] 2025-08-08 13:10:25 :: INFO  :: TIMER :: [0002] Injected Keybind in 0.011 ms
INFO - [G] 2025-08-08 13:10:25 :: INFO  :: TIMER :: [0022] Injected Achievement in 0.083 ms
INFO - [G] 2025-08-08 13:10:25 :: INFO  :: TIMER :: [0002] Injected nil in 0.017 ms
INFO - [G] 2025-08-08 13:10:25 :: INFO  :: TIMER :: [0024] Injected Draw Step in 0.079 ms
INFO - [G] 2025-08-08 13:10:25 :: INFO  :: TIMER :: [0000] Injected [INTERNAL] in 14.451 ms
INFO - [G] 2025-08-08 13:10:25 :: INFO  :: TIMER :: [0010] Injected Other in 0.019 ms
INFO - [♥] Applied 0 patches to '=[SMODS _ "smods-https-thread.lua"]'
INFO - [G] 2025-08-08 13:10:30 :: DEBUG :: SMODS.https(1) :: Using https module backend
INFO - [♥] Applied 0 patches to '=[SMODS _ "smods-https-thread.lua"]'
INFO - [G] 2025-08-08 13:11:30 :: DEBUG :: SMODS.https(2) :: Using https module backend
INFO - [♥] Applied 0 patches to '=[SMODS _ "smods-https-thread.lua"]'
INFO - [G] 2025-08-08 13:12:31 :: DEBUG :: SMODS.https(3) :: Using https module backend
INFO - [♥] Applied 0 patches to '=[SMODS _ "smods-https-thread.lua"]'
INFO - [G] 2025-08-08 13:13:31 :: DEBUG :: SMODS.https(4) :: Using https module backend
INFO - [♥] Applied 0 patches to '=[SMODS _ "smods-https-thread.lua"]'
INFO - [G] 2025-08-08 13:14:31 :: DEBUG :: SMODS.https(5) :: Using https module backend
INFO - [♥] Applied 0 patches to '=[SMODS _ "smods-https-thread.lua"]'
INFO - [G] 2025-08-08 13:15:31 :: DEBUG :: SMODS.https(6) :: Using https module backend
INFO - [♥] Applied 0 patches to '=[SMODS _ "smods-https-thread.lua"]'
INFO - [G] 2025-08-08 13:16:32 :: DEBUG :: SMODS.https(7) :: Using https module backend
INFO - [♥] Applied 0 patches to '=[SMODS _ "smods-https-thread.lua"]'
INFO - [G] 2025-08-08 13:17:32 :: DEBUG :: SMODS.https(8) :: Using https module backend
INFO - [♥] Applied 0 patches to '=[SMODS _ "smods-https-thread.lua"]'
INFO - [G] 2025-08-08 13:18:32 :: DEBUG :: SMODS.https(9) :: Using https module backend
INFO - [♥] Applied 0 patches to '=[SMODS _ "smods-https-thread.lua"]'
INFO - [G] 2025-08-08 13:19:32 :: DEBUG :: SMODS.https(10) :: Using https module backend
INFO - [♥] Applied 0 patches to '=[SMODS _ "smods-https-thread.lua"]'
INFO - [G] 2025-08-08 13:20:33 :: DEBUG :: SMODS.https(11) :: Using https module backend
INFO - [♥] Applied 0 patches to '=[SMODS _ "smods-https-thread.lua"]'
INFO - [G] 2025-08-08 13:21:33 :: DEBUG :: SMODS.https(12) :: Using https module backend
INFO - [♥] Applied 0 patches to '=[SMODS _ "smods-https-thread.lua"]'
INFO - [G] 2025-08-08 13:22:33 :: DEBUG :: SMODS.https(13) :: Using https module backend
INFO - [♥] Applied 0 patches to '=[SMODS _ "smods-https-thread.lua"]'
INFO - [G] 2025-08-08 13:23:34 :: DEBUG :: SMODS.https(14) :: Using https module backend
INFO - [♥] Applied 0 patches to '=[SMODS _ "smods-https-thread.lua"]'
INFO - [G] 2025-08-08 13:24:34 :: DEBUG :: SMODS.https(15) :: Using https module backend
INFO - [♥] Applied 0 patches to '=[SMODS _ "smods-https-thread.lua"]'
INFO - [G] 2025-08-08 13:25:34 :: DEBUG :: SMODS.https(16) :: Using https module backend
INFO - [♥] Applied 0 patches to '=[SMODS _ "smods-https-thread.lua"]'
INFO - [G] 2025-08-08 13:26:34 :: DEBUG :: SMODS.https(17) :: Using https module backend
INFO - [♥] Applied 0 patches to '=[SMODS _ "smods-https-thread.lua"]'
INFO - [G] 2025-08-08 13:27:35 :: DEBUG :: SMODS.https(18) :: Using https module backend
INFO - [♥] Applied 0 patches to '=[SMODS _ "smods-https-thread.lua"]'
INFO - [G] 2025-08-08 13:28:35 :: DEBUG :: SMODS.https(19) :: Using https module backend
INFO - [♥] Applied 0 patches to '=[SMODS _ "smods-https-thread.lua"]'
INFO - [G] 2025-08-08 13:29:35 :: DEBUG :: SMODS.https(20) :: Using https module backend
INFO - [♥] Applied 0 patches to '=[SMODS _ "smods-https-thread.lua"]'
INFO - [G] 2025-08-08 13:30:35 :: DEBUG :: SMODS.https(21) :: Using https module backend
INFO - [♥] Applied 0 patches to '=[SMODS _ "smods-https-thread.lua"]'
INFO - [G] 2025-08-08 13:31:36 :: DEBUG :: SMODS.https(22) :: Using https module backend
INFO - [♥] Applied 0 patches to '=[SMODS _ "smods-https-thread.lua"]'
INFO - [G] 2025-08-08 13:32:36 :: DEBUG :: SMODS.https(23) :: Using https module backend
INFO - [♥] Applied 0 patches to '=[SMODS _ "smods-https-thread.lua"]'
INFO - [G] 2025-08-08 13:33:36 :: DEBUG :: SMODS.https(24) :: Using https module backend
INFO - [♥] Applied 0 patches to '=[SMODS _ "smods-https-thread.lua"]'
INFO - [G] 2025-08-08 13:34:36 :: DEBUG :: SMODS.https(25) :: Using https module backend
INFO - [♥] Applied 0 patches to '=[SMODS _ "smods-https-thread.lua"]'
INFO - [G] 2025-08-08 13:35:37 :: DEBUG :: SMODS.https(26) :: Using https module backend
INFO - [♥] Applied 0 patches to '=[SMODS _ "smods-https-thread.lua"]'
INFO - [G] 2025-08-08 13:36:37 :: DEBUG :: SMODS.https(27) :: Using https module backend
INFO - [♥] Applied 0 patches to '=[SMODS _ "smods-https-thread.lua"]'
INFO - [G] 2025-08-08 13:37:37 :: DEBUG :: SMODS.https(28) :: Using https module backend
INFO - [♥] Applied 0 patches to '=[SMODS _ "smods-https-thread.lua"]'
INFO - [G] 2025-08-08 13:38:37 :: DEBUG :: SMODS.https(29) :: Using https module backend
INFO - [♥] Applied 0 patches to '=[SMODS _ "smods-https-thread.lua"]'
INFO - [G] 2025-08-08 13:39:38 :: DEBUG :: SMODS.https(30) :: Using https module backend
INFO - [♥] Applied 0 patches to '=[SMODS _ "smods-https-thread.lua"]'
INFO - [G] 2025-08-08 13:40:38 :: DEBUG :: SMODS.https(31) :: Using https module backend
INFO - [♥] Applied 0 patches to '=[SMODS _ "smods-https-thread.lua"]'
INFO - [G] 2025-08-08 13:41:38 :: DEBUG :: SMODS.https(32) :: Using https module backend
INFO - [♥] Applied 0 patches to '=[SMODS _ "smods-https-thread.lua"]'
INFO - [G] 2025-08-08 13:42:38 :: DEBUG :: SMODS.https(33) :: Using https module backend
INFO - [♥] Applied 0 patches to '=[SMODS _ "smods-https-thread.lua"]'
INFO - [G] 2025-08-08 13:43:39 :: DEBUG :: SMODS.https(34) :: Using https module backend
INFO - [♥] Applied 0 patches to '=[SMODS _ "smods-https-thread.lua"]'
INFO - [G] 2025-08-08 13:44:39 :: DEBUG :: SMODS.https(35) :: Using https module backend
INFO - [♥] Applied 0 patches to '=[SMODS _ "smods-https-thread.lua"]'
INFO - [G] 2025-08-08 13:45:39 :: DEBUG :: SMODS.https(36) :: Using https module backend
INFO - [♥] Applied 0 patches to '=[SMODS _ "smods-https-thread.lua"]'
INFO - [G] 2025-08-08 13:46:40 :: DEBUG :: SMODS.https(37) :: Using https module backend
INFO - [♥] Applied 0 patches to '=[SMODS _ "smods-https-thread.lua"]'
INFO - [G] 2025-08-08 13:47:40 :: DEBUG :: SMODS.https(38) :: Using https module backend
INFO - [♥] Applied 0 patches to '=[SMODS _ "smods-https-thread.lua"]'
INFO - [G] 2025-08-08 13:48:40 :: DEBUG :: SMODS.https(39) :: Using https module backend
INFO - [♥] Applied 0 patches to '=[SMODS _ "smods-https-thread.lua"]'
INFO - [G] 2025-08-08 13:49:40 :: DEBUG :: SMODS.https(40) :: Using https module backend
INFO - [♥] Applied 0 patches to '=[SMODS _ "smods-https-thread.lua"]'
INFO - [G] 2025-08-08 13:50:41 :: DEBUG :: SMODS.https(41) :: Using https module backend
INFO - [♥] Applied 0 patches to '=[SMODS _ "smods-https-thread.lua"]'
INFO - [G] 2025-08-08 13:51:41 :: DEBUG :: SMODS.https(42) :: Using https module backend
INFO - [♥] Applied 0 patches to '=[SMODS _ "smods-https-thread.lua"]'
INFO - [G] 2025-08-08 13:52:41 :: DEBUG :: SMODS.https(43) :: Using https module backend
INFO - [♥] Applied 0 patches to '=[SMODS _ "smods-https-thread.lua"]'
INFO - [G] 2025-08-08 13:53:41 :: DEBUG :: SMODS.https(44) :: Using https module backend
INFO - [♥] Applied 0 patches to '=[SMODS _ "smods-https-thread.lua"]'
INFO - [G] 2025-08-08 13:54:42 :: DEBUG :: SMODS.https(45) :: Using https module backend
INFO - [♥] Applied 0 patches to '=[SMODS _ "smods-https-thread.lua"]'
INFO - [G] 2025-08-08 13:55:42 :: DEBUG :: SMODS.https(46) :: Using https module backend
INFO - [♥] Applied 0 patches to '=[SMODS _ "smods-https-thread.lua"]'
INFO - [G] 2025-08-08 13:56:42 :: DEBUG :: SMODS.https(47) :: Using https module backend
INFO - [♥] Applied 0 patches to '=[SMODS _ "smods-https-thread.lua"]'
INFO - [G] 2025-08-08 13:57:42 :: DEBUG :: SMODS.https(48) :: Using https module backend
INFO - [♥] Applied 0 patches to '=[SMODS _ "smods-https-thread.lua"]'
INFO - [G] 2025-08-08 13:58:43 :: DEBUG :: SMODS.https(49) :: Using https module backend
INFO - [♥] Applied 0 patches to '=[SMODS _ "smods-https-thread.lua"]'
INFO - [G] 2025-08-08 13:59:43 :: DEBUG :: SMODS.https(50) :: Using https module backend
INFO - [G] line not found
INFO - [G] file not found: main.lua: No such file or directory
INFO - [G] file not found: main.lua: No such file or directory
INFO - [G] line not found
INFO - [G] line not found
INFO - [G] file not found: functions/button_callbacks.lua: No such file or directory
INFO - [G] file not found: main.lua: No such file or directory
INFO - [G] file not found: main.lua: No such file or directory
INFO - [G] 2025-08-08 14:00:02 :: ERROR :: StackTrace :: Oops! The game crashed
[SMODS Cryptid "lib/modifiers.lua"]:287: attempt to index field 'ability' (a nil value)
Stack Traceback
===============
(1) Lua local 'handler' at file 'main.lua:612'
	Local variables:
	 msg = string: "[SMODS Cryptid \"lib/modifiers.lua\"]:287: attempt to index field 'ability' (a nil value)"
	 (*temporary) = Lua function '?' (defined at line 31 of chunk [SMODS _ "src/logging.lua"])
	 (*temporary) = string: "Oops! The game crashed\
"
(2) LÖVE metamethod at file 'boot.lua:352'
	Local variables:
	 errhand = Lua function '?' (defined at line 598 of chunk main.lua)
	 handler = Lua function '?' (defined at line 598 of chunk main.lua)
(3) Lua upvalue 'setabilityref' at file 'lib/modifiers.lua:287' (from mod with id Cryptid)
	Local variables:
	 self = table: 0x1faec140  {click_offset:table: 0x1f56fd70, children:table: 0x22160918, ambient_tilt:0.2, T:table: 0x2000a238, offset:table: 0x1f388ac0, role:table: 0x200e0448 (more...)}
	 center = nil
	 initial = boolean: true
	 delay_sprites = nil
	 repeatcheck = Lua function '?' (defined at line 266 of chunk [SMODS Cryptid "lib/modifiers.lua"])
	 edition = nil
	 sticker = nil
	 random = nil
	 (*temporary) = Lua function '?' (defined at line 266 of chunk [SMODS Cryptid "lib/modifiers.lua"])
	 (*temporary) = nil
	 (*temporary) = string: "GAME"
	 (*temporary) = string: "modifiers"
	 (*temporary) = string: "cry_force_random_edition"
	 (*temporary) = string: "attempt to index field 'ability' (a nil value)"
(4) Lua method 'set_ability' at file 'items/misc.lua:2534' (from mod with id Cryptid)
	Local variables:
	 self = table: 0x1faec140  {click_offset:table: 0x1f56fd70, children:table: 0x22160918, ambient_tilt:0.2, T:table: 0x2000a238, offset:table: 0x1f388ac0, role:table: 0x200e0448 (more...)}
	 center = nil
	 initial = boolean: true
	 delay_sprites = nil
(5) Lua upvalue 'card_init' at file 'card.lua:45'
	Local variables:
	 self = table: 0x1faec140  {click_offset:table: 0x1f56fd70, children:table: 0x22160918, ambient_tilt:0.2, T:table: 0x2000a238, offset:table: 0x1f388ac0, role:table: 0x200e0448 (more...)}
	 X = number: 0
	 Y = number: 0
	 W = number: 0.717073
	 H = number: 0.962927
	 card = nil
	 center = nil
	 params = table: 0x1faec0e0  {bypass_discovery_ui:true, bypass_discovery_center:true}
(6) Lua method 'init' at Steamodded file 'src/overrides.lua:1862' 
	Local variables:
	 self = table: 0x1faec140  {click_offset:table: 0x1f56fd70, children:table: 0x22160918, ambient_tilt:0.2, T:table: 0x2000a238, offset:table: 0x1f388ac0, role:table: 0x200e0448 (more...)}
	 X = number: 0
	 Y = number: 0
	 W = number: 0.717073
	 H = number: 0.962927
	 card = nil
	 center = nil
	 params = table: 0x1faec0e0  {bypass_discovery_ui:true, bypass_discovery_center:true}
(7) Lua global 'Card' at file 'engine/object.lua:35'
	Local variables:
	 self = table: 0x1f41b940  {get_chip_x_bonus:function: 0x1f65c058, should_hide_front:function: 0x1f4bca08, set_banana:function: 0x1f4cfa48, set_base:function: 0x1f0e2ba8 (more...)}
	 obj = table: 0x1faec140  {click_offset:table: 0x1f56fd70, children:table: 0x22160918, ambient_tilt:0.2, T:table: 0x2000a238, offset:table: 0x1f388ac0, role:table: 0x200e0448 (more...)}
(8) Lua field 'tab_definition_function' at file 'functions/UI_definitions.lua:6129'
	Local variables:
	 args = table: 0x22300b88  {_id:31, _tab:Restrictions}
	 challenge = table: 0x1ff86e90  {order:11, cry_order:11, object_type:Challenge, rules:table: 0x1ff86f80, deck:table: 0x1ff87318, _saved_d_u:true, original_mod:table: 0x1f9e9d90 (more...)}
	 banned_cards = table: 0x202169f8  {1:table: 0x1fa853a0, 2:table: 0x1fc355d0, 3:table: 0x20de3a50, 4:table: 0x1f1cccc8}
	 banned_tags = table: 0x21282fb8  {}
	 banned_other = table: 0x21282fe0  {}
	 row_cards = table: 0x227d71a8  {1:table: 0x227d71d0, 2:table: 0x1fb5db70, 3:table: 0x1fb5db98, 4:table: 0x225c0290, 5:table: 0x22145690}
	 n_rows = number: 5
	 max_width = number: 8
	 card_size = number: 0.35
	 (for generator) = C function: builtin#6
	 (for state) = table: 0x227d71a8  {1:table: 0x227d71d0, 2:table: 0x1fb5db70, 3:table: 0x1fb5db98, 4:table: 0x225c0290, 5:table: 0x22145690}
	 (for control) = number: 4
	 _ = number: 4
	 row_card = table: 0x225c0290  {1:table: 0x1ff87e48, 2:table: 0x1ff87ea8, 3:table: 0x1ff87f08, 4:table: 0x1ff87f68, 5:table: 0x1ff87fc8, 6:table: 0x1ff88028, 7:table: 0x1ff88088 (more...)}
	 banned_card_area = table: 0x1f1ccd30  {velocity:table: 0x221d6788, click_offset:table: 0x1f1cce30, static_rotation:false, children:table: 0x1f6063d0, shuffle_amt:0, cards:table: 0x1f6063a8 (more...)}
	 (for generator) = C function: builtin#6
	 (for state) = table: 0x225c0290  {1:table: 0x1ff87e48, 2:table: 0x1ff87ea8, 3:table: 0x1ff87f08, 4:table: 0x1ff87f68, 5:table: 0x1ff87fc8, 6:table: 0x1ff88028, 7:table: 0x1ff88088 (more...)}
	 (for control) = number: 3
	 k = number: 3
	 v = table: 0x1ff87f08  {id:j_cry_booster}
(9) Lua function '?' at file 'functions/button_callbacks.lua:1325' (best guess)
	Local variables:
	 e = table: 0x2133c908  {pixellated_rect:table: 0x208c25c0, click_offset:table: 0x235e57c0, children:table: 0x2133c930, parent:table: 0x2133c768, T:table: 0x20c04478 (more...)}
	 _infotip_object = table: 0x219b67d0  {click_offset:table: 0x2043da80, children:table: 0x219b67f8, parent:table: 0x219b6630, T:table: 0x2043d990, offset:table: 0x2043e780, role:table: 0x2043e9f0 (more...)}
	 tab_contents = table: 0x21e92240  {click_offset:table: 0x222d3388, children:table: 0x21e92268, parent:table: 0x21e920a0, T:table: 0x222d3110, offset:table: 0x222d3238, role:table: 0x20f70018 (more...)}
	 (*temporary) = table: 0x213065f8  {object:table: 0x2258ae38, colour:table: 0x1f1580c8, id:tab_contents}
	 (*temporary) = table: 0x1f215520  {remove_group:function: 0x1f0dcac0, draw:function: 0x1f0dcb40, print_topology:function: 0x1f26a7d0, recalculate:function: 0x1f0dcb60, init:function: 0x1f1253c8 (more...)}
	 (*temporary) = table: 0x200ff8b8  {}
(10) Lua method 'click' at file 'engine/ui.lua:988'
	Local variables:
	 self = table: 0x2133c908  {pixellated_rect:table: 0x208c25c0, click_offset:table: 0x235e57c0, children:table: 0x2133c930, parent:table: 0x2133c768, T:table: 0x20c04478 (more...)}
(11) Lua method 'update' at file 'engine/controller.lua:375'
	Local variables:
	 self = table: 0x1f8c2c28  {held_button_times:table: 0x1f8c34f8, focus_cursor_stack_level:1, snap_cursor_to:table: 0x21555d90, interrupt:table: 0x1f8c3548, GAMEPAD:table: 0x1f8c3d78 (more...)}
	 dt = number: 0.016749
(12) Lua upvalue 'gameUpdateRef' at file 'game.lua:2817'
	Local variables:
	 self = table: 0x1efc8778  {F_GUIDE:false, F_CRASH_REPORTS:false, F_QUIT_BUTTON:true, HUD_tags:table: 0x23984af0, F_ENGLISH_ONLY:false, viewed_stake:1, CHALLENGE_PAGE_SIZE:10 (more...)}
	 dt = number: 0
(13) Lua upvalue 'upd' at Steamodded file 'src/ui.lua:84' 
	Local variables:
	 self = table: 0x1efc8778  {F_GUIDE:false, F_CRASH_REPORTS:false, F_QUIT_BUTTON:true, HUD_tags:table: 0x23984af0, F_ENGLISH_ONLY:false, viewed_stake:1, CHALLENGE_PAGE_SIZE:10 (more...)}
	 dt = number: 0.016749
(14) Lua upvalue 'gu' at file 'main.lua:2095'
	Local variables:
	 self = table: 0x1efc8778  {F_GUIDE:false, F_CRASH_REPORTS:false, F_QUIT_BUTTON:true, HUD_tags:table: 0x23984af0, F_ENGLISH_ONLY:false, viewed_stake:1, CHALLENGE_PAGE_SIZE:10 (more...)}
	 dt = number: 0.016749
(15) Lua upvalue 'upd' at file 'lib/gameset.lua:27' (from mod with id Cryptid)
	Local variables:
	 self = table: 0x1efc8778  {F_GUIDE:false, F_CRASH_REPORTS:false, F_QUIT_BUTTON:true, HUD_tags:table: 0x23984af0, F_ENGLISH_ONLY:false, viewed_stake:1, CHALLENGE_PAGE_SIZE:10 (more...)}
	 dt = number: 0.016749
(16) Lua method 'update' at file 'lib/overrides.lua:323' (from mod with id Cryptid)
	Local variables:
	 self = table: 0x1efc8778  {F_GUIDE:false, F_CRASH_REPORTS:false, F_QUIT_BUTTON:true, HUD_tags:table: 0x23984af0, F_ENGLISH_ONLY:false, viewed_stake:1, CHALLENGE_PAGE_SIZE:10 (more...)}
	 dt = number: 0.016749
(17) Lua upvalue 'love_update_ref' at file 'main.lua:1015'
	Local variables:
	 dt = number: 0.016749
(18) Lua upvalue 'oldupd' at file 'modules/controller.lua:1027' (from lovely module handy/controller)
	Local variables:
	 dt = number: 0.016749
(19) Lua field 'update' at file 'main.lua:2128'
	Local variables:
	 dt = number: 0.016749
(20) Lua function '?' at file 'main.lua:934' (best guess)
(21) global C function 'xpcall'
(22) LÖVE function at file 'boot.lua:377' (best guess)
	Local variables:
	 func = Lua function '?' (defined at line 905 of chunk main.lua)
	 inerror = boolean: true
	 deferErrhand = Lua function '(LÖVE Function)' (defined at line 348 of chunk [love "boot.lua"])
	 earlyinit = Lua function '(LÖVE Function)' (defined at line 355 of chunk [love "boot.lua"])

INFO - [G] line not found
INFO - [G] line not found
INFO - [G] file not found: functions/button_callbacks.lua: No such file or directory
INFO - [G] file not found: main.lua: No such file or directory
INFO - [G] file not found: main.lua: No such file or directory
INFO - [G] 2025-08-08 14:00:02 :: INFO  :: StackTrace :: Additional Context:
Balatro Version: 1.0.1o-FULL
Modded Version: 1.0.0~BETA-0711a-STEAMODDED
LÖVE Version: 11.5.0
Lovely Version: 0.8.0
Platform: Windows
Steamodded Mods:
    1: Talisman by MathIsFun_, Mathguy24, jenwalter666, cg-223 [ID: Talisman, Version: 2.3.4, Uses Lovely]
        Break Infinity: omeganum
    2: Handy by SleepyG11 [ID: Handy, Version: 1.5.1f, Uses Lovely]
    3: More Speed by Steamo [ID: MoreSpeed]
    4: Cryptid by MathIsFun_, Cryptid and Balatro Discords [ID: Cryptid, Priority: 114, Version: 0.5.10, Uses Lovely]
Lovely Mods:
