INFO - [♥] Lovely 0.8.0
INFO - [♥] Game directory is at "C:\\Program Files (x86)\\Steam\\steamapps\\common\\Balatro"
INFO - [♥] Writing logs to "C:\\Users\\evan\\AppData\\Roaming\\Balatro\\Mods\\lovely\\log"
INFO - [♥] Using mod directory at "C:\\Users\\evan\\AppData\\Roaming\\Balatro\\Mods"
INFO - [♥] Found .lovelyignore in 'Talisman', skipping it.
WARN - [♥] Unknown key `patches.1.?.match_indent` found in patch file at "C:\\Users\\evan\\AppData\\Roaming\\Balatro\\Mods\\Cartomancer\\lovely\\blinds-info.toml", ignoring it
WARN - [♥] Unknown key `patches.2.?.match_indent` found in patch file at "C:\\Users\\evan\\AppData\\Roaming\\Balatro\\Mods\\Cartomancer\\lovely\\stackable-deck-steamodded.toml", ignoring it
WARN - [♥] Unknown key `patches.4.?.match_indent` found in patch file at "C:\\Users\\evan\\AppData\\Roaming\\Balatro\\Mods\\Cartomancer\\lovely\\stackable-deck-steamodded.toml", ignoring it
WARN - [♥] Unknown key `patches.6.?.match_indent` found in patch file at "C:\\Users\\evan\\AppData\\Roaming\\Balatro\\Mods\\Cartomancer\\lovely\\stackable-deck-steamodded.toml", ignoring it
WARN - [♥] Unknown key `patches.20.?.match_indent` found in patch file at "C:\\Users\\evan\\AppData\\Roaming\\Balatro\\Mods\\Cryptid\\lovely\\code.toml", ignoring it
WARN - [♥] Unknown key `patches.1.?.match_indent` found in patch file at "C:\\Users\\evan\\AppData\\Roaming\\Balatro\\Mods\\HandyBalatro\\lovely\\controls_misc.toml", ignoring it
WARN - [♥] Unknown key `patches.1.?.overwrite` found in patch file at "C:\\Users\\evan\\AppData\\Roaming\\Balatro\\Mods\\HandyBalatro\\lovely\\controls_misc.toml", ignoring it
WARN - [♥] Unknown key `patches.0.?.overwrite` found in patch file at "C:\\Users\\evan\\AppData\\Roaming\\Balatro\\Mods\\HandyBalatro\\lovely\\controls_show_deck_preview.toml", ignoring it
WARN - [♥] Unknown key `patches.10.?.match_indent` found in patch file at "C:\\Users\\evan\\AppData\\Roaming\\Balatro\\Mods\\Saturn\\lovely\\rem_anim.toml", ignoring it
WARN - [♥] Unknown key `patches.10.?.overwrite` found in patch file at "C:\\Users\\evan\\AppData\\Roaming\\Balatro\\Mods\\Saturn\\lovely\\rem_anim.toml", ignoring it
INFO - [♥] Cleaning up dumps directory at "C:\\Users\\evan\\AppData\\Roaming\\Balatro\\Mods\\lovely\\dump"
INFO - [♥] Initialization complete in 91ms
WARN - [♥] Pattern 'modded and {' on target 'main.lua' for pattern patch from Cartomancer\lovely\stackable-deck-steamodded-0.9.8.toml resulted in no matches
INFO - [♥] Applied 19 patches to 'main.lua'
WARN - [♥] Pattern 'local debugplus = require(\"debugplus.core\")\ndebugplus.handleKeys(self, key, dt)\n' on target 'engine/controller.lua' for pattern patch from Yorick\lovely\fixes.toml resulted in no matches
INFO - [♥] Applied 12 patches to 'engine/controller.lua'
INFO - [♥] Applied 15 patches to 'back.lua'
INFO - [♥] Applied 18 patches to 'tag.lua'
INFO - [♥] Applied 1 patch to 'engine/event.lua'
INFO - [♥] Applied 1 patch to 'engine/node.lua'
INFO - [♥] Applied 2 patches to 'engine/moveable.lua'
INFO - [♥] Applied 2 patches to 'engine/sprite.lua'
INFO - [♥] Applied 2 patches to 'engine/animatedsprite.lua'
INFO - [♥] Applied 81 patches to 'functions/misc_functions.lua'
WARN - [♥] Regex 'card\\:start_materialize\\(\\)\\n\\s+G\\.shop_vouchers\\:emplace\\(card\\)\\n\\s+end' on target 'game.lua' for regex patch from Cryptid\lovely\Voucher.toml resulted in no matches
INFO - [♥] Applied 93 patches to 'game.lua'
INFO - [♥] Applied 1 patch to 'globals.lua'
WARN - [♥] Pattern 'self.config.chosen = true' on target 'engine/ui.lua' for pattern patch from Cartomancer\lovely\vanilla-ui.toml resulted in no matches
INFO - [♥] Applied 6 patches to 'engine/ui.lua'
INFO - [♥] Applied 151 patches to 'functions/UI_definitions.lua'
WARN - [♥] Pattern 'ease_to = G.GAME.chips + math.floor(hand_chips * mult) * (e and e.antiscore and -1 or 1),' on target 'functions/state_events.lua' for pattern patch from Cryptid\lovely\blind.toml resulted in no matches
WARN - [♥] Pattern 'if reps[j] ~= 1 then' on target 'functions/state_events.lua' for pattern patch from Cryptid\lovely\misc.toml resulted in no matches
WARN - [♥] Pattern 'if effects[ii].card then' on target 'functions/state_events.lua' for pattern patch from HandyBalatro\lovely\controls_animation_skip.toml resulted in no matches
WARN - [♥] Pattern 'if effects[ii].card then' on target 'functions/state_events.lua' for pattern patch from Saturn\lovely\rem_anim.toml resulted in no matches
WARN - [♥] Pattern 'if SMODS.has_enhancement(scoring_hand[i], \'m_glass\') and scoring_hand[i]:can_calculate() and pseudorandom(\'glass\') < G.GAME.probabilities.normal/(scoring_hand[i].ability.name == \'Glass Card\' and scoring_hand[i].ability.extra or G.P_CENTERS.m_glass.config.extra) then' on target 'functions/state_events.lua' for pattern patch from Cryptid\lovely\Probability.toml resulted in no matches
WARN - [♥] Regex '(?<indent>[\\t ]*)if destroyed then \\n' on target 'functions/state_events.lua' for regex patch from Cryptid\lovely\seal.toml resulted in no matches
INFO - [♥] Applied 91 patches to 'functions/state_events.lua'
WARN - [♥] Pattern 'func = (function() if eval_func(card) then if not first or first then card:juice_up(0.1, 0.1) end;juice_card_until(card, eval_func, nil, 0.8) end return true end)' on target 'functions/common_events.lua' for pattern patch from HandyBalatro\lovely\controls_animation_skip.toml resulted in no matches
WARN - [♥] Pattern 'func = (function() if eval_func(card) then if not first or first then card:juice_up(0.1, 0.1) end;juice_card_until(card, eval_func, nil, 0.8) end return true end)' on target 'functions/common_events.lua' for pattern patch from HandyBalatro\lovely\controls_animation_skip.toml resulted in no matches
WARN - [♥] Pattern 'func = (function() if eval_func(card) then if not first or first then card:juice_up(0.1, 0.1) end;juice_card_until(card, eval_func, nil, 0.8) end return true end)' on target 'functions/common_events.lua' for pattern patch from Saturn\lovely\rem_anim.toml resulted in no matches
WARN - [♥] Pattern 'func = (function() card:juice_up(0.7);return true end)' on target 'functions/common_events.lua' for pattern patch from Saturn\lovely\rem_anim.toml resulted in no matches
WARN - [♥] Pattern 'if card then card:juice_up(0.8, 0.5) end' on target 'functions/common_events.lua' for pattern patch from Saturn\lovely\rem_anim.toml resulted in no matches
WARN - [♥] Pattern 'card:juice_up(0.6, 0.1)' on target 'functions/common_events.lua' for pattern patch from Saturn\lovely\rem_anim.toml resulted in no matches
WARN - [♥] Pattern 'func = (function() if eval_func(card) then if not first or first then card:juice_up(0.1, 0.1) end;juice_card_until(card, eval_func, nil, 0.8) end return true end)' on target 'functions/common_events.lua' for pattern patch from Saturn\lovely\rem_anim.toml resulted in no matches
WARN - [♥] Pattern 'func = (function() if eval_func(card) then if not first or first then card:juice_up(0.1, 0.1) end;juice_card_until(card, eval_func, nil, 0.8) end return true end)' on target 'functions/common_events.lua' for pattern patch from Saturn\lovely\rem_anim.toml resulted in no matches
INFO - [♥] Applied 180 patches to 'functions/common_events.lua'
WARN - [♥] Pattern 'if #G.hand.highlighted <= 0 or G.GAME.blind.block_play or #G.hand.highlighted > 5 then' on target 'functions/button_callbacks.lua' for pattern patch from CardSleeves\lovely\expected_to_fail.toml resulted in no matches
INFO - [♥] Applied 79 patches to 'functions/button_callbacks.lua'
WARN - [♥] Pattern 'if G.GAME.blind then G.E_MANAGER:add_event(Event({ func = function() G.GAME.blind:set_blind(nil, true, nil); return true end })) end' on target 'card.lua' for pattern patch from Saturn\lovely\rem_anim.toml resulted in no matches
WARN - [♥] Pattern 'G.E_MANAGER:add_event(Event({func = (function() G.GAME.dollar_buffer = 0; return true end)}))' on target 'card.lua' for pattern patch from Saturn\lovely\rem_anim.toml resulted in no matches
WARN - [♥] Pattern 'Xmult_mod = G.P_CENTERS.v_observatory.config.extra' on target 'card.lua' for pattern patch from Saturn\lovely\stack.toml resulted in no matches
WARN - [♥] Pattern 'message = localize{type = \'variable\', key = \'a_xmult\', vars = {G.P_CENTERS.v_observatory.config.extra}},' on target 'card.lua' for pattern patch from Saturn\lovely\stack.toml resulted in no matches
WARN - [♥] Pattern 'local card = copy_card(pseudorandom_element(G.consumeables.cards, pseudoseed(\'perkeo\')), nil)' on target 'card.lua' for pattern patch from Saturn\lovely\stack.toml resulted in no matches
WARN - [♥] Regex 'self.params.viewed_back and G.GAME.viewed_back or G.GAME.selected_back' on target 'card.lua' for regex patch from CardSleeves\lovely\expected_to_fail.toml resulted in no matches
INFO - [♥] Applied 283 patches to 'card.lua'
INFO - [♥] Applied 30 patches to 'cardarea.lua'
INFO - [♥] Applied 43 patches to 'blind.lua'
INFO - [♥] Applied 2 patches to 'card_character.lua'
INFO - [♥] Applied 2 patches to 'engine/text.lua'
WARN - [♥] Pattern 'if eff.retrigger_flag then SMODS.calculate_effect(eff, eff.card); j = j+1; _, eff = next(reps[j]) end' on target '=[SMODS _ "src/utils.lua"]' for pattern patch from Cryptid\lovely\misc.toml resulted in no matches
INFO - [♥] Applied 13 patches to '=[SMODS _ "src/utils.lua"]'
WARN - [♥] Pattern 'card_limit = #SUITS[suit_map[j]],' on target '=[SMODS _ "src/overrides.lua"]' for pattern patch from Cartomancer\lovely\stackable-deck-steamodded.toml resulted in no matches
WARN - [♥] Pattern 'card_limit = #SUITS[visible_suit[j]],' on target '=[SMODS _ "src/overrides.lua"]' for pattern patch from Cartomancer\lovely\stackable-deck-steamodded.toml resulted in no matches
WARN - [♥] Regex '\t\t\tfor i = 1\\, \\#SUITS\\[suit_map\\[j\\]\\] do\n\t\t\t\tif SUITS\\[suit_map\\[j\\]\\]\\[i\\] then\n\t\t\t\t\tlocal greyed\\, _scale = nil\\, 0\\.7\n\t\t\t\t\tif unplayed_only and not \\(\\(SUITS\\[suit_map\\[j\\]\\]\\[i\\]\\.area and SUITS\\[suit_map\\[j\\]\\]\\[i\\]\\.area == G\\.deck\\) or SUITS\\[suit_map\\[j\\]\\]\\[i\\]\\.ability\\.wheel_flipped\\) then\n\t\t\t\t\t\tgreyed = true\n\t\t\t\t\tend\n\t\t\t\t\tlocal copy = copy_card\\(SUITS\\[suit_map\\[j\\]\\]\\[i\\]\\, nil\\, _scale[^\\)\\n]*\\)\n\t\t\t\t\tcopy\\.greyed = greyed\n\t\t\t\t\tcopy\\.T\\.x = view_deck\\.T\\.x \\+ view_deck\\.T\\.w \\/ 2\n\t\t\t\t\tcopy\\.T\\.y = view_deck\\.T\\.y\n\n\t\t\t\t\tcopy:hard_set_T\\(\\)\n\t\t\t\t\tview_deck:emplace\\(copy\\)\n\t\t\t\tend\n\t\t\tend' on target '=[SMODS _ "src/overrides.lua"]' for regex patch from Cartomancer\lovely\stackable-deck-steamodded.toml resulted in no matches
INFO - [♥] Applied 14 patches to '=[SMODS _ "src/overrides.lua"]'
WARN - [♥] Pattern 'x_mult = card.ability.extra' on target '=[SMODS _ "src/game_object.lua"]' for pattern patch from Saturn\lovely\stack.toml resulted in no matches
INFO - [♥] Applied 2 patches to '=[SMODS _ "src/game_object.lua"]'
INFO - [G] Failed to connect to the debug server
INFO - [G] 2025-08-20 08:24:47 :: DEBUG :: DebugConsole :: Steamodded Debug Socket started !
INFO - [G] 2025-08-20 08:24:47 :: INFO  :: SMODS :: Steamodded v1.0.0~BETA-0711a
INFO - [G] Order not set for config dictionary: misc_quick_restart
INFO - [G] Order not set for config dictionary: speed_multiplier_default_value
INFO - [G] Order not set for config dictionary: misc_save_run
INFO - [G] Order not set for config dictionary: animation_skip_default_value
INFO - [♥] Applied 9 patches to 'engine/sound_manager.lua'
INFO - [♥] Applied 1 patch to 'engine/save_manager.lua'
INFO - [♥] Applied 4 patches to '=[SMODS _ "src/card_draw.lua"]'
INFO - [G] 2025-08-20 08:24:48 :: INFO  :: Loader :: Valid JSON file found
INFO - [G] 2025-08-20 08:24:48 :: TRACE :: Loader :: Processing Mod file (Legacy header): mod.lua
INFO - [G] 2025-08-20 08:24:48 :: TRACE :: Loader :: Saving Mod Info: cartomancer
INFO - [G] 2025-08-20 08:24:48 :: INFO  :: Loader :: Valid JSON file found
INFO - [G] 2025-08-20 08:24:48 :: INFO  :: Loader :: Valid JSON file found
INFO - [G] 2025-08-20 08:24:48 :: TRACE :: Loader :: Processing Mod file (Legacy header): steamodded.lua
INFO - [G] 2025-08-20 08:24:48 :: WARN  :: Loader :: Duplicate Mod ID: Handy
INFO - [G] 2025-08-20 08:24:48 :: INFO  :: Loader :: Valid JSON file found
INFO - [G] 2025-08-20 08:24:48 :: TRACE :: Loader :: Processing Mod file (Legacy header): MoreSpeeds.lua
INFO - [G] 2025-08-20 08:24:48 :: TRACE :: Loader :: Saving Mod Info: MoreSpeed
INFO - [G] 2025-08-20 08:24:48 :: ERROR :: Loader :: Found invalid metadata JSON file at C:\Users\evan\AppData\Roaming\Balatro\Mods/Steamopollys-MoreSpeed-0.8.2/manifest.json, ignoring: [SMODS _ "src/loader.lua"]:226: id
INFO - [G] 2025-08-20 08:24:48 :: TRACE :: Loader :: Processing Mod file (Legacy header): steamodded_metadata.lua
INFO - [G] 2025-08-20 08:24:48 :: TRACE :: Loader :: Saving Mod Info: Talisman
INFO - [G] 2025-08-20 08:24:48 :: INFO  :: Loader :: Valid JSON file found
INFO - [G] 2025-08-20 08:24:48 :: INFO  :: CardSleeves :: CardSleeves v1.8.0 loaded~!
INFO - [G] 2025-08-20 08:24:48 :: TRACE :: Loader :: Mod Talisman was unable to load: 
INFO - [G] 2025-08-20 08:24:48 :: WARN  :: Atlas :: Detected duplicate register call on object yorick_modicon
INFO - [G] 2025-08-20 08:24:48 :: TRACE :: Loader :: Mod Cryptid was unable to load: Missing Dependencies: 1: Talisman (>=2.2.0a)


INFO - [G] 2025-08-20 08:24:48 :: INFO  :: TIMER :: [0000] Injected Fonts in 0.001 ms
INFO - [G] 2025-08-20 08:24:48 :: INFO  :: TIMER :: [0000] Injected Language in 0.004 ms
INFO - [G] 2025-08-20 08:24:48 :: INFO  :: TIMER :: [0000] Injected [INTERNAL] in 1.489 ms
INFO - [G] 2025-08-20 08:24:48 :: INFO  :: TIMER :: [0006] Injected Atlas in 448.915 ms
INFO - [G] 2025-08-20 08:24:48 :: INFO  :: TIMER :: [0001] Injected Sound in 0.194 ms
INFO - [G] 2025-08-20 08:24:48 :: INFO  :: TIMER :: [0008] Injected Stake in 0.285 ms
INFO - [G] 2025-08-20 08:24:48 :: INFO  :: TIMER :: [0004] Injected Rarity in 0.056 ms
INFO - [G] 2025-08-20 08:24:48 :: INFO  :: TIMER :: [0004] Injected ObjectType in 0.085 ms
INFO - [G] 2025-08-20 08:24:48 :: INFO  :: TIMER :: [0067] Injected Center in 0.617 ms
INFO - [G] 2025-08-20 08:24:49 :: INFO  :: TIMER :: [0007] Injected Undiscovered Sprite in 0.046 ms
INFO - [G] 2025-08-20 08:24:49 :: INFO  :: TIMER :: [0002] Injected Blind in 0.035 ms
INFO - [G] 2025-08-20 08:24:49 :: INFO  :: TIMER :: [0004] Injected Seal in 0.202 ms
INFO - [G] 2025-08-20 08:24:49 :: INFO  :: TIMER :: [0004] Injected Suit in 0.109 ms
INFO - [G] 2025-08-20 08:24:49 :: INFO  :: TIMER :: [0013] Injected Rank in 0.530 ms
INFO - [G] 2025-08-20 08:24:49 :: INFO  :: TIMER :: [0028] Injected DeckSkin in 0.210 ms
INFO - [G] 2025-08-20 08:24:49 :: INFO  :: TIMER :: [0012] Injected PokerHand in 0.078 ms
INFO - [G] 2025-08-20 08:24:49 :: INFO  :: TIMER :: [0020] Injected Challenge in 0.039 ms
INFO - [G] 2025-08-20 08:24:49 :: INFO  :: TIMER :: [0000] Injected Tag in 0.001 ms
INFO - [G] 2025-08-20 08:24:49 :: INFO  :: TIMER :: [0004] Injected Sticker in 0.488 ms
INFO - [G] 2025-08-20 08:24:49 :: INFO  :: TIMER :: [0000] Injected Shader in 0.002 ms
INFO - [G] 2025-08-20 08:24:49 :: INFO  :: TIMER :: [0002] Injected Keybind in 0.018 ms
INFO - [G] 2025-08-20 08:24:49 :: INFO  :: TIMER :: [0000] Injected Achievement in 0.042 ms
INFO - [G] 2025-08-20 08:24:49 :: INFO  :: TIMER :: [0002] Injected nil in 0.019 ms
INFO - [G] 2025-08-20 08:24:49 :: INFO  :: TIMER :: [0021] Injected Draw Step in 0.097 ms
INFO - [G] 2025-08-20 08:24:49 :: INFO  :: TIMER :: [0000] Injected [INTERNAL] in 3.545 ms
INFO - [G] line not found
INFO - [G] file not found: main.lua: No such file or directory
INFO - [G] file not found: main.lua: No such file or directory
INFO - [G] file not found: functions/UI_definitions.lua: No such file or directory
INFO - [G] file not found: functions/button_callbacks.lua: No such file or directory
INFO - [G] file not found: functions/button_callbacks.lua: No such file or directory
INFO - [G] file not found: main.lua: No such file or directory
INFO - [G] file not found: main.lua: No such file or directory
INFO - [G] 2025-08-20 08:24:53 :: ERROR :: StackTrace :: Oops! The game crashed
functions/UI_definitions.lua:6564: attempt to call a nil value
Stack Traceback
===============
(1) Lua local 'handler' at file 'main.lua:612'
	Local variables:
	 msg = string: "functions/UI_definitions.lua:6564: attempt to call a nil value"
	 (*temporary) = Lua function '?' (defined at line 31 of chunk [SMODS _ "src/logging.lua"])
	 (*temporary) = string: "Oops! The game crashed\
"
(2) LÖVE function at file 'boot.lua:352' (best guess)
	Local variables:
	 errhand = Lua function '?' (defined at line 598 of chunk main.lua)
	 handler = Lua function '?' (defined at line 598 of chunk main.lua)
(3) Lua upvalue 'gurso' at file 'functions/UI_definitions.lua:6564'
	Local variables:
	 type = string: "New Run"
	 area = table: 0x0a2e92b8  {velocity:table: 0x0a2e35a0, click_offset:table: 0x09f487e8, static_rotation:false, children:table: 0x0a1d7048, shuffle_amt:0, cards:table: 0x0a1d7020 (more...)}
	 ordered_names = table: 0x0a2a9b50  {1:Red Deck, 2:Blue Deck, 3:Yellow Deck, 4:Green Deck, 5:Black Deck, 6:Magic Deck, 7:Nebula Deck, 8:Ghost Deck, 9:Abandoned Deck, 10:Checkered Deck (more...)}
	 viewed_deck = number: 1
	 lwidth = number: 1.4
	 rwidth = number: 1.8
	 type_colour = table: 0x09e21aa8  {1:0, 2:0.6156862745098, 3:1, 4:1}
	 scale = number: 0.39
	 (*temporary) = table: 0x0a25ac70  {n:7, config:table: 0x0a25ac98}
	 (*temporary) = table: 0x0a571658  {1:table: 0x0a25ad28, 2:table: 0x0a769358, 3:table: 0x0abf5388}
	 (*temporary) = table: 0x0a690758  {n:4, config:table: 0x0ac91960}
	 (*temporary) = table: 0x0a087258  {1:table: 0x0a0872a8, 2:table: 0x0a570208, 3:table: 0x0a501f60}
	 (*temporary) = table: 0x0a2e1280  {n:3, config:table: 0x0a2e1310}
	 (*temporary) = table: 0x0a2e1370  {}
	 (*temporary) = table: 0x0a2e13b0  {n:5}
	 (*temporary) = table: 0x0a501fc0  {}
	 (*temporary) = nil
	 (*temporary) = string: "gameset_sprite"
	 (*temporary) = table: 0x0a501f00  {set_button_pip:true, button:x}
	 (*temporary) = string: "focus_args"
	 (*temporary) = nil
	 (*temporary) = string: "PLAY"
	 (*temporary) = string: "b_play_cap"
	 (*temporary) = table: 0x0a566570  {1:table: 0x0a5665b0}
	 (*temporary) = table: 0x0a5665b0  {nodes:table: 0x0a570108, n:3, config:table: 0x0a560a98}
	 (*temporary) = table: 0x0a570108  {1:table: 0x0a570148}
	 (*temporary) = table: 0x0a570148  {config:table: 0x0a5701a8, n:5}
	 (*temporary) = table: 0x0a5701a8  {object:table: 0x09fcf578}
	 (*temporary) = table: 0x09fcf578  {click_offset:table: 0x09fcf6a0, children:table: 0x09f55df8, sprite_pos:table: 0x09fcf550, T:table: 0x09fcf678, offset:table: 0x0a1f5498, role:table: 0x0a27c0f8 (more...)}
	 (*temporary) = number: 0
	 (*temporary) = string: "attempt to call a nil value"
(4) Lua upvalue 'old_uidef_run_setup_option' at Steamodded file 'src/ui.lua:1918' 
	Local variables:
	 _type = string: "New Run"
(5) Lua field 'tab_definition_function' at file 'CardSleeves.lua:1668' (from mod with id CardSleeves)
	Local variables:
	 _type = string: "New Run"
(6) Lua global 'create_tabs' at file 'functions/UI_definitions.lua:2252'
	Local variables:
	 args = table: 0x0a068d50  {tabs:table: 0x0a068d78, colour:table: 0x09e21af8, text_scale:0.5, tab_h:0, current:table: 0x09f21060, tab_w:0, scale:1, tab_alignment:cm, snap_to_nav:true (more...)}
	 tab_buttons = table: 0x0a2449c0  {1:table: 0x0a0927b0, 2:table: 0x0acc3208, 3:table: 0x0a56bb38}
	 (*temporary) = table: 0x0a569a48  {n:4, config:table: 0x0a5b8430}
	 (*temporary) = table: 0x0a5626e0  {1:table: 0x0a562720}
	 (*temporary) = table: 0x0a665778  {n:4, config:table: 0x0a04fbe8}
	 (*temporary) = table: 0x0a5035a8  {}
	 (*temporary) = table: 0x0a250ed8  {n:5}
	 (*temporary) = table: 0x0a04fc10  {id:tab_contents}
	 (*temporary) = table: 0x09dfda00  {remove_group:function: 0x09d3c298, draw:function: 0x09d3c318, print_topology:function: 0x09e076a8, recalculate:function: 0x09d3c338, init:function: 0x09ddcb40 (more...)}
	 (*temporary) = table: 0x0a04fc70  {}
(7) Lua field 'run_setup' at file 'functions/UI_definitions.lua:5716'
	Local variables:
	 from_game_over = boolean: false
	 _challenge_chosen = boolean: false
	 _can_continue = nil
	 (*temporary) = Lua function '?' (defined at line 6761 of chunk functions/UI_definitions.lua)
	 (*temporary) = table: 0x0a2ef598  {no_esc:false, no_back:false}
	 (*temporary) = table: 0x0a278070  {}
	 (*temporary) = table: 0x09f762f8  {n:4, config:table: 0x09f76388}
	 (*temporary) = table: 0x0a068d10  {}
(8) Lua function '?' at file 'functions/button_callbacks.lua:1590' (best guess)
	Local variables:
	 e = table: 0x0a05a638  {pixellated_rect:table: 0x0a245ca0, click_offset:table: 0x0ad71f90, static_rotation:true, parent:table: 0x0a1dfc70, T:table: 0x0ace2988, offset:table: 0x0aca5a40 (more...)}
	 (*temporary) = Lua function '?' (defined at line 1343 of chunk functions/button_callbacks.lua)
	 (*temporary) = table: 0x0a657fe8  {}
(9) Lua method 'click' at file 'engine/ui.lua:981'
	Local variables:
	 self = table: 0x0a05a638  {pixellated_rect:table: 0x0a245ca0, click_offset:table: 0x0ad71f90, static_rotation:true, parent:table: 0x0a1dfc70, T:table: 0x0ace2988, offset:table: 0x0aca5a40 (more...)}
(10) Lua method 'update' at file 'engine/controller.lua:380'
	Local variables:
	 self = table: 0x0a595e08  {held_button_times:table: 0x0a596660, focus_cursor_stack_level:1, snap_cursor_to:table: 0x0a5af8f0, interrupt:table: 0x0a5966b0, r_cursor_up:table: 0x0a5964f8 (more...)}
	 dt = number: 0.0167162
(11) Lua upvalue 'gameUpdateRef' at file 'game.lua:2824'
	Local variables:
	 self = table: 0x09dddbc0  {F_GUIDE:false, F_CRASH_REPORTS:false, F_QUIT_BUTTON:true, F_ENGLISH_ONLY:false, viewed_stake:1, sort_id:12, F_DISCORD:true, STAGE:1, F_MOBILE_UI:false (more...)}
	 dt = number: 0.0167162
(12) Lua upvalue 'gameUpdateRef' at Steamodded file 'src/ui.lua:84' 
	Local variables:
	 self = table: 0x09dddbc0  {F_GUIDE:false, F_CRASH_REPORTS:false, F_QUIT_BUTTON:true, F_ENGLISH_ONLY:false, viewed_stake:1, sort_id:12, F_DISCORD:true, STAGE:1, F_MOBILE_UI:false (more...)}
	 dt = number: 0.0167162
(13) Lua method 'update' at line 32 of chunk '"5060"]'
	Local variables:
	 self = table: 0x09dddbc0  {F_GUIDE:false, F_CRASH_REPORTS:false, F_QUIT_BUTTON:true, F_ENGLISH_ONLY:false, viewed_stake:1, sort_id:12, F_DISCORD:true, STAGE:1, F_MOBILE_UI:false (more...)}
	 dt = number: 0.0167162
(14) Lua upvalue 'love_update_ref' at file 'main.lua:1020'
	Local variables:
	 dt = number: 0.0167162
(15) Lua field 'update' at file 'modules/controller.lua:1027' (from lovely module handy/controller)
	Local variables:
	 dt = number: 0.0167162
(16) Lua function '?' at file 'main.lua:934' (best guess)
(17) global C function 'xpcall'
(18) LÖVE function at file 'boot.lua:377' (best guess)
	Local variables:
	 func = Lua function '?' (defined at line 905 of chunk main.lua)
	 inerror = boolean: true
	 deferErrhand = Lua function '(LÖVE Function)' (defined at line 348 of chunk [love "boot.lua"])
	 earlyinit = Lua function '(LÖVE Function)' (defined at line 355 of chunk [love "boot.lua"])

INFO - [G] file not found: functions/UI_definitions.lua: No such file or directory
INFO - [G] file not found: functions/button_callbacks.lua: No such file or directory
INFO - [G] file not found: functions/button_callbacks.lua: No such file or directory
INFO - [G] file not found: main.lua: No such file or directory
INFO - [G] file not found: main.lua: No such file or directory
INFO - [G] 2025-08-20 08:24:53 :: INFO  :: StackTrace :: Additional Context:
Balatro Version: 1.0.1o-FULL
Modded Version: 1.0.0~BETA-0711a-STEAMODDED
LÖVE Version: 11.5.0
Lovely Version: 0.8.0
Platform: Windows
Steamodded Mods:
    1: Card Sleeves by Larswijn [ID: CardSleeves, Priority: -10, Version: 1.8.0, Uses Lovely]
    2: Saturn by OceanRamen [ID: Saturn, Version: 0.2.2-E-ALPHA, Uses Lovely]
    3: Yorick by Somethingcom515 [ID: yorick, Priority: 9, Version: 1.0.0, Uses Lovely]
    4: Handy by SleepyG11 [ID: Handy, Version: 1.5.1f, Uses Lovely]
    5: More Speed by Steamo [ID: MoreSpeed]
    6: Cartomancer by stupxd aka stupid [ID: cartomancer, Priority: 69, Version: 4.16, Uses Lovely]
Lovely Mods:
    1: Cryptid
        Has Steamodded mod that failed to load.
        Missing Dependencies:
            1. Talisman (>=2.2.0a)
