INFO - [♥] Lovely 0.8.0
INFO - [♥] Game directory is at "C:\\Program Files (x86)\\Steam\\steamapps\\common\\Balatro"
INFO - [♥] Writing logs to "C:\\Users\\evan\\AppData\\Roaming\\Balatro\\Mods\\lovely\\log"
INFO - [♥] Using mod directory at "C:\\Users\\evan\\AppData\\Roaming\\Balatro\\Mods"
INFO - [♥] Found .lovelyignore in 'Cryptid', skipping it.
INFO - [♥] Found .lovelyignore in 'DebugPlus', skipping it.
INFO - [♥] Found .lovelyignore in 'MoreFluff', skipping it.
INFO - [♥] Found .lovelyignore in 'Saturn', skipping it.
INFO - [♥] Found .lovelyignore in 'Talisman', skipping it.
INFO - [♥] Found .lovelyignore in 'Yorick', skipping it.
WARN - [♥] Unknown key `patches.1.?.match_indent` found in patch file at "C:\\Users\\evan\\AppData\\Roaming\\Balatro\\Mods\\Cartomancer\\lovely\\blinds-info.toml", ignoring it
WARN - [♥] Unknown key `patches.2.?.match_indent` found in patch file at "C:\\Users\\evan\\AppData\\Roaming\\Balatro\\Mods\\Cartomancer\\lovely\\stackable-deck-steamodded.toml", ignoring it
WARN - [♥] Unknown key `patches.4.?.match_indent` found in patch file at "C:\\Users\\evan\\AppData\\Roaming\\Balatro\\Mods\\Cartomancer\\lovely\\stackable-deck-steamodded.toml", ignoring it
WARN - [♥] Unknown key `patches.6.?.match_indent` found in patch file at "C:\\Users\\evan\\AppData\\Roaming\\Balatro\\Mods\\Cartomancer\\lovely\\stackable-deck-steamodded.toml", ignoring it
WARN - [♥] Unknown key `patches.1.?.match_indent` found in patch file at "C:\\Users\\evan\\AppData\\Roaming\\Balatro\\Mods\\HandyBalatro\\lovely\\controls_misc.toml", ignoring it
WARN - [♥] Unknown key `patches.1.?.overwrite` found in patch file at "C:\\Users\\evan\\AppData\\Roaming\\Balatro\\Mods\\HandyBalatro\\lovely\\controls_misc.toml", ignoring it
WARN - [♥] Unknown key `patches.0.?.overwrite` found in patch file at "C:\\Users\\evan\\AppData\\Roaming\\Balatro\\Mods\\HandyBalatro\\lovely\\controls_show_deck_preview.toml", ignoring it
INFO - [♥] Cleaning up dumps directory at "C:\\Users\\evan\\AppData\\Roaming\\Balatro\\Mods\\lovely\\dump"
INFO - [♥] Initialization complete in 789ms
WARN - [♥] Pattern 'assert(load(nfs.read(Saturn.PATH .. \"/core/logic/hide_played.lua\")))()' on target 'main.lua' for pattern patch from Cartomancer\lovely\saturn-compat.toml resulted in no matches
WARN - [♥] Pattern 'modded and {' on target 'main.lua' for pattern patch from Cartomancer\lovely\stackable-deck-steamodded-0.9.8.toml resulted in no matches
INFO - [♥] Applied 16 patches to 'main.lua'
INFO - [♥] Applied 11 patches to 'engine/controller.lua'
INFO - [♥] Applied 16 patches to 'back.lua'
INFO - [♥] Applied 7 patches to 'tag.lua'
INFO - [♥] Applied 1 patch to 'engine/event.lua'
INFO - [♥] Applied 3 patches to 'engine/moveable.lua'
INFO - [♥] Applied 2 patches to 'engine/sprite.lua'
INFO - [♥] Applied 2 patches to 'engine/animatedsprite.lua'
INFO - [♥] Applied 71 patches to 'functions/misc_functions.lua'
WARN - [♥] Pattern 'self.GAME.pseudorandom.seed = hash_seed(self.GAME.pseudorandom.seed)' on target 'game.lua' for pattern patch from Multiplayer\lovely\TheOrder.toml resulted in no matches
WARN - [♥] Pattern 'if not saveTable then\n    if args.seed then self.GAME.seeded = true end\n    self.GAME.pseudorandom.seed = args.seed or (not (G.SETTINGS.tutorial_complete or G.SETTINGS.tutorial_progress.completed_parts[\'big_blind\']) and \"TUTORIAL\") or generate_starting_seed()\nend\n\nfor k, v in pairs(self.GAME.pseudorandom) do if v == 0 then self.GAME.pseudorandom[k] = pseudohash(k..self.GAME.pseudorandom.seed) end end\nself.GAME.pseudorandom.hashed_seed = pseudohash(self.GAME.pseudorandom.seed)\n' on target 'game.lua' for pattern patch from CardSleeves\lovely\expected_to_match.toml resulted in no matches
INFO - [♥] Applied 54 patches to 'game.lua'
INFO - [♥] Applied 2 patches to 'globals.lua'
WARN - [♥] Pattern 'self.config.chosen = true' on target 'engine/ui.lua' for pattern patch from Cartomancer\lovely\vanilla-ui.toml resulted in no matches
INFO - [♥] Applied 6 patches to 'engine/ui.lua'
INFO - [♥] Applied 128 patches to 'functions/UI_definitions.lua'
WARN - [♥] Pattern 'if effects[ii].card then' on target 'functions/state_events.lua' for pattern patch from HandyBalatro\lovely\controls_animation_skip.toml resulted in no matches
INFO - [♥] Applied 55 patches to 'functions/state_events.lua'
WARN - [♥] Pattern 'func = (function() if eval_func(card) then if not first or first then card:juice_up(0.1, 0.1) end;juice_card_until(card, eval_func, nil, 0.8) end return true end)' on target 'functions/common_events.lua' for pattern patch from HandyBalatro\lovely\controls_animation_skip.toml resulted in no matches
WARN - [♥] Pattern 'func = (function() if eval_func(card) then if not first or first then card:juice_up(0.1, 0.1) end;juice_card_until(card, eval_func, nil, 0.8) end return true end)' on target 'functions/common_events.lua' for pattern patch from HandyBalatro\lovely\controls_animation_skip.toml resulted in no matches
WARN - [♥] Pattern '''
WARN - [♥]         attention_text({
WARN - [♥]           text = text..tostring(math.abs(mod)),''' on target 'functions/common_events.lua' for pattern patch from Multiplayer\lovely\decks.toml resulted in 3 matches, wanted 1
WARN - [♥] Ignoring excess matches
INFO - [♥] Applied 141 patches to 'functions/common_events.lua'
WARN - [♥] Pattern 'if #G.hand.highlighted <= 0 or G.GAME.blind.block_play or #G.hand.highlighted > 5 then' on target 'functions/button_callbacks.lua' for pattern patch from CardSleeves\lovely\expected_to_fail.toml resulted in no matches
INFO - [♥] Applied 63 patches to 'functions/button_callbacks.lua'
WARN - [♥] Regex 'self.params.viewed_back and G.GAME.viewed_back or G.GAME.selected_back' on target 'card.lua' for regex patch from CardSleeves\lovely\expected_to_fail.toml resulted in no matches
INFO - [♥] Applied 207 patches to 'card.lua'
INFO - [♥] Applied 20 patches to 'cardarea.lua'
INFO - [♥] Applied 38 patches to 'blind.lua'
INFO - [♥] Applied 2 patches to 'engine/text.lua'
INFO - [♥] Applied 3 patches to '=[SMODS _ "src/utils.lua"]'
WARN - [♥] Pattern 'card_limit = #SUITS[suit_map[j]],' on target '=[SMODS _ "src/overrides.lua"]' for pattern patch from Cartomancer\lovely\stackable-deck-steamodded.toml resulted in no matches
WARN - [♥] Pattern 'card_limit = #SUITS[visible_suit[j]],' on target '=[SMODS _ "src/overrides.lua"]' for pattern patch from Cartomancer\lovely\stackable-deck-steamodded.toml resulted in no matches
WARN - [♥] Regex '\t\t\tfor i = 1\\, \\#SUITS\\[suit_map\\[j\\]\\] do\n\t\t\t\tif SUITS\\[suit_map\\[j\\]\\]\\[i\\] then\n\t\t\t\t\tlocal greyed\\, _scale = nil\\, 0\\.7\n\t\t\t\t\tif unplayed_only and not \\(\\(SUITS\\[suit_map\\[j\\]\\]\\[i\\]\\.area and SUITS\\[suit_map\\[j\\]\\]\\[i\\]\\.area == G\\.deck\\) or SUITS\\[suit_map\\[j\\]\\]\\[i\\]\\.ability\\.wheel_flipped\\) then\n\t\t\t\t\t\tgreyed = true\n\t\t\t\t\tend\n\t\t\t\t\tlocal copy = copy_card\\(SUITS\\[suit_map\\[j\\]\\]\\[i\\]\\, nil\\, _scale[^\\)\\n]*\\)\n\t\t\t\t\tcopy\\.greyed = greyed\n\t\t\t\t\tcopy\\.T\\.x = view_deck\\.T\\.x \\+ view_deck\\.T\\.w \\/ 2\n\t\t\t\t\tcopy\\.T\\.y = view_deck\\.T\\.y\n\n\t\t\t\t\tcopy:hard_set_T\\(\\)\n\t\t\t\t\tview_deck:emplace\\(copy\\)\n\t\t\t\tend\n\t\t\tend' on target '=[SMODS _ "src/overrides.lua"]' for regex patch from Cartomancer\lovely\stackable-deck-steamodded.toml resulted in no matches
INFO - [♥] Applied 6 patches to '=[SMODS _ "src/overrides.lua"]'
INFO - [♥] Applied 1 patch to '=[SMODS _ "src/game_object.lua"]'
INFO - [G] Failed to connect to the debug server
INFO - [G] 2025-09-14 14:35:18 :: DEBUG :: DebugConsole :: Steamodded Debug Socket started !
INFO - [G] 2025-09-14 14:35:18 :: INFO  :: SMODS :: Steamodded v1.0.0~BETA-0711a
INFO - [G] Order not set for config dictionary: speed_multiplier_default_value
INFO - [G] Order not set for config dictionary: animation_skip_default_value
INFO - [♥] Applied 9 patches to 'engine/sound_manager.lua'
INFO - [♥] Applied 1 patch to 'engine/save_manager.lua'
INFO - [G] 2025-09-14 14:35:19 :: INFO  :: Loader :: Valid JSON file found
INFO - [G] 2025-09-14 14:35:19 :: TRACE :: Loader :: Processing Mod file (Legacy header): mod.lua
INFO - [G] 2025-09-14 14:35:19 :: TRACE :: Loader :: Saving Mod Info: cartomancer
INFO - [G] 2025-09-14 14:35:19 :: INFO  :: Loader :: Valid JSON file found
INFO - [G] 2025-09-14 14:35:20 :: INFO  :: Loader :: Valid JSON file found
INFO - [G] 2025-09-14 14:35:20 :: INFO  :: Loader :: Valid JSON file found
INFO - [G] 2025-09-14 14:35:20 :: TRACE :: Loader :: Processing Mod file (Legacy header): steamodded.lua
INFO - [G] 2025-09-14 14:35:20 :: WARN  :: Loader :: Duplicate Mod ID: Handy
INFO - [G] 2025-09-14 14:35:20 :: TRACE :: Loader :: Processing Mod file (Legacy header): MoreFluff.lua
INFO - [G] 2025-09-14 14:35:20 :: TRACE :: Loader :: Saving Mod Info: MoreFluff
INFO - [G] 2025-09-14 14:35:20 :: INFO  :: Loader :: Valid JSON file found
INFO - [G] 2025-09-14 14:35:21 :: INFO  :: Loader :: Valid JSON file found
INFO - [G] 2025-09-14 14:35:21 :: TRACE :: Loader :: Processing Mod file (Legacy header): MoreSpeeds.lua
INFO - [G] 2025-09-14 14:35:21 :: TRACE :: Loader :: Saving Mod Info: MoreSpeed
INFO - [G] 2025-09-14 14:35:21 :: ERROR :: Loader :: Found invalid metadata JSON file at C:\Users\evan\AppData\Roaming\Balatro\Mods/Steamopollys-MoreSpeed-0.8.2/manifest.json, ignoring: [SMODS _ "src/loader.lua"]:226: id
INFO - [G] 2025-09-14 14:35:21 :: TRACE :: Loader :: Processing Mod file (Legacy header): steamodded_metadata.lua
INFO - [G] 2025-09-14 14:35:21 :: TRACE :: Loader :: Saving Mod Info: Talisman
INFO - [G] 2025-09-14 14:35:21 :: INFO  :: Loader :: Valid JSON file found
INFO - [G] 2025-09-14 14:35:21 :: INFO  :: CardSleeves :: CardSleeves v1.8.0 loaded~!
INFO - [G] 2025-09-14 14:35:21 :: TRACE :: Loader :: Mod DebugPlus was unable to load: 
INFO - [G] 2025-09-14 14:35:21 :: TRACE :: Loader :: Mod MoreFluff was unable to load: 
INFO - [G] 2025-09-14 14:35:21 :: TRACE :: Loader :: Mod Saturn was unable to load: 
INFO - [G] 2025-09-14 14:35:21 :: TRACE :: Loader :: Mod Talisman was unable to load: 
INFO - [G] 2025-09-14 14:35:21 :: TRACE :: Loader :: Mod yorick was unable to load: 
INFO - [G] 2025-09-14 14:35:21 :: TRACE :: Loader :: Mod Cryptid was unable to load: Missing Dependencies: 1: Talisman (>=2.2.0a)


INFO - [G] 2025-09-14 14:35:21 :: DEBUG :: MULTIPLAYER :: Resetting lobby options
INFO - [G] 2025-09-14 14:35:21 :: DEBUG :: MULTIPLAYER :: Resetting game states
INFO - [G] 2025-09-14 14:35:22 :: TRACE :: MULTIPLAYER :: Client sent message: connect
INFO - [G] 2025-09-14 14:35:22 :: INFO  :: TIMER :: [0000] Injected Fonts in 0.001 ms
INFO - [G] 2025-09-14 14:35:22 :: INFO  :: TIMER :: [0000] Injected Language in 0.001 ms
INFO - [G] 2025-09-14 14:35:22 :: INFO  :: TIMER :: [0000] Injected [INTERNAL] in 10.765 ms
INFO - [G] 2025-09-14 14:35:22 :: INFO  :: TIMER :: [0047] Injected Atlas in 485.739 ms
INFO - [G] 2025-09-14 14:35:22 :: INFO  :: TIMER :: [0001] Injected Sound in 5.763 ms
INFO - [G] 2025-09-14 14:35:22 :: INFO  :: TIMER :: [0011] Injected Stake in 0.217 ms
INFO - [G] 2025-09-14 14:35:22 :: INFO  :: TIMER :: [0004] Injected Rarity in 0.027 ms
INFO - [G] 2025-09-14 14:35:22 :: INFO  :: TIMER :: [0004] Injected ObjectType in 0.038 ms
INFO - [G] 2025-09-14 14:35:22 :: INFO  :: TIMER :: [0138] Injected Center in 0.784 ms
INFO - [G] 2025-09-14 14:35:22 :: INFO  :: TIMER :: [0007] Injected Undiscovered Sprite in 0.047 ms
INFO - [G] 2025-09-14 14:35:22 :: INFO  :: TIMER :: [0003] Injected Blind in 0.023 ms
INFO - [G] 2025-09-14 14:35:22 :: INFO  :: TIMER :: [0004] Injected Seal in 0.134 ms
INFO - [G] 2025-09-14 14:35:22 :: INFO  :: TIMER :: [0004] Injected Suit in 0.089 ms
INFO - [G] 2025-09-14 14:35:22 :: INFO  :: TIMER :: [0013] Injected Rank in 0.090 ms
INFO - [G] 2025-09-14 14:35:22 :: INFO  :: TIMER :: [0028] Injected DeckSkin in 0.186 ms
INFO - [G] 2025-09-14 14:35:22 :: INFO  :: TIMER :: [0012] Injected PokerHand in 0.081 ms
INFO - [G] 2025-09-14 14:35:22 :: INFO  :: TIMER :: [0034] Injected Challenge in 0.065 ms
INFO - [G] 2025-09-14 14:35:22 :: INFO  :: TIMER :: [0001] Injected Tag in 0.014 ms
INFO - [G] 2025-09-14 14:35:22 :: INFO  :: TIMER :: [0006] Injected Sticker in 0.194 ms
INFO - [G] 2025-09-14 14:35:22 :: INFO  :: TIMER :: [0000] Injected Shader in 0.001 ms
INFO - [G] 2025-09-14 14:35:22 :: INFO  :: TIMER :: [0002] Injected Keybind in 0.013 ms
INFO - [G] 2025-09-14 14:35:22 :: INFO  :: TIMER :: [0000] Injected Achievement in 0.049 ms
INFO - [G] 2025-09-14 14:35:22 :: INFO  :: TIMER :: [0002] Injected nil in 0.042 ms
INFO - [G] 2025-09-14 14:35:22 :: INFO  :: TIMER :: [0022] Injected Draw Step in 0.149 ms
INFO - [G] 2025-09-14 14:35:23 :: INFO  :: TIMER :: [0000] Injected [INTERNAL] in 27.316 ms
INFO - [G] 2025-09-14 14:35:23 :: INFO  :: TIMER :: [0009] Injected nil in 0.021 ms
INFO - [G] 2025-09-14 14:35:23 :: INFO  :: TIMER :: [0003] Injected nil in 0.012 ms
INFO - [G] 2025-09-14 14:35:23 :: TRACE :: MULTIPLAYER :: Client got connected message:  (action: connected) 
INFO - [G] 2025-09-14 14:35:23 :: TRACE :: MULTIPLAYER :: Client sent message: action:username,username:Guest~1,modHash:
INFO - [G] 2025-09-14 14:35:23 :: TRACE :: MULTIPLAYER :: Client got version message:  (action: version) 
INFO - [G] 2025-09-14 14:35:23 :: TRACE :: MULTIPLAYER :: Client sent message: action:version,version:0.2.19~DEV-MULTIPLAYER
INFO - [G] 2025-09-14 14:35:23 :: TRACE :: MULTIPLAYER :: Client sent message: action:username,username:Guest~1,modHash:preview=false;unlocked=true;encryptID=65102176753.204;serversideConnectionID=ea3ccdce;CardSleeves-1.8.0;Handy-1.5.1i;Lovely-0.8.0;MoreSpeed-0.0.0;Multiplayer-0.2.19~DEV;Steamodded-1.0.0~BETA-0711a;TheOrder-MultiplayerIntegration;cartomancer-4.16
INFO - [G] 2025-09-14 14:35:43 :: TRACE :: MULTIPLAYER :: Client sent message: action:moneyMoved,amount:6
INFO - [G] 2025-09-14 14:35:48 :: TRACE :: MULTIPLAYER :: Client sent message: action:boughtCardFromShop,card:Certificate,cost:6
INFO - [G] 2025-09-14 14:35:48 :: TRACE :: MULTIPLAYER :: Client sent message: action:moneyMoved,amount:-6
INFO - [G] 2025-09-14 14:35:49 :: TRACE :: MULTIPLAYER :: Client sent message: action:usedCard,card:Buffoon Pack
INFO - [G] 2025-09-14 14:35:49 :: TRACE :: MULTIPLAYER :: Client sent message: action:moneyMoved,amount:-4
INFO - [G] 2025-09-14 14:35:53 :: TRACE :: MULTIPLAYER :: Client sent message: action:usedCard,card:Green Joker
INFO - [G] 2025-09-14 14:36:00 :: TRACE :: MULTIPLAYER :: Client sent message: action:moneyMoved,amount:7
INFO - [G] 2025-09-14 14:36:01 :: TRACE :: MULTIPLAYER :: Client sent message: action:usedCard,card:Pluto
INFO - [G] 2025-09-14 14:36:03 :: TRACE :: MULTIPLAYER :: Client sent message: action:boughtCardFromShop,card:The World,cost:3
INFO - [G] 2025-09-14 14:36:03 :: TRACE :: MULTIPLAYER :: Client sent message: action:moneyMoved,amount:-3
INFO - [G] 2025-09-14 14:36:04 :: TRACE :: MULTIPLAYER :: Client sent message: action:usedCard,card:Celestial Pack
INFO - [G] 2025-09-14 14:36:04 :: TRACE :: MULTIPLAYER :: Client sent message: action:moneyMoved,amount:-4
INFO - [G] 2025-09-14 14:36:06 :: TRACE :: MULTIPLAYER :: Client sent message: action:usedCard,card:Pluto
INFO - [G] 2025-09-14 14:36:13 :: TRACE :: MULTIPLAYER :: Client sent message: action:moneyMoved,amount:8
INFO - [G] 2025-09-14 14:36:14 :: TRACE :: MULTIPLAYER :: Client sent message: action:usedCard,card:Pluto
INFO - [G] 2025-09-14 14:36:17 :: TRACE :: MULTIPLAYER :: Client sent message: action:usedCard,card:Jumbo Standard Pack
INFO - [G] 2025-09-14 14:36:17 :: TRACE :: MULTIPLAYER :: Client sent message: action:moneyMoved,amount:-6
INFO - [G] 2025-09-14 14:36:22 :: TRACE :: MULTIPLAYER :: Client sent message: action:usedCard,card:Default Base
INFO - [G] 2025-09-14 14:36:29 :: TRACE :: MULTIPLAYER :: Client sent message: action:moneyMoved,amount:6
INFO - [G] 2025-09-14 14:36:30 :: TRACE :: MULTIPLAYER :: Client sent message: action:usedCard,card:Pluto
INFO - [G] 2025-09-14 14:36:32 :: TRACE :: MULTIPLAYER :: Client sent message: action:boughtCardFromShop,card:Photograph,cost:5
INFO - [G] 2025-09-14 14:36:32 :: TRACE :: MULTIPLAYER :: Client sent message: action:moneyMoved,amount:-5
INFO - [G] 2025-09-14 14:36:43 :: TRACE :: MULTIPLAYER :: Client sent message: action:usedCard,card:The World
INFO - [G] 2025-09-14 14:36:49 :: TRACE :: MULTIPLAYER :: Client sent message: action:moneyMoved,amount:7
INFO - [G] 2025-09-14 14:36:50 :: TRACE :: MULTIPLAYER :: Client sent message: action:usedCard,card:Pluto
INFO - [G] 2025-09-14 14:36:51 :: TRACE :: MULTIPLAYER :: Client sent message: action:usedCard,card:Pluto
INFO - [G] 2025-09-14 14:36:54 :: TRACE :: MULTIPLAYER :: Client sent message: action:boughtCardFromShop,card:Misprint,cost:4
INFO - [G] 2025-09-14 14:36:54 :: TRACE :: MULTIPLAYER :: Client sent message: action:moneyMoved,amount:-4
INFO - [G] 2025-09-14 14:36:56 :: TRACE :: MULTIPLAYER :: Client sent message: action:usedCard,card:Arcana Pack
INFO - [G] 2025-09-14 14:36:56 :: TRACE :: MULTIPLAYER :: Client sent message: action:moneyMoved,amount:-4
INFO - [G] 2025-09-14 14:37:05 :: TRACE :: MULTIPLAYER :: Client sent message: action:usedCard,card:Death
INFO - [G] 2025-09-14 14:37:20 :: TRACE :: MULTIPLAYER :: Client sent message: action:usedCard,card:The Wheel of Fortune
INFO - [G] 2025-09-14 14:37:26 :: TRACE :: MULTIPLAYER :: Client sent message: action:moneyMoved,amount:8
INFO - [G] 2025-09-14 14:37:26 :: TRACE :: MULTIPLAYER :: Client sent message: action:usedCard,card:Pluto
INFO - [G] 2025-09-14 14:37:27 :: TRACE :: MULTIPLAYER :: Client sent message: action:usedCard,card:Pluto
INFO - [G] 2025-09-14 14:37:29 :: TRACE :: MULTIPLAYER :: Client sent message: action:usedCard,card:Buffoon Pack
INFO - [G] 2025-09-14 14:37:29 :: TRACE :: MULTIPLAYER :: Client sent message: action:moneyMoved,amount:-4
INFO - [G] 2025-09-14 14:37:34 :: TRACE :: MULTIPLAYER :: Client sent message: action:soldCard,card:Green Joker
INFO - [G] 2025-09-14 14:37:34 :: TRACE :: MULTIPLAYER :: Client sent message: action:moneyMoved,amount:2
INFO - [G] 2025-09-14 14:37:35 :: TRACE :: MULTIPLAYER :: Client sent message: action:usedCard,card:Blueprint
INFO - [G] 2025-09-14 14:37:38 :: TRACE :: MULTIPLAYER :: Client sent message: action:usedCard,card:Jumbo Standard Pack
INFO - [G] 2025-09-14 14:37:38 :: TRACE :: MULTIPLAYER :: Client sent message: action:moneyMoved,amount:-6
INFO - [G] 2025-09-14 14:37:42 :: TRACE :: MULTIPLAYER :: Client sent message: action:usedCard,card:Default Base
INFO - [G] 2025-09-14 14:38:04 :: TRACE :: MULTIPLAYER :: Client sent message: action:moneyMoved,amount:6
INFO - [G] 2025-09-14 14:38:05 :: TRACE :: MULTIPLAYER :: Client sent message: action:usedCard,card:Pluto
INFO - [G] 2025-09-14 14:38:07 :: TRACE :: MULTIPLAYER :: Client sent message: action:usedCard,card:The Hermit
INFO - [G] 2025-09-14 14:38:07 :: TRACE :: MULTIPLAYER :: Client sent message: action:moneyMoved,amount:8
INFO - [G] 2025-09-14 14:38:08 :: TRACE :: MULTIPLAYER :: Client sent message: action:boughtCardFromShop,card:The Wheel of Fortune,cost:3
INFO - [G] 2025-09-14 14:38:08 :: TRACE :: MULTIPLAYER :: Client sent message: action:moneyMoved,amount:-3
INFO - [G] 2025-09-14 14:38:08 :: TRACE :: MULTIPLAYER :: Client sent message: action:usedCard,card:The Wheel of Fortune
INFO - [G] 2025-09-14 14:38:10 :: TRACE :: MULTIPLAYER :: Client sent message: action:usedCard,card:Buffoon Pack
INFO - [G] 2025-09-14 14:38:10 :: TRACE :: MULTIPLAYER :: Client sent message: action:moneyMoved,amount:-4
INFO - [G] 2025-09-14 14:38:14 :: TRACE :: MULTIPLAYER :: Client sent message: action:soldCard,card:Certificate
INFO - [G] 2025-09-14 14:38:14 :: TRACE :: MULTIPLAYER :: Client sent message: action:moneyMoved,amount:3
INFO - [G] 2025-09-14 14:38:14 :: TRACE :: MULTIPLAYER :: Client sent message: action:usedCard,card:Diet Cola
INFO - [G] 2025-09-14 14:38:15 :: TRACE :: MULTIPLAYER :: Client sent message: action:soldCard,card:Diet Cola
INFO - [G] 2025-09-14 14:38:15 :: TRACE :: MULTIPLAYER :: Client sent message: action:moneyMoved,amount:3
INFO - [G] 2025-09-14 14:38:17 :: TRACE :: MULTIPLAYER :: Client sent message: action:usedCard,card:Jumbo Celestial Pack
INFO - [G] 2025-09-14 14:38:17 :: TRACE :: MULTIPLAYER :: Client sent message: action:moneyMoved,amount:-6
INFO - [G] 2025-09-14 14:38:19 :: TRACE :: MULTIPLAYER :: Client sent message: action:usedCard,card:Pluto
INFO - [G] 2025-09-14 14:38:21 :: TRACE :: MULTIPLAYER :: Client sent message: action:rerollShop,cost:5
INFO - [G] 2025-09-14 14:38:21 :: TRACE :: MULTIPLAYER :: Client sent message: action:moneyMoved,amount:-5
INFO - [G] 2025-09-14 14:38:23 :: TRACE :: MULTIPLAYER :: Client sent message: action:boughtCardFromShop,card:Death,cost:3
INFO - [G] 2025-09-14 14:38:23 :: TRACE :: MULTIPLAYER :: Client sent message: action:moneyMoved,amount:-3
INFO - [G] 2025-09-14 14:38:33 :: TRACE :: MULTIPLAYER :: Client sent message: action:usedCard,card:Death
INFO - [G] 2025-09-14 14:38:39 :: TRACE :: MULTIPLAYER :: Client sent message: action:moneyMoved,amount:7
INFO - [G] 2025-09-14 14:38:39 :: TRACE :: MULTIPLAYER :: Client sent message: action:usedCard,card:Pluto
INFO - [G] 2025-09-14 14:38:41 :: TRACE :: MULTIPLAYER :: Client sent message: action:usedCard,card:Pluto
INFO - [G] 2025-09-14 14:38:44 :: TRACE :: MULTIPLAYER :: Client sent message: action:usedCard,card:Arcana Pack
INFO - [G] 2025-09-14 14:38:44 :: TRACE :: MULTIPLAYER :: Client sent message: action:moneyMoved,amount:-4
INFO - [G] 2025-09-14 14:38:48 :: TRACE :: MULTIPLAYER :: Client sent message: action:usedCard,card:Temperance
INFO - [G] 2025-09-14 14:38:48 :: TRACE :: MULTIPLAYER :: Client sent message: action:moneyMoved,amount:12
INFO - [G] 2025-09-14 14:38:50 :: TRACE :: MULTIPLAYER :: Client sent message: action:usedCard,card:Jumbo Standard Pack
INFO - [G] 2025-09-14 14:38:50 :: TRACE :: MULTIPLAYER :: Client sent message: action:moneyMoved,amount:-6
INFO - [G] 2025-09-14 14:38:55 :: TRACE :: MULTIPLAYER :: Client sent message: action:usedCard,card:Seed Money
INFO - [G] 2025-09-14 14:38:55 :: TRACE :: MULTIPLAYER :: Client sent message: action:moneyMoved,amount:-10
INFO - [G] 2025-09-14 14:39:06 :: TRACE :: MULTIPLAYER :: Client sent message: action:moneyMoved,amount:8
INFO - [G] 2025-09-14 14:39:07 :: TRACE :: MULTIPLAYER :: Client sent message: action:usedCard,card:Pluto
INFO - [G] 2025-09-14 14:39:09 :: TRACE :: MULTIPLAYER :: Client sent message: action:usedCard,card:Pluto
INFO - [G] 2025-09-14 14:39:13 :: TRACE :: MULTIPLAYER :: Client sent message: action:soldCard,card:Half Joker
INFO - [G] 2025-09-14 14:39:13 :: TRACE :: MULTIPLAYER :: Client sent message: action:moneyMoved,amount:2
INFO - [G] 2025-09-14 14:39:14 :: TRACE :: MULTIPLAYER :: Client sent message: action:usedCard,card:Illusion
INFO - [G] 2025-09-14 14:39:14 :: TRACE :: MULTIPLAYER :: Client sent message: action:moneyMoved,amount:-10
INFO - [G] 2025-09-14 14:39:28 :: TRACE :: MULTIPLAYER :: Client sent message: action:moneyMoved,amount:6
INFO - [G] 2025-09-14 14:39:28 :: TRACE :: MULTIPLAYER :: Client sent message: action:usedCard,card:Pluto
INFO - [G] 2025-09-14 14:39:29 :: TRACE :: MULTIPLAYER :: Client sent message: action:usedCard,card:Pluto
INFO - [G] 2025-09-14 14:39:31 :: TRACE :: MULTIPLAYER :: Client sent message: action:soldCard,card:Misprint
INFO - [G] 2025-09-14 14:39:31 :: TRACE :: MULTIPLAYER :: Client sent message: action:moneyMoved,amount:3
INFO - [G] 2025-09-14 14:39:32 :: TRACE :: MULTIPLAYER :: Client sent message: action:usedCard,card:Standard Pack
INFO - [G] 2025-09-14 14:39:32 :: TRACE :: MULTIPLAYER :: Client sent message: action:moneyMoved,amount:-4
INFO - [G] 2025-09-14 14:39:35 :: TRACE :: MULTIPLAYER :: Client sent message: action:usedCard,card:Glass Card
INFO - [G] 2025-09-14 14:39:47 :: TRACE :: MULTIPLAYER :: Client sent message: action:usedCard,card:The Wheel of Fortune
INFO - [G] 2025-09-14 14:39:50 :: TRACE :: MULTIPLAYER :: Client sent message: action:usedCard,card:The Lovers
INFO - [G] 2025-09-14 14:39:55 :: TRACE :: MULTIPLAYER :: Client sent message: action:moneyMoved,amount:8
INFO - [G] 2025-09-14 14:39:56 :: TRACE :: MULTIPLAYER :: Client sent message: action:usedCard,card:Pluto
INFO - [G] 2025-09-14 14:39:57 :: TRACE :: MULTIPLAYER :: Client sent message: action:usedCard,card:Pluto
INFO - [G] 2025-09-14 14:39:58 :: TRACE :: MULTIPLAYER :: Client sent message: action:usedCard,card:Celestial Pack
INFO - [G] 2025-09-14 14:39:58 :: TRACE :: MULTIPLAYER :: Client sent message: action:moneyMoved,amount:-4
INFO - [G] 2025-09-14 14:40:01 :: TRACE :: MULTIPLAYER :: Client sent message: action:usedCard,card:Pluto
INFO - [G] 2025-09-14 14:40:02 :: TRACE :: MULTIPLAYER :: Client sent message: action:usedCard,card:Celestial Pack
INFO - [G] 2025-09-14 14:40:02 :: TRACE :: MULTIPLAYER :: Client sent message: action:moneyMoved,amount:-4
INFO - [G] 2025-09-14 14:40:05 :: TRACE :: MULTIPLAYER :: Client sent message: action:usedCard,card:Mercury
INFO - [G] 2025-09-14 14:40:06 :: TRACE :: MULTIPLAYER :: Client sent message: action:rerollShop,cost:5
INFO - [G] 2025-09-14 14:40:06 :: TRACE :: MULTIPLAYER :: Client sent message: action:moneyMoved,amount:-5
INFO - [G] 2025-09-14 14:40:19 :: TRACE :: MULTIPLAYER :: Client sent message: action:usedCard,card:Temperance
INFO - [G] 2025-09-14 14:40:19 :: TRACE :: MULTIPLAYER :: Client sent message: action:moneyMoved,amount:8
INFO - [G] 2025-09-14 14:40:20 :: TRACE :: MULTIPLAYER :: Client sent message: action:usedCard,card:The High Priestess
INFO - [G] 2025-09-14 14:40:21 :: TRACE :: MULTIPLAYER :: Client sent message: action:soldCard,card:Venus
INFO - [G] 2025-09-14 14:40:21 :: TRACE :: MULTIPLAYER :: Client sent message: action:moneyMoved,amount:1
INFO - [G] 2025-09-14 14:40:22 :: TRACE :: MULTIPLAYER :: Client sent message: action:usedCard,card:Pluto
INFO - [G] 2025-09-14 14:40:27 :: TRACE :: MULTIPLAYER :: Client sent message: action:moneyMoved,amount:9
INFO - [G] 2025-09-14 14:40:28 :: TRACE :: MULTIPLAYER :: Client sent message: action:usedCard,card:Pluto
INFO - [G] 2025-09-14 14:40:29 :: TRACE :: MULTIPLAYER :: Client sent message: action:usedCard,card:Pluto
INFO - [G] 2025-09-14 14:40:31 :: TRACE :: MULTIPLAYER :: Client sent message: action:rerollShop,cost:5
INFO - [G] 2025-09-14 14:40:31 :: TRACE :: MULTIPLAYER :: Client sent message: action:moneyMoved,amount:-5
INFO - [G] 2025-09-14 14:40:32 :: TRACE :: MULTIPLAYER :: Client sent message: action:usedCard,card:Arcana Pack
INFO - [G] 2025-09-14 14:40:32 :: TRACE :: MULTIPLAYER :: Client sent message: action:moneyMoved,amount:-4
INFO - [G] 2025-09-14 14:40:39 :: TRACE :: MULTIPLAYER :: Client sent message: action:usedCard,card:Death
INFO - [G] 2025-09-14 14:40:41 :: TRACE :: MULTIPLAYER :: Client sent message: action:usedCard,card:Jumbo Celestial Pack
INFO - [G] 2025-09-14 14:40:41 :: TRACE :: MULTIPLAYER :: Client sent message: action:moneyMoved,amount:-6
INFO - [G] 2025-09-14 14:40:45 :: TRACE :: MULTIPLAYER :: Client sent message: action:usedCard,card:Mars
INFO - [G] 2025-09-14 14:40:54 :: TRACE :: MULTIPLAYER :: Client sent message: action:usedCard,card:The Chariot
INFO - [G] 2025-09-14 14:40:55 :: TRACE :: MULTIPLAYER :: Client sent message: action:usedCard,card:Temperance
INFO - [G] 2025-09-14 14:40:55 :: TRACE :: MULTIPLAYER :: Client sent message: action:moneyMoved,amount:8
INFO - [G] 2025-09-14 14:41:00 :: TRACE :: MULTIPLAYER :: Client sent message: action:moneyMoved,amount:8
INFO - [G] 2025-09-14 14:41:01 :: TRACE :: MULTIPLAYER :: Client sent message: action:usedCard,card:Pluto
INFO - [G] 2025-09-14 14:41:02 :: TRACE :: MULTIPLAYER :: Client sent message: action:usedCard,card:Pluto
INFO - [G] 2025-09-14 14:41:04 :: TRACE :: MULTIPLAYER :: Client sent message: action:usedCard,card:Spectral Pack
INFO - [G] 2025-09-14 14:41:04 :: TRACE :: MULTIPLAYER :: Client sent message: action:moneyMoved,amount:-4
INFO - [G] 2025-09-14 14:41:07 :: TRACE :: MULTIPLAYER :: Client sent message: action:usedCard,card:Aura
INFO - [G] 2025-09-14 14:41:08 :: TRACE :: MULTIPLAYER :: Client sent message: action:usedCard,card:Jumbo Celestial Pack
INFO - [G] 2025-09-14 14:41:08 :: TRACE :: MULTIPLAYER :: Client sent message: action:moneyMoved,amount:-6
INFO - [G] 2025-09-14 14:41:11 :: TRACE :: MULTIPLAYER :: Client sent message: action:usedCard,card:Uranus
INFO - [G] 2025-09-14 14:41:13 :: TRACE :: MULTIPLAYER :: Client sent message: action:rerollShop,cost:5
INFO - [G] 2025-09-14 14:41:13 :: TRACE :: MULTIPLAYER :: Client sent message: action:moneyMoved,amount:-5
INFO - [G] 2025-09-14 14:41:24 :: TRACE :: MULTIPLAYER :: Client sent message: action:soldCard,card:The Moon
INFO - [G] 2025-09-14 14:41:25 :: TRACE :: MULTIPLAYER :: Client sent message: action:moneyMoved,amount:1
INFO - [G] 2025-09-14 14:41:25 :: TRACE :: MULTIPLAYER :: Client sent message: action:soldCard,card:The Sun
INFO - [G] 2025-09-14 14:41:25 :: TRACE :: MULTIPLAYER :: Client sent message: action:moneyMoved,amount:1
INFO - [G] 2025-09-14 14:41:30 :: TRACE :: MULTIPLAYER :: Client sent message: action:moneyMoved,amount:8
INFO - [G] 2025-09-14 14:41:31 :: TRACE :: MULTIPLAYER :: Client sent message: action:usedCard,card:Pluto
INFO - [G] 2025-09-14 14:41:32 :: TRACE :: MULTIPLAYER :: Client sent message: action:usedCard,card:Pluto
INFO - [G] 2025-09-14 14:41:35 :: TRACE :: MULTIPLAYER :: Client sent message: action:usedCard,card:Celestial Pack
INFO - [G] 2025-09-14 14:41:35 :: TRACE :: MULTIPLAYER :: Client sent message: action:moneyMoved,amount:-4
INFO - [G] 2025-09-14 14:41:37 :: TRACE :: MULTIPLAYER :: Client sent message: action:usedCard,card:Jupiter
INFO - [G] 2025-09-14 14:41:39 :: TRACE :: MULTIPLAYER :: Client sent message: action:usedCard,card:Standard Pack
INFO - [G] 2025-09-14 14:41:39 :: TRACE :: MULTIPLAYER :: Client sent message: action:moneyMoved,amount:-4
INFO - [G] 2025-09-14 14:41:52 :: TRACE :: MULTIPLAYER :: Client sent message: action:usedCard,card:The Chariot
INFO - [G] 2025-09-14 14:41:56 :: TRACE :: MULTIPLAYER :: Client sent message: action:usedCard,card:The Magician
INFO - [G] 2025-09-14 14:42:01 :: TRACE :: MULTIPLAYER :: Client sent message: action:moneyMoved,amount:9
INFO - [G] 2025-09-14 14:42:02 :: TRACE :: MULTIPLAYER :: Client sent message: action:usedCard,card:Pluto
INFO - [G] 2025-09-14 14:42:03 :: TRACE :: MULTIPLAYER :: Client sent message: action:usedCard,card:Pluto
INFO - [G] 2025-09-14 14:42:05 :: TRACE :: MULTIPLAYER :: Client sent message: action:usedCard,card:Telescope
INFO - [G] 2025-09-14 14:42:05 :: TRACE :: MULTIPLAYER :: Client sent message: action:moneyMoved,amount:-10
INFO - [G] 2025-09-14 14:42:07 :: TRACE :: MULTIPLAYER :: Client sent message: action:usedCard,card:Celestial Pack
INFO - [G] 2025-09-14 14:42:07 :: TRACE :: MULTIPLAYER :: Client sent message: action:moneyMoved,amount:-4
INFO - [G] 2025-09-14 14:42:09 :: TRACE :: MULTIPLAYER :: Client sent message: action:usedCard,card:Pluto
INFO - [G] 2025-09-14 14:42:19 :: TRACE :: MULTIPLAYER :: Client sent message: action:usedCard,card:The Magician
INFO - [G] 2025-09-14 14:42:21 :: TRACE :: MULTIPLAYER :: Client sent message: action:soldCard,card:The Hierophant
INFO - [G] 2025-09-14 14:42:21 :: TRACE :: MULTIPLAYER :: Client sent message: action:moneyMoved,amount:1
INFO - [G] 2025-09-14 14:42:26 :: TRACE :: MULTIPLAYER :: Client sent message: action:moneyMoved,amount:6
INFO - [G] 2025-09-14 14:42:27 :: TRACE :: MULTIPLAYER :: Client sent message: action:usedCard,card:Pluto
INFO - [G] 2025-09-14 14:42:28 :: TRACE :: MULTIPLAYER :: Client sent message: action:usedCard,card:Pluto
INFO - [G] 2025-09-14 14:42:30 :: TRACE :: MULTIPLAYER :: Client sent message: action:usedCard,card:Standard Pack
INFO - [G] 2025-09-14 14:42:30 :: TRACE :: MULTIPLAYER :: Client sent message: action:moneyMoved,amount:-4
INFO - [G] 2025-09-14 14:42:47 :: TRACE :: MULTIPLAYER :: Client sent message: action:usedCard,card:The Devil
INFO - [G] 2025-09-14 14:42:50 :: TRACE :: MULTIPLAYER :: Client sent message: action:moneyMoved,amount:3
INFO - [G] 2025-09-14 14:42:52 :: TRACE :: MULTIPLAYER :: Client sent message: action:moneyMoved,amount:8
INFO - [G] 2025-09-14 14:42:53 :: TRACE :: MULTIPLAYER :: Client sent message: action:usedCard,card:Pluto
INFO - [G] 2025-09-14 14:42:55 :: TRACE :: MULTIPLAYER :: Client sent message: action:boughtCardFromShop,card:Temperance,cost:3
INFO - [G] 2025-09-14 14:42:55 :: TRACE :: MULTIPLAYER :: Client sent message: action:moneyMoved,amount:-3
INFO - [G] 2025-09-14 14:42:55 :: TRACE :: MULTIPLAYER :: Client sent message: action:usedCard,card:Temperance
INFO - [G] 2025-09-14 14:42:55 :: TRACE :: MULTIPLAYER :: Client sent message: action:moneyMoved,amount:8
INFO - [G] 2025-09-14 14:42:56 :: TRACE :: MULTIPLAYER :: Client sent message: action:usedCard,card:Standard Pack
INFO - [G] 2025-09-14 14:42:56 :: TRACE :: MULTIPLAYER :: Client sent message: action:moneyMoved,amount:-4
INFO - [G] 2025-09-14 14:43:02 :: TRACE :: MULTIPLAYER :: Client sent message: action:usedCard,card:Jumbo Arcana Pack
INFO - [G] 2025-09-14 14:43:02 :: TRACE :: MULTIPLAYER :: Client sent message: action:moneyMoved,amount:-6
INFO - [G] 2025-09-14 14:43:09 :: TRACE :: MULTIPLAYER :: Client sent message: action:usedCard,card:The Hanged Man
INFO - [G] 2025-09-14 14:43:28 :: TRACE :: MULTIPLAYER :: Client sent message: action:usedCard,card:The Devil
INFO - [G] 2025-09-14 14:43:39 :: TRACE :: MULTIPLAYER :: Client sent message: action:usedCard,card:The Wheel of Fortune
INFO - [G] 2025-09-14 14:43:41 :: TRACE :: MULTIPLAYER :: Client sent message: action:soldCard,card:The Empress
INFO - [G] 2025-09-14 14:43:41 :: TRACE :: MULTIPLAYER :: Client sent message: action:moneyMoved,amount:1
INFO - [G] 2025-09-14 14:43:42 :: TRACE :: MULTIPLAYER :: Client sent message: action:moneyMoved,amount:-1
INFO - [G] 2025-09-14 14:43:42 :: TRACE :: MULTIPLAYER :: Client sent message: action:moneyMoved,amount:20
INFO - [G] 2025-09-14 14:43:44 :: TRACE :: MULTIPLAYER :: Client sent message: action:moneyMoved,amount:3
INFO - [G] 2025-09-14 14:43:47 :: TRACE :: MULTIPLAYER :: Client sent message: action:moneyMoved,amount:14
INFO - [G] 2025-09-14 14:43:48 :: TRACE :: MULTIPLAYER :: Client sent message: action:usedCard,card:Pluto
INFO - [G] 2025-09-14 14:43:49 :: TRACE :: MULTIPLAYER :: Client sent message: action:usedCard,card:Pluto
INFO - [G] 2025-09-14 14:43:59 :: TRACE :: MULTIPLAYER :: Client sent message: action:boughtCardFromShop,card:The Hanged Man,cost:3
INFO - [G] 2025-09-14 14:43:59 :: TRACE :: MULTIPLAYER :: Client sent message: action:moneyMoved,amount:-3
INFO - [G] 2025-09-14 14:44:00 :: TRACE :: MULTIPLAYER :: Client sent message: action:usedCard,card:Jumbo Buffoon Pack
INFO - [G] 2025-09-14 14:44:00 :: TRACE :: MULTIPLAYER :: Client sent message: action:moneyMoved,amount:-6
INFO - [G] 2025-09-14 14:44:02 :: TRACE :: MULTIPLAYER :: Client sent message: action:usedCard,card:The Idol
INFO - [G] 2025-09-14 14:44:03 :: TRACE :: MULTIPLAYER :: Client sent message: action:usedCard,card:Arcana Pack
INFO - [G] 2025-09-14 14:44:03 :: TRACE :: MULTIPLAYER :: Client sent message: action:moneyMoved,amount:-4
INFO - [G] 2025-09-14 14:44:15 :: TRACE :: MULTIPLAYER :: Client sent message: action:usedCard,card:Strength
INFO - [G] 2025-09-14 14:44:17 :: TRACE :: MULTIPLAYER :: Client sent message: action:rerollShop,cost:5
INFO - [G] 2025-09-14 14:44:17 :: TRACE :: MULTIPLAYER :: Client sent message: action:moneyMoved,amount:-5
INFO - [G] 2025-09-14 14:44:18 :: TRACE :: MULTIPLAYER :: Client sent message: action:rerollShop,cost:6
INFO - [G] 2025-09-14 14:44:18 :: TRACE :: MULTIPLAYER :: Client sent message: action:moneyMoved,amount:-6
INFO - [G] 2025-09-14 14:44:19 :: TRACE :: MULTIPLAYER :: Client sent message: action:rerollShop,cost:7
INFO - [G] 2025-09-14 14:44:19 :: TRACE :: MULTIPLAYER :: Client sent message: action:moneyMoved,amount:-7
INFO - [G] 2025-09-14 14:44:20 :: TRACE :: MULTIPLAYER :: Client sent message: action:boughtCardFromShop,card:The Wheel of Fortune,cost:3
INFO - [G] 2025-09-14 14:44:20 :: TRACE :: MULTIPLAYER :: Client sent message: action:moneyMoved,amount:-3
INFO - [G] 2025-09-14 14:44:20 :: TRACE :: MULTIPLAYER :: Client sent message: action:usedCard,card:The Wheel of Fortune
INFO - [G] 2025-09-14 14:44:28 :: TRACE :: MULTIPLAYER :: Client sent message: action:soldCard,card:The Tower
INFO - [G] 2025-09-14 14:44:28 :: TRACE :: MULTIPLAYER :: Client sent message: action:moneyMoved,amount:1
INFO - [G] 2025-09-14 14:44:32 :: TRACE :: MULTIPLAYER :: Client sent message: action:usedCard,card:The Hanged Man
INFO - [G] 2025-09-14 14:44:37 :: TRACE :: MULTIPLAYER :: Client sent message: action:moneyMoved,amount:3
INFO - [G] 2025-09-14 14:44:39 :: TRACE :: MULTIPLAYER :: Client sent message: action:moneyMoved,amount:9
INFO - [G] 2025-09-14 14:44:39 :: TRACE :: MULTIPLAYER :: Client sent message: action:usedCard,card:Pluto
INFO - [G] 2025-09-14 14:44:42 :: TRACE :: MULTIPLAYER :: Client sent message: action:usedCard,card:Arcana Pack
INFO - [G] 2025-09-14 14:44:42 :: TRACE :: MULTIPLAYER :: Client sent message: action:moneyMoved,amount:-4
INFO - [G] 2025-09-14 14:44:54 :: TRACE :: MULTIPLAYER :: Client sent message: action:usedCard,card:Death
INFO - [G] 2025-09-14 14:44:57 :: TRACE :: MULTIPLAYER :: Client sent message: action:usedCard,card:Standard Pack
INFO - [G] 2025-09-14 14:44:57 :: TRACE :: MULTIPLAYER :: Client sent message: action:moneyMoved,amount:-4
INFO - [G] 2025-09-14 14:45:01 :: TRACE :: MULTIPLAYER :: Client sent message: action:rerollShop,cost:5
INFO - [G] 2025-09-14 14:45:01 :: TRACE :: MULTIPLAYER :: Client sent message: action:moneyMoved,amount:-5
INFO - [G] 2025-09-14 14:45:08 :: TRACE :: MULTIPLAYER :: Client sent message: action:moneyMoved,amount:3
INFO - [G] 2025-09-14 14:45:08 :: TRACE :: MULTIPLAYER :: Client sent message: action:moneyMoved,amount:3
INFO - [G] 2025-09-14 14:45:10 :: TRACE :: MULTIPLAYER :: Client sent message: action:moneyMoved,amount:10
INFO - [G] 2025-09-14 14:45:11 :: TRACE :: MULTIPLAYER :: Client sent message: action:usedCard,card:Pluto
INFO - [G] 2025-09-14 14:45:13 :: TRACE :: MULTIPLAYER :: Client sent message: action:usedCard,card:Mega Standard Pack
INFO - [G] 2025-09-14 14:45:13 :: TRACE :: MULTIPLAYER :: Client sent message: action:moneyMoved,amount:-8
INFO - [G] 2025-09-14 14:45:16 :: TRACE :: MULTIPLAYER :: Client sent message: action:usedCard,card:Standard Pack
INFO - [G] 2025-09-14 14:45:16 :: TRACE :: MULTIPLAYER :: Client sent message: action:moneyMoved,amount:-4
INFO - [G] 2025-09-14 14:45:19 :: TRACE :: MULTIPLAYER :: Client sent message: action:usedCard,card:Director's Cut
INFO - [G] 2025-09-14 14:45:19 :: TRACE :: MULTIPLAYER :: Client sent message: action:moneyMoved,amount:-10
INFO - [G] 2025-09-14 14:45:28 :: TRACE :: MULTIPLAYER :: Client sent message: action:moneyMoved,amount:3
INFO - [G] 2025-09-14 14:45:30 :: TRACE :: MULTIPLAYER :: Client sent message: action:moneyMoved,amount:10
INFO - [G] 2025-09-14 14:45:30 :: TRACE :: MULTIPLAYER :: Client sent message: action:usedCard,card:Pluto
INFO - [G] 2025-09-14 14:45:33 :: TRACE :: MULTIPLAYER :: Client sent message: action:usedCard,card:Money Tree
INFO - [G] 2025-09-14 14:45:33 :: TRACE :: MULTIPLAYER :: Client sent message: action:moneyMoved,amount:-10
INFO - [G] 2025-09-14 14:45:35 :: TRACE :: MULTIPLAYER :: Client sent message: action:usedCard,card:Celestial Pack
INFO - [G] 2025-09-14 14:45:35 :: TRACE :: MULTIPLAYER :: Client sent message: action:moneyMoved,amount:-4
INFO - [G] 2025-09-14 14:45:36 :: TRACE :: MULTIPLAYER :: Client sent message: action:usedCard,card:Pluto
INFO - [G] 2025-09-14 14:45:44 :: TRACE :: MULTIPLAYER :: Client sent message: action:usedCard,card:Death
INFO - [G] 2025-09-14 14:45:48 :: TRACE :: MULTIPLAYER :: Client sent message: action:moneyMoved,amount:3
INFO - [G] 2025-09-14 14:45:48 :: TRACE :: MULTIPLAYER :: Client sent message: action:moneyMoved,amount:3
INFO - [G] 2025-09-14 14:45:50 :: TRACE :: MULTIPLAYER :: Client sent message: action:moneyMoved,amount:8
INFO - [G] 2025-09-14 14:45:51 :: TRACE :: MULTIPLAYER :: Client sent message: action:usedCard,card:Pluto
INFO - [G] 2025-09-14 14:45:53 :: TRACE :: MULTIPLAYER :: Client sent message: action:usedCard,card:Jumbo Standard Pack
INFO - [G] 2025-09-14 14:45:53 :: TRACE :: MULTIPLAYER :: Client sent message: action:moneyMoved,amount:-6
INFO - [G] 2025-09-14 14:45:58 :: TRACE :: MULTIPLAYER :: Client sent message: action:usedCard,card:Default Base
INFO - [G] 2025-09-14 14:45:59 :: TRACE :: MULTIPLAYER :: Client sent message: action:usedCard,card:Celestial Pack
INFO - [G] 2025-09-14 14:45:59 :: TRACE :: MULTIPLAYER :: Client sent message: action:moneyMoved,amount:-4
INFO - [G] 2025-09-14 14:46:02 :: TRACE :: MULTIPLAYER :: Client sent message: action:usedCard,card:Pluto
INFO - [G] 2025-09-14 14:46:03 :: TRACE :: MULTIPLAYER :: Client sent message: action:rerollShop,cost:5
INFO - [G] 2025-09-14 14:46:03 :: TRACE :: MULTIPLAYER :: Client sent message: action:moneyMoved,amount:-5
INFO - [G] 2025-09-14 14:46:19 :: TRACE :: MULTIPLAYER :: Client sent message: action:moneyMoved,amount:3
INFO - [G] 2025-09-14 14:46:19 :: TRACE :: MULTIPLAYER :: Client sent message: action:moneyMoved,amount:3
INFO - [G] 2025-09-14 14:46:21 :: TRACE :: MULTIPLAYER :: Client sent message: action:moneyMoved,amount:9
INFO - [G] 2025-09-14 14:46:21 :: TRACE :: MULTIPLAYER :: Client sent message: action:usedCard,card:Pluto
INFO - [G] 2025-09-14 14:46:23 :: TRACE :: MULTIPLAYER :: Client sent message: action:rerollShop,cost:5
INFO - [G] 2025-09-14 14:46:23 :: TRACE :: MULTIPLAYER :: Client sent message: action:moneyMoved,amount:-5
INFO - [G] 2025-09-14 14:46:24 :: TRACE :: MULTIPLAYER :: Client sent message: action:boughtCardFromShop,card:Judgement,cost:3
INFO - [G] 2025-09-14 14:46:24 :: TRACE :: MULTIPLAYER :: Client sent message: action:moneyMoved,amount:-3
INFO - [G] 2025-09-14 14:46:24 :: TRACE :: MULTIPLAYER :: Client sent message: action:usedCard,card:Judgement
INFO - [G] 2025-09-14 14:46:26 :: TRACE :: MULTIPLAYER :: Client sent message: action:usedCard,card:Standard Pack
INFO - [G] 2025-09-14 14:46:26 :: TRACE :: MULTIPLAYER :: Client sent message: action:moneyMoved,amount:-4
INFO - [G] 2025-09-14 14:46:28 :: TRACE :: MULTIPLAYER :: Client sent message: action:soldCard,card:Splash
INFO - [G] 2025-09-14 14:46:29 :: TRACE :: MULTIPLAYER :: Client sent message: action:moneyMoved,amount:1
INFO - [G] 2025-09-14 14:46:33 :: TRACE :: MULTIPLAYER :: Client sent message: action:usedCard,card:Lucky Card
INFO - [G] 2025-09-14 14:46:34 :: TRACE :: MULTIPLAYER :: Client sent message: action:usedCard,card:Celestial Pack
INFO - [G] 2025-09-14 14:46:34 :: TRACE :: MULTIPLAYER :: Client sent message: action:moneyMoved,amount:-4
INFO - [G] 2025-09-14 14:46:36 :: TRACE :: MULTIPLAYER :: Client sent message: action:usedCard,card:Pluto
INFO - [G] 2025-09-14 14:46:43 :: TRACE :: MULTIPLAYER :: Client sent message: action:moneyMoved,amount:3
INFO - [G] 2025-09-14 14:46:45 :: TRACE :: MULTIPLAYER :: Client sent message: action:moneyMoved,amount:3
INFO - [G] 2025-09-14 14:46:49 :: TRACE :: MULTIPLAYER :: Client sent message: action:moneyMoved,amount:13
INFO - [G] 2025-09-14 14:46:52 :: TRACE :: MULTIPLAYER :: Client sent message: action:usedCard,card:Pluto
INFO - [G] 2025-09-14 14:46:54 :: TRACE :: MULTIPLAYER :: Client sent message: action:usedCard,card:Retcon
INFO - [G] 2025-09-14 14:46:54 :: TRACE :: MULTIPLAYER :: Client sent message: action:moneyMoved,amount:-10
INFO - [G] 2025-09-14 14:46:55 :: TRACE :: MULTIPLAYER :: Client sent message: action:usedCard,card:Buffoon Pack
INFO - [G] 2025-09-14 14:46:55 :: TRACE :: MULTIPLAYER :: Client sent message: action:moneyMoved,amount:-4
INFO - [G] 2025-09-14 14:47:04 :: TRACE :: MULTIPLAYER :: Client sent message: action:moneyMoved,amount:3
INFO - [G] 2025-09-14 14:47:06 :: TRACE :: MULTIPLAYER :: Client sent message: action:moneyMoved,amount:8
INFO - [G] 2025-09-14 14:47:08 :: TRACE :: MULTIPLAYER :: Client sent message: action:usedCard,card:Celestial Pack
INFO - [G] 2025-09-14 14:47:08 :: TRACE :: MULTIPLAYER :: Client sent message: action:moneyMoved,amount:-4
INFO - [G] 2025-09-14 14:47:10 :: TRACE :: MULTIPLAYER :: Client sent message: action:usedCard,card:Pluto
INFO - [G] 2025-09-14 14:47:18 :: TRACE :: MULTIPLAYER :: Client sent message: action:moneyMoved,amount:3
INFO - [G] 2025-09-14 14:47:20 :: TRACE :: MULTIPLAYER :: Client sent message: action:moneyMoved,amount:11
INFO - [G] 2025-09-14 14:47:21 :: TRACE :: MULTIPLAYER :: Client sent message: action:usedCard,card:Pluto
INFO - [G] 2025-09-14 14:47:23 :: TRACE :: MULTIPLAYER :: Client sent message: action:boughtCardFromShop,card:The Hermit,cost:3
INFO - [G] 2025-09-14 14:47:23 :: TRACE :: MULTIPLAYER :: Client sent message: action:moneyMoved,amount:-3
INFO - [G] 2025-09-14 14:47:23 :: TRACE :: MULTIPLAYER :: Client sent message: action:usedCard,card:The Hermit
INFO - [G] 2025-09-14 14:47:23 :: TRACE :: MULTIPLAYER :: Client sent message: action:moneyMoved,amount:20
INFO - [G] 2025-09-14 14:47:25 :: TRACE :: MULTIPLAYER :: Client sent message: action:usedCard,card:Arcana Pack
INFO - [G] 2025-09-14 14:47:25 :: TRACE :: MULTIPLAYER :: Client sent message: action:moneyMoved,amount:-4
INFO - [G] 2025-09-14 14:47:28 :: TRACE :: MULTIPLAYER :: Client sent message: action:usedCard,card:Judgement
INFO - [G] 2025-09-14 14:47:30 :: TRACE :: MULTIPLAYER :: Client sent message: action:usedCard,card:Arcana Pack
INFO - [G] 2025-09-14 14:47:30 :: TRACE :: MULTIPLAYER :: Client sent message: action:moneyMoved,amount:-4
INFO - [G] 2025-09-14 14:47:33 :: TRACE :: MULTIPLAYER :: Client sent message: action:usedCard,card:The Fool
INFO - [G] 2025-09-14 14:47:34 :: TRACE :: MULTIPLAYER :: Client sent message: action:usedCard,card:Judgement
INFO - [G] 2025-09-14 14:47:35 :: TRACE :: MULTIPLAYER :: Client sent message: action:soldCard,card:Crazy Joker
INFO - [G] 2025-09-14 14:47:35 :: TRACE :: MULTIPLAYER :: Client sent message: action:moneyMoved,amount:2
INFO - [G] 2025-09-14 14:47:36 :: TRACE :: MULTIPLAYER :: Client sent message: action:rerollShop,cost:5
INFO - [G] 2025-09-14 14:47:36 :: TRACE :: MULTIPLAYER :: Client sent message: action:moneyMoved,amount:-5
INFO - [G] 2025-09-14 14:47:37 :: TRACE :: MULTIPLAYER :: Client sent message: action:rerollShop,cost:6
INFO - [G] 2025-09-14 14:47:37 :: TRACE :: MULTIPLAYER :: Client sent message: action:moneyMoved,amount:-6
INFO - [G] 2025-09-14 14:47:37 :: TRACE :: MULTIPLAYER :: Client sent message: action:rerollShop,cost:7
INFO - [G] 2025-09-14 14:47:37 :: TRACE :: MULTIPLAYER :: Client sent message: action:moneyMoved,amount:-7
INFO - [G] 2025-09-14 14:47:47 :: TRACE :: MULTIPLAYER :: Client sent message: action:moneyMoved,amount:3
INFO - [G] 2025-09-14 14:47:47 :: TRACE :: MULTIPLAYER :: Client sent message: action:moneyMoved,amount:3
INFO - [G] 2025-09-14 14:47:49 :: TRACE :: MULTIPLAYER :: Client sent message: action:moneyMoved,amount:14
INFO - [G] 2025-09-14 14:47:50 :: TRACE :: MULTIPLAYER :: Client sent message: action:usedCard,card:Pluto
INFO - [G] 2025-09-14 14:47:52 :: TRACE :: MULTIPLAYER :: Client sent message: action:boughtCardFromShop,card:Strength,cost:3
INFO - [G] 2025-09-14 14:47:52 :: TRACE :: MULTIPLAYER :: Client sent message: action:moneyMoved,amount:-3
INFO - [G] 2025-09-14 14:47:53 :: TRACE :: MULTIPLAYER :: Client sent message: action:usedCard,card:Blank
INFO - [G] 2025-09-14 14:47:53 :: TRACE :: MULTIPLAYER :: Client sent message: action:moneyMoved,amount:-10
INFO - [G] 2025-09-14 14:47:54 :: TRACE :: MULTIPLAYER :: Client sent message: action:usedCard,card:Spectral Pack
INFO - [G] 2025-09-14 14:47:54 :: TRACE :: MULTIPLAYER :: Client sent message: action:moneyMoved,amount:-4
INFO - [G] 2025-09-14 14:47:59 :: TRACE :: MULTIPLAYER :: Client sent message: action:usedCard,card:Strength
INFO - [G] 2025-09-14 14:48:02 :: TRACE :: MULTIPLAYER :: Client sent message: action:usedCard,card:Cryptid
INFO - [G] 2025-09-14 14:48:05 :: TRACE :: MULTIPLAYER :: Client sent message: action:usedCard,card:Celestial Pack
INFO - [G] 2025-09-14 14:48:05 :: TRACE :: MULTIPLAYER :: Client sent message: action:moneyMoved,amount:-4
INFO - [G] 2025-09-14 14:48:07 :: TRACE :: MULTIPLAYER :: Client sent message: action:usedCard,card:Pluto
INFO - [G] 2025-09-14 14:48:08 :: TRACE :: MULTIPLAYER :: Client sent message: action:rerollShop,cost:5
INFO - [G] 2025-09-14 14:48:08 :: TRACE :: MULTIPLAYER :: Client sent message: action:moneyMoved,amount:-5
INFO - [G] 2025-09-14 14:48:09 :: TRACE :: MULTIPLAYER :: Client sent message: action:rerollShop,cost:6
INFO - [G] 2025-09-14 14:48:09 :: TRACE :: MULTIPLAYER :: Client sent message: action:moneyMoved,amount:-6
INFO - [G] 2025-09-14 14:48:15 :: TRACE :: MULTIPLAYER :: Client sent message: action:moneyMoved,amount:3
INFO - [G] 2025-09-14 14:48:17 :: TRACE :: MULTIPLAYER :: Client sent message: action:moneyMoved,amount:9
INFO - [G] 2025-09-14 14:48:19 :: TRACE :: MULTIPLAYER :: Client sent message: action:usedCard,card:Arcana Pack
INFO - [G] 2025-09-14 14:48:19 :: TRACE :: MULTIPLAYER :: Client sent message: action:moneyMoved,amount:-4
INFO - [G] 2025-09-14 14:48:22 :: TRACE :: MULTIPLAYER :: Client sent message: action:usedCard,card:The Emperor
INFO - [G] 2025-09-14 14:48:24 :: TRACE :: MULTIPLAYER :: Client sent message: action:usedCard,card:The Wheel of Fortune
INFO - [G] 2025-09-14 14:48:25 :: TRACE :: MULTIPLAYER :: Client sent message: action:usedCard,card:Standard Pack
INFO - [G] 2025-09-14 14:48:25 :: TRACE :: MULTIPLAYER :: Client sent message: action:moneyMoved,amount:-4
INFO - [G] 2025-09-14 14:48:28 :: TRACE :: MULTIPLAYER :: Client sent message: action:rerollShop,cost:5
INFO - [G] 2025-09-14 14:48:28 :: TRACE :: MULTIPLAYER :: Client sent message: action:moneyMoved,amount:-5
INFO - [G] 2025-09-14 14:48:28 :: TRACE :: MULTIPLAYER :: Client sent message: action:rerollShop,cost:6
INFO - [G] 2025-09-14 14:48:28 :: TRACE :: MULTIPLAYER :: Client sent message: action:moneyMoved,amount:-6
INFO - [G] 2025-09-14 14:48:52 :: TRACE :: MULTIPLAYER :: Client sent message: action:usedCard,card:The Hanged Man
INFO - [G] 2025-09-14 14:48:53 :: TRACE :: MULTIPLAYER :: Client sent message: action:soldCard,card:The Lovers
INFO - [G] 2025-09-14 14:48:53 :: TRACE :: MULTIPLAYER :: Client sent message: action:moneyMoved,amount:1
INFO - [G] 2025-09-14 14:48:59 :: TRACE :: MULTIPLAYER :: Client sent message: action:moneyMoved,amount:8
INFO - [G] 2025-09-14 14:49:02 :: TRACE :: MULTIPLAYER :: Client sent message: action:usedCard,card:Arcana Pack
INFO - [G] 2025-09-14 14:49:02 :: TRACE :: MULTIPLAYER :: Client sent message: action:moneyMoved,amount:-4
INFO - [G] 2025-09-14 14:49:06 :: TRACE :: MULTIPLAYER :: Client sent message: action:usedCard,card:The Fool
INFO - [G] 2025-09-14 14:49:08 :: TRACE :: MULTIPLAYER :: Client sent message: action:usedCard,card:Jumbo Standard Pack
INFO - [G] 2025-09-14 14:49:08 :: TRACE :: MULTIPLAYER :: Client sent message: action:moneyMoved,amount:-6
INFO - [G] 2025-09-14 14:49:19 :: TRACE :: MULTIPLAYER :: Client sent message: action:moneyMoved,amount:3
INFO - [G] 2025-09-14 14:49:21 :: TRACE :: MULTIPLAYER :: Client sent message: action:moneyMoved,amount:9
INFO - [G] 2025-09-14 14:49:23 :: TRACE :: MULTIPLAYER :: Client sent message: action:usedCard,card:Crystal Ball
INFO - [G] 2025-09-14 14:49:23 :: TRACE :: MULTIPLAYER :: Client sent message: action:moneyMoved,amount:-10
INFO - [G] 2025-09-14 14:49:25 :: TRACE :: MULTIPLAYER :: Client sent message: action:usedCard,card:Standard Pack
INFO - [G] 2025-09-14 14:49:25 :: TRACE :: MULTIPLAYER :: Client sent message: action:moneyMoved,amount:-4
INFO - [G] 2025-09-14 14:49:34 :: TRACE :: MULTIPLAYER :: Client sent message: action:usedCard,card:The Hanged Man
INFO - [G] 2025-09-14 14:49:40 :: TRACE :: MULTIPLAYER :: Client sent message: action:moneyMoved,amount:6
INFO - [G] 2025-09-14 14:49:50 :: TRACE :: MULTIPLAYER :: Client sent message: action:moneyMoved,amount:8
INFO - [G] 2025-09-14 14:49:53 :: TRACE :: MULTIPLAYER :: Client sent message: action:boughtCardFromShop,card:Seltzer,cost:6
INFO - [G] 2025-09-14 14:49:53 :: TRACE :: MULTIPLAYER :: Client sent message: action:moneyMoved,amount:-6
INFO - [G] 2025-09-14 14:49:54 :: TRACE :: MULTIPLAYER :: Client sent message: action:usedCard,card:Mega Buffoon Pack
INFO - [G] 2025-09-14 14:49:54 :: TRACE :: MULTIPLAYER :: Client sent message: action:moneyMoved,amount:-8
INFO - [G] 2025-09-14 14:50:08 :: TRACE :: MULTIPLAYER :: Client sent message: action:moneyMoved,amount:8
INFO - [G] 2025-09-14 14:50:10 :: TRACE :: MULTIPLAYER :: Client sent message: action:usedCard,card:Clearance Sale
INFO - [G] 2025-09-14 14:50:10 :: TRACE :: MULTIPLAYER :: Client sent message: action:moneyMoved,amount:-10
INFO - [G] 2025-09-14 14:50:14 :: TRACE :: MULTIPLAYER :: Client sent message: action:moneyMoved,amount:20
INFO - [G] 2025-09-14 14:50:20 :: TRACE :: MULTIPLAYER :: Client sent message: action:moneyMoved,amount:10
INFO - [G] 2025-09-14 14:50:22 :: TRACE :: MULTIPLAYER :: Client sent message: action:usedCard,card:Celestial Pack
INFO - [G] 2025-09-14 14:50:22 :: TRACE :: MULTIPLAYER :: Client sent message: action:moneyMoved,amount:-3
INFO - [G] 2025-09-14 14:50:23 :: TRACE :: MULTIPLAYER :: Client sent message: action:usedCard,card:Pluto
INFO - [G] 2025-09-14 14:50:25 :: TRACE :: MULTIPLAYER :: Client sent message: action:rerollShop,cost:5
INFO - [G] 2025-09-14 14:50:25 :: TRACE :: MULTIPLAYER :: Client sent message: action:moneyMoved,amount:-5
INFO - [G] 2025-09-14 14:50:26 :: TRACE :: MULTIPLAYER :: Client sent message: action:rerollShop,cost:6
INFO - [G] 2025-09-14 14:50:26 :: TRACE :: MULTIPLAYER :: Client sent message: action:moneyMoved,amount:-6
INFO - [G] 2025-09-14 14:50:28 :: TRACE :: MULTIPLAYER :: Client sent message: action:soldCard,card:Burnt Joker
INFO - [G] 2025-09-14 14:50:28 :: TRACE :: MULTIPLAYER :: Client sent message: action:moneyMoved,amount:3
INFO - [G] 2025-09-14 14:50:29 :: TRACE :: MULTIPLAYER :: Client sent message: action:boughtCardFromShop,card:DNA,cost:6
INFO - [G] 2025-09-14 14:50:29 :: TRACE :: MULTIPLAYER :: Client sent message: action:moneyMoved,amount:-6
INFO - [G] 2025-09-14 14:50:40 :: TRACE :: MULTIPLAYER :: Client sent message: action:moneyMoved,amount:9
INFO - [G] 2025-09-14 14:50:42 :: TRACE :: MULTIPLAYER :: Client sent message: action:usedCard,card:Celestial Pack
INFO - [G] 2025-09-14 14:50:42 :: TRACE :: MULTIPLAYER :: Client sent message: action:moneyMoved,amount:-3
INFO - [G] 2025-09-14 14:50:44 :: TRACE :: MULTIPLAYER :: Client sent message: action:usedCard,card:Pluto
INFO - [G] 2025-09-14 14:50:46 :: TRACE :: MULTIPLAYER :: Client sent message: action:usedCard,card:Jumbo Standard Pack
INFO - [G] 2025-09-14 14:50:46 :: TRACE :: MULTIPLAYER :: Client sent message: action:moneyMoved,amount:-4
INFO - [G] 2025-09-14 14:50:49 :: TRACE :: MULTIPLAYER :: Client sent message: action:rerollShop,cost:5
INFO - [G] 2025-09-14 14:50:49 :: TRACE :: MULTIPLAYER :: Client sent message: action:moneyMoved,amount:-5
INFO - [G] 2025-09-14 14:51:00 :: TRACE :: MULTIPLAYER :: Client sent message: action:moneyMoved,amount:20
INFO - [G] 2025-09-14 14:51:06 :: TRACE :: MULTIPLAYER :: Client sent message: action:moneyMoved,amount:11
INFO - [G] 2025-09-14 14:51:10 :: TRACE :: MULTIPLAYER :: Client sent message: action:usedCard,card:Jumbo Arcana Pack
INFO - [G] 2025-09-14 14:51:10 :: TRACE :: MULTIPLAYER :: Client sent message: action:moneyMoved,amount:-4
INFO - [G] 2025-09-14 14:51:15 :: TRACE :: MULTIPLAYER :: Client sent message: action:usedCard,card:The Chariot
INFO - [G] 2025-09-14 14:51:16 :: TRACE :: MULTIPLAYER :: Client sent message: action:usedCard,card:Overstock
INFO - [G] 2025-09-14 14:51:16 :: TRACE :: MULTIPLAYER :: Client sent message: action:moneyMoved,amount:-7
INFO - [G] 2025-09-14 14:51:19 :: TRACE :: MULTIPLAYER :: Client sent message: action:rerollShop,cost:5
INFO - [G] 2025-09-14 14:51:19 :: TRACE :: MULTIPLAYER :: Client sent message: action:moneyMoved,amount:-5
INFO - [G] 2025-09-14 14:51:21 :: TRACE :: MULTIPLAYER :: Client sent message: action:rerollShop,cost:6
INFO - [G] 2025-09-14 14:51:21 :: TRACE :: MULTIPLAYER :: Client sent message: action:moneyMoved,amount:-6
INFO - [G] 2025-09-14 14:51:23 :: TRACE :: MULTIPLAYER :: Client sent message: action:usedCard,card:Standard Pack
INFO - [G] 2025-09-14 14:51:23 :: TRACE :: MULTIPLAYER :: Client sent message: action:moneyMoved,amount:-3
