INFO - [♥] Lovely 0.8.0
INFO - [♥] Game directory is at "C:\\Program Files (x86)\\Steam\\steamapps\\common\\Balatro"
INFO - [♥] Writing logs to "C:\\Users\\evan\\AppData\\Roaming\\Balatro\\Mods\\lovely\\log"
INFO - [♥] Using mod directory at "C:\\Users\\evan\\AppData\\Roaming\\Balatro\\Mods"
INFO - [♥] Found .lovelyignore in 'Yorick', skipping it.
WARN - [♥] Unknown key `patches.1.?.match_indent` found in patch file at "C:\\Users\\evan\\AppData\\Roaming\\Balatro\\Mods\\Cartomancer\\lovely\\blinds-info.toml", ignoring it
WARN - [♥] Unknown key `patches.2.?.match_indent` found in patch file at "C:\\Users\\evan\\AppData\\Roaming\\Balatro\\Mods\\Cartomancer\\lovely\\stackable-deck-steamodded.toml", ignoring it
WARN - [♥] Unknown key `patches.4.?.match_indent` found in patch file at "C:\\Users\\evan\\AppData\\Roaming\\Balatro\\Mods\\Cartomancer\\lovely\\stackable-deck-steamodded.toml", ignoring it
WARN - [♥] Unknown key `patches.6.?.match_indent` found in patch file at "C:\\Users\\evan\\AppData\\Roaming\\Balatro\\Mods\\Cartomancer\\lovely\\stackable-deck-steamodded.toml", ignoring it
WARN - [♥] Unknown key `patches.21.?.match_indent` found in patch file at "C:\\Users\\evan\\AppData\\Roaming\\Balatro\\Mods\\Cryptid-0.5.7\\lovely\\code.toml", ignoring it
WARN - [♥] Unknown key `patches.1.?.match_indent` found in patch file at "C:\\Users\\evan\\AppData\\Roaming\\Balatro\\Mods\\HandyBalatro\\lovely\\controls_misc.toml", ignoring it
WARN - [♥] Unknown key `patches.1.?.overwrite` found in patch file at "C:\\Users\\evan\\AppData\\Roaming\\Balatro\\Mods\\HandyBalatro\\lovely\\controls_misc.toml", ignoring it
WARN - [♥] Unknown key `patches.0.?.overwrite` found in patch file at "C:\\Users\\evan\\AppData\\Roaming\\Balatro\\Mods\\HandyBalatro\\lovely\\controls_show_deck_preview.toml", ignoring it
WARN - [♥] Unknown key `patches.10.?.match_indent` found in patch file at "C:\\Users\\evan\\AppData\\Roaming\\Balatro\\Mods\\Saturn\\lovely\\rem_anim.toml", ignoring it
WARN - [♥] Unknown key `patches.10.?.overwrite` found in patch file at "C:\\Users\\evan\\AppData\\Roaming\\Balatro\\Mods\\Saturn\\lovely\\rem_anim.toml", ignoring it
WARN - [♥] Unknown key `patches.35.?.match_indent` found in patch file at "C:\\Users\\evan\\AppData\\Roaming\\Balatro\\Mods\\Talisman\\lovely.toml", ignoring it
WARN - [♥] Unknown key `patches.35.?.overwrite` found in patch file at "C:\\Users\\evan\\AppData\\Roaming\\Balatro\\Mods\\Talisman\\lovely.toml", ignoring it
WARN - [♥] Unknown key `patches.52.?.match_indent` found in patch file at "C:\\Users\\evan\\AppData\\Roaming\\Balatro\\Mods\\Talisman\\lovely.toml", ignoring it
WARN - [♥] Unknown key `patches.55.?.match_indent` found in patch file at "C:\\Users\\evan\\AppData\\Roaming\\Balatro\\Mods\\Talisman\\lovely.toml", ignoring it
INFO - [♥] Cleaning up dumps directory at "C:\\Users\\evan\\AppData\\Roaming\\Balatro\\Mods\\lovely\\dump"
INFO - [♥] Initialization complete in 225ms
WARN - [♥] Pattern 'G.ARGS.score_intensity.organ = G.video_organ or G.ARGS.score_intensity.required_score > 0 and math.max(math.min(0.4, 0.1*math.log(G.ARGS.score_intensity.earned_score/(G.ARGS.score_intensity.required_score+1), 5)),0.) or 0' on target 'main.lua' for pattern patch from Talisman\lovely.toml resulted in no matches
WARN - [♥] Pattern 'if type(G.GAME.current_round.current_hand.chips) ~= \'number\' or type(G.GAME.current_round.current_hand.mult) ~= \'number\' then' on target 'main.lua' for pattern patch from Talisman\lovely.toml resulted in no matches
WARN - [♥] Pattern 'modded and {' on target 'main.lua' for pattern patch from Cartomancer\lovely\stackable-deck-steamodded-0.9.8.toml resulted in no matches
INFO - [♥] Applied 19 patches to 'main.lua'
INFO - [♥] Applied 2 patches to 'engine/string_packer.lua'
INFO - [♥] Applied 12 patches to 'engine/controller.lua'
INFO - [♥] Applied 15 patches to 'back.lua'
INFO - [♥] Applied 18 patches to 'tag.lua'
INFO - [♥] Applied 1 patch to 'engine/event.lua'
INFO - [♥] Applied 1 patch to 'engine/node.lua'
INFO - [♥] Applied 3 patches to 'engine/moveable.lua'
INFO - [♥] Applied 3 patches to 'engine/sprite.lua'
INFO - [♥] Applied 2 patches to 'engine/animatedsprite.lua'
WARN - [♥] Pattern 'assembled_string = assembled_string..(type(subpart) == \'string\' and subpart or args.vars[tonumber(subpart[1])] or \'ERROR\')' on target 'functions/misc_functions.lua' for pattern patch from Talisman\lovely.toml resulted in no matches
INFO - [♥] Applied 70 patches to 'functions/misc_functions.lua'
WARN - [♥] Regex 'card\\:start_materialize\\(\\)\\n\\s+G\\.shop_vouchers\\:emplace\\(card\\)\\n\\s+end' on target 'game.lua' for regex patch from Cryptid-0.5.7\lovely\Voucher.toml resulted in no matches
INFO - [♥] Applied 104 patches to 'game.lua'
INFO - [♥] Applied 1 patch to 'globals.lua'
WARN - [♥] Pattern 'self.config.chosen = true' on target 'engine/ui.lua' for pattern patch from Cartomancer\lovely\vanilla-ui.toml resulted in no matches
INFO - [♥] Applied 7 patches to 'engine/ui.lua'
WARN - [♥] Pattern '{n=G.UIT.T, config={text = G.GAME.hands[handname].chips, scale = 0.45, colour = G.C.UI.TEXT_LIGHT}},' on target 'functions/UI_definitions.lua' for pattern patch from Talisman\lovely.toml resulted in no matches
WARN - [♥] Pattern '{n=G.UIT.T, config={text = G.GAME.hands[handname].mult, scale = 0.45, colour = G.C.UI.TEXT_LIGHT}}' on target 'functions/UI_definitions.lua' for pattern patch from Talisman\lovely.toml resulted in no matches
INFO - [♥] Applied 136 patches to 'functions/UI_definitions.lua'
WARN - [♥] Pattern 'func = (function()  update_hand_text({delay = 0, immediate = true}, {mult = 0, chips = 0, chip_total = math.floor(hand_chips*mult), level = \'\', handname = \'\'});return true end)' on target 'functions/state_events.lua' for pattern patch from Cryptid-0.5.7\lovely\blind.toml resulted in no matches
WARN - [♥] Pattern 'ease_to = G.GAME.chips + math.floor(hand_chips * mult) * (e and e.antiscore and -1 or 1),' on target 'functions/state_events.lua' for pattern patch from Cryptid-0.5.7\lovely\blind.toml resulted in no matches
WARN - [♥] Pattern 'if reps[j] ~= 1 then' on target 'functions/state_events.lua' for pattern patch from Cryptid-0.5.7\lovely\misc.toml resulted in no matches
WARN - [♥] Pattern 'if effects[ii].card then' on target 'functions/state_events.lua' for pattern patch from HandyBalatro\lovely\controls_animation_skip.toml resulted in no matches
WARN - [♥] Pattern 'if G.GAME.round_resets.blind == G.P_BLINDS.bl_small then\n  G.GAME.round_resets.blind_states.Small = \'Defeated\' ' on target 'functions/state_events.lua' for pattern patch from MoreFluff\lovely\superboss.toml resulted in no matches
WARN - [♥] Pattern 'if G.GAME.round_resets.ante == G.GAME.win_ante and G.GAME.blind:get_type() == \'Boss\' then\n  game_won = true\n  G.GAME.won = true\nend' on target 'functions/state_events.lua' for pattern patch from MoreFluff\lovely\superboss.toml resulted in no matches
WARN - [♥] Pattern 'G.FUNCS.draw_from_hand_to_discard()\nif G.GAME.blind:get_type() == \'Boss\' then' on target 'functions/state_events.lua' for pattern patch from MoreFluff\lovely\superboss.toml resulted in no matches
WARN - [♥] Pattern 'func = (function()  update_hand_text({delay = 0, immediate = true}, {mult = 0, chips = 0, chip_total = G.GAME.blind.cry_cap_score and G.GAME.blind:cry_cap_score(math.floor(hand_chips*mult)) or math.floor(hand_chips*mult), level = \'\', handname = \'\'});return true end)\n' on target 'functions/state_events.lua' for pattern patch from Cryptid-0.5.7\lovely\none.toml resulted in no matches
WARN - [♥] Pattern 'if effects[ii].card then' on target 'functions/state_events.lua' for pattern patch from Saturn\lovely\rem_anim.toml resulted in no matches
WARN - [♥] Pattern 'if effects[ii].card then' on target 'functions/state_events.lua' for pattern patch from Talisman\lovely.toml resulted in no matches
WARN - [♥] Pattern 'if effects.jokers.Xmult_mod then mult = mod_mult(mult*effects.jokers.Xmult_mod);extras.mult = true  end' on target 'functions/state_events.lua' for pattern patch from Talisman\lovely.toml resulted in no matches
WARN - [♥] Pattern 'if effect.Xmult_mod then mult = mod_mult(mult*effect.Xmult_mod);extras.mult = true  end' on target 'functions/state_events.lua' for pattern patch from Talisman\lovely.toml resulted in no matches
WARN - [♥] Pattern 'if effects[ii].message then' on target 'functions/state_events.lua' for pattern patch from Talisman\lovely.toml resulted in no matches
WARN - [♥] Pattern '--calculate the card edition effects' on target 'functions/state_events.lua' for pattern patch from Talisman\lovely.toml resulted in no matches
WARN - [♥] Pattern 'if effects[ii].edition.p_dollars_mod then' on target 'functions/state_events.lua' for pattern patch from Talisman\lovely.toml resulted in no matches
WARN - [♥] Pattern 'if edition_effects.jokers.x_mult_mod then' on target 'functions/state_events.lua' for pattern patch from Talisman\lovely.toml resulted in no matches
WARN - [♥] Pattern '\tfunc = (function() G.GAME.current_round.current_hand.handname = \'\';return true end)\n}))\ndelay(0.3)\n' on target 'functions/state_events.lua' for pattern patch from Talisman\lovely.toml resulted in no matches
WARN - [♥] Pattern 'if SMODS.has_enhancement(scoring_hand[i], \'m_glass\') and scoring_hand[i]:can_calculate() and pseudorandom(\'glass\') < G.GAME.probabilities.normal/(scoring_hand[i].ability.name == \'Glass Card\' and scoring_hand[i].ability.extra or G.P_CENTERS.m_glass.config.extra) then' on target 'functions/state_events.lua' for pattern patch from Cryptid-0.5.7\lovely\Probability.toml resulted in no matches
WARN - [♥] Regex '(?<indent>[\\t ]*)if destroyed then \\n' on target 'functions/state_events.lua' for regex patch from Cryptid-0.5.7\lovely\seal.toml resulted in no matches
INFO - [♥] Applied 101 patches to 'functions/state_events.lua'
WARN - [♥] Pattern '{n=G.UIT.T, config={text = localize(\'$\')..config.dollars, scale = 1.2*scale, colour = G.C.WHITE, shadow = true, juice = true}}' on target 'functions/common_events.lua' for pattern patch from Cryptid-0.5.7\lovely\code.toml resulted in no matches
WARN - [♥] Pattern 'elseif v.boss.showdown and (G.GAME.round_resets.ante)%G.GAME.win_ante == 0 and G.GAME.round_resets.ante >= 2 then' on target 'functions/common_events.lua' for pattern patch from Cryptid-0.5.7\lovely\stake.toml resulted in no matches
WARN - [♥] Pattern 'func = (function() if eval_func(card) then if not first or first then card:juice_up(0.1, 0.1) end;juice_card_until(card, eval_func, nil, 0.8) end return true end)' on target 'functions/common_events.lua' for pattern patch from HandyBalatro\lovely\controls_animation_skip.toml resulted in no matches
WARN - [♥] Pattern 'func = (function() if eval_func(card) then if not first or first then card:juice_up(0.1, 0.1) end;juice_card_until(card, eval_func, nil, 0.8) end return true end)' on target 'functions/common_events.lua' for pattern patch from HandyBalatro\lovely\controls_animation_skip.toml resulted in no matches
WARN - [♥] Pattern '   end\n\n    if main_end then \n        desc_nodes[#desc_nodes+1] = main_end \n    end' on target 'functions/common_events.lua' for pattern patch from MoreFluff\lovely\complexitycreep.toml resulted in no matches
WARN - [♥] Regex 'localize\\(\'ph_mr_bones\'\\)..\' \'\\}, colours = \\{G.C.FILTER' on target 'functions/common_events.lua' for regex patch from Cryptid-0.5.7\lovely\code.toml resulted in no matches
WARN - [♥] Pattern 'func = (function() if eval_func(card) then if not first or first then card:juice_up(0.1, 0.1) end;juice_card_until(card, eval_func, nil, 0.8) end return true end)' on target 'functions/common_events.lua' for pattern patch from Saturn\lovely\rem_anim.toml resulted in no matches
WARN - [♥] Pattern 'func = (function() card:juice_up(0.7);return true end)' on target 'functions/common_events.lua' for pattern patch from Saturn\lovely\rem_anim.toml resulted in no matches
WARN - [♥] Pattern 'if card then card:juice_up(0.8, 0.5) end' on target 'functions/common_events.lua' for pattern patch from Saturn\lovely\rem_anim.toml resulted in no matches
WARN - [♥] Pattern 'card:juice_up(0.6, 0.1)' on target 'functions/common_events.lua' for pattern patch from Saturn\lovely\rem_anim.toml resulted in no matches
WARN - [♥] Pattern 'func = (function() if eval_func(card) then if not first or first then card:juice_up(0.1, 0.1) end;juice_card_until(card, eval_func, nil, 0.8) end return true end)' on target 'functions/common_events.lua' for pattern patch from Saturn\lovely\rem_anim.toml resulted in no matches
WARN - [♥] Pattern 'func = (function() if eval_func(card) then if not first or first then card:juice_up(0.1, 0.1) end;juice_card_until(card, eval_func, nil, 0.8) end return true end)' on target 'functions/common_events.lua' for pattern patch from Saturn\lovely\rem_anim.toml resulted in no matches
WARN - [♥] Pattern 'if num_dollars > 60 then' on target 'functions/common_events.lua' for pattern patch from Talisman\lovely.toml resulted in no matches
WARN - [♥] Pattern 'func = (function() card:juice_up(0.7);return true end)' on target 'functions/common_events.lua' for pattern patch from Talisman\lovely.toml resulted in no matches
WARN - [♥] Pattern 'if card then card:juice_up(0.8, 0.5) end' on target 'functions/common_events.lua' for pattern patch from Talisman\lovely.toml resulted in no matches
WARN - [♥] Pattern 'card:juice_up(0.6, 0.1)' on target 'functions/common_events.lua' for pattern patch from Talisman\lovely.toml resulted in no matches
WARN - [♥] Pattern 'func = (function() if eval_func(card) then if not first or first then card:juice_up(0.1, 0.1) end;juice_card_until(card, eval_func, nil, 0.8) end return true end)' on target 'functions/common_events.lua' for pattern patch from Talisman\lovely.toml resulted in no matches
WARN - [♥] Pattern 'func = (function() if eval_func(card) then if not first or first then card:juice_up(0.1, 0.1) end;juice_card_until(card, eval_func, nil, 0.8) end return true end)' on target 'functions/common_events.lua' for pattern patch from Talisman\lovely.toml resulted in no matches
WARN - [♥] Pattern 'if amt > 0 or amt < 0 then' on target 'functions/common_events.lua' for pattern patch from Talisman\lovely.toml resulted in no matches
WARN - [♥] Pattern 'if amt > 0 or amt < 0 then' on target 'functions/common_events.lua' for pattern patch from Talisman\lovely.toml resulted in no matches
INFO - [♥] Applied 192 patches to 'functions/common_events.lua'
WARN - [♥] Pattern 'if ((G.GAME.dollars-G.GAME.bankrupt_at) - 10 >= 0) and' on target 'functions/button_callbacks.lua' for pattern patch from Talisman\lovely.toml resulted in no matches
INFO - [♥] Applied 88 patches to 'functions/button_callbacks.lua'
WARN - [♥] Pattern '*then G.E_MANAGER:add_event(Event({ func = function() G.GAME.blind:set_blind(nil, true, nil); return true end })) end' on target 'card.lua' for pattern patch from smods-1.0.0-beta-0509c\lovely\calculate_card_added.toml resulted in 2 matches, wanted 1
WARN - [♥] Ignoring excess matches
WARN - [♥] Pattern 'if not initial then G.GAME.blind:debuff_card(self) end' on target 'card.lua' for pattern patch from Cryptid-0.5.7\lovely\lib_misc.toml resulted in no matches
WARN - [♥] Pattern 'if self.ability.queue_negative_removal then' on target 'card.lua' for pattern patch from Cryptid-0.5.7\lovely\sticker.toml resulted in no matches
WARN - [♥] Pattern 'if self.ability.rental then self.cost = 1 end' on target 'card.lua' for pattern patch from MoreFluff\lovely\superboss.toml resulted in no matches
WARN - [♥] Pattern 'if G.GAME.blind then G.E_MANAGER:add_event(Event({ func = function() G.GAME.blind:set_blind(nil, true, nil); return true end })) end' on target 'card.lua' for pattern patch from Saturn\lovely\rem_anim.toml resulted in no matches
WARN - [♥] Pattern 'G.E_MANAGER:add_event(Event({func = (function() G.GAME.dollar_buffer = 0; return true end)}))' on target 'card.lua' for pattern patch from Saturn\lovely\rem_anim.toml resulted in no matches
WARN - [♥] Pattern 'Xmult_mod = G.P_CENTERS.v_observatory.config.extra' on target 'card.lua' for pattern patch from Saturn\lovely\stack.toml resulted in no matches
WARN - [♥] Pattern 'message = localize{type = \'variable\', key = \'a_xmult\', vars = {G.P_CENTERS.v_observatory.config.extra}},' on target 'card.lua' for pattern patch from Saturn\lovely\stack.toml resulted in no matches
WARN - [♥] Pattern 'local card = copy_card(pseudorandom_element(G.consumeables.cards, pseudoseed(\'perkeo\')), nil)' on target 'card.lua' for pattern patch from Saturn\lovely\stack.toml resulted in no matches
WARN - [♥] Pattern 'if self.edition and not silent then' on target 'card.lua' for pattern patch from Talisman\lovely.toml resulted in no matches
WARN - [♥] Pattern 'G.E_MANAGER:add_event(Event({func = (function() G.GAME.dollar_buffer = 0; return true end)}))' on target 'card.lua' for pattern patch from Talisman\lovely.toml resulted in no matches
WARN - [♥] Pattern 'if G.GAME.blind then G.E_MANAGER:add_event(Event({ func = function() G.GAME.blind:set_blind(nil, true, nil); return true end })) end' on target 'card.lua' for pattern patch from Talisman\lovely.toml resulted in no matches
WARN - [♥] Pattern 'x_mult = center.config.Xmult or 1,' on target 'card.lua' for pattern patch from Talisman\lovely.toml resulted in no matches
WARN - [♥] Regex 'self.params.viewed_back and G.GAME.viewed_back or G.GAME.selected_back' on target 'card.lua' for regex patch from CardSleeves\lovely\expected_to_fail.toml resulted in no matches
INFO - [♥] Applied 280 patches to 'card.lua'
INFO - [♥] Applied 29 patches to 'cardarea.lua'
INFO - [♥] Applied 45 patches to 'blind.lua'
INFO - [♥] Applied 2 patches to 'card_character.lua'
WARN - [♥] Pattern 'if self.strings[k].W > self.config.W then' on target 'engine/text.lua' for pattern patch from Talisman\lovely.toml resulted in no matches
WARN - [♥] Pattern 'local letter = self.strings[self.focused_string].letters[k]' on target 'engine/text.lua' for pattern patch from Talisman\lovely.toml resulted in no matches
INFO - [♥] Applied 6 patches to 'engine/text.lua'
INFO - [♥] Applied 14 patches to '=[SMODS _ "src/utils.lua"]'
WARN - [♥] Pattern '\t\t\topt_callback = \'your_collection_tags_page\',\n\t\t\tfocus_args = { snap_to = true, nav = \'wide\' },\n\t\t\tcurrent_option = page,\n\t\t\tcolour = G.ACTIVE_MOD_UI and (G.ACTIVE_MOD_UI.ui_config or {}).collection_option_cycle_colour or G.C.RED,\n\t\t\tno_pips = true\n\t\t})\n\t}\n}' on target '=[SMODS _ "src/overrides.lua"]' for pattern patch from Cryptid-0.5.7\lovely\cat.toml resulted in no matches
WARN - [♥] Pattern 'card_limit = #SUITS[visible_suit[j]],' on target '=[SMODS _ "src/overrides.lua"]' for pattern patch from Cartomancer\lovely\stackable-deck-steamodded.toml resulted in no matches
WARN - [♥] Pattern 'card_limit = #SUITS[visible_suit[j]],' on target '=[SMODS _ "src/overrides.lua"]' for pattern patch from Cartomancer\lovely\stackable-deck-steamodded.toml resulted in no matches
WARN - [♥] Regex '\t\t\t\tfor i = 1\\, \\#SUITS\\[visible_suit\\[j\\]\\] do\n\t\t\t\t\tif SUITS\\[visible_suit\\[j\\]\\]\\[i\\] then\n\t\t\t\t\t\tlocal greyed\\, _scale = nil\\, 0\\.7[\\s\\S]*\n\t\t\t\t\t\tcopy:hard_set_T\\(\\)\n\t\t\t\t\t\tview_deck:emplace\\(copy\\)\n\t\t\t\t\tend\n\t\t\t\tend' on target '=[SMODS _ "src/overrides.lua"]' for regex patch from Cartomancer\lovely\stackable-deck-steamodded.toml resulted in no matches
WARN - [♥] Regex '\t\t\tfor i = 1\\, \\#SUITS\\[visible_suit\\[j\\]\\] do\n\t\t\t\tif SUITS\\[visible_suit\\[j\\]\\]\\[i\\] then\n\t\t\t\t\tlocal greyed\\, _scale = nil\\, 0\\.7[\\s\\S]*\n\t\t\t\t\tcopy:hard_set_T\\(\\)\n\t\t\t\t\tview_deck:emplace\\(copy\\)\n\t\t\t\tend\n\t\t\tend' on target '=[SMODS _ "src/overrides.lua"]' for regex patch from Cartomancer\lovely\stackable-deck-steamodded.toml resulted in no matches
INFO - [♥] Applied 9 patches to '=[SMODS _ "src/overrides.lua"]'
WARN - [♥] Pattern 'x_mult = card.ability.extra' on target '=[SMODS _ "src/game_object.lua"]' for pattern patch from Saturn\lovely\stack.toml resulted in no matches
INFO - [♥] Applied 3 patches to '=[SMODS _ "src/game_object.lua"]'
INFO - [G] Failed to connect to the debug server
INFO - [G] 2025-08-24 20:00:38 :: DEBUG :: DebugConsole :: Steamodded Debug Socket started !
INFO - [G] 2025-08-24 20:00:38 :: INFO  :: SMODS :: Steamodded v1.0.0~BETA-0509c
INFO - [G] Order not set for config dictionary: misc_quick_restart
INFO - [G] Order not set for config dictionary: speed_multiplier_default_value
INFO - [G] Order not set for config dictionary: misc_save_run
INFO - [G] Order not set for config dictionary: animation_skip_default_value
INFO - [♥] Applied 9 patches to 'engine/sound_manager.lua'
INFO - [♥] Applied 3 patches to 'engine/save_manager.lua'
INFO - [♥] Applied 2 patches to 'engine/string_packer.lua'
INFO - [♥] Applied 4 patches to '=[SMODS _ "src/card_draw.lua"]'
INFO - [G] 2025-08-24 20:00:39 :: INFO  :: Loader :: Valid JSON file found
INFO - [G] 2025-08-24 20:00:39 :: TRACE :: Loader :: Processing Mod file (Legacy header): mod.lua
INFO - [G] 2025-08-24 20:00:39 :: TRACE :: Loader :: Saving Mod Info: cartomancer
INFO - [G] 2025-08-24 20:00:39 :: INFO  :: Loader :: Valid JSON file found
INFO - [G] 2025-08-24 20:00:40 :: INFO  :: Loader :: Valid JSON file found
INFO - [G] 2025-08-24 20:00:40 :: TRACE :: Loader :: Processing Mod file (Legacy header): steamodded.lua
INFO - [G] 2025-08-24 20:00:40 :: WARN  :: Loader :: Duplicate Mod ID: Handy
INFO - [G] 2025-08-24 20:00:40 :: TRACE :: Loader :: Processing Mod file (Legacy header): MoreFluff.lua
INFO - [G] 2025-08-24 20:00:40 :: TRACE :: Loader :: Saving Mod Info: MoreFluff
INFO - [G] 2025-08-24 20:00:40 :: INFO  :: Loader :: Valid JSON file found
INFO - [G] 2025-08-24 20:00:40 :: TRACE :: Loader :: Processing Mod file (Legacy header): MoreSpeeds.lua
INFO - [G] 2025-08-24 20:00:40 :: TRACE :: Loader :: Saving Mod Info: MoreSpeed
INFO - [G] 2025-08-24 20:00:40 :: ERROR :: Loader :: Found invalid metadata JSON file at C:\Users\evan\AppData\Roaming\Balatro\Mods/Steamopollys-MoreSpeed-0.8.2/manifest.json, ignoring: [SMODS _ "src/loader.lua"]:226: id
INFO - [G] 2025-08-24 20:00:40 :: TRACE :: Loader :: Processing Mod file (Legacy header): steamodded_metadata.lua
INFO - [G] 2025-08-24 20:00:40 :: TRACE :: Loader :: Saving Mod Info: Talisman
INFO - [G] 2025-08-24 20:00:40 :: INFO  :: Loader :: Valid JSON file found
INFO - [G] 2025-08-24 20:00:40 :: INFO  :: CardSleeves :: CardSleeves v1.8.0 loaded~!
INFO - [G] basepaul_card
INFO - [G] blahaj
INFO - [G] clownfish
INFO - [G] expansion_pack
INFO - [G] hollow
INFO - [G] jester
INFO - [G] lollipop
INFO - [G] luckycharm
INFO - [G] monochrome
INFO - [G] mspaint
INFO - [G] philosophical
INFO - [G] simplified
INFO - [G] spiral
INFO - [G] treasuremap
INFO - [G] unregisteredhypercam
INFO - [G] dropkick
INFO - [G] bladedance
INFO - [G] hyperbeam
INFO - [G] blasphemy
INFO - [G] dramaticentrance
INFO - [G] badlegaldefence
INFO - [G] blunder
INFO - [G] brilliant
INFO - [G] broomcloset
INFO - [G] clipart
INFO - [G] coupon_catalogue
INFO - [G] css
INFO - [G] cueball
INFO - [G] flintandsteel
INFO - [G] gemstonejoker
INFO - [G] globe
INFO - [G] goldencarrot
INFO - [G] hallofmirrors
INFO - [G] impostor
INFO - [G] farmmerge
INFO - [G] junkmail
INFO - [G] tonersoup
INFO - [G] unpleasantcard
INFO - [G] loadeddisk
INFO - [G] missingjoker
INFO - [G] paintcan
INFO - [G] rot_cartomancer
INFO - [G] snake
INFO - [G] slotmachine
INFO - [G] stylemeter
INFO - [G] stonejokerjoker
INFO - [G] sudoku
INFO - [G] talljoker
INFO - [G] teacup
INFO - [G] tealjoker
INFO - [G] recycling
INFO - [G] virtual
INFO - [G] wilddrawfour
INFO - [G] yuckyrat
INFO - [G] allicantdo
INFO - [G] bloodpact
INFO - [G] bookmove
INFO - [G] brass
INFO - [G] bowlingball
INFO - [G] cba
INFO - [G] complexitycreep
INFO - [G] fleshprison
INFO - [G] hugejoker
INFO - [G] hyperjimbo
INFO - [G] jankman
INFO - [G] mashupalbum
INFO - [G] pixeljoker
INFO - [G] rainbowjoker
INFO - [G] rosetinted
INFO - [G] the_solo
INFO - [G] top10
INFO - [G] widejoker
INFO - [G] triangle
INFO - [G] marigold
INFO - [G] lessfluff
INFO - [G] colorem
INFO - [G] 2025-08-24 20:00:40 :: TRACE :: Loader :: Mod yorick was unable to load: 
INFO - [G] 2025-08-24 20:00:40 :: TRACE :: Loader :: Mod Cryptid was unable to load: Missing Dependencies: 1: Steamodded (>=1.0.0~BETA-0525b)

Unresolved Conflicts: 1: Saturn


INFO - [G] 2025-08-24 20:00:40 :: INFO  :: TIMER :: [0000] Injected Language in 0.001 ms
INFO - [G] 2025-08-24 20:00:40 :: INFO  :: TIMER :: [0000] Injected [INTERNAL] in 1.091 ms
INFO - [G] 2025-08-24 20:00:40 :: INFO  :: TIMER :: [0025] Injected Atlas in 261.421 ms
INFO - [G] 2025-08-24 20:00:40 :: INFO  :: TIMER :: [0012] Injected Sound in 16.985 ms
INFO - [G] 2025-08-24 20:00:40 :: INFO  :: TIMER :: [0008] Injected Stake in 0.109 ms
INFO - [G] 2025-08-24 20:00:40 :: INFO  :: TIMER :: [0004] Injected Rarity in 0.017 ms
INFO - [G] 2025-08-24 20:00:40 :: INFO  :: TIMER :: [0006] Injected ObjectType in 0.078 ms
INFO - [G] line not found
INFO - [G] file not found: main.lua: No such file or directory
INFO - [G] file not found: main.lua: No such file or directory
INFO - [G] file not found: main.lua: No such file or directory
INFO - [G] 2025-08-24 20:00:40 :: ERROR :: StackTrace :: Oops! The game crashed
[SMODS _ "src/utils.lua"]:239: attempt to get length of local 'pool' (a nil value)
Stack Traceback
===============
(1) Lua local 'handler' at file 'main.lua:612'
	Local variables:
	 msg = string: "[SMODS _ \"src/utils.lua\"]:239: attempt to get length of local 'pool' (a nil value)"
	 (*temporary) = Lua function '?' (defined at line 31 of chunk [SMODS _ "src/logging.lua"])
	 (*temporary) = string: "Oops! The game crashed\
"
(2) LÖVE metamethod at file 'boot.lua:352'
	Local variables:
	 errhand = Lua function '?' (defined at line 598 of chunk main.lua)
	 handler = Lua function '?' (defined at line 598 of chunk main.lua)
(3) Lua field 'insert_pool' at Steamodded file 'src/utils.lua:239' 
	Local variables:
	 pool = nil
	 center = table: 0x1f0848b8  {loc_vars:function: 0x1eec91d0, _saved_d_u:true, original_key:colorem, loc_txt:table: 0x1f386d88, unlocked:true, registered:true, soul_pos:table: 0x1eec9140 (more...)}
	 replace = nil
	 (*temporary) = number: nan
	 (*temporary) = string: "Colour"
	 (*temporary) = table: 0x1f1be968  {secondary_colour:table: 0x1f024dd0, primary_colour:table: 0x1f1be990, atlas:ConsumableType, can_divide:false, original_mod:table: 0x1f3b2d00 (more...)}
	 (*temporary) = nil
	 (*temporary) = table: 0x1f6b9a98  {1:table: 0x1f310518, 2:table: 0x1f310788, 3:table: 0x1f310a58, 4:table: 0x1f310d28, 5:table: 0x1f310ff8, 6:table: 0x1f3112c8, 7:table: 0x1f311538 (more...)}
	 (*temporary) = table: 0x1f0848b8  {loc_vars:function: 0x1eec91d0, _saved_d_u:true, original_key:colorem, loc_txt:table: 0x1f386d88, unlocked:true, registered:true, soul_pos:table: 0x1eec9140 (more...)}
	 (*temporary) = string: "e_negative"
	 (*temporary) = string: "attempt to get length of local 'pool' (a nil value)"
(4) Lua method 'inject' at Steamodded file 'src/game_object.lua:1129' 
	Local variables:
	 self = table: 0x1f0848b8  {loc_vars:function: 0x1eec91d0, _saved_d_u:true, original_key:colorem, loc_txt:table: 0x1f386d88, unlocked:true, registered:true, soul_pos:table: 0x1eec9140 (more...)}
(5) Lua method 'inject_class' at Steamodded file 'src/game_object.lua:185' 
	Local variables:
	 self = table: 0x1f3ac648  {get_obj:function: 0x1f3ac588, set:Center, subclasses:table: 0x1f3ac7f8, create_fake_card:function: 0x1f3ac608, __call:function: 0x1f7e3438, delete:function: 0x1f3ac5e8 (more...)}
	 inject_time = number: 7.8e-06
	 start_time = number: 7.86751
	 end_time = number: 7.86751
	 o = table: 0x1f0848b8  {loc_vars:function: 0x1eec91d0, _saved_d_u:true, original_key:colorem, loc_txt:table: 0x1f386d88, unlocked:true, registered:true, soul_pos:table: 0x1eec9140 (more...)}
	 (for generator) = C function: builtin#6
	 (for state) = table: 0x1f3ac560  {1:v_observatory, 2:b_zodiac, 3:b_painted, 4:b_anaglyph, 5:b_plasma, 6:b_erratic, 7:p_arcana_normal_1, 8:p_arcana_normal_2, 9:p_arcana_normal_3 (more...)}
	 (for control) = number: 141
	 i = number: 141
	 key = string: "j_mf_colorem"
(6) Lua field 'injectObjects' at Steamodded file 'src/game_object.lua:259' 
	Local variables:
	 class = table: 0x1f3ac648  {get_obj:function: 0x1f3ac588, set:Center, subclasses:table: 0x1f3ac7f8, create_fake_card:function: 0x1f3ac608, __call:function: 0x1f7e3438, delete:function: 0x1f3ac5e8 (more...)}
(7) Lua field 'injectObjects' at Steamodded file 'src/game_object.lua:261' 
	Local variables:
	 class = table: 0x1f7e2c48  {check_duplicate_register:function: 0x1f7e3498, check_duplicate_key:function: 0x1f7e34b8, subclasses:table: 0x1f7e3328, obj_list:function: 0x1f7e3390 (more...)}
	 (for generator) = C function: builtin#6
	 (for state) = table: 0x1f7e3328  {1:table: 0x1f7e3b48, 2:table: 0x1f7e3ec8, 3:table: 0x1f7e4388, 4:table: 0x1f7e4ee8, 5:table: 0x1f7e5978, 6:table: 0x1f7e8928, 7:table: 0x1f7e9c48 (more...)}
	 (for control) = number: 8
	 _ = number: 8
	 subclass = table: 0x1f3ac648  {get_obj:function: 0x1f3ac588, set:Center, subclasses:table: 0x1f3ac7f8, create_fake_card:function: 0x1f3ac608, __call:function: 0x1f7e3438, delete:function: 0x1f3ac5e8 (more...)}
(8) Lua field 'injectItems' at Steamodded file 'src/loader.lua:608' 
(9) Lua global 'initSteamodded' at Steamodded file 'src/loader.lua:658' 
(10) Lua upvalue 'game_start_up_ref' at file 'game.lua:218'
	Local variables:
	 self = table: 0x1ef960a8  {F_GUIDE:false, F_CRASH_REPORTS:false, F_QUIT_BUTTON:true, F_ENGLISH_ONLY:false, F_VIDEO_SETTINGS:true, STAGE:1, F_MOBILE_UI:false, F_NO_SAVING:false (more...)}
	 settings = string: "return {[\"version\"]=\"1.0.1o-FULL\",[\"reduced_motion\"]=false,[\"paused\"]=false,[\"QUEUED_CHANGE\"]={},[\"COMP\"]={[\"prev_name\"]=\"\",[\"name\"]=\"\",[\"score\"]=18590775.714569,},[\"colourblind_option\"]=true,[\"play_button_pos\"]=2,[\"CUSTOM_DECK\"]={[\"Collabs\"]={[\"Spades\"]=\"default_Spades\",[\"bunc_Halberds\"]=\"default_bunc_Halberds\",[\"Clubs\"]=\"default_Clubs\",[\"Hearts\"]=\"default_Hearts\",[\"Diamonds\"]=\"default_Diamonds\",[\"bunc_Fleurons\"]=\"default_bunc_Fleurons\",},},[\"colour_palettes\"]={[\"Spades\"]=\"lc\",[\"bunc_Halberds\"]=\"lc\",[\"Clubs\"]=\"lc\",[\"Hearts\"]=\"lc\",[\"Diamonds\"]=\"lc\",[\"bunc_Fleurons\"]=\"lc\",},[\"language\"]=\"en-us\",[\"crashreports\"]=false,[\"tutorial_progress\"]={[\"hold_parts\"]={[\"first_hand_3\"]=true,[\"small_blind\"]=true,[\"big_blind\"]=true,[\"first_hand_4\"]=true,[\"second_hand\"]=true,[\"shop_1\"]=true,[\"first_hand_2\"]=true,[\"first_hand\"]=true,},[\"section\"]=\"second_hand\",[\"completed_parts\"]={[\"first_hand\"]=true,[\"first_hand_3\"]=true,[\"small_blind\"]=true,[\"big_blind\"]=true,[\"first_hand_4\"]=true,[\"shop_1\"]=true,[\"first_hand_section\"]=true,[\"first_hand_2\"]=true,[\"second_hand\"]=true,},},[\"DV\"]={[\"PRE\"]=true,[\"show_min_max\"]=false,[\"preview_dollars\"]=true,[\"hide_face_down\"]=true,[\"preview_score\"]=true,},[\"run_stake_stickers\"]=false,[\"profile\"]=1,[\"WINDOW\"]={[\"vsync\"]=1,[\"display_names\"]={[1]=\"1\",[2]=\"2\",[3]=\"3\",},[\"screenmode\"]=\"Windowed\",[\"DISPLAYS\"]={[1]={[\"screen_resolutions\"]={[\"strings\"]={[1]=\"-\",},[\"values\"]={[1]={[\"w\"]=1280,[\"h\"]=720,},},},[\"DPI_scale\"]=1,[\"MONITOR_DIMS\"]={[\"height\"]=1440,[\"width\"]=2560,},},[2]={[\"screen_resolutions\"]={[\"strings\"]={[1]=\"-\",},[\"values\"]={[1]={[\"w\"]=1280,[\"h\"]=720,},},},[\"DPI_scale\"]=1,[\"MONITOR_DIMS\"]={[\"height\"]=1080,[\"width\"]=1920,},},[3]={[\"screen_resolutions\"]={[\"strings\"]={[1]=\"-\",},[\"values\"]={[1]={[\"w\"]=1280,[\"h\"]=720,},},},[\"DPI_scale\"]=1,[\"MONITOR_DIMS\"]={[\"height\"]=1600,[\"width\"]=1200,},},},[\"selected_display\"]=1,},[\"screenshake\"]=50.427204265985,[\"GAMESPEED\"]=16,[\"SOUND\"]={[\"bunc_stylophone_volume\"]=100,[\"game_sounds_volume\"]=100,[\"volume\"]=100,[\"bunc_trigger_finger_volume\"]=100,[\"music_volume\"]=0,[\"bunc_mousetrap_volume\"]=100,},[\"music_control\"]={[\"current_track\"]=\"\",[\"desired_track\"]=\"\",[\"lerp\"]=1,},[\"ACHIEVEMENTS_EARNED\"]={[\"speedrunner\"]=true,[\"_10k\"]=true,[\"retrograde\"]=true,[\"royale\"]=true,[\"_100000k\"]=true,[\"cartomancy\"]=true,[\"heads_up\"]=true,[\"mid_stakes\"]=true,[\"ach_cry_now_the_fun_begins\"]=true,[\"low_stakes\"]=true,[\"ach_cry_what_have_you_done\"]=true,[\"ante_upper\"]=true,[\"_1000k\"]=true,[\"ach_cry_break_infinity\"]=true,[\"ach_cry_exodia\"]=true,[\"card_discarder\"]=true,[\"legendary\"]=true,[\"shattered\"]=true,[\"ach_cry_jokes_on_you\"]=true,[\"ach_mf_ten_colour_rounds\"]=true,[\"clairvoyance\"]=true,[\"ante_up\"]=true,[\"card_player\"]=true,},[\"tutorial_complete\"]=true,[\"current_setup\"]=\"New Run\",[\"ambient_control\"]={[\"ambientFire1\"]={[\"per\"]=1.1,[\"vol\"]=4.2076784915343e-65,},[\"ambientOrgan1\"]={[\"per\"]=0.7,[\"vol\"]=1.1770893692089e-65,},[\"ambientFire2\"]={[\"per\"]=1.05,[\"vol\"]=4.5699665670096e-62,},[\"ambientFire3\"]={[\"per\"]=1,[\"vol\"]=2.5092969573726e-63,},},[\"FASTFORWARD\"]=0,[\"DEMO\"]={[\"win_CTA_shown\"]=true,[\"quit_CTA_shown\"]=true,[\"timed_CTA_shown\"]=true,[\"total_uptime\"]=762.1334648365,},[\"GRAPHICS\"]={[\"texture_scaling\"]=1,[\"crt\"]=70,[\"shadows\"]=\"On\",[\"bloom\"]=1,},}"
	 settings_ver = nil
	 new_colour_proto = table: 0x1efae480  {Spades:table: 0x1efa4948, Hearts:table: 0x1efa47f8, Diamonds:table: 0x1efa48b0, Clubs:table: 0x1efa4a00}
	 sound_files = table: 0x1f4c30b8  {1:ambientFire1.ogg, 2:ambientFire2.ogg, 3:ambientFire3.ogg, 4:ambientOrgan1.ogg, 5:button.ogg, 6:cancel.ogg, 7:card1.ogg, 8:card3.ogg, 9:cardFan2.ogg (more...)}
	 shader_files = table: 0x1f4c7028  {1:CRT.fs, 2:background.fs, 3:booster.fs, 4:debuff.fs, 5:dissolve.fs, 6:flame.fs, 7:flash.fs, 8:foil.fs, 9:gold_seal.fs, 10:holo.fs, 11:hologram.fs (more...)}
(11) Lua upvalue 'start_up_ref' at file 'main.lua:1458'
	Local variables:
	 self = table: 0x1ef960a8  {F_GUIDE:false, F_CRASH_REPORTS:false, F_QUIT_BUTTON:true, F_ENGLISH_ONLY:false, F_VIDEO_SETTINGS:true, STAGE:1, F_MOBILE_UI:false, F_NO_SAVING:false (more...)}
(12) Lua upvalue 'su' at file 'main.lua:1741'
	Local variables:
	 self = table: 0x1ef960a8  {F_GUIDE:false, F_CRASH_REPORTS:false, F_QUIT_BUTTON:true, F_ENGLISH_ONLY:false, F_VIDEO_SETTINGS:true, STAGE:1, F_MOBILE_UI:false, F_NO_SAVING:false (more...)}
(13) Lua method 'start_up' at file 'main.lua:2590'
	Local variables:
	 self = table: 0x1ef960a8  {F_GUIDE:false, F_CRASH_REPORTS:false, F_QUIT_BUTTON:true, F_ENGLISH_ONLY:false, F_VIDEO_SETTINGS:true, STAGE:1, F_MOBILE_UI:false, F_NO_SAVING:false (more...)}
(14) Lua field 'load' at file 'main.lua:962'
(15) Lua function '?' at file 'main.lua:895' (best guess)
(16) global C function 'xpcall'
(17) LÖVE function at file 'boot.lua:368' (best guess)
	Local variables:
	 result = boolean: true
	 main = nil
(18) global C function 'xpcall'
(19) LÖVE function at file 'boot.lua:377' (best guess)
	Local variables:
	 func = Lua function '(LÖVE Function)' (defined at line 355 of chunk [love "boot.lua"])
	 inerror = boolean: true
	 deferErrhand = Lua function '(LÖVE Function)' (defined at line 348 of chunk [love "boot.lua"])
	 earlyinit = Lua function '(LÖVE Function)' (defined at line 355 of chunk [love "boot.lua"])

INFO - [G] file not found: main.lua: No such file or directory
INFO - [G] 2025-08-24 20:00:40 :: INFO  :: StackTrace :: Additional Context:
Balatro Version: 1.0.1o-FULL
Modded Version: 1.0.0~BETA-0509c-STEAMODDED
LÖVE Version: 11.5.0
Lovely Version: 0.8.0
Platform: Windows
Steamodded Mods:
    1: More Fluff by notmario, CHECK CREDITS IN MOD TAB [ID: MoreFluff, Version: 1.5.6, Uses Lovely]
    2: Card Sleeves by Larswijn [ID: CardSleeves, Priority: -10, Version: 1.8.0, Uses Lovely]
    3: Saturn by OceanRamen [ID: Saturn, Version: 0.2.2-E-ALPHA, Uses Lovely]
    4: Talisman by MathIsFun_, Mathguy24, jenwalter666, cg-223 [ID: Talisman, Version: 2.3.4, Uses Lovely]
        Break Infinity: omeganum
    5: Handy by SleepyG11 [ID: Handy, Version: 1.5.1g, Uses Lovely]
    6: More Speed by Steamo [ID: MoreSpeed]
    7: Cartomancer by stupxd aka stupid [ID: cartomancer, Priority: 69, Version: 4.16, Uses Lovely]
Lovely Mods:
    1: Cryptid
        Has Steamodded mod that failed to load.
        Missing Dependencies:
            1. Steamodded (>=1.0.0~BETA-0525b)
        Conflicts:
            1. Saturn
