INFO - [♥] Lovely 0.8.0
INFO - [♥] Game directory is at "C:\\Program Files (x86)\\Steam\\steamapps\\common\\Balatro"
INFO - [♥] Writing logs to "C:\\Users\\evan\\AppData\\Roaming\\Balatro\\Mods\\lovely\\log"
INFO - [♥] Using mod directory at "C:\\Users\\evan\\AppData\\Roaming\\Balatro\\Mods"
INFO - [♥] Found .lovelyignore in 'Saturn', skipping it.
INFO - [♥] Found .lovelyignore in 'Yorick', skipping it.
WARN - [♥] Unknown key `patches.1.?.match_indent` found in patch file at "C:\\Users\\evan\\AppData\\Roaming\\Balatro\\Mods\\Cartomancer\\lovely\\blinds-info.toml", ignoring it
WARN - [♥] Unknown key `patches.2.?.match_indent` found in patch file at "C:\\Users\\evan\\AppData\\Roaming\\Balatro\\Mods\\Cartomancer\\lovely\\stackable-deck-steamodded.toml", ignoring it
WARN - [♥] Unknown key `patches.4.?.match_indent` found in patch file at "C:\\Users\\evan\\AppData\\Roaming\\Balatro\\Mods\\Cartomancer\\lovely\\stackable-deck-steamodded.toml", ignoring it
WARN - [♥] Unknown key `patches.6.?.match_indent` found in patch file at "C:\\Users\\evan\\AppData\\Roaming\\Balatro\\Mods\\Cartomancer\\lovely\\stackable-deck-steamodded.toml", ignoring it
WARN - [♥] Unknown key `patches.21.?.match_indent` found in patch file at "C:\\Users\\evan\\AppData\\Roaming\\Balatro\\Mods\\Cryptid\\lovely\\code.toml", ignoring it
WARN - [♥] Unknown key `patches.1.?.match_indent` found in patch file at "C:\\Users\\evan\\AppData\\Roaming\\Balatro\\Mods\\HandyBalatro\\lovely\\controls_misc.toml", ignoring it
WARN - [♥] Unknown key `patches.1.?.overwrite` found in patch file at "C:\\Users\\evan\\AppData\\Roaming\\Balatro\\Mods\\HandyBalatro\\lovely\\controls_misc.toml", ignoring it
WARN - [♥] Unknown key `patches.0.?.overwrite` found in patch file at "C:\\Users\\evan\\AppData\\Roaming\\Balatro\\Mods\\HandyBalatro\\lovely\\controls_show_deck_preview.toml", ignoring it
WARN - [♥] Unknown key `patches.35.?.match_indent` found in patch file at "C:\\Users\\evan\\AppData\\Roaming\\Balatro\\Mods\\Talisman\\lovely.toml", ignoring it
WARN - [♥] Unknown key `patches.35.?.overwrite` found in patch file at "C:\\Users\\evan\\AppData\\Roaming\\Balatro\\Mods\\Talisman\\lovely.toml", ignoring it
WARN - [♥] Unknown key `patches.52.?.match_indent` found in patch file at "C:\\Users\\evan\\AppData\\Roaming\\Balatro\\Mods\\Talisman\\lovely.toml", ignoring it
WARN - [♥] Unknown key `patches.55.?.match_indent` found in patch file at "C:\\Users\\evan\\AppData\\Roaming\\Balatro\\Mods\\Talisman\\lovely.toml", ignoring it
INFO - [♥] Cleaning up dumps directory at "C:\\Users\\evan\\AppData\\Roaming\\Balatro\\Mods\\lovely\\dump"
INFO - [♥] Initialization complete in 911ms
WARN - [♥] Pattern 'G.ARGS.score_intensity.organ = G.video_organ or G.ARGS.score_intensity.required_score > 0 and math.max(math.min(0.4, 0.1*math.log(G.ARGS.score_intensity.earned_score/(G.ARGS.score_intensity.required_score+1), 5)),0.) or 0' on target 'main.lua' for pattern patch from Talisman\lovely.toml resulted in no matches
WARN - [♥] Pattern 'if type(G.GAME.current_round.current_hand.chips) ~= \'number\' or type(G.GAME.current_round.current_hand.mult) ~= \'number\' then' on target 'main.lua' for pattern patch from Talisman\lovely.toml resulted in no matches
WARN - [♥] Pattern 'assert(load(nfs.read(Saturn.PATH .. \"/core/logic/hide_played.lua\")))()' on target 'main.lua' for pattern patch from Cartomancer\lovely\saturn-compat.toml resulted in no matches
WARN - [♥] Pattern 'modded and {' on target 'main.lua' for pattern patch from Cartomancer\lovely\stackable-deck-steamodded-0.9.8.toml resulted in no matches
INFO - [♥] Applied 17 patches to 'main.lua'
INFO - [♥] Applied 2 patches to 'engine/string_packer.lua'
INFO - [♥] Applied 11 patches to 'engine/controller.lua'
INFO - [♥] Applied 15 patches to 'back.lua'
INFO - [♥] Applied 18 patches to 'tag.lua'
INFO - [♥] Applied 1 patch to 'engine/event.lua'
INFO - [♥] Applied 1 patch to 'engine/node.lua'
INFO - [♥] Applied 3 patches to 'engine/moveable.lua'
INFO - [♥] Applied 3 patches to 'engine/sprite.lua'
INFO - [♥] Applied 2 patches to 'engine/animatedsprite.lua'
WARN - [♥] Pattern 'assembled_string = assembled_string..(type(subpart) == \'string\' and subpart or args.vars[tonumber(subpart[1])] or \'ERROR\')' on target 'functions/misc_functions.lua' for pattern patch from Talisman\lovely.toml resulted in no matches
INFO - [♥] Applied 70 patches to 'functions/misc_functions.lua'
WARN - [♥] Regex 'card\\:start_materialize\\(\\)\\n\\s+G\\.shop_vouchers\\:emplace\\(card\\)\\n\\s+end' on target 'game.lua' for regex patch from Cryptid\lovely\Voucher.toml resulted in no matches
INFO - [♥] Applied 104 patches to 'game.lua'
INFO - [♥] Applied 1 patch to 'globals.lua'
WARN - [♥] Pattern 'self.config.chosen = true' on target 'engine/ui.lua' for pattern patch from Cartomancer\lovely\vanilla-ui.toml resulted in no matches
INFO - [♥] Applied 7 patches to 'engine/ui.lua'
WARN - [♥] Pattern '{n=G.UIT.T, config={text = G.GAME.hands[handname].chips, scale = 0.45, colour = G.C.UI.TEXT_LIGHT}},' on target 'functions/UI_definitions.lua' for pattern patch from Talisman\lovely.toml resulted in no matches
WARN - [♥] Pattern '{n=G.UIT.T, config={text = G.GAME.hands[handname].mult, scale = 0.45, colour = G.C.UI.TEXT_LIGHT}}' on target 'functions/UI_definitions.lua' for pattern patch from Talisman\lovely.toml resulted in no matches
INFO - [♥] Applied 131 patches to 'functions/UI_definitions.lua'
WARN - [♥] Pattern 'ease_to = G.GAME.chips + math.floor(hand_chips * mult) * (e and e.antiscore and -1 or 1),' on target 'functions/state_events.lua' for pattern patch from Cryptid\lovely\blind.toml resulted in no matches
WARN - [♥] Pattern 'if reps[j] ~= 1 then' on target 'functions/state_events.lua' for pattern patch from Cryptid\lovely\misc.toml resulted in no matches
WARN - [♥] Pattern 'if effects[ii].card then' on target 'functions/state_events.lua' for pattern patch from HandyBalatro\lovely\controls_animation_skip.toml resulted in no matches
WARN - [♥] Pattern 'if G.GAME.round_resets.blind == G.P_BLINDS.bl_small then\n  G.GAME.round_resets.blind_states.Small = \'Defeated\' ' on target 'functions/state_events.lua' for pattern patch from MoreFluff\lovely\superboss.toml resulted in no matches
WARN - [♥] Pattern 'if G.GAME.round_resets.ante == G.GAME.win_ante and G.GAME.blind:get_type() == \'Boss\' then\n  game_won = true\n  G.GAME.won = true\nend' on target 'functions/state_events.lua' for pattern patch from MoreFluff\lovely\superboss.toml resulted in no matches
WARN - [♥] Pattern 'G.FUNCS.draw_from_hand_to_discard()\nif G.GAME.blind:get_type() == \'Boss\' then' on target 'functions/state_events.lua' for pattern patch from MoreFluff\lovely\superboss.toml resulted in no matches
WARN - [♥] Pattern 'if effects[ii].card then' on target 'functions/state_events.lua' for pattern patch from Talisman\lovely.toml resulted in no matches
WARN - [♥] Pattern 'if effects.jokers.Xmult_mod then mult = mod_mult(mult*effects.jokers.Xmult_mod);extras.mult = true  end' on target 'functions/state_events.lua' for pattern patch from Talisman\lovely.toml resulted in no matches
WARN - [♥] Pattern 'if effect.Xmult_mod then mult = mod_mult(mult*effect.Xmult_mod);extras.mult = true  end' on target 'functions/state_events.lua' for pattern patch from Talisman\lovely.toml resulted in no matches
WARN - [♥] Pattern 'if effects[ii].message then' on target 'functions/state_events.lua' for pattern patch from Talisman\lovely.toml resulted in no matches
WARN - [♥] Pattern '--calculate the card edition effects' on target 'functions/state_events.lua' for pattern patch from Talisman\lovely.toml resulted in no matches
WARN - [♥] Pattern 'if effects[ii].edition.p_dollars_mod then' on target 'functions/state_events.lua' for pattern patch from Talisman\lovely.toml resulted in no matches
WARN - [♥] Pattern 'if edition_effects.jokers.x_mult_mod then' on target 'functions/state_events.lua' for pattern patch from Talisman\lovely.toml resulted in no matches
WARN - [♥] Pattern 'if SMODS.has_enhancement(scoring_hand[i], \'m_glass\') and scoring_hand[i]:can_calculate() and pseudorandom(\'glass\') < G.GAME.probabilities.normal/(scoring_hand[i].ability.name == \'Glass Card\' and scoring_hand[i].ability.extra or G.P_CENTERS.m_glass.config.extra) then' on target 'functions/state_events.lua' for pattern patch from Cryptid\lovely\Probability.toml resulted in no matches
WARN - [♥] Regex '(?<indent>[\\t ]*)if destroyed then \\n' on target 'functions/state_events.lua' for regex patch from Cryptid\lovely\seal.toml resulted in no matches
INFO - [♥] Applied 99 patches to 'functions/state_events.lua'
WARN - [♥] Pattern '{n=G.UIT.T, config={text = localize(\'$\')..config.dollars, scale = 1.2*scale, colour = G.C.WHITE, shadow = true, juice = true}}' on target 'functions/common_events.lua' for pattern patch from Cryptid\lovely\code.toml resulted in no matches
WARN - [♥] Pattern 'elseif v.boss.showdown and (G.GAME.round_resets.ante)%G.GAME.win_ante == 0 and G.GAME.round_resets.ante >= 2 then' on target 'functions/common_events.lua' for pattern patch from Cryptid\lovely\stake.toml resulted in no matches
WARN - [♥] Pattern 'func = (function() if eval_func(card) then if not first or first then card:juice_up(0.1, 0.1) end;juice_card_until(card, eval_func, nil, 0.8) end return true end)' on target 'functions/common_events.lua' for pattern patch from HandyBalatro\lovely\controls_animation_skip.toml resulted in no matches
WARN - [♥] Pattern 'func = (function() if eval_func(card) then if not first or first then card:juice_up(0.1, 0.1) end;juice_card_until(card, eval_func, nil, 0.8) end return true end)' on target 'functions/common_events.lua' for pattern patch from HandyBalatro\lovely\controls_animation_skip.toml resulted in no matches
WARN - [♥] Pattern '   end\n\n    if main_end then \n        desc_nodes[#desc_nodes+1] = main_end \n    end' on target 'functions/common_events.lua' for pattern patch from MoreFluff\lovely\complexitycreep.toml resulted in no matches
WARN - [♥] Regex 'localize\\(\'ph_mr_bones\'\\)..\' \'\\}, colours = \\{G.C.FILTER' on target 'functions/common_events.lua' for regex patch from Cryptid\lovely\code.toml resulted in no matches
WARN - [♥] Pattern 'if num_dollars > 60 then' on target 'functions/common_events.lua' for pattern patch from Talisman\lovely.toml resulted in no matches
WARN - [♥] Pattern 'func = (function() card:juice_up(0.7);return true end)' on target 'functions/common_events.lua' for pattern patch from Talisman\lovely.toml resulted in no matches
WARN - [♥] Pattern 'if card then card:juice_up(0.8, 0.5) end' on target 'functions/common_events.lua' for pattern patch from Talisman\lovely.toml resulted in no matches
WARN - [♥] Pattern 'card:juice_up(0.6, 0.1)' on target 'functions/common_events.lua' for pattern patch from Talisman\lovely.toml resulted in no matches
WARN - [♥] Pattern 'func = (function() if eval_func(card) then if not first or first then card:juice_up(0.1, 0.1) end;juice_card_until(card, eval_func, nil, 0.8) end return true end)' on target 'functions/common_events.lua' for pattern patch from Talisman\lovely.toml resulted in no matches
WARN - [♥] Pattern 'func = (function() if eval_func(card) then if not first or first then card:juice_up(0.1, 0.1) end;juice_card_until(card, eval_func, nil, 0.8) end return true end)' on target 'functions/common_events.lua' for pattern patch from Talisman\lovely.toml resulted in no matches
WARN - [♥] Pattern 'if amt > 0 or amt < 0 then' on target 'functions/common_events.lua' for pattern patch from Talisman\lovely.toml resulted in no matches
WARN - [♥] Pattern 'if amt > 0 or amt < 0 then' on target 'functions/common_events.lua' for pattern patch from Talisman\lovely.toml resulted in no matches
INFO - [♥] Applied 191 patches to 'functions/common_events.lua'
WARN - [♥] Pattern 'if ((G.GAME.dollars-G.GAME.bankrupt_at) - 10 >= 0) and' on target 'functions/button_callbacks.lua' for pattern patch from Talisman\lovely.toml resulted in no matches
WARN - [♥] Pattern 'if #G.hand.highlighted <= 0 or G.GAME.blind.block_play or #G.hand.highlighted > 5 then' on target 'functions/button_callbacks.lua' for pattern patch from CardSleeves\lovely\expected_to_fail.toml resulted in no matches
INFO - [♥] Applied 88 patches to 'functions/button_callbacks.lua'
WARN - [♥] Pattern '*then G.E_MANAGER:add_event(Event({ func = function() G.GAME.blind:set_blind(nil, true, nil); return true end })) end' on target 'card.lua' for pattern patch from smods-1.0.0-beta-0509c\lovely\calculate_card_added.toml resulted in 2 matches, wanted 1
WARN - [♥] Ignoring excess matches
WARN - [♥] Pattern 'if not initial then G.GAME.blind:debuff_card(self) end' on target 'card.lua' for pattern patch from Cryptid\lovely\lib_misc.toml resulted in no matches
WARN - [♥] Pattern 'if self.ability.name == \'Campfire\' and G.GAME.blind.boss and not (G.GAME.blind.config and G.GAME.blind.config.bonus) and self.ability.x_mult > 1 then' on target 'card.lua' for pattern patch from Cryptid\lovely\misc.toml resulted in no matches
WARN - [♥] Pattern 'if self.ability.name:find(\'Arcana\') then' on target 'card.lua' for pattern patch from Cryptid\lovely\misprint.toml resulted in no matches
WARN - [♥] Pattern 'if self.ability.name == \'The Hermit\' or self.ability.consumeable.hand_type or self.ability.name == \'Temperance\' or self.ability.name == \'Black Hole\' then' on target 'card.lua' for pattern patch from Cryptid\lovely\stake.toml resulted in no matches
WARN - [♥] Pattern 'if self.ability.queue_negative_removal then' on target 'card.lua' for pattern patch from Cryptid\lovely\sticker.toml resulted in no matches
WARN - [♥] Pattern 'if self.ability.rental then self.cost = 1 end' on target 'card.lua' for pattern patch from MoreFluff\lovely\superboss.toml resulted in no matches
WARN - [♥] Pattern 'G.E_MANAGER:add_event(Event({func = (function() G.GAME.dollar_buffer = 0; return true end)}))' on target 'card.lua' for pattern patch from Talisman\lovely.toml resulted in no matches
WARN - [♥] Pattern 'if G.GAME.blind then G.E_MANAGER:add_event(Event({ func = function() G.GAME.blind:set_blind(nil, true, nil); return true end })) end' on target 'card.lua' for pattern patch from Talisman\lovely.toml resulted in no matches
WARN - [♥] Pattern 'x_mult = center.config.Xmult or 1,' on target 'card.lua' for pattern patch from Talisman\lovely.toml resulted in no matches
WARN - [♥] Regex 'self.params.viewed_back and G.GAME.viewed_back or G.GAME.selected_back' on target 'card.lua' for regex patch from CardSleeves\lovely\expected_to_fail.toml resulted in no matches
INFO - [♥] Applied 272 patches to 'card.lua'
INFO - [♥] Applied 30 patches to 'cardarea.lua'
INFO - [♥] Applied 45 patches to 'blind.lua'
INFO - [♥] Applied 2 patches to 'card_character.lua'
WARN - [♥] Pattern 'if self.strings[k].W > self.config.W then' on target 'engine/text.lua' for pattern patch from Talisman\lovely.toml resulted in no matches
WARN - [♥] Pattern 'local letter = self.strings[self.focused_string].letters[k]' on target 'engine/text.lua' for pattern patch from Talisman\lovely.toml resulted in no matches
INFO - [♥] Applied 6 patches to 'engine/text.lua'
INFO - [♥] Applied 13 patches to '=[SMODS _ "src/utils.lua"]'
WARN - [♥] Pattern 'card_limit = #SUITS[visible_suit[j]],' on target '=[SMODS _ "src/overrides.lua"]' for pattern patch from Cartomancer\lovely\stackable-deck-steamodded.toml resulted in no matches
WARN - [♥] Pattern 'card_limit = #SUITS[visible_suit[j]],' on target '=[SMODS _ "src/overrides.lua"]' for pattern patch from Cartomancer\lovely\stackable-deck-steamodded.toml resulted in no matches
WARN - [♥] Regex '\t\t\t\tfor i = 1\\, \\#SUITS\\[visible_suit\\[j\\]\\] do\n\t\t\t\t\tif SUITS\\[visible_suit\\[j\\]\\]\\[i\\] then\n\t\t\t\t\t\tlocal greyed\\, _scale = nil\\, 0\\.7[\\s\\S]*\n\t\t\t\t\t\tcopy:hard_set_T\\(\\)\n\t\t\t\t\t\tview_deck:emplace\\(copy\\)\n\t\t\t\t\tend\n\t\t\t\tend' on target '=[SMODS _ "src/overrides.lua"]' for regex patch from Cartomancer\lovely\stackable-deck-steamodded.toml resulted in no matches
WARN - [♥] Regex '\t\t\tfor i = 1\\, \\#SUITS\\[visible_suit\\[j\\]\\] do\n\t\t\t\tif SUITS\\[visible_suit\\[j\\]\\]\\[i\\] then\n\t\t\t\t\tlocal greyed\\, _scale = nil\\, 0\\.7[\\s\\S]*\n\t\t\t\t\tcopy:hard_set_T\\(\\)\n\t\t\t\t\tview_deck:emplace\\(copy\\)\n\t\t\t\tend\n\t\t\tend' on target '=[SMODS _ "src/overrides.lua"]' for regex patch from Cartomancer\lovely\stackable-deck-steamodded.toml resulted in no matches
INFO - [♥] Applied 9 patches to '=[SMODS _ "src/overrides.lua"]'
INFO - [♥] Applied 3 patches to '=[SMODS _ "src/game_object.lua"]'
INFO - [G] Failed to connect to the debug server
INFO - [G] 2025-08-27 08:03:30 :: DEBUG :: DebugConsole :: Steamodded Debug Socket started !
INFO - [G] 2025-08-27 08:03:30 :: INFO  :: SMODS :: Steamodded v1.0.0~BETA-0509c
INFO - [G] Order not set for config dictionary: misc_quick_restart
INFO - [G] Order not set for config dictionary: speed_multiplier_default_value
INFO - [G] Order not set for config dictionary: misc_save_run
INFO - [G] Order not set for config dictionary: animation_skip_default_value
INFO - [♥] Applied 9 patches to 'engine/sound_manager.lua'
INFO - [♥] Applied 3 patches to 'engine/save_manager.lua'
INFO - [♥] Applied 2 patches to 'engine/string_packer.lua'
INFO - [♥] Applied 4 patches to '=[SMODS _ "src/card_draw.lua"]'
INFO - [G] 2025-08-27 08:03:31 :: INFO  :: Loader :: Valid JSON file found
INFO - [G] 2025-08-27 08:03:31 :: TRACE :: Loader :: Processing Mod file (Legacy header): mod.lua
INFO - [G] 2025-08-27 08:03:31 :: TRACE :: Loader :: Saving Mod Info: cartomancer
INFO - [G] 2025-08-27 08:03:31 :: INFO  :: Loader :: Valid JSON file found
INFO - [G] 2025-08-27 08:03:32 :: INFO  :: Loader :: Valid JSON file found
INFO - [G] 2025-08-27 08:03:32 :: TRACE :: Loader :: Processing Mod file (Legacy header): steamodded.lua
INFO - [G] 2025-08-27 08:03:32 :: WARN  :: Loader :: Duplicate Mod ID: Handy
INFO - [G] 2025-08-27 08:03:32 :: TRACE :: Loader :: Processing Mod file (Legacy header): MoreFluff.lua
INFO - [G] 2025-08-27 08:03:32 :: TRACE :: Loader :: Saving Mod Info: MoreFluff
INFO - [G] 2025-08-27 08:03:32 :: INFO  :: Loader :: Valid JSON file found
INFO - [G] 2025-08-27 08:03:32 :: TRACE :: Loader :: Processing Mod file (Legacy header): MoreSpeeds.lua
INFO - [G] 2025-08-27 08:03:32 :: TRACE :: Loader :: Saving Mod Info: MoreSpeed
INFO - [G] 2025-08-27 08:03:32 :: ERROR :: Loader :: Found invalid metadata JSON file at C:\Users\evan\AppData\Roaming\Balatro\Mods/Steamopollys-MoreSpeed-0.8.2/manifest.json, ignoring: [SMODS _ "src/loader.lua"]:226: id
INFO - [G] 2025-08-27 08:03:32 :: TRACE :: Loader :: Processing Mod file (Legacy header): steamodded_metadata.lua
INFO - [G] 2025-08-27 08:03:32 :: TRACE :: Loader :: Saving Mod Info: Talisman
INFO - [G] 2025-08-27 08:03:32 :: INFO  :: Loader :: Valid JSON file found
INFO - [G] 2025-08-27 08:03:32 :: INFO  :: CardSleeves :: CardSleeves v1.8.0 loaded~!
INFO - [G] basepaul_card
INFO - [G] blahaj
INFO - [G] clownfish
INFO - [G] expansion_pack
INFO - [G] hollow
INFO - [G] jester
INFO - [G] lollipop
INFO - [G] luckycharm
INFO - [G] monochrome
INFO - [G] mspaint
INFO - [G] philosophical
INFO - [G] simplified
INFO - [G] spiral
INFO - [G] treasuremap
INFO - [G] unregisteredhypercam
INFO - [G] dropkick
INFO - [G] bladedance
INFO - [G] hyperbeam
INFO - [G] blasphemy
INFO - [G] dramaticentrance
INFO - [G] badlegaldefence
INFO - [G] blunder
INFO - [G] brilliant
INFO - [G] broomcloset
INFO - [G] clipart
INFO - [G] coupon_catalogue
INFO - [G] css
INFO - [G] cueball
INFO - [G] flintandsteel
INFO - [G] gemstonejoker
INFO - [G] globe
INFO - [G] goldencarrot
INFO - [G] hallofmirrors
INFO - [G] impostor
INFO - [G] farmmerge
INFO - [G] junkmail
INFO - [G] tonersoup
INFO - [G] unpleasantcard
INFO - [G] loadeddisk
INFO - [G] missingjoker
INFO - [G] paintcan
INFO - [G] rot_cartomancer
INFO - [G] snake
INFO - [G] slotmachine
INFO - [G] stylemeter
INFO - [G] stonejokerjoker
INFO - [G] sudoku
INFO - [G] talljoker
INFO - [G] teacup
INFO - [G] tealjoker
INFO - [G] recycling
INFO - [G] virtual
INFO - [G] wilddrawfour
INFO - [G] yuckyrat
INFO - [G] allicantdo
INFO - [G] bloodpact
INFO - [G] bookmove
INFO - [G] brass
INFO - [G] bowlingball
INFO - [G] cba
INFO - [G] complexitycreep
INFO - [G] fleshprison
INFO - [G] hugejoker
INFO - [G] hyperjimbo
INFO - [G] jankman
INFO - [G] mashupalbum
INFO - [G] pixeljoker
INFO - [G] rainbowjoker
INFO - [G] rosetinted
INFO - [G] the_solo
INFO - [G] top10
INFO - [G] widejoker
INFO - [G] triangle
INFO - [G] marigold
INFO - [G] lessfluff
INFO - [G] colorem
INFO - [G] 2025-08-27 08:03:32 :: TRACE :: Loader :: Mod Saturn was unable to load: 
INFO - [G] 2025-08-27 08:03:32 :: TRACE :: Loader :: Mod yorick was unable to load: 
INFO - [G] [CRYPTID] Loading library file ascended.lua
INFO - [G] [CRYPTID] Loading library file calculate.lua
INFO - [G] [CRYPTID] Loading library file content.lua
INFO - [G] [CRYPTID] Loading library file cross-mod.lua
INFO - [G] [CRYPTID] Loading library file d20.lua
INFO - [G] [CRYPTID] Loading library file event.lua
INFO - [G] [CRYPTID] Loading library file forcetrigger.lua
INFO - [G] [CRYPTID] Loading library file gameset.lua
INFO - [G] [CRYPTID] Loading library file https.lua
INFO - [G] 2025-08-27 08:03:32 :: DEBUG :: SMODS.https :: Using https module backend
INFO - [G] [CRYPTID] Loading library file misc.lua
INFO - [G] [CRYPTID] Loading library file misprintize.lua
INFO - [G] [CRYPTID] Loading library file modifiers.lua
INFO - [G] 2025-08-27 08:03:32 :: WARN  :: Sticker :: Detected duplicate register call on object perishable
INFO - [G] 2025-08-27 08:03:32 :: WARN  :: Sticker :: Detected duplicate register call on object pinned
INFO - [G] 2025-08-27 08:03:32 :: WARN  :: Sticker :: Detected duplicate register call on object eternal
INFO - [G] 2025-08-27 08:03:32 :: WARN  :: Sticker :: Detected duplicate register call on object rental
INFO - [G] [CRYPTID] Loading library file notifications.lua
INFO - [G] [CRYPTID] Loading library file overrides.lua
INFO - [G] [CRYPTID] Loading library file pointerlib.lua
INFO - [G] [CRYPTID] Loading library file ui.lua
INFO - [G] [CRYPTID] Loading file achievement.lua
INFO - [G] [CRYPTID] Loading file blind.lua
INFO - [G] [CRYPTID] Loading file challenge.lua
INFO - [G] [CRYPTID] Loading file code.lua
INFO - [G] [CRYPTID] Loading file deck.lua
INFO - [G] [CRYPTID] Loading file enhanced.lua
INFO - [G] [CRYPTID] Loading file epic.lua
INFO - [G] [CRYPTID] Loading file exotic.lua
INFO - [G] [CRYPTID] Loading file joker_display.lua
INFO - [G] [CRYPTID] Loading file m.lua
INFO - [G] [CRYPTID] Loading file misc.lua
INFO - [G] [CRYPTID] Loading file misc_joker.lua
INFO - [G] [CRYPTID] Loading file planet.lua
INFO - [G] [CRYPTID] Loading file pointer.lua
INFO - [G] [CRYPTID] Inserting Pointer Aliases
INFO - [G] [CRYPTID] Loading file sleeve.lua
INFO - [G] [CRYPTID] Loading file spectral.lua
INFO - [G] [CRYPTID] Loading file spooky.lua
INFO - [G] [CRYPTID] Loading file stake.lua
INFO - [G] [CRYPTID] Loading file tag.lua
INFO - [G] [CRYPTID] Loading file test.lua
INFO - [G] [CRYPTID] Loading file voucher.lua
INFO - [G] 2025-08-27 08:03:32 :: WARN  :: Atlas :: Object cry_effarcire has the same key as an existing object, not registering.
INFO - [G] 2025-08-27 08:03:32 :: WARN  :: Atlas :: If you want to modify an existing object, use take_ownership()
INFO - [G] 2025-08-27 08:03:32 :: INFO  :: TIMER :: [0000] Injected Language in 0.001 ms
INFO - [G] 2025-08-27 08:03:32 :: INFO  :: TIMER :: [0000] Injected [INTERNAL] in 10.343 ms
INFO - [G] 2025-08-27 08:03:33 :: INFO  :: TIMER :: [0053] Injected Atlas in 646.729 ms
INFO - [G] 2025-08-27 08:03:33 :: INFO  :: TIMER :: [0036] Injected Sound in 258.315 ms
INFO - [G] 2025-08-27 08:03:33 :: INFO  :: TIMER :: [0032] Injected Stake in 0.887 ms
INFO - [G] 2025-08-27 08:03:33 :: INFO  :: TIMER :: [0008] Injected Rarity in 0.050 ms
INFO - [G] 2025-08-27 08:03:33 :: INFO  :: TIMER :: [0012] Injected ObjectType in 0.174 ms
INFO - [G] 2025-08-27 08:03:33 :: INFO  :: TIMER :: [0587] Injected Center in 2.916 ms
INFO - [G] 2025-08-27 08:03:33 :: INFO  :: TIMER :: [0011] Injected Undiscovered Sprite in 0.020 ms
INFO - [G] 2025-08-27 08:03:33 :: INFO  :: TIMER :: [0047] Injected Blind in 0.299 ms
INFO - [G] 2025-08-27 08:03:33 :: INFO  :: TIMER :: [0006] Injected Seal in 0.208 ms
INFO - [G] 2025-08-27 08:03:33 :: INFO  :: TIMER :: [0004] Injected Suit in 0.126 ms
INFO - [G] 2025-08-27 08:03:33 :: INFO  :: TIMER :: [0013] Injected Rank in 0.144 ms
INFO - [G] 2025-08-27 08:03:33 :: INFO  :: TIMER :: [0028] Injected DeckSkin in 0.233 ms
INFO - [G] 2025-08-27 08:03:34 :: INFO  :: TIMER :: [0016] Injected PokerHand in 0.117 ms
INFO - [G] 2025-08-27 08:03:34 :: INFO  :: TIMER :: [0032] Injected Challenge in 0.089 ms
INFO - [G] 2025-08-27 08:03:34 :: INFO  :: TIMER :: [0032] Injected Tag in 0.084 ms
INFO - [G] 2025-08-27 08:03:34 :: INFO  :: TIMER :: [0011] Injected Sticker in 0.239 ms
INFO - [G] 2025-08-27 08:03:34 :: INFO  :: TIMER :: [0011] Injected Shader in 231.450 ms
INFO - [G] 2025-08-27 08:03:34 :: INFO  :: TIMER :: [0002] Injected Keybind in 0.014 ms
INFO - [G] 2025-08-27 08:03:34 :: INFO  :: TIMER :: [0028] Injected Achievement in 0.142 ms
INFO - [G] 2025-08-27 08:03:34 :: INFO  :: TIMER :: [0002] Injected nil in 0.019 ms
INFO - [G] 2025-08-27 08:03:34 :: INFO  :: TIMER :: [0024] Injected Draw Step in 0.071 ms
INFO - [G] 2025-08-27 08:03:34 :: INFO  :: TIMER :: [0000] Injected [INTERNAL] in 47.267 ms
INFO - [G] 2025-08-27 08:03:34 :: INFO  :: TIMER :: [0010] Injected Other in 0.017 ms
INFO - [♥] Applied 0 patches to '=[SMODS _ "smods-https-thread.lua"]'
INFO - [G] 2025-08-27 08:04:03 :: DEBUG :: SMODS.https(1) :: Using https module backend
INFO - [♥] Applied 0 patches to '=[SMODS _ "smods-https-thread.lua"]'
INFO - [G] 2025-08-27 08:05:07 :: DEBUG :: SMODS.https(2) :: Using https module backend
INFO - [♥] Applied 0 patches to '=[SMODS _ "smods-https-thread.lua"]'
INFO - [G] 2025-08-27 08:06:07 :: DEBUG :: SMODS.https(3) :: Using https module backend
INFO - [♥] Applied 0 patches to '=[SMODS _ "smods-https-thread.lua"]'
INFO - [G] 2025-08-27 08:07:10 :: DEBUG :: SMODS.https(4) :: Using https module backend
INFO - [♥] Applied 0 patches to '=[SMODS _ "smods-https-thread.lua"]'
INFO - [G] 2025-08-27 08:08:10 :: DEBUG :: SMODS.https(5) :: Using https module backend
INFO - [♥] Applied 0 patches to '=[SMODS _ "smods-https-thread.lua"]'
INFO - [G] 2025-08-27 08:09:10 :: DEBUG :: SMODS.https(6) :: Using https module backend
INFO - [♥] Applied 0 patches to '=[SMODS _ "smods-https-thread.lua"]'
INFO - [G] 2025-08-27 08:10:11 :: DEBUG :: SMODS.https(7) :: Using https module backend
INFO - [♥] Applied 0 patches to '=[SMODS _ "smods-https-thread.lua"]'
INFO - [G] 2025-08-27 08:11:14 :: DEBUG :: SMODS.https(8) :: Using https module backend
INFO - [♥] Applied 0 patches to '=[SMODS _ "smods-https-thread.lua"]'
INFO - [G] 2025-08-27 08:12:15 :: DEBUG :: SMODS.https(9) :: Using https module backend
INFO - [♥] Applied 0 patches to '=[SMODS _ "smods-https-thread.lua"]'
INFO - [G] 2025-08-27 08:13:15 :: DEBUG :: SMODS.https(10) :: Using https module backend
INFO - [♥] Applied 0 patches to '=[SMODS _ "smods-https-thread.lua"]'
INFO - [G] 2025-08-27 08:14:15 :: DEBUG :: SMODS.https(11) :: Using https module backend
INFO - [♥] Applied 0 patches to '=[SMODS _ "smods-https-thread.lua"]'
INFO - [G] 2025-08-27 08:15:15 :: DEBUG :: SMODS.https(12) :: Using https module backend
INFO - [♥] Applied 0 patches to '=[SMODS _ "smods-https-thread.lua"]'
INFO - [G] 2025-08-27 08:16:16 :: DEBUG :: SMODS.https(13) :: Using https module backend
INFO - [♥] Applied 0 patches to '=[SMODS _ "smods-https-thread.lua"]'
INFO - [G] 2025-08-27 08:17:16 :: DEBUG :: SMODS.https(14) :: Using https module backend
INFO - [G] LONG DT @ 885: 0.1
INFO - [G] LONG DT @ 885: 0.081564460000009
INFO - [G] LONG DT @ 885: 0.068625928000005
INFO - [G] LONG DT @ 885: 0.058260822399997
INFO - [♥] Applied 0 patches to '=[SMODS _ "smods-https-thread.lua"]'
INFO - [G] 2025-08-27 08:18:18 :: DEBUG :: SMODS.https(15) :: Using https module backend
INFO - [♥] Applied 0 patches to '=[SMODS _ "smods-https-thread.lua"]'
INFO - [G] 2025-08-27 08:19:18 :: DEBUG :: SMODS.https(16) :: Using https module backend
INFO - [♥] Applied 0 patches to '=[SMODS _ "smods-https-thread.lua"]'
INFO - [G] 2025-08-27 08:20:18 :: DEBUG :: SMODS.https(17) :: Using https module backend
INFO - [♥] Applied 0 patches to '=[SMODS _ "smods-https-thread.lua"]'
INFO - [G] 2025-08-27 08:21:18 :: DEBUG :: SMODS.https(18) :: Using https module backend
INFO - [♥] Applied 0 patches to '=[SMODS _ "smods-https-thread.lua"]'
INFO - [G] 2025-08-27 08:22:19 :: DEBUG :: SMODS.https(19) :: Using https module backend
INFO - [♥] Applied 0 patches to '=[SMODS _ "smods-https-thread.lua"]'
INFO - [G] 2025-08-27 08:23:19 :: DEBUG :: SMODS.https(20) :: Using https module backend
INFO - [♥] Applied 0 patches to '=[SMODS _ "smods-https-thread.lua"]'
INFO - [G] 2025-08-27 08:24:19 :: DEBUG :: SMODS.https(21) :: Using https module backend
INFO - [♥] Applied 0 patches to '=[SMODS _ "smods-https-thread.lua"]'
INFO - [G] 2025-08-27 08:25:19 :: DEBUG :: SMODS.https(22) :: Using https module backend
INFO - [♥] Applied 0 patches to '=[SMODS _ "smods-https-thread.lua"]'
INFO - [G] 2025-08-27 08:26:20 :: DEBUG :: SMODS.https(23) :: Using https module backend
INFO - [♥] Applied 0 patches to '=[SMODS _ "smods-https-thread.lua"]'
INFO - [G] 2025-08-27 08:27:21 :: DEBUG :: SMODS.https(24) :: Using https module backend
INFO - [G] LONG DT @ 1448: 0.06344935894394
INFO - [G] LONG DT @ 1448: 0.055845267155142
INFO - [♥] Applied 0 patches to '=[SMODS _ "smods-https-thread.lua"]'
INFO - [G] 2025-08-27 08:28:21 :: DEBUG :: SMODS.https(25) :: Using https module backend
INFO - [♥] Applied 0 patches to '=[SMODS _ "smods-https-thread.lua"]'
INFO - [G] 2025-08-27 08:29:21 :: DEBUG :: SMODS.https(26) :: Using https module backend
INFO - [G] LONG DT @ 1584: 0.058183832525326
INFO - [♥] Applied 0 patches to '=[SMODS _ "smods-https-thread.lua"]'
INFO - [G] 2025-08-27 08:30:22 :: DEBUG :: SMODS.https(27) :: Using https module backend
INFO - [G] LONG DT @ 1676: 0.067631249088881
INFO - [G] LONG DT @ 1676: 0.055866299271103
INFO - [♥] Applied 0 patches to '=[SMODS _ "smods-https-thread.lua"]'
INFO - [G] 2025-08-27 08:31:22 :: DEBUG :: SMODS.https(28) :: Using https module backend
INFO - [♥] Applied 0 patches to '=[SMODS _ "smods-https-thread.lua"]'
INFO - [G] 2025-08-27 08:32:22 :: DEBUG :: SMODS.https(29) :: Using https module backend
INFO - [♥] Applied 0 patches to '=[SMODS _ "smods-https-thread.lua"]'
INFO - [G] 2025-08-27 08:33:22 :: DEBUG :: SMODS.https(30) :: Using https module backend
INFO - [G] LONG DT @ 1808: 0.098733656945585
INFO - [G] LONG DT @ 1808: 0.082276605556502
INFO - [G] LONG DT @ 1808: 0.069250484445184
INFO - [G] LONG DT @ 1808: 0.058644387556142
INFO - [G] LONG DT @ 1808: 0.05024895004492
INFO - [♥] Applied 0 patches to '=[SMODS _ "smods-https-thread.lua"]'
INFO - [G] 2025-08-27 08:34:23 :: DEBUG :: SMODS.https(31) :: Using https module backend
INFO - [G] LONG DT @ 1907: 0.1
INFO - [G] LONG DT @ 1907: 0.081361039999983
INFO - [G] LONG DT @ 1907: 0.068483132000023
INFO - [G] LONG DT @ 1907: 0.058065565599996
INFO - [♥] Applied 0 patches to '=[SMODS _ "smods-https-thread.lua"]'
INFO - [G] 2025-08-27 08:35:23 :: DEBUG :: SMODS.https(32) :: Using https module backend
INFO - [♥] Applied 0 patches to '=[SMODS _ "smods-https-thread.lua"]'
INFO - [G] 2025-08-27 08:36:23 :: DEBUG :: SMODS.https(33) :: Using https module backend
INFO - [G] LONG DT @ 1994: 0.1
INFO - [G] LONG DT @ 1994: 0.082171239999961
INFO - [G] LONG DT @ 1994: 0.069085772000002
INFO - [G] LONG DT @ 1994: 0.058594457599981
INFO - [G] LONG DT @ 1994: 0.050222246079989
INFO - [♥] Applied 0 patches to '=[SMODS _ "smods-https-thread.lua"]'
INFO - [G] 2025-08-27 08:37:24 :: DEBUG :: SMODS.https(34) :: Using https module backend
INFO - [G] LONG DT @ 2067: 0.1
INFO - [G] LONG DT @ 2067: 0.082546720000009
INFO - [G] LONG DT @ 2067: 0.069376596000006
INFO - [G] LONG DT @ 2067: 0.058837176800006
INFO - [G] LONG DT @ 2067: 0.050406821439988
INFO - [♥] Applied 0 patches to '=[SMODS _ "smods-https-thread.lua"]'
INFO - [G] 2025-08-27 08:38:24 :: DEBUG :: SMODS.https(35) :: Using https module backend
INFO - [G] LONG DT @ 2146: 0.1
INFO - [G] LONG DT @ 2146: 0.081935460000004
INFO - [G] LONG DT @ 2146: 0.067483687999942
INFO - [G] LONG DT @ 2146: 0.056852190399982
INFO - [♥] Applied 0 patches to '=[SMODS _ "smods-https-thread.lua"]'
INFO - [G] 2025-08-27 08:39:24 :: DEBUG :: SMODS.https(36) :: Using https module backend
INFO - [♥] Applied 0 patches to '=[SMODS _ "smods-https-thread.lua"]'
INFO - [G] 2025-08-27 08:40:25 :: DEBUG :: SMODS.https(37) :: Using https module backend
INFO - [G] LONG DT @ 2227: 0.1
INFO - [G] LONG DT @ 2228: 0.083146199999992
INFO - [G] LONG DT @ 2228: 0.069852439999981
INFO - [G] LONG DT @ 2228: 0.059220832000031
INFO - [G] LONG DT @ 2228: 0.050718205600044
INFO - [♥] Applied 0 patches to '=[SMODS _ "smods-https-thread.lua"]'
INFO - [G] 2025-08-27 08:41:25 :: DEBUG :: SMODS.https(38) :: Using https module backend
INFO - [G] LONG DT @ 2306: 0.1
INFO - [G] LONG DT @ 2306: 0.082935960000013
INFO - [G] LONG DT @ 2306: 0.069677568000065
INFO - [G] LONG DT @ 2306: 0.059089474400006
INFO - [G] LONG DT @ 2306: 0.050598319520016
INFO - [♥] Applied 0 patches to '=[SMODS _ "smods-https-thread.lua"]'
INFO - [G] 2025-08-27 08:42:25 :: DEBUG :: SMODS.https(39) :: Using https module backend
INFO - [G] LONG DT @ 2390: 0.1
INFO - [G] LONG DT @ 2390: 0.081627000000008
INFO - [G] LONG DT @ 2390: 0.068016760000031
INFO - [G] LONG DT @ 2390: 0.057760767999978
INFO - [♥] Applied 0 patches to '=[SMODS _ "smods-https-thread.lua"]'
INFO - [G] 2025-08-27 08:43:26 :: DEBUG :: SMODS.https(40) :: Using https module backend
INFO - [♥] Applied 0 patches to '=[SMODS _ "smods-https-thread.lua"]'
INFO - [G] 2025-08-27 08:44:26 :: DEBUG :: SMODS.https(41) :: Using https module backend
INFO - [G] LONG DT @ 2469: 0.1
INFO - [G] LONG DT @ 2469: 0.082169080000022
INFO - [G] LONG DT @ 2469: 0.069068224000006
INFO - [G] LONG DT @ 2469: 0.058588819200009
INFO - [G] LONG DT @ 2469: 0.050214835359984
INFO - [♥] Applied 0 patches to '=[SMODS _ "smods-https-thread.lua"]'
INFO - [G] 2025-08-27 08:45:26 :: DEBUG :: SMODS.https(42) :: Using https module backend
INFO - [G] LONG DT @ 2549: 0.1
INFO - [G] LONG DT @ 2549: 0.083012039999976
INFO - [G] LONG DT @ 2549: 0.069756711999984
INFO - [G] LONG DT @ 2549: 0.059131969599933
INFO - [G] LONG DT @ 2549: 0.050647495679949
INFO - [♥] Applied 0 patches to '=[SMODS _ "smods-https-thread.lua"]'
INFO - [G] 2025-08-27 08:46:27 :: DEBUG :: SMODS.https(43) :: Using https module backend
INFO - [G] LONG DT @ 2635: 0.1
INFO - [G] LONG DT @ 2635: 0.083028300000005
INFO - [G] LONG DT @ 2635: 0.068491040000012
INFO - [G] LONG DT @ 2635: 0.058131331999982
INFO - [♥] Applied 0 patches to '=[SMODS _ "smods-https-thread.lua"]'
INFO - [G] 2025-08-27 08:47:27 :: DEBUG :: SMODS.https(44) :: Using https module backend
INFO - [♥] Applied 0 patches to '=[SMODS _ "smods-https-thread.lua"]'
INFO - [G] 2025-08-27 08:48:27 :: DEBUG :: SMODS.https(45) :: Using https module backend
INFO - [G] LONG DT @ 2715: 0.1
INFO - [G] LONG DT @ 2715: 0.081603739999973
INFO - [G] LONG DT @ 2715: 0.068226711999963
INFO - [G] LONG DT @ 2715: 0.057874869599989
INFO - [♥] Applied 0 patches to '=[SMODS _ "smods-https-thread.lua"]'
INFO - [G] 2025-08-27 08:49:28 :: DEBUG :: SMODS.https(46) :: Using https module backend
INFO - [G] LONG DT @ 2806: 0.1
INFO - [G] LONG DT @ 2807: 0.081615000000038
INFO - [G] LONG DT @ 2807: 0.068107260000019
INFO - [G] LONG DT @ 2807: 0.057822228000066
INFO - [♥] Applied 0 patches to '=[SMODS _ "smods-https-thread.lua"]'
INFO - [G] 2025-08-27 08:50:28 :: DEBUG :: SMODS.https(47) :: Using https module backend
INFO - [♥] Applied 0 patches to '=[SMODS _ "smods-https-thread.lua"]'
INFO - [G] 2025-08-27 08:51:28 :: DEBUG :: SMODS.https(48) :: Using https module backend
INFO - [♥] Applied 0 patches to '=[SMODS _ "smods-https-thread.lua"]'
INFO - [G] 2025-08-27 08:52:29 :: DEBUG :: SMODS.https(49) :: Using https module backend
INFO - [♥] Applied 0 patches to '=[SMODS _ "smods-https-thread.lua"]'
INFO - [G] 2025-08-27 08:53:29 :: DEBUG :: SMODS.https(50) :: Using https module backend
INFO - [♥] Applied 0 patches to '=[SMODS _ "smods-https-thread.lua"]'
INFO - [G] 2025-08-27 08:54:32 :: DEBUG :: SMODS.https(51) :: Using https module backend
INFO - [♥] Applied 0 patches to '=[SMODS _ "smods-https-thread.lua"]'
INFO - [G] 2025-08-27 08:55:32 :: DEBUG :: SMODS.https(52) :: Using https module backend
INFO - [♥] Applied 0 patches to '=[SMODS _ "smods-https-thread.lua"]'
INFO - [G] 2025-08-27 08:56:33 :: DEBUG :: SMODS.https(53) :: Using https module backend
INFO - [♥] Applied 0 patches to '=[SMODS _ "smods-https-thread.lua"]'
INFO - [G] 2025-08-27 08:57:33 :: DEBUG :: SMODS.https(54) :: Using https module backend
